[0.083s] DEBUG:colcon:Command line arguments: ['/usr/bin/colcon', 'build']
[0.083s] DEBUG:colcon:Parsed command line arguments: Namespace(log_base=None, log_level=None, verb_name='build', build_base='build', install_base='install', merge_install=False, symlink_install=False, test_result_base=None, continue_on_error=False, executor='parallel', parallel_workers=12, event_handlers=None, ignore_user_meta=False, metas=['./colcon.meta'], base_paths=['.'], packages_ignore=None, packages_ignore_regex=None, paths=None, packages_up_to=None, packages_up_to_regex=None, packages_above=None, packages_above_and_dependencies=None, packages_above_depth=None, packages_select_by_dep=None, packages_skip_by_dep=None, packages_skip_up_to=None, packages_select_build_failed=False, packages_skip_build_finished=False, packages_select_test_failures=False, packages_skip_test_passed=False, packages_select=None, packages_skip=None, packages_select_regex=None, packages_skip_regex=None, packages_start=None, packages_end=None, allow_overriding=[], cmake_args=None, cmake_target=None, cmake_target_skip_unavailable=False, cmake_clean_cache=False, cmake_clean_first=False, cmake_force_configure=False, ament_cmake_args=None, catkin_cmake_args=None, catkin_skip_building_tests=False, verb_parser=<colcon_defaults.argument_parser.defaults.DefaultArgumentsDecorator object at 0x770f01569a80>, verb_extension=<colcon_core.verb.build.BuildVerb object at 0x770f01569630>, main=<bound method BuildVerb.main of <colcon_core.verb.build.BuildVerb object at 0x770f01569630>>)
[0.219s] Level 1:colcon.colcon_core.package_discovery:discover_packages(colcon_meta) check parameters
[0.219s] Level 1:colcon.colcon_core.package_discovery:discover_packages(recursive) check parameters
[0.220s] Level 1:colcon.colcon_core.package_discovery:discover_packages(ignore) check parameters
[0.220s] Level 1:colcon.colcon_core.package_discovery:discover_packages(path) check parameters
[0.220s] Level 1:colcon.colcon_core.package_discovery:discover_packages(colcon_meta) discover
[0.220s] Level 1:colcon.colcon_core.package_discovery:discover_packages(recursive) discover
[0.220s] INFO:colcon.colcon_core.package_discovery:Crawling recursively for packages in '/home/minha/myagv_ros2/myagv_ros2'
[0.220s] Level 1:colcon.colcon_core.package_identification:_identify(.) by extensions ['ignore', 'ignore_ament_install']
[0.220s] Level 1:colcon.colcon_core.package_identification:_identify(.) by extension 'ignore'
[0.220s] Level 1:colcon.colcon_core.package_identification:_identify(.) by extension 'ignore_ament_install'
[0.220s] Level 1:colcon.colcon_core.package_identification:_identify(.) by extensions ['colcon_pkg']
[0.220s] Level 1:colcon.colcon_core.package_identification:_identify(.) by extension 'colcon_pkg'
[0.220s] Level 1:colcon.colcon_core.package_identification:_identify(.) by extensions ['colcon_meta']
[0.220s] Level 1:colcon.colcon_core.package_identification:_identify(.) by extension 'colcon_meta'
[0.220s] Level 1:colcon.colcon_core.package_identification:_identify(.) by extensions ['ros']
[0.220s] Level 1:colcon.colcon_core.package_identification:_identify(.) by extension 'ros'
[0.234s] Level 1:colcon.colcon_core.package_identification:_identify(.) by extensions ['cmake', 'python']
[0.234s] Level 1:colcon.colcon_core.package_identification:_identify(.) by extension 'cmake'
[0.234s] Level 1:colcon.colcon_core.package_identification:_identify(.) by extension 'python'
[0.234s] Level 1:colcon.colcon_core.package_identification:_identify(.) by extensions ['python_setup_py']
[0.234s] Level 1:colcon.colcon_core.package_identification:_identify(.) by extension 'python_setup_py'
[0.234s] Level 1:colcon.colcon_core.package_identification:_identify(build) by extensions ['ignore', 'ignore_ament_install']
[0.234s] Level 1:colcon.colcon_core.package_identification:_identify(build) by extension 'ignore'
[0.234s] Level 1:colcon.colcon_core.package_identification:_identify(build) ignored
[0.234s] Level 1:colcon.colcon_core.package_identification:_identify(install) by extensions ['ignore', 'ignore_ament_install']
[0.234s] Level 1:colcon.colcon_core.package_identification:_identify(install) by extension 'ignore'
[0.234s] Level 1:colcon.colcon_core.package_identification:_identify(install) ignored
[0.234s] Level 1:colcon.colcon_core.package_identification:_identify(log) by extensions ['ignore', 'ignore_ament_install']
[0.234s] Level 1:colcon.colcon_core.package_identification:_identify(log) by extension 'ignore'
[0.234s] Level 1:colcon.colcon_core.package_identification:_identify(log) ignored
[0.234s] Level 1:colcon.colcon_core.package_identification:_identify(src) by extensions ['ignore', 'ignore_ament_install']
[0.234s] Level 1:colcon.colcon_core.package_identification:_identify(src) by extension 'ignore'
[0.234s] Level 1:colcon.colcon_core.package_identification:_identify(src) by extension 'ignore_ament_install'
[0.234s] Level 1:colcon.colcon_core.package_identification:_identify(src) by extensions ['colcon_pkg']
[0.234s] Level 1:colcon.colcon_core.package_identification:_identify(src) by extension 'colcon_pkg'
[0.234s] Level 1:colcon.colcon_core.package_identification:_identify(src) by extensions ['colcon_meta']
[0.234s] Level 1:colcon.colcon_core.package_identification:_identify(src) by extension 'colcon_meta'
[0.234s] Level 1:colcon.colcon_core.package_identification:_identify(src) by extensions ['ros']
[0.234s] Level 1:colcon.colcon_core.package_identification:_identify(src) by extension 'ros'
[0.234s] Level 1:colcon.colcon_core.package_identification:_identify(src) by extensions ['cmake', 'python']
[0.235s] Level 1:colcon.colcon_core.package_identification:_identify(src) by extension 'cmake'
[0.235s] Level 1:colcon.colcon_core.package_identification:_identify(src) by extension 'python'
[0.235s] Level 1:colcon.colcon_core.package_identification:_identify(src) by extensions ['python_setup_py']
[0.235s] Level 1:colcon.colcon_core.package_identification:_identify(src) by extension 'python_setup_py'
[0.235s] Level 1:colcon.colcon_core.package_identification:_identify(src/myagv_bringup) by extensions ['ignore', 'ignore_ament_install']
[0.235s] Level 1:colcon.colcon_core.package_identification:_identify(src/myagv_bringup) by extension 'ignore'
[0.235s] Level 1:colcon.colcon_core.package_identification:_identify(src/myagv_bringup) by extension 'ignore_ament_install'
[0.235s] Level 1:colcon.colcon_core.package_identification:_identify(src/myagv_bringup) by extensions ['colcon_pkg']
[0.235s] Level 1:colcon.colcon_core.package_identification:_identify(src/myagv_bringup) by extension 'colcon_pkg'
[0.235s] Level 1:colcon.colcon_core.package_identification:_identify(src/myagv_bringup) by extensions ['colcon_meta']
[0.235s] Level 1:colcon.colcon_core.package_identification:_identify(src/myagv_bringup) by extension 'colcon_meta'
[0.235s] Level 1:colcon.colcon_core.package_identification:_identify(src/myagv_bringup) by extensions ['ros']
[0.235s] Level 1:colcon.colcon_core.package_identification:_identify(src/myagv_bringup) by extension 'ros'
[0.237s] DEBUG:colcon.colcon_core.package_identification:Package 'src/myagv_bringup' with type 'ros.ament_python' and name 'myagv_bringup'
[0.237s] Level 1:colcon.colcon_core.package_identification:_identify(src/myagv_cartographer) by extensions ['ignore', 'ignore_ament_install']
[0.237s] Level 1:colcon.colcon_core.package_identification:_identify(src/myagv_cartographer) by extension 'ignore'
[0.237s] Level 1:colcon.colcon_core.package_identification:_identify(src/myagv_cartographer) by extension 'ignore_ament_install'
[0.237s] Level 1:colcon.colcon_core.package_identification:_identify(src/myagv_cartographer) by extensions ['colcon_pkg']
[0.237s] Level 1:colcon.colcon_core.package_identification:_identify(src/myagv_cartographer) by extension 'colcon_pkg'
[0.237s] Level 1:colcon.colcon_core.package_identification:_identify(src/myagv_cartographer) by extensions ['colcon_meta']
[0.237s] Level 1:colcon.colcon_core.package_identification:_identify(src/myagv_cartographer) by extension 'colcon_meta'
[0.237s] Level 1:colcon.colcon_core.package_identification:_identify(src/myagv_cartographer) by extensions ['ros']
[0.237s] Level 1:colcon.colcon_core.package_identification:_identify(src/myagv_cartographer) by extension 'ros'
[0.237s] DEBUG:colcon.colcon_core.package_identification:Package 'src/myagv_cartographer' with type 'ros.ament_cmake' and name 'myagv_cartographer'
[0.237s] Level 1:colcon.colcon_core.package_identification:_identify(src/myagv_description) by extensions ['ignore', 'ignore_ament_install']
[0.237s] Level 1:colcon.colcon_core.package_identification:_identify(src/myagv_description) by extension 'ignore'
[0.237s] Level 1:colcon.colcon_core.package_identification:_identify(src/myagv_description) by extension 'ignore_ament_install'
[0.237s] Level 1:colcon.colcon_core.package_identification:_identify(src/myagv_description) by extensions ['colcon_pkg']
[0.237s] Level 1:colcon.colcon_core.package_identification:_identify(src/myagv_description) by extension 'colcon_pkg'
[0.237s] Level 1:colcon.colcon_core.package_identification:_identify(src/myagv_description) by extensions ['colcon_meta']
[0.237s] Level 1:colcon.colcon_core.package_identification:_identify(src/myagv_description) by extension 'colcon_meta'
[0.237s] Level 1:colcon.colcon_core.package_identification:_identify(src/myagv_description) by extensions ['ros']
[0.237s] Level 1:colcon.colcon_core.package_identification:_identify(src/myagv_description) by extension 'ros'
[0.238s] DEBUG:colcon.colcon_core.package_identification:Package 'src/myagv_description' with type 'ros.ament_cmake' and name 'myagv_description'
[0.238s] Level 1:colcon.colcon_core.package_identification:_identify(src/myagv_navigation2) by extensions ['ignore', 'ignore_ament_install']
[0.238s] Level 1:colcon.colcon_core.package_identification:_identify(src/myagv_navigation2) by extension 'ignore'
[0.238s] Level 1:colcon.colcon_core.package_identification:_identify(src/myagv_navigation2) by extension 'ignore_ament_install'
[0.238s] Level 1:colcon.colcon_core.package_identification:_identify(src/myagv_navigation2) by extensions ['colcon_pkg']
[0.238s] Level 1:colcon.colcon_core.package_identification:_identify(src/myagv_navigation2) by extension 'colcon_pkg'
[0.238s] Level 1:colcon.colcon_core.package_identification:_identify(src/myagv_navigation2) by extensions ['colcon_meta']
[0.238s] Level 1:colcon.colcon_core.package_identification:_identify(src/myagv_navigation2) by extension 'colcon_meta'
[0.238s] Level 1:colcon.colcon_core.package_identification:_identify(src/myagv_navigation2) by extensions ['ros']
[0.238s] Level 1:colcon.colcon_core.package_identification:_identify(src/myagv_navigation2) by extension 'ros'
[0.238s] DEBUG:colcon.colcon_core.package_identification:Package 'src/myagv_navigation2' with type 'ros.ament_cmake' and name 'myagv_navigation2'
[0.238s] Level 1:colcon.colcon_core.package_identification:_identify(src/myagv_ros2) by extensions ['ignore', 'ignore_ament_install']
[0.238s] Level 1:colcon.colcon_core.package_identification:_identify(src/myagv_ros2) by extension 'ignore'
[0.238s] Level 1:colcon.colcon_core.package_identification:_identify(src/myagv_ros2) by extension 'ignore_ament_install'
[0.238s] Level 1:colcon.colcon_core.package_identification:_identify(src/myagv_ros2) by extensions ['colcon_pkg']
[0.238s] Level 1:colcon.colcon_core.package_identification:_identify(src/myagv_ros2) by extension 'colcon_pkg'
[0.239s] Level 1:colcon.colcon_core.package_identification:_identify(src/myagv_ros2) by extensions ['colcon_meta']
[0.239s] Level 1:colcon.colcon_core.package_identification:_identify(src/myagv_ros2) by extension 'colcon_meta'
[0.239s] Level 1:colcon.colcon_core.package_identification:_identify(src/myagv_ros2) by extensions ['ros']
[0.239s] Level 1:colcon.colcon_core.package_identification:_identify(src/myagv_ros2) by extension 'ros'
[0.239s] DEBUG:colcon.colcon_core.package_identification:Package 'src/myagv_ros2' with type 'ros.ament_cmake' and name 'myagv_ros2'
[0.239s] Level 1:colcon.colcon_core.package_identification:_identify(src/myagv_teleop_ros2) by extensions ['ignore', 'ignore_ament_install']
[0.239s] Level 1:colcon.colcon_core.package_identification:_identify(src/myagv_teleop_ros2) by extension 'ignore'
[0.239s] Level 1:colcon.colcon_core.package_identification:_identify(src/myagv_teleop_ros2) by extension 'ignore_ament_install'
[0.239s] Level 1:colcon.colcon_core.package_identification:_identify(src/myagv_teleop_ros2) by extensions ['colcon_pkg']
[0.239s] Level 1:colcon.colcon_core.package_identification:_identify(src/myagv_teleop_ros2) by extension 'colcon_pkg'
[0.239s] Level 1:colcon.colcon_core.package_identification:_identify(src/myagv_teleop_ros2) by extensions ['colcon_meta']
[0.239s] Level 1:colcon.colcon_core.package_identification:_identify(src/myagv_teleop_ros2) by extension 'colcon_meta'
[0.239s] Level 1:colcon.colcon_core.package_identification:_identify(src/myagv_teleop_ros2) by extensions ['ros']
[0.239s] Level 1:colcon.colcon_core.package_identification:_identify(src/myagv_teleop_ros2) by extension 'ros'
[0.239s] DEBUG:colcon.colcon_core.package_identification:Package 'src/myagv_teleop_ros2' with type 'ros.ament_python' and name 'myagv_teleop_ros2'
[0.240s] Level 1:colcon.colcon_core.package_identification:_identify(src/ydlidar_ros2_driver) by extensions ['ignore', 'ignore_ament_install']
[0.240s] Level 1:colcon.colcon_core.package_identification:_identify(src/ydlidar_ros2_driver) by extension 'ignore'
[0.240s] Level 1:colcon.colcon_core.package_identification:_identify(src/ydlidar_ros2_driver) by extension 'ignore_ament_install'
[0.240s] Level 1:colcon.colcon_core.package_identification:_identify(src/ydlidar_ros2_driver) by extensions ['colcon_pkg']
[0.240s] Level 1:colcon.colcon_core.package_identification:_identify(src/ydlidar_ros2_driver) by extension 'colcon_pkg'
[0.240s] Level 1:colcon.colcon_core.package_identification:_identify(src/ydlidar_ros2_driver) by extensions ['colcon_meta']
[0.240s] Level 1:colcon.colcon_core.package_identification:_identify(src/ydlidar_ros2_driver) by extension 'colcon_meta'
[0.240s] Level 1:colcon.colcon_core.package_identification:_identify(src/ydlidar_ros2_driver) by extensions ['ros']
[0.240s] Level 1:colcon.colcon_core.package_identification:_identify(src/ydlidar_ros2_driver) by extension 'ros'
[0.240s] DEBUG:colcon.colcon_core.package_identification:Package 'src/ydlidar_ros2_driver' with type 'ros.ament_cmake' and name 'ydlidar_ros2_driver'
[0.240s] Level 1:colcon.colcon_core.package_discovery:discover_packages(recursive) using defaults
[0.240s] Level 1:colcon.colcon_core.package_discovery:discover_packages(ignore) discover
[0.240s] Level 1:colcon.colcon_core.package_discovery:discover_packages(ignore) using defaults
[0.240s] Level 1:colcon.colcon_core.package_discovery:discover_packages(path) discover
[0.240s] Level 1:colcon.colcon_core.package_discovery:discover_packages(path) using defaults
[0.257s] Level 1:colcon.colcon_core.package_discovery:discover_packages(prefix_path) check parameters
[0.257s] Level 1:colcon.colcon_core.package_discovery:discover_packages(prefix_path) discover
[0.260s] DEBUG:colcon.colcon_installed_package_information.package_discovery:Found 22 installed packages in /home/minha/colcon_ws/install
[0.260s] DEBUG:colcon.colcon_installed_package_information.package_discovery:Found 15 installed packages in /home/minha/ros2_ws_tut/install
[0.261s] DEBUG:colcon.colcon_installed_package_information.package_discovery:Found 15 installed packages in /home/minha/ros2_ws/install
[0.261s] DEBUG:colcon.colcon_installed_package_information.package_discovery:Found 3 installed packages in /home/minha/turtlebot3_ws/install
[0.261s] DEBUG:colcon.colcon_installed_package_information.package_discovery:Found 6 installed packages in /home/minha/myagv_ros2/myagv_ros2/install
[0.262s] DEBUG:colcon.colcon_installed_package_information.package_discovery:Found 282 installed packages in /opt/ros/humble
[0.263s] Level 1:colcon.colcon_core.package_discovery:discover_packages(prefix_path) using defaults
[0.288s] Level 5:colcon.colcon_core.verb:set package 'myagv_cartographer' build argument 'cmake_args' from command line to 'None'
[0.288s] Level 5:colcon.colcon_core.verb:set package 'myagv_cartographer' build argument 'cmake_target' from command line to 'None'
[0.289s] Level 5:colcon.colcon_core.verb:set package 'myagv_cartographer' build argument 'cmake_target_skip_unavailable' from command line to 'False'
[0.289s] Level 5:colcon.colcon_core.verb:set package 'myagv_cartographer' build argument 'cmake_clean_cache' from command line to 'False'
[0.289s] Level 5:colcon.colcon_core.verb:set package 'myagv_cartographer' build argument 'cmake_clean_first' from command line to 'False'
[0.289s] Level 5:colcon.colcon_core.verb:set package 'myagv_cartographer' build argument 'cmake_force_configure' from command line to 'False'
[0.289s] Level 5:colcon.colcon_core.verb:set package 'myagv_cartographer' build argument 'ament_cmake_args' from command line to 'None'
[0.289s] Level 5:colcon.colcon_core.verb:set package 'myagv_cartographer' build argument 'catkin_cmake_args' from command line to 'None'
[0.289s] Level 5:colcon.colcon_core.verb:set package 'myagv_cartographer' build argument 'catkin_skip_building_tests' from command line to 'False'
[0.289s] DEBUG:colcon.colcon_core.verb:Building package 'myagv_cartographer' with the following arguments: {'ament_cmake_args': None, 'build_base': '/home/minha/myagv_ros2/myagv_ros2/build/myagv_cartographer', 'catkin_cmake_args': None, 'catkin_skip_building_tests': False, 'cmake_args': None, 'cmake_clean_cache': False, 'cmake_clean_first': False, 'cmake_force_configure': False, 'cmake_target': None, 'cmake_target_skip_unavailable': False, 'install_base': '/home/minha/myagv_ros2/myagv_ros2/install/myagv_cartographer', 'merge_install': False, 'path': '/home/minha/myagv_ros2/myagv_ros2/src/myagv_cartographer', 'symlink_install': False, 'test_result_base': None}
[0.289s] Level 5:colcon.colcon_core.verb:set package 'myagv_description' build argument 'cmake_args' from command line to 'None'
[0.289s] Level 5:colcon.colcon_core.verb:set package 'myagv_description' build argument 'cmake_target' from command line to 'None'
[0.289s] Level 5:colcon.colcon_core.verb:set package 'myagv_description' build argument 'cmake_target_skip_unavailable' from command line to 'False'
[0.289s] Level 5:colcon.colcon_core.verb:set package 'myagv_description' build argument 'cmake_clean_cache' from command line to 'False'
[0.289s] Level 5:colcon.colcon_core.verb:set package 'myagv_description' build argument 'cmake_clean_first' from command line to 'False'
[0.289s] Level 5:colcon.colcon_core.verb:set package 'myagv_description' build argument 'cmake_force_configure' from command line to 'False'
[0.289s] Level 5:colcon.colcon_core.verb:set package 'myagv_description' build argument 'ament_cmake_args' from command line to 'None'
[0.289s] Level 5:colcon.colcon_core.verb:set package 'myagv_description' build argument 'catkin_cmake_args' from command line to 'None'
[0.289s] Level 5:colcon.colcon_core.verb:set package 'myagv_description' build argument 'catkin_skip_building_tests' from command line to 'False'
[0.289s] DEBUG:colcon.colcon_core.verb:Building package 'myagv_description' with the following arguments: {'ament_cmake_args': None, 'build_base': '/home/minha/myagv_ros2/myagv_ros2/build/myagv_description', 'catkin_cmake_args': None, 'catkin_skip_building_tests': False, 'cmake_args': None, 'cmake_clean_cache': False, 'cmake_clean_first': False, 'cmake_force_configure': False, 'cmake_target': None, 'cmake_target_skip_unavailable': False, 'install_base': '/home/minha/myagv_ros2/myagv_ros2/install/myagv_description', 'merge_install': False, 'path': '/home/minha/myagv_ros2/myagv_ros2/src/myagv_description', 'symlink_install': False, 'test_result_base': None}
[0.289s] Level 5:colcon.colcon_core.verb:set package 'myagv_navigation2' build argument 'cmake_args' from command line to 'None'
[0.289s] Level 5:colcon.colcon_core.verb:set package 'myagv_navigation2' build argument 'cmake_target' from command line to 'None'
[0.289s] Level 5:colcon.colcon_core.verb:set package 'myagv_navigation2' build argument 'cmake_target_skip_unavailable' from command line to 'False'
[0.289s] Level 5:colcon.colcon_core.verb:set package 'myagv_navigation2' build argument 'cmake_clean_cache' from command line to 'False'
[0.289s] Level 5:colcon.colcon_core.verb:set package 'myagv_navigation2' build argument 'cmake_clean_first' from command line to 'False'
[0.289s] Level 5:colcon.colcon_core.verb:set package 'myagv_navigation2' build argument 'cmake_force_configure' from command line to 'False'
[0.289s] Level 5:colcon.colcon_core.verb:set package 'myagv_navigation2' build argument 'ament_cmake_args' from command line to 'None'
[0.289s] Level 5:colcon.colcon_core.verb:set package 'myagv_navigation2' build argument 'catkin_cmake_args' from command line to 'None'
[0.289s] Level 5:colcon.colcon_core.verb:set package 'myagv_navigation2' build argument 'catkin_skip_building_tests' from command line to 'False'
[0.289s] DEBUG:colcon.colcon_core.verb:Building package 'myagv_navigation2' with the following arguments: {'ament_cmake_args': None, 'build_base': '/home/minha/myagv_ros2/myagv_ros2/build/myagv_navigation2', 'catkin_cmake_args': None, 'catkin_skip_building_tests': False, 'cmake_args': None, 'cmake_clean_cache': False, 'cmake_clean_first': False, 'cmake_force_configure': False, 'cmake_target': None, 'cmake_target_skip_unavailable': False, 'install_base': '/home/minha/myagv_ros2/myagv_ros2/install/myagv_navigation2', 'merge_install': False, 'path': '/home/minha/myagv_ros2/myagv_ros2/src/myagv_navigation2', 'symlink_install': False, 'test_result_base': None}
[0.289s] Level 5:colcon.colcon_core.verb:set package 'myagv_teleop_ros2' build argument 'cmake_args' from command line to 'None'
[0.289s] Level 5:colcon.colcon_core.verb:set package 'myagv_teleop_ros2' build argument 'cmake_target' from command line to 'None'
[0.289s] Level 5:colcon.colcon_core.verb:set package 'myagv_teleop_ros2' build argument 'cmake_target_skip_unavailable' from command line to 'False'
[0.290s] Level 5:colcon.colcon_core.verb:set package 'myagv_teleop_ros2' build argument 'cmake_clean_cache' from command line to 'False'
[0.290s] Level 5:colcon.colcon_core.verb:set package 'myagv_teleop_ros2' build argument 'cmake_clean_first' from command line to 'False'
[0.290s] Level 5:colcon.colcon_core.verb:set package 'myagv_teleop_ros2' build argument 'cmake_force_configure' from command line to 'False'
[0.290s] Level 5:colcon.colcon_core.verb:set package 'myagv_teleop_ros2' build argument 'ament_cmake_args' from command line to 'None'
[0.290s] Level 5:colcon.colcon_core.verb:set package 'myagv_teleop_ros2' build argument 'catkin_cmake_args' from command line to 'None'
[0.290s] Level 5:colcon.colcon_core.verb:set package 'myagv_teleop_ros2' build argument 'catkin_skip_building_tests' from command line to 'False'
[0.290s] DEBUG:colcon.colcon_core.verb:Building package 'myagv_teleop_ros2' with the following arguments: {'ament_cmake_args': None, 'build_base': '/home/minha/myagv_ros2/myagv_ros2/build/myagv_teleop_ros2', 'catkin_cmake_args': None, 'catkin_skip_building_tests': False, 'cmake_args': None, 'cmake_clean_cache': False, 'cmake_clean_first': False, 'cmake_force_configure': False, 'cmake_target': None, 'cmake_target_skip_unavailable': False, 'install_base': '/home/minha/myagv_ros2/myagv_ros2/install/myagv_teleop_ros2', 'merge_install': False, 'path': '/home/minha/myagv_ros2/myagv_ros2/src/myagv_teleop_ros2', 'symlink_install': False, 'test_result_base': None}
[0.290s] Level 5:colcon.colcon_core.verb:set package 'ydlidar_ros2_driver' build argument 'cmake_args' from command line to 'None'
[0.290s] Level 5:colcon.colcon_core.verb:set package 'ydlidar_ros2_driver' build argument 'cmake_target' from command line to 'None'
[0.290s] Level 5:colcon.colcon_core.verb:set package 'ydlidar_ros2_driver' build argument 'cmake_target_skip_unavailable' from command line to 'False'
[0.290s] Level 5:colcon.colcon_core.verb:set package 'ydlidar_ros2_driver' build argument 'cmake_clean_cache' from command line to 'False'
[0.290s] Level 5:colcon.colcon_core.verb:set package 'ydlidar_ros2_driver' build argument 'cmake_clean_first' from command line to 'False'
[0.290s] Level 5:colcon.colcon_core.verb:set package 'ydlidar_ros2_driver' build argument 'cmake_force_configure' from command line to 'False'
[0.290s] Level 5:colcon.colcon_core.verb:set package 'ydlidar_ros2_driver' build argument 'ament_cmake_args' from command line to 'None'
[0.290s] Level 5:colcon.colcon_core.verb:set package 'ydlidar_ros2_driver' build argument 'catkin_cmake_args' from command line to 'None'
[0.290s] Level 5:colcon.colcon_core.verb:set package 'ydlidar_ros2_driver' build argument 'catkin_skip_building_tests' from command line to 'False'
[0.290s] DEBUG:colcon.colcon_core.verb:Building package 'ydlidar_ros2_driver' with the following arguments: {'ament_cmake_args': None, 'build_base': '/home/minha/myagv_ros2/myagv_ros2/build/ydlidar_ros2_driver', 'catkin_cmake_args': None, 'catkin_skip_building_tests': False, 'cmake_args': None, 'cmake_clean_cache': False, 'cmake_clean_first': False, 'cmake_force_configure': False, 'cmake_target': None, 'cmake_target_skip_unavailable': False, 'install_base': '/home/minha/myagv_ros2/myagv_ros2/install/ydlidar_ros2_driver', 'merge_install': False, 'path': '/home/minha/myagv_ros2/myagv_ros2/src/ydlidar_ros2_driver', 'symlink_install': False, 'test_result_base': None}
[0.290s] Level 5:colcon.colcon_core.verb:set package 'myagv_bringup' build argument 'cmake_args' from command line to 'None'
[0.290s] Level 5:colcon.colcon_core.verb:set package 'myagv_bringup' build argument 'cmake_target' from command line to 'None'
[0.290s] Level 5:colcon.colcon_core.verb:set package 'myagv_bringup' build argument 'cmake_target_skip_unavailable' from command line to 'False'
[0.290s] Level 5:colcon.colcon_core.verb:set package 'myagv_bringup' build argument 'cmake_clean_cache' from command line to 'False'
[0.290s] Level 5:colcon.colcon_core.verb:set package 'myagv_bringup' build argument 'cmake_clean_first' from command line to 'False'
[0.290s] Level 5:colcon.colcon_core.verb:set package 'myagv_bringup' build argument 'cmake_force_configure' from command line to 'False'
[0.290s] Level 5:colcon.colcon_core.verb:set package 'myagv_bringup' build argument 'ament_cmake_args' from command line to 'None'
[0.290s] Level 5:colcon.colcon_core.verb:set package 'myagv_bringup' build argument 'catkin_cmake_args' from command line to 'None'
[0.290s] Level 5:colcon.colcon_core.verb:set package 'myagv_bringup' build argument 'catkin_skip_building_tests' from command line to 'False'
[0.290s] DEBUG:colcon.colcon_core.verb:Building package 'myagv_bringup' with the following arguments: {'ament_cmake_args': None, 'build_base': '/home/minha/myagv_ros2/myagv_ros2/build/myagv_bringup', 'catkin_cmake_args': None, 'catkin_skip_building_tests': False, 'cmake_args': None, 'cmake_clean_cache': False, 'cmake_clean_first': False, 'cmake_force_configure': False, 'cmake_target': None, 'cmake_target_skip_unavailable': False, 'install_base': '/home/minha/myagv_ros2/myagv_ros2/install/myagv_bringup', 'merge_install': False, 'path': '/home/minha/myagv_ros2/myagv_ros2/src/myagv_bringup', 'symlink_install': False, 'test_result_base': None}
[0.290s] Level 5:colcon.colcon_core.verb:set package 'myagv_ros2' build argument 'cmake_args' from command line to 'None'
[0.290s] Level 5:colcon.colcon_core.verb:set package 'myagv_ros2' build argument 'cmake_target' from command line to 'None'
[0.290s] Level 5:colcon.colcon_core.verb:set package 'myagv_ros2' build argument 'cmake_target_skip_unavailable' from command line to 'False'
[0.290s] Level 5:colcon.colcon_core.verb:set package 'myagv_ros2' build argument 'cmake_clean_cache' from command line to 'False'
[0.290s] Level 5:colcon.colcon_core.verb:set package 'myagv_ros2' build argument 'cmake_clean_first' from command line to 'False'
[0.290s] Level 5:colcon.colcon_core.verb:set package 'myagv_ros2' build argument 'cmake_force_configure' from command line to 'False'
[0.290s] Level 5:colcon.colcon_core.verb:set package 'myagv_ros2' build argument 'ament_cmake_args' from command line to 'None'
[0.290s] Level 5:colcon.colcon_core.verb:set package 'myagv_ros2' build argument 'catkin_cmake_args' from command line to 'None'
[0.290s] Level 5:colcon.colcon_core.verb:set package 'myagv_ros2' build argument 'catkin_skip_building_tests' from command line to 'False'
[0.290s] DEBUG:colcon.colcon_core.verb:Building package 'myagv_ros2' with the following arguments: {'ament_cmake_args': None, 'build_base': '/home/minha/myagv_ros2/myagv_ros2/build/myagv_ros2', 'catkin_cmake_args': None, 'catkin_skip_building_tests': False, 'cmake_args': None, 'cmake_clean_cache': False, 'cmake_clean_first': False, 'cmake_force_configure': False, 'cmake_target': None, 'cmake_target_skip_unavailable': False, 'install_base': '/home/minha/myagv_ros2/myagv_ros2/install/myagv_ros2', 'merge_install': False, 'path': '/home/minha/myagv_ros2/myagv_ros2/src/myagv_ros2', 'symlink_install': False, 'test_result_base': None}
[0.291s] INFO:colcon.colcon_core.executor:Executing jobs using 'parallel' executor
[0.291s] DEBUG:colcon.colcon_parallel_executor.executor.parallel:run_until_complete
[0.291s] INFO:colcon.colcon_ros.task.ament_cmake.build:Building ROS package in '/home/minha/myagv_ros2/myagv_ros2/src/myagv_description' with build type 'ament_cmake'
[0.292s] INFO:colcon.colcon_cmake.task.cmake.build:Building CMake package in '/home/minha/myagv_ros2/myagv_ros2/src/myagv_description'
[0.293s] INFO:colcon.colcon_core.plugin_system:Skipping extension 'colcon_core.shell.bat': Not used on non-Windows systems
[0.293s] INFO:colcon.colcon_core.shell:Skip shell extension 'powershell' for command environment: Not usable outside of PowerShell
[0.293s] DEBUG:colcon.colcon_core.shell:Skip shell extension 'dsv' for command environment
[0.298s] INFO:colcon.colcon_ros.task.ament_cmake.build:Building ROS package in '/home/minha/myagv_ros2/myagv_ros2/src/ydlidar_ros2_driver' with build type 'ament_cmake'
[0.298s] INFO:colcon.colcon_cmake.task.cmake.build:Building CMake package in '/home/minha/myagv_ros2/myagv_ros2/src/ydlidar_ros2_driver'
[0.298s] INFO:colcon.colcon_core.shell:Skip shell extension 'powershell' for command environment: Not usable outside of PowerShell
[0.298s] DEBUG:colcon.colcon_core.shell:Skip shell extension 'dsv' for command environment
[0.303s] INFO:colcon.colcon_ros.task.ament_cmake.build:Building ROS package in '/home/minha/myagv_ros2/myagv_ros2/src/myagv_cartographer' with build type 'ament_cmake'
[0.303s] INFO:colcon.colcon_cmake.task.cmake.build:Building CMake package in '/home/minha/myagv_ros2/myagv_ros2/src/myagv_cartographer'
[0.303s] INFO:colcon.colcon_core.shell:Skip shell extension 'powershell' for command environment: Not usable outside of PowerShell
[0.303s] DEBUG:colcon.colcon_core.shell:Skip shell extension 'dsv' for command environment
[0.311s] INFO:colcon.colcon_ros.task.ament_cmake.build:Building ROS package in '/home/minha/myagv_ros2/myagv_ros2/src/myagv_navigation2' with build type 'ament_cmake'
[0.311s] INFO:colcon.colcon_cmake.task.cmake.build:Building CMake package in '/home/minha/myagv_ros2/myagv_ros2/src/myagv_navigation2'
[0.311s] INFO:colcon.colcon_core.shell:Skip shell extension 'powershell' for command environment: Not usable outside of PowerShell
[0.311s] DEBUG:colcon.colcon_core.shell:Skip shell extension 'dsv' for command environment
[0.316s] INFO:colcon.colcon_ros.task.ament_python.build:Building ROS package in '/home/minha/myagv_ros2/myagv_ros2/src/myagv_teleop_ros2' with build type 'ament_python'
[0.316s] Level 1:colcon.colcon_core.shell:create_environment_hook('myagv_teleop_ros2', 'ament_prefix_path')
[0.316s] INFO:colcon.colcon_core.shell:Creating environment hook '/home/minha/myagv_ros2/myagv_ros2/install/myagv_teleop_ros2/share/myagv_teleop_ros2/hook/ament_prefix_path.ps1'
[0.317s] INFO:colcon.colcon_core.shell:Creating environment descriptor '/home/minha/myagv_ros2/myagv_ros2/install/myagv_teleop_ros2/share/myagv_teleop_ros2/hook/ament_prefix_path.dsv'
[0.317s] INFO:colcon.colcon_core.shell:Creating environment hook '/home/minha/myagv_ros2/myagv_ros2/install/myagv_teleop_ros2/share/myagv_teleop_ros2/hook/ament_prefix_path.sh'
[0.318s] INFO:colcon.colcon_core.shell:Skip shell extension 'powershell' for command environment: Not usable outside of PowerShell
[0.318s] DEBUG:colcon.colcon_core.shell:Skip shell extension 'dsv' for command environment
[0.326s] DEBUG:colcon.colcon_core.event_handler.log_command:Invoking command in '/home/minha/myagv_ros2/myagv_ros2/build/myagv_description': CMAKE_PREFIX_PATH=${CMAKE_PREFIX_PATH}:/home/minha/colcon_ws/install/ultraarm:/home/minha/colcon_ws/install/mypalletizer_260_pi:/home/minha/colcon_ws/install/mypalletizer_260:/home/minha/colcon_ws/install/mypalletizer_communication:/home/minha/colcon_ws/install/mycobot_630:/home/minha/colcon_ws/install/mycobot_600:/home/minha/colcon_ws/install/mycobot_320pi:/home/minha/colcon_ws/install/mycobot_320:/home/minha/colcon_ws/install/mycobot_280pi:/home/minha/colcon_ws/install/mycobot_280jn:/home/minha/colcon_ws/install/mycobot_280_x3pi:/home/minha/colcon_ws/install/mycobot_280:/home/minha/colcon_ws/install/myarm_300:/home/minha/colcon_ws/install/mycobot_communication:/home/minha/colcon_ws/install/mecharm_pi:/home/minha/colcon_ws/install/mecharm:/home/minha/colcon_ws/install/mecharm_communication:/home/minha/colcon_ws/install/mybuddy:/home/minha/colcon_ws/install/mycobot_description:/home/minha/ros2_ws_tut/install/urdf_turtorial:/home/minha/ros2_ws_tut/install/ros_topic:/home/minha/ros2_ws_tut/install/ros_mini_proj:/home/minha/ros2_ws_tut/install/python_parameters:/home/minha/ros2_ws_tut/install/motor_control_serial:/home/minha/ros2_ws_tut/install/action_tutorial:/home/minha/ros2_ws_tut/install/action_service:/opt/ros/humble CONDA_PROMPT_MODIFIER=(new_adaface) /home/minha/anaconda3/envs/adaface/bin/cmake --build /home/minha/myagv_ros2/myagv_ros2/build/myagv_description -- -j12 -l12
[0.332s] DEBUG:colcon.colcon_core.event_handler.log_command:Invoking command in '/home/minha/myagv_ros2/myagv_ros2/build/ydlidar_ros2_driver': CMAKE_PREFIX_PATH=${CMAKE_PREFIX_PATH}:/home/minha/colcon_ws/install/ultraarm:/home/minha/colcon_ws/install/mypalletizer_260_pi:/home/minha/colcon_ws/install/mypalletizer_260:/home/minha/colcon_ws/install/mypalletizer_communication:/home/minha/colcon_ws/install/mycobot_630:/home/minha/colcon_ws/install/mycobot_600:/home/minha/colcon_ws/install/mycobot_320pi:/home/minha/colcon_ws/install/mycobot_320:/home/minha/colcon_ws/install/mycobot_280pi:/home/minha/colcon_ws/install/mycobot_280jn:/home/minha/colcon_ws/install/mycobot_280_x3pi:/home/minha/colcon_ws/install/mycobot_280:/home/minha/colcon_ws/install/myarm_300:/home/minha/colcon_ws/install/mycobot_communication:/home/minha/colcon_ws/install/mecharm_pi:/home/minha/colcon_ws/install/mecharm:/home/minha/colcon_ws/install/mecharm_communication:/home/minha/colcon_ws/install/mybuddy:/home/minha/colcon_ws/install/mycobot_description:/home/minha/ros2_ws_tut/install/urdf_turtorial:/home/minha/ros2_ws_tut/install/ros_topic:/home/minha/ros2_ws_tut/install/ros_mini_proj:/home/minha/ros2_ws_tut/install/python_parameters:/home/minha/ros2_ws_tut/install/motor_control_serial:/home/minha/ros2_ws_tut/install/action_tutorial:/home/minha/ros2_ws_tut/install/action_service:/opt/ros/humble CONDA_PROMPT_MODIFIER=(new_adaface) /home/minha/anaconda3/envs/adaface/bin/cmake /home/minha/myagv_ros2/myagv_ros2/src/ydlidar_ros2_driver -DCMAKE_INSTALL_PREFIX=/home/minha/myagv_ros2/myagv_ros2/install/ydlidar_ros2_driver
[0.335s] DEBUG:colcon.colcon_core.event_handler.log_command:Invoking command in '/home/minha/myagv_ros2/myagv_ros2/build/myagv_cartographer': CMAKE_PREFIX_PATH=${CMAKE_PREFIX_PATH}:/home/minha/colcon_ws/install/ultraarm:/home/minha/colcon_ws/install/mypalletizer_260_pi:/home/minha/colcon_ws/install/mypalletizer_260:/home/minha/colcon_ws/install/mypalletizer_communication:/home/minha/colcon_ws/install/mycobot_630:/home/minha/colcon_ws/install/mycobot_600:/home/minha/colcon_ws/install/mycobot_320pi:/home/minha/colcon_ws/install/mycobot_320:/home/minha/colcon_ws/install/mycobot_280pi:/home/minha/colcon_ws/install/mycobot_280jn:/home/minha/colcon_ws/install/mycobot_280_x3pi:/home/minha/colcon_ws/install/mycobot_280:/home/minha/colcon_ws/install/myarm_300:/home/minha/colcon_ws/install/mycobot_communication:/home/minha/colcon_ws/install/mecharm_pi:/home/minha/colcon_ws/install/mecharm:/home/minha/colcon_ws/install/mecharm_communication:/home/minha/colcon_ws/install/mybuddy:/home/minha/colcon_ws/install/mycobot_description:/home/minha/ros2_ws_tut/install/urdf_turtorial:/home/minha/ros2_ws_tut/install/ros_topic:/home/minha/ros2_ws_tut/install/ros_mini_proj:/home/minha/ros2_ws_tut/install/python_parameters:/home/minha/ros2_ws_tut/install/motor_control_serial:/home/minha/ros2_ws_tut/install/action_tutorial:/home/minha/ros2_ws_tut/install/action_service:/opt/ros/humble CONDA_PROMPT_MODIFIER=(new_adaface) /home/minha/anaconda3/envs/adaface/bin/cmake --build /home/minha/myagv_ros2/myagv_ros2/build/myagv_cartographer -- -j12 -l12
[0.340s] DEBUG:colcon.colcon_core.event_handler.log_command:Invoking command in '/home/minha/myagv_ros2/myagv_ros2/build/myagv_navigation2': CMAKE_PREFIX_PATH=${CMAKE_PREFIX_PATH}:/home/minha/colcon_ws/install/ultraarm:/home/minha/colcon_ws/install/mypalletizer_260_pi:/home/minha/colcon_ws/install/mypalletizer_260:/home/minha/colcon_ws/install/mypalletizer_communication:/home/minha/colcon_ws/install/mycobot_630:/home/minha/colcon_ws/install/mycobot_600:/home/minha/colcon_ws/install/mycobot_320pi:/home/minha/colcon_ws/install/mycobot_320:/home/minha/colcon_ws/install/mycobot_280pi:/home/minha/colcon_ws/install/mycobot_280jn:/home/minha/colcon_ws/install/mycobot_280_x3pi:/home/minha/colcon_ws/install/mycobot_280:/home/minha/colcon_ws/install/myarm_300:/home/minha/colcon_ws/install/mycobot_communication:/home/minha/colcon_ws/install/mecharm_pi:/home/minha/colcon_ws/install/mecharm:/home/minha/colcon_ws/install/mecharm_communication:/home/minha/colcon_ws/install/mybuddy:/home/minha/colcon_ws/install/mycobot_description:/home/minha/ros2_ws_tut/install/urdf_turtorial:/home/minha/ros2_ws_tut/install/ros_topic:/home/minha/ros2_ws_tut/install/ros_mini_proj:/home/minha/ros2_ws_tut/install/python_parameters:/home/minha/ros2_ws_tut/install/motor_control_serial:/home/minha/ros2_ws_tut/install/action_tutorial:/home/minha/ros2_ws_tut/install/action_service:/opt/ros/humble CONDA_PROMPT_MODIFIER=(new_adaface) /home/minha/anaconda3/envs/adaface/bin/cmake --build /home/minha/myagv_ros2/myagv_ros2/build/myagv_navigation2 -- -j12 -l12
[0.596s] INFO:colcon.colcon_core.task.python.build:Building Python package in '/home/minha/myagv_ros2/myagv_ros2/src/myagv_teleop_ros2'
[0.596s] INFO:colcon.colcon_core.shell:Skip shell extension 'powershell' for command environment: Not usable outside of PowerShell
[0.596s] DEBUG:colcon.colcon_core.shell:Skip shell extension 'dsv' for command environment
[0.603s] DEBUG:colcon.colcon_core.event_handler.log_command:Invoked command in '/home/minha/myagv_ros2/myagv_ros2/build/myagv_navigation2' returned '0': CMAKE_PREFIX_PATH=${CMAKE_PREFIX_PATH}:/home/minha/colcon_ws/install/ultraarm:/home/minha/colcon_ws/install/mypalletizer_260_pi:/home/minha/colcon_ws/install/mypalletizer_260:/home/minha/colcon_ws/install/mypalletizer_communication:/home/minha/colcon_ws/install/mycobot_630:/home/minha/colcon_ws/install/mycobot_600:/home/minha/colcon_ws/install/mycobot_320pi:/home/minha/colcon_ws/install/mycobot_320:/home/minha/colcon_ws/install/mycobot_280pi:/home/minha/colcon_ws/install/mycobot_280jn:/home/minha/colcon_ws/install/mycobot_280_x3pi:/home/minha/colcon_ws/install/mycobot_280:/home/minha/colcon_ws/install/myarm_300:/home/minha/colcon_ws/install/mycobot_communication:/home/minha/colcon_ws/install/mecharm_pi:/home/minha/colcon_ws/install/mecharm:/home/minha/colcon_ws/install/mecharm_communication:/home/minha/colcon_ws/install/mybuddy:/home/minha/colcon_ws/install/mycobot_description:/home/minha/ros2_ws_tut/install/urdf_turtorial:/home/minha/ros2_ws_tut/install/ros_topic:/home/minha/ros2_ws_tut/install/ros_mini_proj:/home/minha/ros2_ws_tut/install/python_parameters:/home/minha/ros2_ws_tut/install/motor_control_serial:/home/minha/ros2_ws_tut/install/action_tutorial:/home/minha/ros2_ws_tut/install/action_service:/opt/ros/humble CONDA_PROMPT_MODIFIER=(new_adaface) /home/minha/anaconda3/envs/adaface/bin/cmake --build /home/minha/myagv_ros2/myagv_ros2/build/myagv_navigation2 -- -j12 -l12
[0.605s] DEBUG:colcon.colcon_core.event_handler.log_command:Invoked command in '/home/minha/myagv_ros2/myagv_ros2/build/myagv_description' returned '0': CMAKE_PREFIX_PATH=${CMAKE_PREFIX_PATH}:/home/minha/colcon_ws/install/ultraarm:/home/minha/colcon_ws/install/mypalletizer_260_pi:/home/minha/colcon_ws/install/mypalletizer_260:/home/minha/colcon_ws/install/mypalletizer_communication:/home/minha/colcon_ws/install/mycobot_630:/home/minha/colcon_ws/install/mycobot_600:/home/minha/colcon_ws/install/mycobot_320pi:/home/minha/colcon_ws/install/mycobot_320:/home/minha/colcon_ws/install/mycobot_280pi:/home/minha/colcon_ws/install/mycobot_280jn:/home/minha/colcon_ws/install/mycobot_280_x3pi:/home/minha/colcon_ws/install/mycobot_280:/home/minha/colcon_ws/install/myarm_300:/home/minha/colcon_ws/install/mycobot_communication:/home/minha/colcon_ws/install/mecharm_pi:/home/minha/colcon_ws/install/mecharm:/home/minha/colcon_ws/install/mecharm_communication:/home/minha/colcon_ws/install/mybuddy:/home/minha/colcon_ws/install/mycobot_description:/home/minha/ros2_ws_tut/install/urdf_turtorial:/home/minha/ros2_ws_tut/install/ros_topic:/home/minha/ros2_ws_tut/install/ros_mini_proj:/home/minha/ros2_ws_tut/install/python_parameters:/home/minha/ros2_ws_tut/install/motor_control_serial:/home/minha/ros2_ws_tut/install/action_tutorial:/home/minha/ros2_ws_tut/install/action_service:/opt/ros/humble CONDA_PROMPT_MODIFIER=(new_adaface) /home/minha/anaconda3/envs/adaface/bin/cmake --build /home/minha/myagv_ros2/myagv_ros2/build/myagv_description -- -j12 -l12
[0.606s] DEBUG:colcon.colcon_core.event_handler.log_command:Invoked command in '/home/minha/myagv_ros2/myagv_ros2/build/myagv_cartographer' returned '0': CMAKE_PREFIX_PATH=${CMAKE_PREFIX_PATH}:/home/minha/colcon_ws/install/ultraarm:/home/minha/colcon_ws/install/mypalletizer_260_pi:/home/minha/colcon_ws/install/mypalletizer_260:/home/minha/colcon_ws/install/mypalletizer_communication:/home/minha/colcon_ws/install/mycobot_630:/home/minha/colcon_ws/install/mycobot_600:/home/minha/colcon_ws/install/mycobot_320pi:/home/minha/colcon_ws/install/mycobot_320:/home/minha/colcon_ws/install/mycobot_280pi:/home/minha/colcon_ws/install/mycobot_280jn:/home/minha/colcon_ws/install/mycobot_280_x3pi:/home/minha/colcon_ws/install/mycobot_280:/home/minha/colcon_ws/install/myarm_300:/home/minha/colcon_ws/install/mycobot_communication:/home/minha/colcon_ws/install/mecharm_pi:/home/minha/colcon_ws/install/mecharm:/home/minha/colcon_ws/install/mecharm_communication:/home/minha/colcon_ws/install/mybuddy:/home/minha/colcon_ws/install/mycobot_description:/home/minha/ros2_ws_tut/install/urdf_turtorial:/home/minha/ros2_ws_tut/install/ros_topic:/home/minha/ros2_ws_tut/install/ros_mini_proj:/home/minha/ros2_ws_tut/install/python_parameters:/home/minha/ros2_ws_tut/install/motor_control_serial:/home/minha/ros2_ws_tut/install/action_tutorial:/home/minha/ros2_ws_tut/install/action_service:/opt/ros/humble CONDA_PROMPT_MODIFIER=(new_adaface) /home/minha/anaconda3/envs/adaface/bin/cmake --build /home/minha/myagv_ros2/myagv_ros2/build/myagv_cartographer -- -j12 -l12
[0.680s] DEBUG:colcon.colcon_core.event_handler.log_command:Invoking command in '/home/minha/myagv_ros2/myagv_ros2/build/myagv_navigation2': CMAKE_PREFIX_PATH=${CMAKE_PREFIX_PATH}:/home/minha/colcon_ws/install/ultraarm:/home/minha/colcon_ws/install/mypalletizer_260_pi:/home/minha/colcon_ws/install/mypalletizer_260:/home/minha/colcon_ws/install/mypalletizer_communication:/home/minha/colcon_ws/install/mycobot_630:/home/minha/colcon_ws/install/mycobot_600:/home/minha/colcon_ws/install/mycobot_320pi:/home/minha/colcon_ws/install/mycobot_320:/home/minha/colcon_ws/install/mycobot_280pi:/home/minha/colcon_ws/install/mycobot_280jn:/home/minha/colcon_ws/install/mycobot_280_x3pi:/home/minha/colcon_ws/install/mycobot_280:/home/minha/colcon_ws/install/myarm_300:/home/minha/colcon_ws/install/mycobot_communication:/home/minha/colcon_ws/install/mecharm_pi:/home/minha/colcon_ws/install/mecharm:/home/minha/colcon_ws/install/mecharm_communication:/home/minha/colcon_ws/install/mybuddy:/home/minha/colcon_ws/install/mycobot_description:/home/minha/ros2_ws_tut/install/urdf_turtorial:/home/minha/ros2_ws_tut/install/ros_topic:/home/minha/ros2_ws_tut/install/ros_mini_proj:/home/minha/ros2_ws_tut/install/python_parameters:/home/minha/ros2_ws_tut/install/motor_control_serial:/home/minha/ros2_ws_tut/install/action_tutorial:/home/minha/ros2_ws_tut/install/action_service:/opt/ros/humble CONDA_PROMPT_MODIFIER=(new_adaface) /home/minha/anaconda3/envs/adaface/bin/cmake --install /home/minha/myagv_ros2/myagv_ros2/build/myagv_navigation2
[0.682s] DEBUG:colcon.colcon_core.event_handler.log_command:Invoking command in '/home/minha/myagv_ros2/myagv_ros2/build/myagv_description': CMAKE_PREFIX_PATH=${CMAKE_PREFIX_PATH}:/home/minha/colcon_ws/install/ultraarm:/home/minha/colcon_ws/install/mypalletizer_260_pi:/home/minha/colcon_ws/install/mypalletizer_260:/home/minha/colcon_ws/install/mypalletizer_communication:/home/minha/colcon_ws/install/mycobot_630:/home/minha/colcon_ws/install/mycobot_600:/home/minha/colcon_ws/install/mycobot_320pi:/home/minha/colcon_ws/install/mycobot_320:/home/minha/colcon_ws/install/mycobot_280pi:/home/minha/colcon_ws/install/mycobot_280jn:/home/minha/colcon_ws/install/mycobot_280_x3pi:/home/minha/colcon_ws/install/mycobot_280:/home/minha/colcon_ws/install/myarm_300:/home/minha/colcon_ws/install/mycobot_communication:/home/minha/colcon_ws/install/mecharm_pi:/home/minha/colcon_ws/install/mecharm:/home/minha/colcon_ws/install/mecharm_communication:/home/minha/colcon_ws/install/mybuddy:/home/minha/colcon_ws/install/mycobot_description:/home/minha/ros2_ws_tut/install/urdf_turtorial:/home/minha/ros2_ws_tut/install/ros_topic:/home/minha/ros2_ws_tut/install/ros_mini_proj:/home/minha/ros2_ws_tut/install/python_parameters:/home/minha/ros2_ws_tut/install/motor_control_serial:/home/minha/ros2_ws_tut/install/action_tutorial:/home/minha/ros2_ws_tut/install/action_service:/opt/ros/humble CONDA_PROMPT_MODIFIER=(new_adaface) /home/minha/anaconda3/envs/adaface/bin/cmake --install /home/minha/myagv_ros2/myagv_ros2/build/myagv_description
[0.684s] DEBUG:colcon.colcon_core.event_handler.log_command:Invoking command in '/home/minha/myagv_ros2/myagv_ros2/build/myagv_cartographer': CMAKE_PREFIX_PATH=${CMAKE_PREFIX_PATH}:/home/minha/colcon_ws/install/ultraarm:/home/minha/colcon_ws/install/mypalletizer_260_pi:/home/minha/colcon_ws/install/mypalletizer_260:/home/minha/colcon_ws/install/mypalletizer_communication:/home/minha/colcon_ws/install/mycobot_630:/home/minha/colcon_ws/install/mycobot_600:/home/minha/colcon_ws/install/mycobot_320pi:/home/minha/colcon_ws/install/mycobot_320:/home/minha/colcon_ws/install/mycobot_280pi:/home/minha/colcon_ws/install/mycobot_280jn:/home/minha/colcon_ws/install/mycobot_280_x3pi:/home/minha/colcon_ws/install/mycobot_280:/home/minha/colcon_ws/install/myarm_300:/home/minha/colcon_ws/install/mycobot_communication:/home/minha/colcon_ws/install/mecharm_pi:/home/minha/colcon_ws/install/mecharm:/home/minha/colcon_ws/install/mecharm_communication:/home/minha/colcon_ws/install/mybuddy:/home/minha/colcon_ws/install/mycobot_description:/home/minha/ros2_ws_tut/install/urdf_turtorial:/home/minha/ros2_ws_tut/install/ros_topic:/home/minha/ros2_ws_tut/install/ros_mini_proj:/home/minha/ros2_ws_tut/install/python_parameters:/home/minha/ros2_ws_tut/install/motor_control_serial:/home/minha/ros2_ws_tut/install/action_tutorial:/home/minha/ros2_ws_tut/install/action_service:/opt/ros/humble CONDA_PROMPT_MODIFIER=(new_adaface) /home/minha/anaconda3/envs/adaface/bin/cmake --install /home/minha/myagv_ros2/myagv_ros2/build/myagv_cartographer
[0.713s] Level 1:colcon.colcon_core.environment:create_environment_scripts_only(myagv_navigation2)
[0.713s] DEBUG:colcon.colcon_core.event_handler.log_command:Invoked command in '/home/minha/myagv_ros2/myagv_ros2/build/myagv_navigation2' returned '0': CMAKE_PREFIX_PATH=${CMAKE_PREFIX_PATH}:/home/minha/colcon_ws/install/ultraarm:/home/minha/colcon_ws/install/mypalletizer_260_pi:/home/minha/colcon_ws/install/mypalletizer_260:/home/minha/colcon_ws/install/mypalletizer_communication:/home/minha/colcon_ws/install/mycobot_630:/home/minha/colcon_ws/install/mycobot_600:/home/minha/colcon_ws/install/mycobot_320pi:/home/minha/colcon_ws/install/mycobot_320:/home/minha/colcon_ws/install/mycobot_280pi:/home/minha/colcon_ws/install/mycobot_280jn:/home/minha/colcon_ws/install/mycobot_280_x3pi:/home/minha/colcon_ws/install/mycobot_280:/home/minha/colcon_ws/install/myarm_300:/home/minha/colcon_ws/install/mycobot_communication:/home/minha/colcon_ws/install/mecharm_pi:/home/minha/colcon_ws/install/mecharm:/home/minha/colcon_ws/install/mecharm_communication:/home/minha/colcon_ws/install/mybuddy:/home/minha/colcon_ws/install/mycobot_description:/home/minha/ros2_ws_tut/install/urdf_turtorial:/home/minha/ros2_ws_tut/install/ros_topic:/home/minha/ros2_ws_tut/install/ros_mini_proj:/home/minha/ros2_ws_tut/install/python_parameters:/home/minha/ros2_ws_tut/install/motor_control_serial:/home/minha/ros2_ws_tut/install/action_tutorial:/home/minha/ros2_ws_tut/install/action_service:/opt/ros/humble CONDA_PROMPT_MODIFIER=(new_adaface) /home/minha/anaconda3/envs/adaface/bin/cmake --install /home/minha/myagv_ros2/myagv_ros2/build/myagv_navigation2
[0.717s] Level 1:colcon.colcon_core.environment:checking '/home/minha/myagv_ros2/myagv_ros2/install/myagv_navigation2' for CMake module files
[0.717s] Level 1:colcon.colcon_core.environment:checking '/home/minha/myagv_ros2/myagv_ros2/install/myagv_navigation2' for CMake config files
[0.718s] Level 1:colcon.colcon_core.shell:create_environment_hook('myagv_navigation2', 'cmake_prefix_path')
[0.718s] INFO:colcon.colcon_core.shell:Creating environment hook '/home/minha/myagv_ros2/myagv_ros2/install/myagv_navigation2/share/myagv_navigation2/hook/cmake_prefix_path.ps1'
[0.719s] INFO:colcon.colcon_core.shell:Creating environment descriptor '/home/minha/myagv_ros2/myagv_ros2/install/myagv_navigation2/share/myagv_navigation2/hook/cmake_prefix_path.dsv'
[0.719s] INFO:colcon.colcon_core.shell:Creating environment hook '/home/minha/myagv_ros2/myagv_ros2/install/myagv_navigation2/share/myagv_navigation2/hook/cmake_prefix_path.sh'
[0.720s] Level 1:colcon.colcon_core.environment:checking '/home/minha/myagv_ros2/myagv_ros2/install/myagv_navigation2/bin'
[0.720s] Level 1:colcon.colcon_core.environment:checking '/home/minha/myagv_ros2/myagv_ros2/install/myagv_navigation2/lib/pkgconfig/myagv_navigation2.pc'
[0.720s] Level 1:colcon.colcon_core.environment:checking '/home/minha/myagv_ros2/myagv_ros2/install/myagv_navigation2/lib/python3.10/site-packages'
[0.720s] Level 1:colcon.colcon_core.environment:checking '/home/minha/myagv_ros2/myagv_ros2/install/myagv_navigation2/bin'
[0.720s] INFO:colcon.colcon_core.shell:Creating package script '/home/minha/myagv_ros2/myagv_ros2/install/myagv_navigation2/share/myagv_navigation2/package.ps1'
[0.721s] INFO:colcon.colcon_core.shell:Creating package descriptor '/home/minha/myagv_ros2/myagv_ros2/install/myagv_navigation2/share/myagv_navigation2/package.dsv'
[0.721s] INFO:colcon.colcon_core.shell:Creating package script '/home/minha/myagv_ros2/myagv_ros2/install/myagv_navigation2/share/myagv_navigation2/package.sh'
[0.722s] INFO:colcon.colcon_core.shell:Creating package script '/home/minha/myagv_ros2/myagv_ros2/install/myagv_navigation2/share/myagv_navigation2/package.bash'
[0.722s] INFO:colcon.colcon_core.shell:Creating package script '/home/minha/myagv_ros2/myagv_ros2/install/myagv_navigation2/share/myagv_navigation2/package.zsh'
[0.722s] Level 1:colcon.colcon_core.environment:create_file_with_runtime_dependencies(/home/minha/myagv_ros2/myagv_ros2/install/myagv_navigation2/share/colcon-core/packages/myagv_navigation2)
[0.742s] Level 1:colcon.colcon_core.environment:create_environment_scripts_only(myagv_cartographer)
[0.743s] Level 1:colcon.colcon_core.environment:checking '/home/minha/myagv_ros2/myagv_ros2/install/myagv_cartographer' for CMake module files
[0.743s] DEBUG:colcon.colcon_core.event_handler.log_command:Invoked command in '/home/minha/myagv_ros2/myagv_ros2/build/myagv_cartographer' returned '0': CMAKE_PREFIX_PATH=${CMAKE_PREFIX_PATH}:/home/minha/colcon_ws/install/ultraarm:/home/minha/colcon_ws/install/mypalletizer_260_pi:/home/minha/colcon_ws/install/mypalletizer_260:/home/minha/colcon_ws/install/mypalletizer_communication:/home/minha/colcon_ws/install/mycobot_630:/home/minha/colcon_ws/install/mycobot_600:/home/minha/colcon_ws/install/mycobot_320pi:/home/minha/colcon_ws/install/mycobot_320:/home/minha/colcon_ws/install/mycobot_280pi:/home/minha/colcon_ws/install/mycobot_280jn:/home/minha/colcon_ws/install/mycobot_280_x3pi:/home/minha/colcon_ws/install/mycobot_280:/home/minha/colcon_ws/install/myarm_300:/home/minha/colcon_ws/install/mycobot_communication:/home/minha/colcon_ws/install/mecharm_pi:/home/minha/colcon_ws/install/mecharm:/home/minha/colcon_ws/install/mecharm_communication:/home/minha/colcon_ws/install/mybuddy:/home/minha/colcon_ws/install/mycobot_description:/home/minha/ros2_ws_tut/install/urdf_turtorial:/home/minha/ros2_ws_tut/install/ros_topic:/home/minha/ros2_ws_tut/install/ros_mini_proj:/home/minha/ros2_ws_tut/install/python_parameters:/home/minha/ros2_ws_tut/install/motor_control_serial:/home/minha/ros2_ws_tut/install/action_tutorial:/home/minha/ros2_ws_tut/install/action_service:/opt/ros/humble CONDA_PROMPT_MODIFIER=(new_adaface) /home/minha/anaconda3/envs/adaface/bin/cmake --install /home/minha/myagv_ros2/myagv_ros2/build/myagv_cartographer
[0.744s] Level 1:colcon.colcon_core.environment:checking '/home/minha/myagv_ros2/myagv_ros2/install/myagv_cartographer' for CMake config files
[0.744s] Level 1:colcon.colcon_core.shell:create_environment_hook('myagv_cartographer', 'cmake_prefix_path')
[0.744s] INFO:colcon.colcon_core.shell:Creating environment hook '/home/minha/myagv_ros2/myagv_ros2/install/myagv_cartographer/share/myagv_cartographer/hook/cmake_prefix_path.ps1'
[0.745s] INFO:colcon.colcon_core.shell:Creating environment descriptor '/home/minha/myagv_ros2/myagv_ros2/install/myagv_cartographer/share/myagv_cartographer/hook/cmake_prefix_path.dsv'
[0.745s] INFO:colcon.colcon_core.shell:Creating environment hook '/home/minha/myagv_ros2/myagv_ros2/install/myagv_cartographer/share/myagv_cartographer/hook/cmake_prefix_path.sh'
[0.745s] Level 1:colcon.colcon_core.environment:checking '/home/minha/myagv_ros2/myagv_ros2/install/myagv_cartographer/bin'
[0.745s] Level 1:colcon.colcon_core.environment:checking '/home/minha/myagv_ros2/myagv_ros2/install/myagv_cartographer/lib/pkgconfig/myagv_cartographer.pc'
[0.746s] Level 1:colcon.colcon_core.environment:checking '/home/minha/myagv_ros2/myagv_ros2/install/myagv_cartographer/lib/python3.10/site-packages'
[0.746s] Level 1:colcon.colcon_core.environment:checking '/home/minha/myagv_ros2/myagv_ros2/install/myagv_cartographer/bin'
[0.746s] INFO:colcon.colcon_core.shell:Creating package script '/home/minha/myagv_ros2/myagv_ros2/install/myagv_cartographer/share/myagv_cartographer/package.ps1'
[0.746s] INFO:colcon.colcon_core.shell:Creating package descriptor '/home/minha/myagv_ros2/myagv_ros2/install/myagv_cartographer/share/myagv_cartographer/package.dsv'
[0.747s] INFO:colcon.colcon_core.shell:Creating package script '/home/minha/myagv_ros2/myagv_ros2/install/myagv_cartographer/share/myagv_cartographer/package.sh'
[0.747s] INFO:colcon.colcon_core.shell:Creating package script '/home/minha/myagv_ros2/myagv_ros2/install/myagv_cartographer/share/myagv_cartographer/package.bash'
[0.747s] INFO:colcon.colcon_core.shell:Creating package script '/home/minha/myagv_ros2/myagv_ros2/install/myagv_cartographer/share/myagv_cartographer/package.zsh'
[0.748s] Level 1:colcon.colcon_core.environment:create_file_with_runtime_dependencies(/home/minha/myagv_ros2/myagv_ros2/install/myagv_cartographer/share/colcon-core/packages/myagv_cartographer)
[0.749s] Level 1:colcon.colcon_core.environment:create_environment_scripts_only(myagv_description)
[0.749s] Level 1:colcon.colcon_core.environment:checking '/home/minha/myagv_ros2/myagv_ros2/install/myagv_description' for CMake module files
[0.750s] DEBUG:colcon.colcon_core.event_handler.log_command:Invoked command in '/home/minha/myagv_ros2/myagv_ros2/build/myagv_description' returned '0': CMAKE_PREFIX_PATH=${CMAKE_PREFIX_PATH}:/home/minha/colcon_ws/install/ultraarm:/home/minha/colcon_ws/install/mypalletizer_260_pi:/home/minha/colcon_ws/install/mypalletizer_260:/home/minha/colcon_ws/install/mypalletizer_communication:/home/minha/colcon_ws/install/mycobot_630:/home/minha/colcon_ws/install/mycobot_600:/home/minha/colcon_ws/install/mycobot_320pi:/home/minha/colcon_ws/install/mycobot_320:/home/minha/colcon_ws/install/mycobot_280pi:/home/minha/colcon_ws/install/mycobot_280jn:/home/minha/colcon_ws/install/mycobot_280_x3pi:/home/minha/colcon_ws/install/mycobot_280:/home/minha/colcon_ws/install/myarm_300:/home/minha/colcon_ws/install/mycobot_communication:/home/minha/colcon_ws/install/mecharm_pi:/home/minha/colcon_ws/install/mecharm:/home/minha/colcon_ws/install/mecharm_communication:/home/minha/colcon_ws/install/mybuddy:/home/minha/colcon_ws/install/mycobot_description:/home/minha/ros2_ws_tut/install/urdf_turtorial:/home/minha/ros2_ws_tut/install/ros_topic:/home/minha/ros2_ws_tut/install/ros_mini_proj:/home/minha/ros2_ws_tut/install/python_parameters:/home/minha/ros2_ws_tut/install/motor_control_serial:/home/minha/ros2_ws_tut/install/action_tutorial:/home/minha/ros2_ws_tut/install/action_service:/opt/ros/humble CONDA_PROMPT_MODIFIER=(new_adaface) /home/minha/anaconda3/envs/adaface/bin/cmake --install /home/minha/myagv_ros2/myagv_ros2/build/myagv_description
[0.750s] Level 1:colcon.colcon_core.environment:checking '/home/minha/myagv_ros2/myagv_ros2/install/myagv_description' for CMake config files
[0.750s] Level 1:colcon.colcon_core.shell:create_environment_hook('myagv_description', 'cmake_prefix_path')
[0.750s] INFO:colcon.colcon_core.shell:Creating environment hook '/home/minha/myagv_ros2/myagv_ros2/install/myagv_description/share/myagv_description/hook/cmake_prefix_path.ps1'
[0.751s] INFO:colcon.colcon_core.shell:Creating environment descriptor '/home/minha/myagv_ros2/myagv_ros2/install/myagv_description/share/myagv_description/hook/cmake_prefix_path.dsv'
[0.751s] INFO:colcon.colcon_core.shell:Creating environment hook '/home/minha/myagv_ros2/myagv_ros2/install/myagv_description/share/myagv_description/hook/cmake_prefix_path.sh'
[0.751s] Level 1:colcon.colcon_core.environment:checking '/home/minha/myagv_ros2/myagv_ros2/install/myagv_description/bin'
[0.752s] Level 1:colcon.colcon_core.environment:checking '/home/minha/myagv_ros2/myagv_ros2/install/myagv_description/lib/pkgconfig/myagv_description.pc'
[0.752s] Level 1:colcon.colcon_core.environment:checking '/home/minha/myagv_ros2/myagv_ros2/install/myagv_description/lib/python3.10/site-packages'
[0.752s] Level 1:colcon.colcon_core.environment:checking '/home/minha/myagv_ros2/myagv_ros2/install/myagv_description/bin'
[0.752s] INFO:colcon.colcon_core.shell:Creating package script '/home/minha/myagv_ros2/myagv_ros2/install/myagv_description/share/myagv_description/package.ps1'
[0.753s] INFO:colcon.colcon_core.shell:Creating package descriptor '/home/minha/myagv_ros2/myagv_ros2/install/myagv_description/share/myagv_description/package.dsv'
[0.753s] INFO:colcon.colcon_core.shell:Creating package script '/home/minha/myagv_ros2/myagv_ros2/install/myagv_description/share/myagv_description/package.sh'
[0.753s] INFO:colcon.colcon_core.shell:Creating package script '/home/minha/myagv_ros2/myagv_ros2/install/myagv_description/share/myagv_description/package.bash'
[0.753s] INFO:colcon.colcon_core.shell:Creating package script '/home/minha/myagv_ros2/myagv_ros2/install/myagv_description/share/myagv_description/package.zsh'
[0.754s] Level 1:colcon.colcon_core.environment:create_file_with_runtime_dependencies(/home/minha/myagv_ros2/myagv_ros2/install/myagv_description/share/colcon-core/packages/myagv_description)
[0.769s] Level 1:colcon.colcon_core.environment:create_environment_scripts_only(myagv_navigation2)
[0.769s] Level 1:colcon.colcon_core.environment:checking '/home/minha/myagv_ros2/myagv_ros2/install/myagv_navigation2' for CMake module files
[0.770s] Level 1:colcon.colcon_core.environment:checking '/home/minha/myagv_ros2/myagv_ros2/install/myagv_navigation2' for CMake config files
[0.770s] Level 1:colcon.colcon_core.shell:create_environment_hook('myagv_navigation2', 'cmake_prefix_path')
[0.771s] INFO:colcon.colcon_core.shell:Creating environment hook '/home/minha/myagv_ros2/myagv_ros2/install/myagv_navigation2/share/myagv_navigation2/hook/cmake_prefix_path.ps1'
[0.771s] INFO:colcon.colcon_core.shell:Creating environment descriptor '/home/minha/myagv_ros2/myagv_ros2/install/myagv_navigation2/share/myagv_navigation2/hook/cmake_prefix_path.dsv'
[0.772s] INFO:colcon.colcon_core.shell:Creating environment hook '/home/minha/myagv_ros2/myagv_ros2/install/myagv_navigation2/share/myagv_navigation2/hook/cmake_prefix_path.sh'
[0.772s] Level 1:colcon.colcon_core.environment:checking '/home/minha/myagv_ros2/myagv_ros2/install/myagv_navigation2/bin'
[0.772s] Level 1:colcon.colcon_core.environment:checking '/home/minha/myagv_ros2/myagv_ros2/install/myagv_navigation2/lib/pkgconfig/myagv_navigation2.pc'
[0.772s] Level 1:colcon.colcon_core.environment:checking '/home/minha/myagv_ros2/myagv_ros2/install/myagv_navigation2/lib/python3.10/site-packages'
[0.773s] Level 1:colcon.colcon_core.environment:checking '/home/minha/myagv_ros2/myagv_ros2/install/myagv_navigation2/bin'
[0.773s] INFO:colcon.colcon_core.shell:Creating package script '/home/minha/myagv_ros2/myagv_ros2/install/myagv_navigation2/share/myagv_navigation2/package.ps1'
[0.774s] INFO:colcon.colcon_core.shell:Creating package descriptor '/home/minha/myagv_ros2/myagv_ros2/install/myagv_navigation2/share/myagv_navigation2/package.dsv'
[0.774s] INFO:colcon.colcon_core.shell:Creating package script '/home/minha/myagv_ros2/myagv_ros2/install/myagv_navigation2/share/myagv_navigation2/package.sh'
[0.774s] INFO:colcon.colcon_core.shell:Creating package script '/home/minha/myagv_ros2/myagv_ros2/install/myagv_navigation2/share/myagv_navigation2/package.bash'
[0.775s] INFO:colcon.colcon_core.shell:Creating package script '/home/minha/myagv_ros2/myagv_ros2/install/myagv_navigation2/share/myagv_navigation2/package.zsh'
[0.775s] Level 1:colcon.colcon_core.environment:create_file_with_runtime_dependencies(/home/minha/myagv_ros2/myagv_ros2/install/myagv_navigation2/share/colcon-core/packages/myagv_navigation2)
[0.830s] Level 1:colcon.colcon_core.environment:create_environment_scripts_only(myagv_description)
[0.830s] Level 1:colcon.colcon_core.environment:checking '/home/minha/myagv_ros2/myagv_ros2/install/myagv_description' for CMake module files
[0.831s] Level 1:colcon.colcon_core.environment:checking '/home/minha/myagv_ros2/myagv_ros2/install/myagv_description' for CMake config files
[0.831s] Level 1:colcon.colcon_core.shell:create_environment_hook('myagv_description', 'cmake_prefix_path')
[0.831s] INFO:colcon.colcon_core.shell:Creating environment hook '/home/minha/myagv_ros2/myagv_ros2/install/myagv_description/share/myagv_description/hook/cmake_prefix_path.ps1'
[0.832s] INFO:colcon.colcon_core.shell:Creating environment descriptor '/home/minha/myagv_ros2/myagv_ros2/install/myagv_description/share/myagv_description/hook/cmake_prefix_path.dsv'
[0.832s] INFO:colcon.colcon_core.shell:Creating environment hook '/home/minha/myagv_ros2/myagv_ros2/install/myagv_description/share/myagv_description/hook/cmake_prefix_path.sh'
[0.833s] Level 1:colcon.colcon_core.environment:checking '/home/minha/myagv_ros2/myagv_ros2/install/myagv_description/bin'
[0.833s] Level 1:colcon.colcon_core.environment:checking '/home/minha/myagv_ros2/myagv_ros2/install/myagv_description/lib/pkgconfig/myagv_description.pc'
[0.833s] Level 1:colcon.colcon_core.environment:checking '/home/minha/myagv_ros2/myagv_ros2/install/myagv_description/lib/python3.10/site-packages'
[0.833s] Level 1:colcon.colcon_core.environment:checking '/home/minha/myagv_ros2/myagv_ros2/install/myagv_description/bin'
[0.833s] INFO:colcon.colcon_core.shell:Creating package script '/home/minha/myagv_ros2/myagv_ros2/install/myagv_description/share/myagv_description/package.ps1'
[0.834s] INFO:colcon.colcon_core.shell:Creating package descriptor '/home/minha/myagv_ros2/myagv_ros2/install/myagv_description/share/myagv_description/package.dsv'
[0.834s] INFO:colcon.colcon_core.shell:Creating package script '/home/minha/myagv_ros2/myagv_ros2/install/myagv_description/share/myagv_description/package.sh'
[0.835s] INFO:colcon.colcon_core.shell:Creating package script '/home/minha/myagv_ros2/myagv_ros2/install/myagv_description/share/myagv_description/package.bash'
[0.835s] INFO:colcon.colcon_core.shell:Creating package script '/home/minha/myagv_ros2/myagv_ros2/install/myagv_description/share/myagv_description/package.zsh'
[0.835s] Level 1:colcon.colcon_core.environment:create_file_with_runtime_dependencies(/home/minha/myagv_ros2/myagv_ros2/install/myagv_description/share/colcon-core/packages/myagv_description)
[0.836s] Level 1:colcon.colcon_core.environment:create_environment_scripts_only(myagv_cartographer)
[0.836s] Level 1:colcon.colcon_core.environment:checking '/home/minha/myagv_ros2/myagv_ros2/install/myagv_cartographer' for CMake module files
[0.837s] Level 1:colcon.colcon_core.environment:checking '/home/minha/myagv_ros2/myagv_ros2/install/myagv_cartographer' for CMake config files
[0.838s] Level 1:colcon.colcon_core.shell:create_environment_hook('myagv_cartographer', 'cmake_prefix_path')
[0.838s] INFO:colcon.colcon_core.shell:Creating environment hook '/home/minha/myagv_ros2/myagv_ros2/install/myagv_cartographer/share/myagv_cartographer/hook/cmake_prefix_path.ps1'
[0.838s] INFO:colcon.colcon_core.shell:Creating environment descriptor '/home/minha/myagv_ros2/myagv_ros2/install/myagv_cartographer/share/myagv_cartographer/hook/cmake_prefix_path.dsv'
[0.838s] INFO:colcon.colcon_core.shell:Creating environment hook '/home/minha/myagv_ros2/myagv_ros2/install/myagv_cartographer/share/myagv_cartographer/hook/cmake_prefix_path.sh'
[0.839s] Level 1:colcon.colcon_core.environment:checking '/home/minha/myagv_ros2/myagv_ros2/install/myagv_cartographer/bin'
[0.839s] Level 1:colcon.colcon_core.environment:checking '/home/minha/myagv_ros2/myagv_ros2/install/myagv_cartographer/lib/pkgconfig/myagv_cartographer.pc'
[0.839s] Level 1:colcon.colcon_core.environment:checking '/home/minha/myagv_ros2/myagv_ros2/install/myagv_cartographer/lib/python3.10/site-packages'
[0.839s] Level 1:colcon.colcon_core.environment:checking '/home/minha/myagv_ros2/myagv_ros2/install/myagv_cartographer/bin'
[0.840s] INFO:colcon.colcon_core.shell:Creating package script '/home/minha/myagv_ros2/myagv_ros2/install/myagv_cartographer/share/myagv_cartographer/package.ps1'
[0.840s] INFO:colcon.colcon_core.shell:Creating package descriptor '/home/minha/myagv_ros2/myagv_ros2/install/myagv_cartographer/share/myagv_cartographer/package.dsv'
[0.840s] INFO:colcon.colcon_core.shell:Creating package script '/home/minha/myagv_ros2/myagv_ros2/install/myagv_cartographer/share/myagv_cartographer/package.sh'
[0.841s] INFO:colcon.colcon_core.shell:Creating package script '/home/minha/myagv_ros2/myagv_ros2/install/myagv_cartographer/share/myagv_cartographer/package.bash'
[0.841s] INFO:colcon.colcon_core.shell:Creating package script '/home/minha/myagv_ros2/myagv_ros2/install/myagv_cartographer/share/myagv_cartographer/package.zsh'
[0.841s] Level 1:colcon.colcon_core.environment:create_file_with_runtime_dependencies(/home/minha/myagv_ros2/myagv_ros2/install/myagv_cartographer/share/colcon-core/packages/myagv_cartographer)
[1.047s] DEBUG:colcon.colcon_core.event_handler.log_command:Invoking command in '/home/minha/myagv_ros2/myagv_ros2/src/myagv_teleop_ros2': CONDA_PROMPT_MODIFIER=(new_adaface) PYTHONPATH=/home/minha/myagv_ros2/myagv_ros2/build/myagv_teleop_ros2/prefix_override:/home/minha/myagv_ros2/myagv_ros2/install/myagv_teleop_ros2/lib/python3.10/site-packages:${PYTHONPATH} /usr/bin/python3 -W ignore:setup.py install is deprecated setup.py egg_info --egg-base ../../build/myagv_teleop_ros2 build --build-base /home/minha/myagv_ros2/myagv_ros2/build/myagv_teleop_ros2/build install --record /home/minha/myagv_ros2/myagv_ros2/build/myagv_teleop_ros2/install.log --single-version-externally-managed install_data
[1.065s] DEBUG:colcon.colcon_core.event_handler.log_command:Invoked command in '/home/minha/myagv_ros2/myagv_ros2/build/ydlidar_ros2_driver' returned '1': CMAKE_PREFIX_PATH=${CMAKE_PREFIX_PATH}:/home/minha/colcon_ws/install/ultraarm:/home/minha/colcon_ws/install/mypalletizer_260_pi:/home/minha/colcon_ws/install/mypalletizer_260:/home/minha/colcon_ws/install/mypalletizer_communication:/home/minha/colcon_ws/install/mycobot_630:/home/minha/colcon_ws/install/mycobot_600:/home/minha/colcon_ws/install/mycobot_320pi:/home/minha/colcon_ws/install/mycobot_320:/home/minha/colcon_ws/install/mycobot_280pi:/home/minha/colcon_ws/install/mycobot_280jn:/home/minha/colcon_ws/install/mycobot_280_x3pi:/home/minha/colcon_ws/install/mycobot_280:/home/minha/colcon_ws/install/myarm_300:/home/minha/colcon_ws/install/mycobot_communication:/home/minha/colcon_ws/install/mecharm_pi:/home/minha/colcon_ws/install/mecharm:/home/minha/colcon_ws/install/mecharm_communication:/home/minha/colcon_ws/install/mybuddy:/home/minha/colcon_ws/install/mycobot_description:/home/minha/ros2_ws_tut/install/urdf_turtorial:/home/minha/ros2_ws_tut/install/ros_topic:/home/minha/ros2_ws_tut/install/ros_mini_proj:/home/minha/ros2_ws_tut/install/python_parameters:/home/minha/ros2_ws_tut/install/motor_control_serial:/home/minha/ros2_ws_tut/install/action_tutorial:/home/minha/ros2_ws_tut/install/action_service:/opt/ros/humble CONDA_PROMPT_MODIFIER=(new_adaface) /home/minha/anaconda3/envs/adaface/bin/cmake /home/minha/myagv_ros2/myagv_ros2/src/ydlidar_ros2_driver -DCMAKE_INSTALL_PREFIX=/home/minha/myagv_ros2/myagv_ros2/install/ydlidar_ros2_driver
[1.099s] Level 1:colcon.colcon_core.environment:create_environment_scripts_only(ydlidar_ros2_driver)
[1.100s] Level 1:colcon.colcon_core.environment:checking '/home/minha/myagv_ros2/myagv_ros2/install/ydlidar_ros2_driver' for CMake module files
[1.100s] Level 1:colcon.colcon_core.environment:checking '/home/minha/myagv_ros2/myagv_ros2/install/ydlidar_ros2_driver' for CMake config files
[1.101s] Level 1:colcon.colcon_core.environment:checking '/home/minha/myagv_ros2/myagv_ros2/install/ydlidar_ros2_driver/bin'
[1.101s] Level 1:colcon.colcon_core.environment:checking '/home/minha/myagv_ros2/myagv_ros2/install/ydlidar_ros2_driver/lib/pkgconfig/ydlidar_ros2_driver.pc'
[1.101s] Level 1:colcon.colcon_core.environment:checking '/home/minha/myagv_ros2/myagv_ros2/install/ydlidar_ros2_driver/lib/python3.10/site-packages'
[1.101s] Level 1:colcon.colcon_core.environment:checking '/home/minha/myagv_ros2/myagv_ros2/install/ydlidar_ros2_driver/bin'
[1.102s] INFO:colcon.colcon_core.shell:Creating package script '/home/minha/myagv_ros2/myagv_ros2/install/ydlidar_ros2_driver/share/ydlidar_ros2_driver/package.ps1'
[1.102s] INFO:colcon.colcon_core.shell:Creating package descriptor '/home/minha/myagv_ros2/myagv_ros2/install/ydlidar_ros2_driver/share/ydlidar_ros2_driver/package.dsv'
[1.103s] INFO:colcon.colcon_core.shell:Creating package script '/home/minha/myagv_ros2/myagv_ros2/install/ydlidar_ros2_driver/share/ydlidar_ros2_driver/package.sh'
[1.103s] INFO:colcon.colcon_core.shell:Creating package script '/home/minha/myagv_ros2/myagv_ros2/install/ydlidar_ros2_driver/share/ydlidar_ros2_driver/package.bash'
[1.103s] INFO:colcon.colcon_core.shell:Creating package script '/home/minha/myagv_ros2/myagv_ros2/install/ydlidar_ros2_driver/share/ydlidar_ros2_driver/package.zsh'
[1.104s] Level 1:colcon.colcon_core.environment:create_file_with_runtime_dependencies(/home/minha/myagv_ros2/myagv_ros2/install/ydlidar_ros2_driver/share/colcon-core/packages/ydlidar_ros2_driver)
[1.303s] DEBUG:colcon.colcon_parallel_executor.executor.parallel:closing loop
[1.304s] DEBUG:colcon.colcon_parallel_executor.executor.parallel:loop closed
[1.304s] DEBUG:colcon.colcon_parallel_executor.executor.parallel:run_until_complete finished with '1'
[1.304s] DEBUG:colcon.colcon_core.event_reactor:joining thread
[1.311s] INFO:colcon.colcon_core.plugin_system:Skipping extension 'colcon_notification.desktop_notification.terminal_notifier': Not used on non-Darwin systems
[1.311s] INFO:colcon.colcon_core.plugin_system:Skipping extension 'colcon_notification.desktop_notification.win32': Not used on non-Windows systems
[1.311s] INFO:colcon.colcon_notification.desktop_notification:Sending desktop notification using 'notify2'
[1.327s] DEBUG:colcon.colcon_core.event_reactor:joined thread
[1.328s] INFO:colcon.colcon_core.shell:Creating prefix script '/home/minha/myagv_ros2/myagv_ros2/install/local_setup.ps1'
[1.330s] INFO:colcon.colcon_core.shell:Creating prefix util module '/home/minha/myagv_ros2/myagv_ros2/install/_local_setup_util_ps1.py'
[1.332s] INFO:colcon.colcon_core.shell:Creating prefix chain script '/home/minha/myagv_ros2/myagv_ros2/install/setup.ps1'
[1.334s] INFO:colcon.colcon_core.shell:Creating prefix script '/home/minha/myagv_ros2/myagv_ros2/install/local_setup.sh'
[1.334s] INFO:colcon.colcon_core.shell:Creating prefix util module '/home/minha/myagv_ros2/myagv_ros2/install/_local_setup_util_sh.py'
[1.334s] INFO:colcon.colcon_core.shell:Creating prefix chain script '/home/minha/myagv_ros2/myagv_ros2/install/setup.sh'
[1.336s] INFO:colcon.colcon_core.shell:Creating prefix script '/home/minha/myagv_ros2/myagv_ros2/install/local_setup.bash'
[1.336s] INFO:colcon.colcon_core.shell:Creating prefix chain script '/home/minha/myagv_ros2/myagv_ros2/install/setup.bash'
[1.337s] INFO:colcon.colcon_core.shell:Creating prefix script '/home/minha/myagv_ros2/myagv_ros2/install/local_setup.zsh'
[1.338s] INFO:colcon.colcon_core.shell:Creating prefix chain script '/home/minha/myagv_ros2/myagv_ros2/install/setup.zsh'
