[0.219s] Invoking command in '/home/ubuntu/myagv_ros2/build/myagv_description': CMAKE_PREFIX_PATH=${CMAKE_PREFIX_PATH}:/home/ubuntu/myagv_ros2/install/myagv_teleop_ros2:/opt/ros/humble /usr/bin/cmake --build /home/ubuntu/myagv_ros2/build/myagv_description -- -j4 -l4
[2.306s] Invoked command in '/home/ubuntu/myagv_ros2/build/myagv_description' returned '0': CMAKE_PREFIX_PATH=${CMAKE_PREFIX_PATH}:/home/ubuntu/myagv_ros2/install/myagv_teleop_ros2:/opt/ros/humble /usr/bin/cmake --build /home/ubuntu/myagv_ros2/build/myagv_description -- -j4 -l4
[2.760s] Invoking command in '/home/ubuntu/myagv_ros2/build/myagv_description': CMAKE_PREFIX_PATH=${CMAKE_PREFIX_PATH}:/home/ubuntu/myagv_ros2/install/myagv_teleop_ros2:/opt/ros/humble /usr/bin/cmake --install /home/ubuntu/myagv_ros2/build/myagv_description
[2.883s] -- Install configuration: ""
[2.888s] -- Execute custom install script
[2.892s] -- Up-to-date symlink: /home/ubuntu/myagv_ros2/install/myagv_description/share/myagv_description/urdf/myAGV.urdf
[2.906s] -- Up-to-date symlink: /home/ubuntu/myagv_ros2/install/myagv_description/share/myagv_description/meshes/myagv_all.dae
[2.941s] -- Up-to-date symlink: /home/ubuntu/myagv_ros2/install/myagv_description/share/myagv_description/meshes/myagv_base.dae
[2.942s] -- Up-to-date symlink: /home/ubuntu/myagv_ros2/install/myagv_description/share/myagv_description/meshes/myagv_up.dae
[2.942s] -- Up-to-date symlink: /home/ubuntu/myagv_ros2/install/myagv_description/share/ament_index/resource_index/package_run_dependencies/myagv_description
[2.947s] -- Up-to-date symlink: /home/ubuntu/myagv_ros2/install/myagv_description/share/ament_index/resource_index/parent_prefix_path/myagv_description
[2.951s] -- Up-to-date symlink: /home/ubuntu/myagv_ros2/install/myagv_description/share/myagv_description/environment/ament_prefix_path.sh
[2.963s] -- Up-to-date symlink: /home/ubuntu/myagv_ros2/install/myagv_description/share/myagv_description/environment/ament_prefix_path.dsv
[2.986s] -- Up-to-date symlink: /home/ubuntu/myagv_ros2/install/myagv_description/share/myagv_description/environment/path.sh
[2.989s] -- Up-to-date symlink: /home/ubuntu/myagv_ros2/install/myagv_description/share/myagv_description/environment/path.dsv
[2.990s] -- Up-to-date symlink: /home/ubuntu/myagv_ros2/install/myagv_description/share/myagv_description/local_setup.bash
[2.996s] -- Up-to-date symlink: /home/ubuntu/myagv_ros2/install/myagv_description/share/myagv_description/local_setup.sh
[3.009s] -- Up-to-date symlink: /home/ubuntu/myagv_ros2/install/myagv_description/share/myagv_description/local_setup.zsh
[3.017s] -- Up-to-date symlink: /home/ubuntu/myagv_ros2/install/myagv_description/share/myagv_description/local_setup.dsv
[3.027s] -- Symlinking: /home/ubuntu/myagv_ros2/install/myagv_description/share/myagv_description/package.dsv
[3.208s] -- Up-to-date symlink: /home/ubuntu/myagv_ros2/install/myagv_description/share/ament_index/resource_index/packages/myagv_description
[3.223s] -- Up-to-date symlink: /home/ubuntu/myagv_ros2/install/myagv_description/share/myagv_description/cmake/myagv_descriptionConfig.cmake
[3.237s] -- Up-to-date symlink: /home/ubuntu/myagv_ros2/install/myagv_description/share/myagv_description/cmake/myagv_descriptionConfig-version.cmake
[3.238s] -- Up-to-date symlink: /home/ubuntu/myagv_ros2/install/myagv_description/share/myagv_description/package.xml
[3.261s] Invoked command in '/home/ubuntu/myagv_ros2/build/myagv_description' returned '0': CMAKE_PREFIX_PATH=${CMAKE_PREFIX_PATH}:/home/ubuntu/myagv_ros2/install/myagv_teleop_ros2:/opt/ros/humble /usr/bin/cmake --install /home/ubuntu/myagv_ros2/build/myagv_description
