[0.169s] Invoking command in '/home/ubuntu/myagv_ros2/build/myagv_bringup': CMAKE_PREFIX_PATH=/home/ubuntu/myagv_ros2/install/myagv_node:/home/ubuntu/myagv_ros2/install/myagv_description:/home/ubuntu/myagv_ros2/install/ydlidar_ros2_driver:/home/ubuntu/myagv_ros2/install/myagv_ros2:/home/ubuntu/myagv_ros2/install/myagv_ps2:/home/ubuntu/myagv_ros2/install/myagv_bringup:/home/ubuntu/myagv_ros2/install/myagv_navigation2:/home/ubuntu/myagv_ros2/install/myagv_cartographer:/home/ubuntu/myagv_ros2/install/myagv_teleop_ros2:/opt/ros/humble /usr/bin/cmake --build /home/ubuntu/myagv_ros2/build/myagv_bringup -- -j4 -l4
[0.521s] Invoked command in '/home/ubuntu/myagv_ros2/build/myagv_bringup' returned '0': CMAKE_PREFIX_PATH=/home/ubuntu/myagv_ros2/install/myagv_node:/home/ubuntu/myagv_ros2/install/myagv_description:/home/ubuntu/myagv_ros2/install/ydlidar_ros2_driver:/home/ubuntu/myagv_ros2/install/myagv_ros2:/home/ubuntu/myagv_ros2/install/myagv_ps2:/home/ubuntu/myagv_ros2/install/myagv_bringup:/home/ubuntu/myagv_ros2/install/myagv_navigation2:/home/ubuntu/myagv_ros2/install/myagv_cartographer:/home/ubuntu/myagv_ros2/install/myagv_teleop_ros2:/opt/ros/humble /usr/bin/cmake --build /home/ubuntu/myagv_ros2/build/myagv_bringup -- -j4 -l4
[0.820s] Invoking command in '/home/ubuntu/myagv_ros2/build/myagv_bringup': CMAKE_PREFIX_PATH=/home/ubuntu/myagv_ros2/install/myagv_node:/home/ubuntu/myagv_ros2/install/myagv_description:/home/ubuntu/myagv_ros2/install/ydlidar_ros2_driver:/home/ubuntu/myagv_ros2/install/myagv_ros2:/home/ubuntu/myagv_ros2/install/myagv_ps2:/home/ubuntu/myagv_ros2/install/myagv_bringup:/home/ubuntu/myagv_ros2/install/myagv_navigation2:/home/ubuntu/myagv_ros2/install/myagv_cartographer:/home/ubuntu/myagv_ros2/install/myagv_teleop_ros2:/opt/ros/humble /usr/bin/cmake --install /home/ubuntu/myagv_ros2/build/myagv_bringup
[0.917s] -- Install configuration: ""
[0.918s] -- Execute custom install script
[0.925s] -- Up-to-date symlink: /home/ubuntu/myagv_ros2/install/myagv_bringup/share/myagv_bringup/launch/myagv.launch.py
[0.928s] -- Up-to-date symlink: /home/ubuntu/myagv_ros2/install/myagv_bringup/share/myagv_bringup/launch/myagv_state_publisher.launch.py
[0.934s] -- Up-to-date symlink: /home/ubuntu/myagv_ros2/install/myagv_bringup/share/ament_index/resource_index/package_run_dependencies/myagv_bringup
[0.940s] -- Up-to-date symlink: /home/ubuntu/myagv_ros2/install/myagv_bringup/share/ament_index/resource_index/parent_prefix_path/myagv_bringup
[0.945s] -- Up-to-date symlink: /home/ubuntu/myagv_ros2/install/myagv_bringup/share/myagv_bringup/environment/ament_prefix_path.sh
[0.952s] -- Up-to-date symlink: /home/ubuntu/myagv_ros2/install/myagv_bringup/share/myagv_bringup/environment/ament_prefix_path.dsv
[0.955s] -- Up-to-date symlink: /home/ubuntu/myagv_ros2/install/myagv_bringup/share/myagv_bringup/environment/path.sh
[0.957s] -- Up-to-date symlink: /home/ubuntu/myagv_ros2/install/myagv_bringup/share/myagv_bringup/environment/path.dsv
[0.962s] -- Up-to-date symlink: /home/ubuntu/myagv_ros2/install/myagv_bringup/share/myagv_bringup/local_setup.bash
[0.965s] -- Up-to-date symlink: /home/ubuntu/myagv_ros2/install/myagv_bringup/share/myagv_bringup/local_setup.sh
[0.973s] -- Up-to-date symlink: /home/ubuntu/myagv_ros2/install/myagv_bringup/share/myagv_bringup/local_setup.zsh
[0.975s] -- Up-to-date symlink: /home/ubuntu/myagv_ros2/install/myagv_bringup/share/myagv_bringup/local_setup.dsv
[0.980s] -- Symlinking: /home/ubuntu/myagv_ros2/install/myagv_bringup/share/myagv_bringup/package.dsv
[1.070s] -- Up-to-date symlink: /home/ubuntu/myagv_ros2/install/myagv_bringup/share/ament_index/resource_index/packages/myagv_bringup
[1.071s] -- Up-to-date symlink: /home/ubuntu/myagv_ros2/install/myagv_bringup/share/myagv_bringup/cmake/myagv_bringupConfig.cmake
[1.072s] -- Up-to-date symlink: /home/ubuntu/myagv_ros2/install/myagv_bringup/share/myagv_bringup/cmake/myagv_bringupConfig-version.cmake
[1.072s] -- Up-to-date symlink: /home/ubuntu/myagv_ros2/install/myagv_bringup/share/myagv_bringup/package.xml
[1.101s] Invoked command in '/home/ubuntu/myagv_ros2/build/myagv_bringup' returned '0': CMAKE_PREFIX_PATH=/home/ubuntu/myagv_ros2/install/myagv_node:/home/ubuntu/myagv_ros2/install/myagv_description:/home/ubuntu/myagv_ros2/install/ydlidar_ros2_driver:/home/ubuntu/myagv_ros2/install/myagv_ros2:/home/ubuntu/myagv_ros2/install/myagv_ps2:/home/ubuntu/myagv_ros2/install/myagv_bringup:/home/ubuntu/myagv_ros2/install/myagv_navigation2:/home/ubuntu/myagv_ros2/install/myagv_cartographer:/home/ubuntu/myagv_ros2/install/myagv_teleop_ros2:/opt/ros/humble /usr/bin/cmake --install /home/ubuntu/myagv_ros2/build/myagv_bringup
