[0.193s] Invoking command in '/home/ubuntu/myagv_ros2/build/myagv_node': CMAKE_PREFIX_PATH=${CMAKE_PREFIX_PATH}:/home/ubuntu/myagv_ros2/install/myagv_teleop_ros2:/opt/ros/humble /usr/bin/cmake --build /home/ubuntu/myagv_ros2/build/myagv_node -- -j4 -l4
[4.590s] [ 50%] Built target myagv_node_lib
[5.777s] [100%] Built target myagv_node
[5.817s] Invoked command in '/home/ubuntu/myagv_ros2/build/myagv_node' returned '0': CMAKE_PREFIX_PATH=${CMAKE_PREFIX_PATH}:/home/ubuntu/myagv_ros2/install/myagv_teleop_ros2:/opt/ros/humble /usr/bin/cmake --build /home/ubuntu/myagv_ros2/build/myagv_node -- -j4 -l4
[5.987s] Invoking command in '/home/ubuntu/myagv_ros2/build/myagv_node': CMAKE_PREFIX_PATH=${CMAKE_PREFIX_PATH}:/home/ubuntu/myagv_ros2/install/myagv_teleop_ros2:/opt/ros/humble /usr/bin/cmake --install /home/ubuntu/myagv_ros2/build/myagv_node
[6.083s] -- Install configuration: ""
[6.232s] -- Execute custom install script
[6.750s] -- Up-to-date symlink: /home/ubuntu/myagv_ros2/install/myagv_node/lib/myagv_node/myagv_node
[6.752s] -- Up-to-date symlink: /home/ubuntu/myagv_ros2/install/myagv_node/share/ament_index/resource_index/package_run_dependencies/myagv_node
[6.984s] -- Up-to-date symlink: /home/ubuntu/myagv_ros2/install/myagv_node/share/ament_index/resource_index/parent_prefix_path/myagv_node
[7.188s] -- Up-to-date symlink: /home/ubuntu/myagv_ros2/install/myagv_node/share/myagv_node/environment/ament_prefix_path.sh
[7.190s] -- Up-to-date symlink: /home/ubuntu/myagv_ros2/install/myagv_node/share/myagv_node/environment/ament_prefix_path.dsv
[7.258s] -- Up-to-date symlink: /home/ubuntu/myagv_ros2/install/myagv_node/share/myagv_node/environment/path.sh
[7.260s] -- Up-to-date symlink: /home/ubuntu/myagv_ros2/install/myagv_node/share/myagv_node/environment/path.dsv
[7.321s] -- Up-to-date symlink: /home/ubuntu/myagv_ros2/install/myagv_node/share/myagv_node/local_setup.bash
[7.385s] -- Up-to-date symlink: /home/ubuntu/myagv_ros2/install/myagv_node/share/myagv_node/local_setup.sh
[7.693s] -- Up-to-date symlink: /home/ubuntu/myagv_ros2/install/myagv_node/share/myagv_node/local_setup.zsh
[7.695s] -- Up-to-date symlink: /home/ubuntu/myagv_ros2/install/myagv_node/share/myagv_node/local_setup.dsv
[7.696s] -- Symlinking: /home/ubuntu/myagv_ros2/install/myagv_node/share/myagv_node/package.dsv
[7.829s] -- Up-to-date symlink: /home/ubuntu/myagv_ros2/install/myagv_node/share/ament_index/resource_index/packages/myagv_node
[7.853s] -- Up-to-date symlink: /home/ubuntu/myagv_ros2/install/myagv_node/share/myagv_node/cmake/ament_cmake_export_include_directories-extras.cmake
[7.862s] -- Up-to-date symlink: /home/ubuntu/myagv_ros2/install/myagv_node/share/myagv_node/cmake/myagv_nodeConfig.cmake
[7.863s] -- Up-to-date symlink: /home/ubuntu/myagv_ros2/install/myagv_node/share/myagv_node/cmake/myagv_nodeConfig-version.cmake
[7.866s] -- Up-to-date symlink: /home/ubuntu/myagv_ros2/install/myagv_node/share/myagv_node/package.xml
[7.883s] Invoked command in '/home/ubuntu/myagv_ros2/build/myagv_node' returned '0': CMAKE_PREFIX_PATH=${CMAKE_PREFIX_PATH}:/home/ubuntu/myagv_ros2/install/myagv_teleop_ros2:/opt/ros/humble /usr/bin/cmake --install /home/ubuntu/myagv_ros2/build/myagv_node
