running egg_info
creating ../../build/myagv_bringup/myagv_bringup.egg-info
writing ../../build/myagv_bringup/myagv_bringup.egg-info/PKG-INFO
writing dependency_links to ../../build/myagv_bringup/myagv_bringup.egg-info/dependency_links.txt
writing entry points to ../../build/myagv_bringup/myagv_bringup.egg-info/entry_points.txt
writing requirements to ../../build/myagv_bringup/myagv_bringup.egg-info/requires.txt
writing top-level names to ../../build/myagv_bringup/myagv_bringup.egg-info/top_level.txt
writing manifest file '../../build/myagv_bringup/myagv_bringup.egg-info/SOURCES.txt'
reading manifest file '../../build/myagv_bringup/myagv_bringup.egg-info/SOURCES.txt'
writing manifest file '../../build/myagv_bringup/myagv_bringup.egg-info/SOURCES.txt'
running build
running build_py
creating /home/minha/myagv_ros2/myagv_ros2/build/myagv_bringup/build
creating /home/minha/myagv_ros2/myagv_ros2/build/myagv_bringup/build/lib
creating /home/minha/myagv_ros2/myagv_ros2/build/myagv_bringup/build/lib/myagv_bringup
copying myagv_bringup/__init__.py -> /home/minha/myagv_ros2/myagv_ros2/build/myagv_bringup/build/lib/myagv_bringup
running install
running install_lib
creating /home/minha/myagv_ros2/myagv_ros2/install/myagv_bringup/lib/python3.10/site-packages/myagv_bringup
copying /home/minha/myagv_ros2/myagv_ros2/build/myagv_bringup/build/lib/myagv_bringup/__init__.py -> /home/minha/myagv_ros2/myagv_ros2/install/myagv_bringup/lib/python3.10/site-packages/myagv_bringup
byte-compiling /home/minha/myagv_ros2/myagv_ros2/install/myagv_bringup/lib/python3.10/site-packages/myagv_bringup/__init__.py to __init__.cpython-310.pyc
running install_data
creating /home/minha/myagv_ros2/myagv_ros2/install/myagv_bringup/share
creating /home/minha/myagv_ros2/myagv_ros2/install/myagv_bringup/share/ament_index
creating /home/minha/myagv_ros2/myagv_ros2/install/myagv_bringup/share/ament_index/resource_index
creating /home/minha/myagv_ros2/myagv_ros2/install/myagv_bringup/share/ament_index/resource_index/packages
copying resource/myagv_bringup -> /home/minha/myagv_ros2/myagv_ros2/install/myagv_bringup/share/ament_index/resource_index/packages
creating /home/minha/myagv_ros2/myagv_ros2/install/myagv_bringup/share/myagv_bringup
copying package.xml -> /home/minha/myagv_ros2/myagv_ros2/install/myagv_bringup/share/myagv_bringup
running install_egg_info
Copying ../../build/myagv_bringup/myagv_bringup.egg-info to /home/minha/myagv_ros2/myagv_ros2/install/myagv_bringup/lib/python3.10/site-packages/myagv_bringup-0.0.0-py3.10.egg-info
running install_scripts
writing list of installed files to '/home/minha/myagv_ros2/myagv_ros2/build/myagv_bringup/install.log'
