-- Found ament_cmake: 1.3.8 (/opt/ros/humble/share/ament_cmake/cmake)
-- Override CMake install command with custom implementation using symlinks instead of copying resources
-- Found rclcpp: 16.0.8 (/opt/ros/humble/share/rclcpp/cmake)
-- Found rosidl_generator_c: 3.1.5 (/opt/ros/humble/share/rosidl_generator_c/cmake)
-- Found rosidl_adapter: 3.1.5 (/opt/ros/humble/share/rosidl_adapter/cmake)
-- Found rosidl_generator_cpp: 3.1.5 (/opt/ros/humble/share/rosidl_generator_cpp/cmake)
-- Using all available rosidl_typesupport_c: rosidl_typesupport_fastrtps_c;rosidl_typesupport_introspection_c
-- Using all available rosidl_typesupport_cpp: rosidl_typesupport_fastrtps_cpp;rosidl_typesupport_introspection_cpp
-- Found rmw_implementation_cmake: 6.1.1 (/opt/ros/humble/share/rmw_implementation_cmake/cmake)
-- Found rmw_fastrtps_cpp: 6.2.6 (/opt/ros/humble/share/rmw_fastrtps_cpp/cmake)
-- Using RMW implementation 'rmw_fastrtps_cpp' as default
-- Found geometry_msgs: 4.2.3 (/opt/ros/humble/share/geometry_msgs/cmake)
-- Found nav_msgs: 4.2.3 (/opt/ros/humble/share/nav_msgs/cmake)
-- Found tf2: 0.25.6 (/opt/ros/humble/share/tf2/cmake)
-- Found tf2_ros: 0.25.6 (/opt/ros/humble/share/tf2_ros/cmake)
-- Found tf2_geometry_msgs: 0.25.6 (/opt/ros/humble/share/tf2_geometry_msgs/cmake)
-- Found eigen3_cmake_module: 0.1.1 (/opt/ros/humble/share/eigen3_cmake_module/cmake)
-- Ensuring Eigen3 include directory is part of orocos-kdl CMake target
-- Found sensor_msgs: 4.2.3 (/opt/ros/humble/share/sensor_msgs/cmake)
-- Configuring done
-- Generating done
-- Build files have been written to: /home/ubuntu/myagv_ros2/build/myagv_node
[35m[1mConsolidate compiler generated dependencies of target myagv_node_lib[0m
[ 50%] Built target myagv_node_lib
[35m[1mConsolidate compiler generated dependencies of target myagv_node[0m
[100%] Built target myagv_node
-- Install configuration: ""
-- Execute custom install script
-- Up-to-date symlink: /home/ubuntu/myagv_ros2/install/myagv_node/lib/myagv_node/myagv_node
-- Up-to-date symlink: /home/ubuntu/myagv_ros2/install/myagv_node/share/ament_index/resource_index/package_run_dependencies/myagv_node
-- Up-to-date symlink: /home/ubuntu/myagv_ros2/install/myagv_node/share/ament_index/resource_index/parent_prefix_path/myagv_node
-- Up-to-date symlink: /home/ubuntu/myagv_ros2/install/myagv_node/share/myagv_node/environment/ament_prefix_path.sh
-- Up-to-date symlink: /home/ubuntu/myagv_ros2/install/myagv_node/share/myagv_node/environment/ament_prefix_path.dsv
-- Up-to-date symlink: /home/ubuntu/myagv_ros2/install/myagv_node/share/myagv_node/environment/path.sh
-- Up-to-date symlink: /home/ubuntu/myagv_ros2/install/myagv_node/share/myagv_node/environment/path.dsv
-- Up-to-date symlink: /home/ubuntu/myagv_ros2/install/myagv_node/share/myagv_node/local_setup.bash
-- Up-to-date symlink: /home/ubuntu/myagv_ros2/install/myagv_node/share/myagv_node/local_setup.sh
-- Up-to-date symlink: /home/ubuntu/myagv_ros2/install/myagv_node/share/myagv_node/local_setup.zsh
-- Up-to-date symlink: /home/ubuntu/myagv_ros2/install/myagv_node/share/myagv_node/local_setup.dsv
-- Symlinking: /home/ubuntu/myagv_ros2/install/myagv_node/share/myagv_node/package.dsv
-- Up-to-date symlink: /home/ubuntu/myagv_ros2/install/myagv_node/share/ament_index/resource_index/packages/myagv_node
-- Up-to-date symlink: /home/ubuntu/myagv_ros2/install/myagv_node/share/myagv_node/cmake/ament_cmake_export_include_directories-extras.cmake
-- Up-to-date symlink: /home/ubuntu/myagv_ros2/install/myagv_node/share/myagv_node/cmake/myagv_nodeConfig.cmake
-- Up-to-date symlink: /home/ubuntu/myagv_ros2/install/myagv_node/share/myagv_node/cmake/myagv_nodeConfig-version.cmake
-- Up-to-date symlink: /home/ubuntu/myagv_ros2/install/myagv_node/share/myagv_node/package.xml
