[0.180s] Invoking command in '/home/ubuntu/myagv_ros2/build/myagv_node': CMAKE_PREFIX_PATH=${CMAKE_PREFIX_PATH}:/home/ubuntu/myagv_ros2/install/myagv_teleop_ros2:/opt/ros/humble /usr/bin/cmake /home/ubuntu/myagv_ros2/src/myagv_node -DCMAKE_INSTALL_PREFIX=/home/ubuntu/myagv_ros2/install/myagv_node
[0.437s] -- Found ament_cmake: 1.3.8 (/opt/ros/humble/share/ament_cmake/cmake)
[1.402s] -- Override CMake install command with custom implementation using symlinks instead of copying resources
[1.521s] -- Found rclcpp: 16.0.8 (/opt/ros/humble/share/rclcpp/cmake)
[1.801s] -- Found rosidl_generator_c: 3.1.5 (/opt/ros/humble/share/rosidl_generator_c/cmake)
[1.820s] -- Found rosidl_adapter: 3.1.5 (/opt/ros/humble/share/rosidl_adapter/cmake)
[1.866s] -- Found rosidl_generator_cpp: 3.1.5 (/opt/ros/humble/share/rosidl_generator_cpp/cmake)
[1.944s] -- Using all available rosidl_typesupport_c: rosidl_typesupport_fastrtps_c;rosidl_typesupport_introspection_c
[2.046s] -- Using all available rosidl_typesupport_cpp: rosidl_typesupport_fastrtps_cpp;rosidl_typesupport_introspection_cpp
[2.512s] -- Found rmw_implementation_cmake: 6.1.1 (/opt/ros/humble/share/rmw_implementation_cmake/cmake)
[2.532s] -- Found rmw_fastrtps_cpp: 6.2.6 (/opt/ros/humble/share/rmw_fastrtps_cpp/cmake)
[4.387s] -- Using RMW implementation 'rmw_fastrtps_cpp' as default
[5.286s] -- Found geometry_msgs: 4.2.3 (/opt/ros/humble/share/geometry_msgs/cmake)
[5.484s] -- Found nav_msgs: 4.2.3 (/opt/ros/humble/share/nav_msgs/cmake)
[5.849s] -- Found tf2: 0.25.6 (/opt/ros/humble/share/tf2/cmake)
[5.912s] -- Found tf2_ros: 0.25.6 (/opt/ros/humble/share/tf2_ros/cmake)
[7.675s] -- Found tf2_geometry_msgs: 0.25.6 (/opt/ros/humble/share/tf2_geometry_msgs/cmake)
[7.751s] -- Found eigen3_cmake_module: 0.1.1 (/opt/ros/humble/share/eigen3_cmake_module/cmake)
[7.763s] -- Ensuring Eigen3 include directory is part of orocos-kdl CMake target
[7.806s] -- Found sensor_msgs: 4.2.3 (/opt/ros/humble/share/sensor_msgs/cmake)
[8.639s] -- Configuring done
[8.800s] -- Generating done
[8.813s] -- Build files have been written to: /home/ubuntu/myagv_ros2/build/myagv_node
[8.871s] Invoked command in '/home/ubuntu/myagv_ros2/build/myagv_node' returned '0': CMAKE_PREFIX_PATH=${CMAKE_PREFIX_PATH}:/home/ubuntu/myagv_ros2/install/myagv_teleop_ros2:/opt/ros/humble /usr/bin/cmake /home/ubuntu/myagv_ros2/src/myagv_node -DCMAKE_INSTALL_PREFIX=/home/ubuntu/myagv_ros2/install/myagv_node
[8.873s] Invoking command in '/home/ubuntu/myagv_ros2/build/myagv_node': CMAKE_PREFIX_PATH=${CMAKE_PREFIX_PATH}:/home/ubuntu/myagv_ros2/install/myagv_teleop_ros2:/opt/ros/humble /usr/bin/cmake --build /home/ubuntu/myagv_ros2/build/myagv_node -- -j4 -l4
[9.093s] [35m[1mConsolidate compiler generated dependencies of target myagv_node_lib[0m
[9.630s] [ 50%] Built target myagv_node_lib
[9.704s] [35m[1mConsolidate compiler generated dependencies of target myagv_node[0m
[9.891s] [100%] Built target myagv_node
[9.945s] Invoked command in '/home/ubuntu/myagv_ros2/build/myagv_node' returned '0': CMAKE_PREFIX_PATH=${CMAKE_PREFIX_PATH}:/home/ubuntu/myagv_ros2/install/myagv_teleop_ros2:/opt/ros/humble /usr/bin/cmake --build /home/ubuntu/myagv_ros2/build/myagv_node -- -j4 -l4
[10.135s] Invoking command in '/home/ubuntu/myagv_ros2/build/myagv_node': CMAKE_PREFIX_PATH=${CMAKE_PREFIX_PATH}:/home/ubuntu/myagv_ros2/install/myagv_teleop_ros2:/opt/ros/humble /usr/bin/cmake --install /home/ubuntu/myagv_ros2/build/myagv_node
[10.172s] -- Install configuration: ""
[10.175s] -- Execute custom install script
[10.178s] -- Up-to-date symlink: /home/ubuntu/myagv_ros2/install/myagv_node/lib/myagv_node/myagv_node
[10.181s] -- Up-to-date symlink: /home/ubuntu/myagv_ros2/install/myagv_node/share/ament_index/resource_index/package_run_dependencies/myagv_node
[10.190s] -- Up-to-date symlink: /home/ubuntu/myagv_ros2/install/myagv_node/share/ament_index/resource_index/parent_prefix_path/myagv_node
[10.192s] -- Up-to-date symlink: /home/ubuntu/myagv_ros2/install/myagv_node/share/myagv_node/environment/ament_prefix_path.sh
[10.195s] -- Up-to-date symlink: /home/ubuntu/myagv_ros2/install/myagv_node/share/myagv_node/environment/ament_prefix_path.dsv
[10.198s] -- Up-to-date symlink: /home/ubuntu/myagv_ros2/install/myagv_node/share/myagv_node/environment/path.sh
[10.201s] -- Up-to-date symlink: /home/ubuntu/myagv_ros2/install/myagv_node/share/myagv_node/environment/path.dsv
[10.203s] -- Up-to-date symlink: /home/ubuntu/myagv_ros2/install/myagv_node/share/myagv_node/local_setup.bash
[10.206s] -- Up-to-date symlink: /home/ubuntu/myagv_ros2/install/myagv_node/share/myagv_node/local_setup.sh
[10.209s] -- Up-to-date symlink: /home/ubuntu/myagv_ros2/install/myagv_node/share/myagv_node/local_setup.zsh
[10.212s] -- Up-to-date symlink: /home/ubuntu/myagv_ros2/install/myagv_node/share/myagv_node/local_setup.dsv
[10.213s] -- Symlinking: /home/ubuntu/myagv_ros2/install/myagv_node/share/myagv_node/package.dsv
[10.265s] -- Up-to-date symlink: /home/ubuntu/myagv_ros2/install/myagv_node/share/ament_index/resource_index/packages/myagv_node
[10.268s] -- Up-to-date symlink: /home/ubuntu/myagv_ros2/install/myagv_node/share/myagv_node/cmake/ament_cmake_export_include_directories-extras.cmake
[10.270s] -- Up-to-date symlink: /home/ubuntu/myagv_ros2/install/myagv_node/share/myagv_node/cmake/myagv_nodeConfig.cmake
[10.272s] -- Up-to-date symlink: /home/ubuntu/myagv_ros2/install/myagv_node/share/myagv_node/cmake/myagv_nodeConfig-version.cmake
[10.273s] -- Up-to-date symlink: /home/ubuntu/myagv_ros2/install/myagv_node/share/myagv_node/package.xml
[10.287s] Invoked command in '/home/ubuntu/myagv_ros2/build/myagv_node' returned '0': CMAKE_PREFIX_PATH=${CMAKE_PREFIX_PATH}:/home/ubuntu/myagv_ros2/install/myagv_teleop_ros2:/opt/ros/humble /usr/bin/cmake --install /home/ubuntu/myagv_ros2/build/myagv_node
