[0.365s] Invoking command in '/home/ubuntu/myagv_ros2/build/myagv_ps2': CMAKE_PREFIX_PATH=${CMAKE_PREFIX_PATH}:/home/ubuntu/myagv_ros2/install/myagv_teleop_ros2:/opt/ros/humble /usr/bin/cmake --build /home/ubuntu/myagv_ros2/build/myagv_ps2 -- -j4 -l4
[2.675s] [ 50%] Built target ps2_publisher
[4.907s] [100%] Built target ps2_publisher_number
[4.951s] Invoked command in '/home/ubuntu/myagv_ros2/build/myagv_ps2' returned '0': CMAKE_PREFIX_PATH=${CMAKE_PREFIX_PATH}:/home/ubuntu/myagv_ros2/install/myagv_teleop_ros2:/opt/ros/humble /usr/bin/cmake --build /home/ubuntu/myagv_ros2/build/myagv_ps2 -- -j4 -l4
[5.109s] Invoking command in '/home/ubuntu/myagv_ros2/build/myagv_ps2': CMAKE_PREFIX_PATH=${CMAKE_PREFIX_PATH}:/home/ubuntu/myagv_ros2/install/myagv_teleop_ros2:/opt/ros/humble /usr/bin/cmake --install /home/ubuntu/myagv_ros2/build/myagv_ps2
[5.261s] -- Install configuration: ""
[5.785s] -- Execute custom install script
[5.799s] -- Up-to-date symlink: /home/ubuntu/myagv_ros2/install/myagv_ps2/share/myagv_ps2/launch/myagv_ps2.launch.py
[5.813s] -- Up-to-date symlink: /home/ubuntu/myagv_ros2/install/myagv_ps2/share/myagv_ps2/launch/myagv_ps2_number.launch.py
[5.819s] -- Up-to-date symlink: /home/ubuntu/myagv_ros2/install/myagv_ps2/lib/myagv_ps2/ps2_publisher
[5.824s] -- Up-to-date symlink: /home/ubuntu/myagv_ros2/install/myagv_ps2/lib/myagv_ps2/ps2_publisher_number
[5.830s] -- Up-to-date symlink: /home/ubuntu/myagv_ros2/install/myagv_ps2/share/ament_index/resource_index/package_run_dependencies/myagv_ps2
[5.837s] -- Up-to-date symlink: /home/ubuntu/myagv_ros2/install/myagv_ps2/share/ament_index/resource_index/parent_prefix_path/myagv_ps2
[5.840s] -- Up-to-date symlink: /home/ubuntu/myagv_ros2/install/myagv_ps2/share/myagv_ps2/environment/ament_prefix_path.sh
[5.860s] -- Up-to-date symlink: /home/ubuntu/myagv_ros2/install/myagv_ps2/share/myagv_ps2/environment/ament_prefix_path.dsv
[5.861s] -- Up-to-date symlink: /home/ubuntu/myagv_ros2/install/myagv_ps2/share/myagv_ps2/environment/path.sh
[5.863s] -- Up-to-date symlink: /home/ubuntu/myagv_ros2/install/myagv_ps2/share/myagv_ps2/environment/path.dsv
[5.863s] -- Up-to-date symlink: /home/ubuntu/myagv_ros2/install/myagv_ps2/share/myagv_ps2/local_setup.bash
[5.874s] -- Up-to-date symlink: /home/ubuntu/myagv_ros2/install/myagv_ps2/share/myagv_ps2/local_setup.sh
[5.880s] -- Up-to-date symlink: /home/ubuntu/myagv_ros2/install/myagv_ps2/share/myagv_ps2/local_setup.zsh
[5.888s] -- Up-to-date symlink: /home/ubuntu/myagv_ros2/install/myagv_ps2/share/myagv_ps2/local_setup.dsv
[5.889s] -- Symlinking: /home/ubuntu/myagv_ros2/install/myagv_ps2/share/myagv_ps2/package.dsv
[5.945s] -- Up-to-date symlink: /home/ubuntu/myagv_ros2/install/myagv_ps2/share/ament_index/resource_index/packages/myagv_ps2
[5.958s] -- Up-to-date symlink: /home/ubuntu/myagv_ros2/install/myagv_ps2/share/myagv_ps2/cmake/myagv_ps2Config.cmake
[5.963s] -- Up-to-date symlink: /home/ubuntu/myagv_ros2/install/myagv_ps2/share/myagv_ps2/cmake/myagv_ps2Config-version.cmake
[5.964s] -- Up-to-date symlink: /home/ubuntu/myagv_ros2/install/myagv_ps2/share/myagv_ps2/package.xml
[5.983s] Invoked command in '/home/ubuntu/myagv_ros2/build/myagv_ps2' returned '0': CMAKE_PREFIX_PATH=${CMAKE_PREFIX_PATH}:/home/ubuntu/myagv_ros2/install/myagv_teleop_ros2:/opt/ros/humble /usr/bin/cmake --install /home/ubuntu/myagv_ros2/build/myagv_ps2
