[0.224s] Invoking command in '/home/ubuntu/myagv_ros2/build/myagv_navigation2': CMAKE_PREFIX_PATH=${CMAKE_PREFIX_PATH}:/home/ubuntu/myagv_ros2/install/myagv_teleop_ros2:/opt/ros/humble /usr/bin/cmake --build /home/ubuntu/myagv_ros2/build/myagv_navigation2 -- -j4 -l4
[1.420s] Invoked command in '/home/ubuntu/myagv_ros2/build/myagv_navigation2' returned '0': CMAKE_PREFIX_PATH=${CMAKE_PREFIX_PATH}:/home/ubuntu/myagv_ros2/install/myagv_teleop_ros2:/opt/ros/humble /usr/bin/cmake --build /home/ubuntu/myagv_ros2/build/myagv_navigation2 -- -j4 -l4
[1.536s] Invoking command in '/home/ubuntu/myagv_ros2/build/myagv_navigation2': CMAKE_PREFIX_PATH=${CMAKE_PREFIX_PATH}:/home/ubuntu/myagv_ros2/install/myagv_teleop_ros2:/opt/ros/humble /usr/bin/cmake --install /home/ubuntu/myagv_ros2/build/myagv_navigation2
[1.736s] -- Install configuration: ""
[2.103s] -- Execute custom install script
[2.476s] -- Up-to-date symlink: /home/ubuntu/myagv_ros2/install/myagv_navigation2/share/myagv_navigation2/launch/navigation2.launch.py
[2.766s] -- Up-to-date symlink: /home/ubuntu/myagv_ros2/install/myagv_navigation2/share/myagv_navigation2/map/mini_map.pgm
[2.912s] -- Up-to-date symlink: /home/ubuntu/myagv_ros2/install/myagv_navigation2/share/myagv_navigation2/map/mini_map.yaml
[2.975s] -- Up-to-date symlink: /home/ubuntu/myagv_ros2/install/myagv_navigation2/share/myagv_navigation2/map/myagv_map02.pgm
[3.361s] -- Up-to-date symlink: /home/ubuntu/myagv_ros2/install/myagv_navigation2/share/myagv_navigation2/map/myagv_map02.yaml
[3.615s] -- Up-to-date symlink: /home/ubuntu/myagv_ros2/install/myagv_navigation2/share/myagv_navigation2/param/follow_point_bt.xml
[3.747s] -- Up-to-date symlink: /home/ubuntu/myagv_ros2/install/myagv_navigation2/share/myagv_navigation2/param/myagv.yaml
[4.774s] -- Up-to-date symlink: /home/ubuntu/myagv_ros2/install/myagv_navigation2/share/myagv_navigation2/rviz/nav2_config_object_following.rviz
[4.777s] -- Up-to-date symlink: /home/ubuntu/myagv_ros2/install/myagv_navigation2/share/ament_index/resource_index/package_run_dependencies/myagv_navigation2
[5.052s] -- Up-to-date symlink: /home/ubuntu/myagv_ros2/install/myagv_navigation2/share/ament_index/resource_index/parent_prefix_path/myagv_navigation2
[5.385s] -- Up-to-date symlink: /home/ubuntu/myagv_ros2/install/myagv_navigation2/share/myagv_navigation2/environment/ament_prefix_path.sh
[5.535s] -- Up-to-date symlink: /home/ubuntu/myagv_ros2/install/myagv_navigation2/share/myagv_navigation2/environment/ament_prefix_path.dsv
[5.665s] -- Up-to-date symlink: /home/ubuntu/myagv_ros2/install/myagv_navigation2/share/myagv_navigation2/environment/path.sh
[5.688s] -- Up-to-date symlink: /home/ubuntu/myagv_ros2/install/myagv_navigation2/share/myagv_navigation2/environment/path.dsv
[5.749s] -- Up-to-date symlink: /home/ubuntu/myagv_ros2/install/myagv_navigation2/share/myagv_navigation2/local_setup.bash
[5.812s] -- Up-to-date symlink: /home/ubuntu/myagv_ros2/install/myagv_navigation2/share/myagv_navigation2/local_setup.sh
[5.874s] -- Up-to-date symlink: /home/ubuntu/myagv_ros2/install/myagv_navigation2/share/myagv_navigation2/local_setup.zsh
[5.876s] -- Up-to-date symlink: /home/ubuntu/myagv_ros2/install/myagv_navigation2/share/myagv_navigation2/local_setup.dsv
[5.877s] -- Symlinking: /home/ubuntu/myagv_ros2/install/myagv_navigation2/share/myagv_navigation2/package.dsv
[5.938s] -- Up-to-date symlink: /home/ubuntu/myagv_ros2/install/myagv_navigation2/share/ament_index/resource_index/packages/myagv_navigation2
[5.947s] -- Up-to-date symlink: /home/ubuntu/myagv_ros2/install/myagv_navigation2/share/myagv_navigation2/cmake/myagv_navigation2Config.cmake
[5.958s] -- Up-to-date symlink: /home/ubuntu/myagv_ros2/install/myagv_navigation2/share/myagv_navigation2/cmake/myagv_navigation2Config-version.cmake
[5.959s] -- Up-to-date symlink: /home/ubuntu/myagv_ros2/install/myagv_navigation2/share/myagv_navigation2/package.xml
[5.999s] Invoked command in '/home/ubuntu/myagv_ros2/build/myagv_navigation2' returned '0': CMAKE_PREFIX_PATH=${CMAKE_PREFIX_PATH}:/home/ubuntu/myagv_ros2/install/myagv_teleop_ros2:/opt/ros/humble /usr/bin/cmake --install /home/ubuntu/myagv_ros2/build/myagv_navigation2
