[0.961s] DEBUG:colcon:Command line arguments: ['/usr/bin/colcon', 'build']
[0.962s] DEBUG:colcon:Parsed command line arguments: Namespace(log_base=None, log_level=None, verb_name='build', build_base='build', install_base='install', merge_install=False, symlink_install=False, test_result_base=None, continue_on_error=False, executor='parallel', parallel_workers=4, event_handlers=None, ignore_user_meta=False, metas=['./colcon.meta'], base_paths=['.'], packages_ignore=None, packages_ignore_regex=None, paths=None, packages_up_to=None, packages_up_to_regex=None, packages_above=None, packages_above_and_dependencies=None, packages_above_depth=None, packages_select_by_dep=None, packages_skip_by_dep=None, packages_skip_up_to=None, packages_select_build_failed=False, packages_skip_build_finished=False, packages_select_test_failures=False, packages_skip_test_passed=False, packages_select=None, packages_skip=None, packages_select_regex=None, packages_skip_regex=None, packages_start=None, packages_end=None, allow_overriding=[], cmake_args=None, cmake_target=None, cmake_target_skip_unavailable=False, cmake_clean_cache=False, cmake_clean_first=False, cmake_force_configure=False, ament_cmake_args=None, catkin_cmake_args=None, catkin_skip_building_tests=False, verb_parser=<colcon_defaults.argument_parser.defaults.DefaultArgumentsDecorator object at 0xffff9c754ac0>, verb_extension=<colcon_core.verb.build.BuildVerb object at 0xffff9c8518d0>, main=<bound method BuildVerb.main of <colcon_core.verb.build.BuildVerb object at 0xffff9c8518d0>>)
[2.953s] Level 1:colcon.colcon_core.package_discovery:discover_packages(colcon_meta) check parameters
[2.953s] Level 1:colcon.colcon_core.package_discovery:discover_packages(recursive) check parameters
[2.954s] Level 1:colcon.colcon_core.package_discovery:discover_packages(ignore) check parameters
[2.954s] Level 1:colcon.colcon_core.package_discovery:discover_packages(path) check parameters
[2.954s] Level 1:colcon.colcon_core.package_discovery:discover_packages(colcon_meta) discover
[2.954s] Level 1:colcon.colcon_core.package_discovery:discover_packages(recursive) discover
[2.954s] INFO:colcon.colcon_core.package_discovery:Crawling recursively for packages in '/home/ubuntu/myagv_ros2'
[2.955s] Level 1:colcon.colcon_core.package_identification:_identify(.) by extensions ['ignore', 'ignore_ament_install']
[2.955s] Level 1:colcon.colcon_core.package_identification:_identify(.) by extension 'ignore'
[2.956s] Level 1:colcon.colcon_core.package_identification:_identify(.) by extension 'ignore_ament_install'
[2.956s] Level 1:colcon.colcon_core.package_identification:_identify(.) by extensions ['colcon_pkg']
[2.957s] Level 1:colcon.colcon_core.package_identification:_identify(.) by extension 'colcon_pkg'
[2.957s] Level 1:colcon.colcon_core.package_identification:_identify(.) by extensions ['colcon_meta']
[2.957s] Level 1:colcon.colcon_core.package_identification:_identify(.) by extension 'colcon_meta'
[2.957s] Level 1:colcon.colcon_core.package_identification:_identify(.) by extensions ['ros']
[2.957s] Level 1:colcon.colcon_core.package_identification:_identify(.) by extension 'ros'
[3.037s] Level 1:colcon.colcon_core.package_identification:_identify(.) by extensions ['cmake', 'python']
[3.038s] Level 1:colcon.colcon_core.package_identification:_identify(.) by extension 'cmake'
[3.038s] Level 1:colcon.colcon_core.package_identification:_identify(.) by extension 'python'
[3.038s] Level 1:colcon.colcon_core.package_identification:_identify(.) by extensions ['python_setup_py']
[3.038s] Level 1:colcon.colcon_core.package_identification:_identify(.) by extension 'python_setup_py'
[3.046s] Level 1:colcon.colcon_core.package_identification:_identify(build) by extensions ['ignore', 'ignore_ament_install']
[3.047s] Level 1:colcon.colcon_core.package_identification:_identify(build) by extension 'ignore'
[3.048s] Level 1:colcon.colcon_core.package_identification:_identify(build) ignored
[3.050s] Level 1:colcon.colcon_core.package_identification:_identify(install) by extensions ['ignore', 'ignore_ament_install']
[3.051s] Level 1:colcon.colcon_core.package_identification:_identify(install) by extension 'ignore'
[3.051s] Level 1:colcon.colcon_core.package_identification:_identify(install) ignored
[3.052s] Level 1:colcon.colcon_core.package_identification:_identify(log) by extensions ['ignore', 'ignore_ament_install']
[3.053s] Level 1:colcon.colcon_core.package_identification:_identify(log) by extension 'ignore'
[3.053s] Level 1:colcon.colcon_core.package_identification:_identify(log) ignored
[3.054s] Level 1:colcon.colcon_core.package_identification:_identify(src) by extensions ['ignore', 'ignore_ament_install']
[3.054s] Level 1:colcon.colcon_core.package_identification:_identify(src) by extension 'ignore'
[3.055s] Level 1:colcon.colcon_core.package_identification:_identify(src) by extension 'ignore_ament_install'
[3.055s] Level 1:colcon.colcon_core.package_identification:_identify(src) by extensions ['colcon_pkg']
[3.055s] Level 1:colcon.colcon_core.package_identification:_identify(src) by extension 'colcon_pkg'
[3.056s] Level 1:colcon.colcon_core.package_identification:_identify(src) by extensions ['colcon_meta']
[3.056s] Level 1:colcon.colcon_core.package_identification:_identify(src) by extension 'colcon_meta'
[3.056s] Level 1:colcon.colcon_core.package_identification:_identify(src) by extensions ['ros']
[3.056s] Level 1:colcon.colcon_core.package_identification:_identify(src) by extension 'ros'
[3.057s] Level 1:colcon.colcon_core.package_identification:_identify(src) by extensions ['cmake', 'python']
[3.057s] Level 1:colcon.colcon_core.package_identification:_identify(src) by extension 'cmake'
[3.057s] Level 1:colcon.colcon_core.package_identification:_identify(src) by extension 'python'
[3.058s] Level 1:colcon.colcon_core.package_identification:_identify(src) by extensions ['python_setup_py']
[3.058s] Level 1:colcon.colcon_core.package_identification:_identify(src) by extension 'python_setup_py'
[3.059s] Level 1:colcon.colcon_core.package_identification:_identify(src/myagv_bringup) by extensions ['ignore', 'ignore_ament_install']
[3.059s] Level 1:colcon.colcon_core.package_identification:_identify(src/myagv_bringup) by extension 'ignore'
[3.059s] Level 1:colcon.colcon_core.package_identification:_identify(src/myagv_bringup) by extension 'ignore_ament_install'
[3.060s] Level 1:colcon.colcon_core.package_identification:_identify(src/myagv_bringup) by extensions ['colcon_pkg']
[3.060s] Level 1:colcon.colcon_core.package_identification:_identify(src/myagv_bringup) by extension 'colcon_pkg'
[3.060s] Level 1:colcon.colcon_core.package_identification:_identify(src/myagv_bringup) by extensions ['colcon_meta']
[3.060s] Level 1:colcon.colcon_core.package_identification:_identify(src/myagv_bringup) by extension 'colcon_meta'
[3.061s] Level 1:colcon.colcon_core.package_identification:_identify(src/myagv_bringup) by extensions ['ros']
[3.061s] Level 1:colcon.colcon_core.package_identification:_identify(src/myagv_bringup) by extension 'ros'
[3.081s] DEBUG:colcon.colcon_core.package_identification:Package 'src/myagv_bringup' with type 'ros.ament_cmake' and name 'myagv_bringup'
[3.082s] Level 1:colcon.colcon_core.package_identification:_identify(src/myagv_cartographer) by extensions ['ignore', 'ignore_ament_install']
[3.083s] Level 1:colcon.colcon_core.package_identification:_identify(src/myagv_cartographer) by extension 'ignore'
[3.083s] Level 1:colcon.colcon_core.package_identification:_identify(src/myagv_cartographer) by extension 'ignore_ament_install'
[3.084s] Level 1:colcon.colcon_core.package_identification:_identify(src/myagv_cartographer) by extensions ['colcon_pkg']
[3.084s] Level 1:colcon.colcon_core.package_identification:_identify(src/myagv_cartographer) by extension 'colcon_pkg'
[3.084s] Level 1:colcon.colcon_core.package_identification:_identify(src/myagv_cartographer) by extensions ['colcon_meta']
[3.085s] Level 1:colcon.colcon_core.package_identification:_identify(src/myagv_cartographer) by extension 'colcon_meta'
[3.085s] Level 1:colcon.colcon_core.package_identification:_identify(src/myagv_cartographer) by extensions ['ros']
[3.085s] Level 1:colcon.colcon_core.package_identification:_identify(src/myagv_cartographer) by extension 'ros'
[3.088s] DEBUG:colcon.colcon_core.package_identification:Package 'src/myagv_cartographer' with type 'ros.ament_cmake' and name 'myagv_cartographer'
[3.089s] Level 1:colcon.colcon_core.package_identification:_identify(src/myagv_description) by extensions ['ignore', 'ignore_ament_install']
[3.089s] Level 1:colcon.colcon_core.package_identification:_identify(src/myagv_description) by extension 'ignore'
[3.090s] Level 1:colcon.colcon_core.package_identification:_identify(src/myagv_description) by extension 'ignore_ament_install'
[3.090s] Level 1:colcon.colcon_core.package_identification:_identify(src/myagv_description) by extensions ['colcon_pkg']
[3.090s] Level 1:colcon.colcon_core.package_identification:_identify(src/myagv_description) by extension 'colcon_pkg'
[3.091s] Level 1:colcon.colcon_core.package_identification:_identify(src/myagv_description) by extensions ['colcon_meta']
[3.091s] Level 1:colcon.colcon_core.package_identification:_identify(src/myagv_description) by extension 'colcon_meta'
[3.091s] Level 1:colcon.colcon_core.package_identification:_identify(src/myagv_description) by extensions ['ros']
[3.092s] Level 1:colcon.colcon_core.package_identification:_identify(src/myagv_description) by extension 'ros'
[3.107s] DEBUG:colcon.colcon_core.package_identification:Package 'src/myagv_description' with type 'ros.ament_cmake' and name 'myagv_description'
[3.110s] Level 1:colcon.colcon_core.package_identification:_identify(src/myagv_navigation2) by extensions ['ignore', 'ignore_ament_install']
[3.111s] Level 1:colcon.colcon_core.package_identification:_identify(src/myagv_navigation2) by extension 'ignore'
[3.112s] Level 1:colcon.colcon_core.package_identification:_identify(src/myagv_navigation2) by extension 'ignore_ament_install'
[3.112s] Level 1:colcon.colcon_core.package_identification:_identify(src/myagv_navigation2) by extensions ['colcon_pkg']
[3.113s] Level 1:colcon.colcon_core.package_identification:_identify(src/myagv_navigation2) by extension 'colcon_pkg'
[3.115s] Level 1:colcon.colcon_core.package_identification:_identify(src/myagv_navigation2) by extensions ['colcon_meta']
[3.115s] Level 1:colcon.colcon_core.package_identification:_identify(src/myagv_navigation2) by extension 'colcon_meta'
[3.116s] Level 1:colcon.colcon_core.package_identification:_identify(src/myagv_navigation2) by extensions ['ros']
[3.116s] Level 1:colcon.colcon_core.package_identification:_identify(src/myagv_navigation2) by extension 'ros'
[3.120s] DEBUG:colcon.colcon_core.package_identification:Package 'src/myagv_navigation2' with type 'ros.ament_cmake' and name 'myagv_navigation2'
[3.121s] Level 1:colcon.colcon_core.package_identification:_identify(src/myagv_node) by extensions ['ignore', 'ignore_ament_install']
[3.122s] Level 1:colcon.colcon_core.package_identification:_identify(src/myagv_node) by extension 'ignore'
[3.123s] Level 1:colcon.colcon_core.package_identification:_identify(src/myagv_node) by extension 'ignore_ament_install'
[3.123s] Level 1:colcon.colcon_core.package_identification:_identify(src/myagv_node) by extensions ['colcon_pkg']
[3.124s] Level 1:colcon.colcon_core.package_identification:_identify(src/myagv_node) by extension 'colcon_pkg'
[3.125s] Level 1:colcon.colcon_core.package_identification:_identify(src/myagv_node) by extensions ['colcon_meta']
[3.125s] Level 1:colcon.colcon_core.package_identification:_identify(src/myagv_node) by extension 'colcon_meta'
[3.126s] Level 1:colcon.colcon_core.package_identification:_identify(src/myagv_node) by extensions ['ros']
[3.127s] Level 1:colcon.colcon_core.package_identification:_identify(src/myagv_node) by extension 'ros'
[3.138s] DEBUG:colcon.colcon_core.package_identification:Package 'src/myagv_node' with type 'ros.ament_cmake' and name 'myagv_node'
[3.140s] Level 1:colcon.colcon_core.package_identification:_identify(src/myagv_ps2) by extensions ['ignore', 'ignore_ament_install']
[3.141s] Level 1:colcon.colcon_core.package_identification:_identify(src/myagv_ps2) by extension 'ignore'
[3.141s] Level 1:colcon.colcon_core.package_identification:_identify(src/myagv_ps2) by extension 'ignore_ament_install'
[3.141s] Level 1:colcon.colcon_core.package_identification:_identify(src/myagv_ps2) by extensions ['colcon_pkg']
[3.142s] Level 1:colcon.colcon_core.package_identification:_identify(src/myagv_ps2) by extension 'colcon_pkg'
[3.142s] Level 1:colcon.colcon_core.package_identification:_identify(src/myagv_ps2) by extensions ['colcon_meta']
[3.142s] Level 1:colcon.colcon_core.package_identification:_identify(src/myagv_ps2) by extension 'colcon_meta'
[3.142s] Level 1:colcon.colcon_core.package_identification:_identify(src/myagv_ps2) by extensions ['ros']
[3.143s] Level 1:colcon.colcon_core.package_identification:_identify(src/myagv_ps2) by extension 'ros'
[3.146s] DEBUG:colcon.colcon_core.package_identification:Package 'src/myagv_ps2' with type 'ros.ament_cmake' and name 'myagv_ps2'
[3.147s] Level 1:colcon.colcon_core.package_identification:_identify(src/myagv_ros2) by extensions ['ignore', 'ignore_ament_install']
[3.148s] Level 1:colcon.colcon_core.package_identification:_identify(src/myagv_ros2) by extension 'ignore'
[3.148s] Level 1:colcon.colcon_core.package_identification:_identify(src/myagv_ros2) by extension 'ignore_ament_install'
[3.149s] Level 1:colcon.colcon_core.package_identification:_identify(src/myagv_ros2) by extensions ['colcon_pkg']
[3.149s] Level 1:colcon.colcon_core.package_identification:_identify(src/myagv_ros2) by extension 'colcon_pkg'
[3.149s] Level 1:colcon.colcon_core.package_identification:_identify(src/myagv_ros2) by extensions ['colcon_meta']
[3.150s] Level 1:colcon.colcon_core.package_identification:_identify(src/myagv_ros2) by extension 'colcon_meta'
[3.150s] Level 1:colcon.colcon_core.package_identification:_identify(src/myagv_ros2) by extensions ['ros']
[3.151s] Level 1:colcon.colcon_core.package_identification:_identify(src/myagv_ros2) by extension 'ros'
[3.154s] DEBUG:colcon.colcon_core.package_identification:Package 'src/myagv_ros2' with type 'ros.ament_cmake' and name 'myagv_ros2'
[3.156s] Level 1:colcon.colcon_core.package_identification:_identify(src/myagv_teleop_ros2) by extensions ['ignore', 'ignore_ament_install']
[3.157s] Level 1:colcon.colcon_core.package_identification:_identify(src/myagv_teleop_ros2) by extension 'ignore'
[3.157s] Level 1:colcon.colcon_core.package_identification:_identify(src/myagv_teleop_ros2) by extension 'ignore_ament_install'
[3.158s] Level 1:colcon.colcon_core.package_identification:_identify(src/myagv_teleop_ros2) by extensions ['colcon_pkg']
[3.158s] Level 1:colcon.colcon_core.package_identification:_identify(src/myagv_teleop_ros2) by extension 'colcon_pkg'
[3.158s] Level 1:colcon.colcon_core.package_identification:_identify(src/myagv_teleop_ros2) by extensions ['colcon_meta']
[3.159s] Level 1:colcon.colcon_core.package_identification:_identify(src/myagv_teleop_ros2) by extension 'colcon_meta'
[3.159s] Level 1:colcon.colcon_core.package_identification:_identify(src/myagv_teleop_ros2) by extensions ['ros']
[3.159s] Level 1:colcon.colcon_core.package_identification:_identify(src/myagv_teleop_ros2) by extension 'ros'
[3.163s] DEBUG:colcon.colcon_core.package_identification:Package 'src/myagv_teleop_ros2' with type 'ros.ament_python' and name 'myagv_teleop_ros2'
[3.165s] Level 1:colcon.colcon_core.package_identification:_identify(src/ydlidar_ros2_driver) by extensions ['ignore', 'ignore_ament_install']
[3.165s] Level 1:colcon.colcon_core.package_identification:_identify(src/ydlidar_ros2_driver) by extension 'ignore'
[3.166s] Level 1:colcon.colcon_core.package_identification:_identify(src/ydlidar_ros2_driver) by extension 'ignore_ament_install'
[3.166s] Level 1:colcon.colcon_core.package_identification:_identify(src/ydlidar_ros2_driver) by extensions ['colcon_pkg']
[3.166s] Level 1:colcon.colcon_core.package_identification:_identify(src/ydlidar_ros2_driver) by extension 'colcon_pkg'
[3.167s] Level 1:colcon.colcon_core.package_identification:_identify(src/ydlidar_ros2_driver) by extensions ['colcon_meta']
[3.167s] Level 1:colcon.colcon_core.package_identification:_identify(src/ydlidar_ros2_driver) by extension 'colcon_meta'
[3.167s] Level 1:colcon.colcon_core.package_identification:_identify(src/ydlidar_ros2_driver) by extensions ['ros']
[3.167s] Level 1:colcon.colcon_core.package_identification:_identify(src/ydlidar_ros2_driver) by extension 'ros'
[3.233s] DEBUG:colcon.colcon_core.package_identification:Package 'src/ydlidar_ros2_driver' with type 'ros.ament_cmake' and name 'ydlidar_ros2_driver'
[3.233s] Level 1:colcon.colcon_core.package_discovery:discover_packages(recursive) using defaults
[3.234s] Level 1:colcon.colcon_core.package_discovery:discover_packages(ignore) discover
[3.234s] Level 1:colcon.colcon_core.package_discovery:discover_packages(ignore) using defaults
[3.234s] Level 1:colcon.colcon_core.package_discovery:discover_packages(path) discover
[3.234s] Level 1:colcon.colcon_core.package_discovery:discover_packages(path) using defaults
[3.397s] Level 1:colcon.colcon_core.package_discovery:discover_packages(prefix_path) check parameters
[3.397s] Level 1:colcon.colcon_core.package_discovery:discover_packages(prefix_path) discover
[3.429s] DEBUG:colcon.colcon_installed_package_information.package_discovery:Found 9 installed packages in /home/ubuntu/myagv_ros2/install
[3.445s] DEBUG:colcon.colcon_installed_package_information.package_discovery:Found 355 installed packages in /opt/ros/humble
[3.457s] Level 1:colcon.colcon_core.package_discovery:discover_packages(prefix_path) using defaults
[3.833s] Level 5:colcon.colcon_core.verb:set package 'myagv_cartographer' build argument 'cmake_args' from command line to 'None'
[3.833s] Level 5:colcon.colcon_core.verb:set package 'myagv_cartographer' build argument 'cmake_target' from command line to 'None'
[3.833s] Level 5:colcon.colcon_core.verb:set package 'myagv_cartographer' build argument 'cmake_target_skip_unavailable' from command line to 'False'
[3.834s] Level 5:colcon.colcon_core.verb:set package 'myagv_cartographer' build argument 'cmake_clean_cache' from command line to 'False'
[3.834s] Level 5:colcon.colcon_core.verb:set package 'myagv_cartographer' build argument 'cmake_clean_first' from command line to 'False'
[3.834s] Level 5:colcon.colcon_core.verb:set package 'myagv_cartographer' build argument 'cmake_force_configure' from command line to 'False'
[3.834s] Level 5:colcon.colcon_core.verb:set package 'myagv_cartographer' build argument 'ament_cmake_args' from command line to 'None'
[3.834s] Level 5:colcon.colcon_core.verb:set package 'myagv_cartographer' build argument 'catkin_cmake_args' from command line to 'None'
[3.834s] Level 5:colcon.colcon_core.verb:set package 'myagv_cartographer' build argument 'catkin_skip_building_tests' from command line to 'False'
[3.834s] DEBUG:colcon.colcon_core.verb:Building package 'myagv_cartographer' with the following arguments: {'ament_cmake_args': None, 'build_base': '/home/ubuntu/myagv_ros2/build/myagv_cartographer', 'catkin_cmake_args': None, 'catkin_skip_building_tests': False, 'cmake_args': None, 'cmake_clean_cache': False, 'cmake_clean_first': False, 'cmake_force_configure': False, 'cmake_target': None, 'cmake_target_skip_unavailable': False, 'install_base': '/home/ubuntu/myagv_ros2/install/myagv_cartographer', 'merge_install': False, 'path': '/home/ubuntu/myagv_ros2/src/myagv_cartographer', 'symlink_install': False, 'test_result_base': None}
[3.836s] Level 5:colcon.colcon_core.verb:set package 'myagv_description' build argument 'cmake_args' from command line to 'None'
[3.836s] Level 5:colcon.colcon_core.verb:set package 'myagv_description' build argument 'cmake_target' from command line to 'None'
[3.837s] Level 5:colcon.colcon_core.verb:set package 'myagv_description' build argument 'cmake_target_skip_unavailable' from command line to 'False'
[3.837s] Level 5:colcon.colcon_core.verb:set package 'myagv_description' build argument 'cmake_clean_cache' from command line to 'False'
[3.837s] Level 5:colcon.colcon_core.verb:set package 'myagv_description' build argument 'cmake_clean_first' from command line to 'False'
[3.837s] Level 5:colcon.colcon_core.verb:set package 'myagv_description' build argument 'cmake_force_configure' from command line to 'False'
[3.837s] Level 5:colcon.colcon_core.verb:set package 'myagv_description' build argument 'ament_cmake_args' from command line to 'None'
[3.837s] Level 5:colcon.colcon_core.verb:set package 'myagv_description' build argument 'catkin_cmake_args' from command line to 'None'
[3.837s] Level 5:colcon.colcon_core.verb:set package 'myagv_description' build argument 'catkin_skip_building_tests' from command line to 'False'
[3.837s] DEBUG:colcon.colcon_core.verb:Building package 'myagv_description' with the following arguments: {'ament_cmake_args': None, 'build_base': '/home/ubuntu/myagv_ros2/build/myagv_description', 'catkin_cmake_args': None, 'catkin_skip_building_tests': False, 'cmake_args': None, 'cmake_clean_cache': False, 'cmake_clean_first': False, 'cmake_force_configure': False, 'cmake_target': None, 'cmake_target_skip_unavailable': False, 'install_base': '/home/ubuntu/myagv_ros2/install/myagv_description', 'merge_install': False, 'path': '/home/ubuntu/myagv_ros2/src/myagv_description', 'symlink_install': False, 'test_result_base': None}
[3.839s] Level 5:colcon.colcon_core.verb:set package 'myagv_navigation2' build argument 'cmake_args' from command line to 'None'
[3.839s] Level 5:colcon.colcon_core.verb:set package 'myagv_navigation2' build argument 'cmake_target' from command line to 'None'
[3.839s] Level 5:colcon.colcon_core.verb:set package 'myagv_navigation2' build argument 'cmake_target_skip_unavailable' from command line to 'False'
[3.840s] Level 5:colcon.colcon_core.verb:set package 'myagv_navigation2' build argument 'cmake_clean_cache' from command line to 'False'
[3.840s] Level 5:colcon.colcon_core.verb:set package 'myagv_navigation2' build argument 'cmake_clean_first' from command line to 'False'
[3.840s] Level 5:colcon.colcon_core.verb:set package 'myagv_navigation2' build argument 'cmake_force_configure' from command line to 'False'
[3.840s] Level 5:colcon.colcon_core.verb:set package 'myagv_navigation2' build argument 'ament_cmake_args' from command line to 'None'
[3.840s] Level 5:colcon.colcon_core.verb:set package 'myagv_navigation2' build argument 'catkin_cmake_args' from command line to 'None'
[3.840s] Level 5:colcon.colcon_core.verb:set package 'myagv_navigation2' build argument 'catkin_skip_building_tests' from command line to 'False'
[3.840s] DEBUG:colcon.colcon_core.verb:Building package 'myagv_navigation2' with the following arguments: {'ament_cmake_args': None, 'build_base': '/home/ubuntu/myagv_ros2/build/myagv_navigation2', 'catkin_cmake_args': None, 'catkin_skip_building_tests': False, 'cmake_args': None, 'cmake_clean_cache': False, 'cmake_clean_first': False, 'cmake_force_configure': False, 'cmake_target': None, 'cmake_target_skip_unavailable': False, 'install_base': '/home/ubuntu/myagv_ros2/install/myagv_navigation2', 'merge_install': False, 'path': '/home/ubuntu/myagv_ros2/src/myagv_navigation2', 'symlink_install': False, 'test_result_base': None}
[3.842s] Level 5:colcon.colcon_core.verb:set package 'myagv_node' build argument 'cmake_args' from command line to 'None'
[3.842s] Level 5:colcon.colcon_core.verb:set package 'myagv_node' build argument 'cmake_target' from command line to 'None'
[3.842s] Level 5:colcon.colcon_core.verb:set package 'myagv_node' build argument 'cmake_target_skip_unavailable' from command line to 'False'
[3.842s] Level 5:colcon.colcon_core.verb:set package 'myagv_node' build argument 'cmake_clean_cache' from command line to 'False'
[3.843s] Level 5:colcon.colcon_core.verb:set package 'myagv_node' build argument 'cmake_clean_first' from command line to 'False'
[3.843s] Level 5:colcon.colcon_core.verb:set package 'myagv_node' build argument 'cmake_force_configure' from command line to 'False'
[3.843s] Level 5:colcon.colcon_core.verb:set package 'myagv_node' build argument 'ament_cmake_args' from command line to 'None'
[3.843s] Level 5:colcon.colcon_core.verb:set package 'myagv_node' build argument 'catkin_cmake_args' from command line to 'None'
[3.843s] Level 5:colcon.colcon_core.verb:set package 'myagv_node' build argument 'catkin_skip_building_tests' from command line to 'False'
[3.843s] DEBUG:colcon.colcon_core.verb:Building package 'myagv_node' with the following arguments: {'ament_cmake_args': None, 'build_base': '/home/ubuntu/myagv_ros2/build/myagv_node', 'catkin_cmake_args': None, 'catkin_skip_building_tests': False, 'cmake_args': None, 'cmake_clean_cache': False, 'cmake_clean_first': False, 'cmake_force_configure': False, 'cmake_target': None, 'cmake_target_skip_unavailable': False, 'install_base': '/home/ubuntu/myagv_ros2/install/myagv_node', 'merge_install': False, 'path': '/home/ubuntu/myagv_ros2/src/myagv_node', 'symlink_install': False, 'test_result_base': None}
[3.845s] Level 5:colcon.colcon_core.verb:set package 'myagv_ps2' build argument 'cmake_args' from command line to 'None'
[3.845s] Level 5:colcon.colcon_core.verb:set package 'myagv_ps2' build argument 'cmake_target' from command line to 'None'
[3.845s] Level 5:colcon.colcon_core.verb:set package 'myagv_ps2' build argument 'cmake_target_skip_unavailable' from command line to 'False'
[3.846s] Level 5:colcon.colcon_core.verb:set package 'myagv_ps2' build argument 'cmake_clean_cache' from command line to 'False'
[3.846s] Level 5:colcon.colcon_core.verb:set package 'myagv_ps2' build argument 'cmake_clean_first' from command line to 'False'
[3.846s] Level 5:colcon.colcon_core.verb:set package 'myagv_ps2' build argument 'cmake_force_configure' from command line to 'False'
[3.846s] Level 5:colcon.colcon_core.verb:set package 'myagv_ps2' build argument 'ament_cmake_args' from command line to 'None'
[3.846s] Level 5:colcon.colcon_core.verb:set package 'myagv_ps2' build argument 'catkin_cmake_args' from command line to 'None'
[3.846s] Level 5:colcon.colcon_core.verb:set package 'myagv_ps2' build argument 'catkin_skip_building_tests' from command line to 'False'
[3.846s] DEBUG:colcon.colcon_core.verb:Building package 'myagv_ps2' with the following arguments: {'ament_cmake_args': None, 'build_base': '/home/ubuntu/myagv_ros2/build/myagv_ps2', 'catkin_cmake_args': None, 'catkin_skip_building_tests': False, 'cmake_args': None, 'cmake_clean_cache': False, 'cmake_clean_first': False, 'cmake_force_configure': False, 'cmake_target': None, 'cmake_target_skip_unavailable': False, 'install_base': '/home/ubuntu/myagv_ros2/install/myagv_ps2', 'merge_install': False, 'path': '/home/ubuntu/myagv_ros2/src/myagv_ps2', 'symlink_install': False, 'test_result_base': None}
[3.848s] Level 5:colcon.colcon_core.verb:set package 'myagv_teleop_ros2' build argument 'cmake_args' from command line to 'None'
[3.848s] Level 5:colcon.colcon_core.verb:set package 'myagv_teleop_ros2' build argument 'cmake_target' from command line to 'None'
[3.848s] Level 5:colcon.colcon_core.verb:set package 'myagv_teleop_ros2' build argument 'cmake_target_skip_unavailable' from command line to 'False'
[3.849s] Level 5:colcon.colcon_core.verb:set package 'myagv_teleop_ros2' build argument 'cmake_clean_cache' from command line to 'False'
[3.849s] Level 5:colcon.colcon_core.verb:set package 'myagv_teleop_ros2' build argument 'cmake_clean_first' from command line to 'False'
[3.849s] Level 5:colcon.colcon_core.verb:set package 'myagv_teleop_ros2' build argument 'cmake_force_configure' from command line to 'False'
[3.849s] Level 5:colcon.colcon_core.verb:set package 'myagv_teleop_ros2' build argument 'ament_cmake_args' from command line to 'None'
[3.849s] Level 5:colcon.colcon_core.verb:set package 'myagv_teleop_ros2' build argument 'catkin_cmake_args' from command line to 'None'
[3.849s] Level 5:colcon.colcon_core.verb:set package 'myagv_teleop_ros2' build argument 'catkin_skip_building_tests' from command line to 'False'
[3.850s] DEBUG:colcon.colcon_core.verb:Building package 'myagv_teleop_ros2' with the following arguments: {'ament_cmake_args': None, 'build_base': '/home/ubuntu/myagv_ros2/build/myagv_teleop_ros2', 'catkin_cmake_args': None, 'catkin_skip_building_tests': False, 'cmake_args': None, 'cmake_clean_cache': False, 'cmake_clean_first': False, 'cmake_force_configure': False, 'cmake_target': None, 'cmake_target_skip_unavailable': False, 'install_base': '/home/ubuntu/myagv_ros2/install/myagv_teleop_ros2', 'merge_install': False, 'path': '/home/ubuntu/myagv_ros2/src/myagv_teleop_ros2', 'symlink_install': False, 'test_result_base': None}
[3.851s] Level 5:colcon.colcon_core.verb:set package 'ydlidar_ros2_driver' build argument 'cmake_args' from command line to 'None'
[3.852s] Level 5:colcon.colcon_core.verb:set package 'ydlidar_ros2_driver' build argument 'cmake_target' from command line to 'None'
[3.852s] Level 5:colcon.colcon_core.verb:set package 'ydlidar_ros2_driver' build argument 'cmake_target_skip_unavailable' from command line to 'False'
[3.852s] Level 5:colcon.colcon_core.verb:set package 'ydlidar_ros2_driver' build argument 'cmake_clean_cache' from command line to 'False'
[3.852s] Level 5:colcon.colcon_core.verb:set package 'ydlidar_ros2_driver' build argument 'cmake_clean_first' from command line to 'False'
[3.852s] Level 5:colcon.colcon_core.verb:set package 'ydlidar_ros2_driver' build argument 'cmake_force_configure' from command line to 'False'
[3.852s] Level 5:colcon.colcon_core.verb:set package 'ydlidar_ros2_driver' build argument 'ament_cmake_args' from command line to 'None'
[3.853s] Level 5:colcon.colcon_core.verb:set package 'ydlidar_ros2_driver' build argument 'catkin_cmake_args' from command line to 'None'
[3.853s] Level 5:colcon.colcon_core.verb:set package 'ydlidar_ros2_driver' build argument 'catkin_skip_building_tests' from command line to 'False'
[3.853s] DEBUG:colcon.colcon_core.verb:Building package 'ydlidar_ros2_driver' with the following arguments: {'ament_cmake_args': None, 'build_base': '/home/ubuntu/myagv_ros2/build/ydlidar_ros2_driver', 'catkin_cmake_args': None, 'catkin_skip_building_tests': False, 'cmake_args': None, 'cmake_clean_cache': False, 'cmake_clean_first': False, 'cmake_force_configure': False, 'cmake_target': None, 'cmake_target_skip_unavailable': False, 'install_base': '/home/ubuntu/myagv_ros2/install/ydlidar_ros2_driver', 'merge_install': False, 'path': '/home/ubuntu/myagv_ros2/src/ydlidar_ros2_driver', 'symlink_install': False, 'test_result_base': None}
[3.855s] Level 5:colcon.colcon_core.verb:set package 'myagv_bringup' build argument 'cmake_args' from command line to 'None'
[3.855s] Level 5:colcon.colcon_core.verb:set package 'myagv_bringup' build argument 'cmake_target' from command line to 'None'
[3.855s] Level 5:colcon.colcon_core.verb:set package 'myagv_bringup' build argument 'cmake_target_skip_unavailable' from command line to 'False'
[3.855s] Level 5:colcon.colcon_core.verb:set package 'myagv_bringup' build argument 'cmake_clean_cache' from command line to 'False'
[3.855s] Level 5:colcon.colcon_core.verb:set package 'myagv_bringup' build argument 'cmake_clean_first' from command line to 'False'
[3.855s] Level 5:colcon.colcon_core.verb:set package 'myagv_bringup' build argument 'cmake_force_configure' from command line to 'False'
[3.856s] Level 5:colcon.colcon_core.verb:set package 'myagv_bringup' build argument 'ament_cmake_args' from command line to 'None'
[3.856s] Level 5:colcon.colcon_core.verb:set package 'myagv_bringup' build argument 'catkin_cmake_args' from command line to 'None'
[3.856s] Level 5:colcon.colcon_core.verb:set package 'myagv_bringup' build argument 'catkin_skip_building_tests' from command line to 'False'
[3.856s] DEBUG:colcon.colcon_core.verb:Building package 'myagv_bringup' with the following arguments: {'ament_cmake_args': None, 'build_base': '/home/ubuntu/myagv_ros2/build/myagv_bringup', 'catkin_cmake_args': None, 'catkin_skip_building_tests': False, 'cmake_args': None, 'cmake_clean_cache': False, 'cmake_clean_first': False, 'cmake_force_configure': False, 'cmake_target': None, 'cmake_target_skip_unavailable': False, 'install_base': '/home/ubuntu/myagv_ros2/install/myagv_bringup', 'merge_install': False, 'path': '/home/ubuntu/myagv_ros2/src/myagv_bringup', 'symlink_install': False, 'test_result_base': None}
[3.858s] Level 5:colcon.colcon_core.verb:set package 'myagv_ros2' build argument 'cmake_args' from command line to 'None'
[3.858s] Level 5:colcon.colcon_core.verb:set package 'myagv_ros2' build argument 'cmake_target' from command line to 'None'
[3.858s] Level 5:colcon.colcon_core.verb:set package 'myagv_ros2' build argument 'cmake_target_skip_unavailable' from command line to 'False'
[3.858s] Level 5:colcon.colcon_core.verb:set package 'myagv_ros2' build argument 'cmake_clean_cache' from command line to 'False'
[3.858s] Level 5:colcon.colcon_core.verb:set package 'myagv_ros2' build argument 'cmake_clean_first' from command line to 'False'
[3.858s] Level 5:colcon.colcon_core.verb:set package 'myagv_ros2' build argument 'cmake_force_configure' from command line to 'False'
[3.859s] Level 5:colcon.colcon_core.verb:set package 'myagv_ros2' build argument 'ament_cmake_args' from command line to 'None'
[3.859s] Level 5:colcon.colcon_core.verb:set package 'myagv_ros2' build argument 'catkin_cmake_args' from command line to 'None'
[3.859s] Level 5:colcon.colcon_core.verb:set package 'myagv_ros2' build argument 'catkin_skip_building_tests' from command line to 'False'
[3.859s] DEBUG:colcon.colcon_core.verb:Building package 'myagv_ros2' with the following arguments: {'ament_cmake_args': None, 'build_base': '/home/ubuntu/myagv_ros2/build/myagv_ros2', 'catkin_cmake_args': None, 'catkin_skip_building_tests': False, 'cmake_args': None, 'cmake_clean_cache': False, 'cmake_clean_first': False, 'cmake_force_configure': False, 'cmake_target': None, 'cmake_target_skip_unavailable': False, 'install_base': '/home/ubuntu/myagv_ros2/install/myagv_ros2', 'merge_install': False, 'path': '/home/ubuntu/myagv_ros2/src/myagv_ros2', 'symlink_install': False, 'test_result_base': None}
[3.860s] INFO:colcon.colcon_core.executor:Executing jobs using 'parallel' executor
[3.863s] DEBUG:colcon.colcon_parallel_executor.executor.parallel:run_until_complete
[3.865s] INFO:colcon.colcon_ros.task.ament_cmake.build:Building ROS package in '/home/ubuntu/myagv_ros2/src/myagv_description' with build type 'ament_cmake'
[3.866s] INFO:colcon.colcon_cmake.task.cmake.build:Building CMake package in '/home/ubuntu/myagv_ros2/src/myagv_description'
[3.896s] INFO:colcon.colcon_core.plugin_system:Skipping extension 'colcon_core.shell.bat': Not used on non-Windows systems
[3.897s] INFO:colcon.colcon_core.shell:Skip shell extension 'powershell' for command environment: Not usable outside of PowerShell
[3.897s] DEBUG:colcon.colcon_core.shell:Skip shell extension 'dsv' for command environment
[3.938s] INFO:colcon.colcon_ros.task.ament_cmake.build:Building ROS package in '/home/ubuntu/myagv_ros2/src/myagv_node' with build type 'ament_cmake'
[3.939s] INFO:colcon.colcon_cmake.task.cmake.build:Building CMake package in '/home/ubuntu/myagv_ros2/src/myagv_node'
[3.940s] INFO:colcon.colcon_core.shell:Skip shell extension 'powershell' for command environment: Not usable outside of PowerShell
[3.941s] DEBUG:colcon.colcon_core.shell:Skip shell extension 'dsv' for command environment
[3.969s] INFO:colcon.colcon_ros.task.ament_cmake.build:Building ROS package in '/home/ubuntu/myagv_ros2/src/myagv_cartographer' with build type 'ament_cmake'
[3.969s] INFO:colcon.colcon_cmake.task.cmake.build:Building CMake package in '/home/ubuntu/myagv_ros2/src/myagv_cartographer'
[3.971s] INFO:colcon.colcon_core.shell:Skip shell extension 'powershell' for command environment: Not usable outside of PowerShell
[3.971s] DEBUG:colcon.colcon_core.shell:Skip shell extension 'dsv' for command environment
[4.009s] INFO:colcon.colcon_ros.task.ament_python.build:Building ROS package in '/home/ubuntu/myagv_ros2/src/myagv_teleop_ros2' with build type 'ament_python'
[4.010s] Level 1:colcon.colcon_core.shell:create_environment_hook('myagv_teleop_ros2', 'ament_prefix_path')
[4.012s] INFO:colcon.colcon_core.shell:Creating environment hook '/home/ubuntu/myagv_ros2/install/myagv_teleop_ros2/share/myagv_teleop_ros2/hook/ament_prefix_path.ps1'
[4.017s] INFO:colcon.colcon_core.shell:Creating environment descriptor '/home/ubuntu/myagv_ros2/install/myagv_teleop_ros2/share/myagv_teleop_ros2/hook/ament_prefix_path.dsv'
[4.020s] INFO:colcon.colcon_core.shell:Creating environment hook '/home/ubuntu/myagv_ros2/install/myagv_teleop_ros2/share/myagv_teleop_ros2/hook/ament_prefix_path.sh'
[4.024s] INFO:colcon.colcon_core.shell:Skip shell extension 'powershell' for command environment: Not usable outside of PowerShell
[4.024s] DEBUG:colcon.colcon_core.shell:Skip shell extension 'dsv' for command environment
[4.087s] DEBUG:colcon.colcon_core.event_handler.log_command:Invoking command in '/home/ubuntu/myagv_ros2/build/myagv_description': CMAKE_PREFIX_PATH=${CMAKE_PREFIX_PATH}:/home/ubuntu/myagv_ros2/install/myagv_teleop_ros2:/opt/ros/humble /usr/bin/cmake --build /home/ubuntu/myagv_ros2/build/myagv_description -- -j4 -l4
[4.126s] DEBUG:colcon.colcon_core.event_handler.log_command:Invoking command in '/home/ubuntu/myagv_ros2/build/myagv_node': CMAKE_PREFIX_PATH=${CMAKE_PREFIX_PATH}:/home/ubuntu/myagv_ros2/install/myagv_teleop_ros2:/opt/ros/humble /usr/bin/cmake --build /home/ubuntu/myagv_ros2/build/myagv_node -- -j4 -l4
[4.151s] DEBUG:colcon.colcon_core.event_handler.log_command:Invoking command in '/home/ubuntu/myagv_ros2/build/myagv_cartographer': CMAKE_PREFIX_PATH=${CMAKE_PREFIX_PATH}:/home/ubuntu/myagv_ros2/install/myagv_teleop_ros2:/opt/ros/humble /usr/bin/cmake --build /home/ubuntu/myagv_ros2/build/myagv_cartographer -- -j4 -l4
[6.117s] INFO:colcon.colcon_core.task.python.build:Building Python package in '/home/ubuntu/myagv_ros2/src/myagv_teleop_ros2'
[6.118s] INFO:colcon.colcon_core.shell:Skip shell extension 'powershell' for command environment: Not usable outside of PowerShell
[6.119s] DEBUG:colcon.colcon_core.shell:Skip shell extension 'dsv' for command environment
[6.175s] DEBUG:colcon.colcon_core.event_handler.log_command:Invoked command in '/home/ubuntu/myagv_ros2/build/myagv_description' returned '0': CMAKE_PREFIX_PATH=${CMAKE_PREFIX_PATH}:/home/ubuntu/myagv_ros2/install/myagv_teleop_ros2:/opt/ros/humble /usr/bin/cmake --build /home/ubuntu/myagv_ros2/build/myagv_description -- -j4 -l4
[6.198s] DEBUG:colcon.colcon_core.event_handler.log_command:Invoked command in '/home/ubuntu/myagv_ros2/build/myagv_cartographer' returned '0': CMAKE_PREFIX_PATH=${CMAKE_PREFIX_PATH}:/home/ubuntu/myagv_ros2/install/myagv_teleop_ros2:/opt/ros/humble /usr/bin/cmake --build /home/ubuntu/myagv_ros2/build/myagv_cartographer -- -j4 -l4
[6.223s] DEBUG:colcon.colcon_core.event_handler.log_command:Invoked command in '/home/ubuntu/myagv_ros2/build/myagv_node' returned '0': CMAKE_PREFIX_PATH=${CMAKE_PREFIX_PATH}:/home/ubuntu/myagv_ros2/install/myagv_teleop_ros2:/opt/ros/humble /usr/bin/cmake --build /home/ubuntu/myagv_ros2/build/myagv_node -- -j4 -l4
[6.596s] DEBUG:colcon.colcon_core.event_handler.log_command:Invoking command in '/home/ubuntu/myagv_ros2/build/myagv_cartographer': CMAKE_PREFIX_PATH=${CMAKE_PREFIX_PATH}:/home/ubuntu/myagv_ros2/install/myagv_teleop_ros2:/opt/ros/humble /usr/bin/cmake --install /home/ubuntu/myagv_ros2/build/myagv_cartographer
[6.629s] DEBUG:colcon.colcon_core.event_handler.log_command:Invoking command in '/home/ubuntu/myagv_ros2/build/myagv_description': CMAKE_PREFIX_PATH=${CMAKE_PREFIX_PATH}:/home/ubuntu/myagv_ros2/install/myagv_teleop_ros2:/opt/ros/humble /usr/bin/cmake --install /home/ubuntu/myagv_ros2/build/myagv_description
[6.808s] DEBUG:colcon.colcon_core.event_handler.log_command:Invoking command in '/home/ubuntu/myagv_ros2/build/myagv_node': CMAKE_PREFIX_PATH=${CMAKE_PREFIX_PATH}:/home/ubuntu/myagv_ros2/install/myagv_teleop_ros2:/opt/ros/humble /usr/bin/cmake --install /home/ubuntu/myagv_ros2/build/myagv_node
[6.869s] Level 1:colcon.colcon_core.environment:create_environment_scripts_only(myagv_cartographer)
[6.877s] DEBUG:colcon.colcon_core.event_handler.log_command:Invoked command in '/home/ubuntu/myagv_ros2/build/myagv_cartographer' returned '0': CMAKE_PREFIX_PATH=${CMAKE_PREFIX_PATH}:/home/ubuntu/myagv_ros2/install/myagv_teleop_ros2:/opt/ros/humble /usr/bin/cmake --install /home/ubuntu/myagv_ros2/build/myagv_cartographer
[6.941s] Level 1:colcon.colcon_core.environment:checking '/home/ubuntu/myagv_ros2/install/myagv_cartographer' for CMake module files
[6.946s] Level 1:colcon.colcon_core.environment:checking '/home/ubuntu/myagv_ros2/install/myagv_cartographer' for CMake config files
[6.971s] Level 1:colcon.colcon_core.shell:create_environment_hook('myagv_cartographer', 'cmake_prefix_path')
[6.972s] INFO:colcon.colcon_core.shell:Creating environment hook '/home/ubuntu/myagv_ros2/install/myagv_cartographer/share/myagv_cartographer/hook/cmake_prefix_path.ps1'
[6.981s] INFO:colcon.colcon_core.shell:Creating environment descriptor '/home/ubuntu/myagv_ros2/install/myagv_cartographer/share/myagv_cartographer/hook/cmake_prefix_path.dsv'
[6.984s] INFO:colcon.colcon_core.shell:Creating environment hook '/home/ubuntu/myagv_ros2/install/myagv_cartographer/share/myagv_cartographer/hook/cmake_prefix_path.sh'
[6.990s] Level 1:colcon.colcon_core.environment:checking '/home/ubuntu/myagv_ros2/install/myagv_cartographer/bin'
[6.991s] Level 1:colcon.colcon_core.environment:checking '/home/ubuntu/myagv_ros2/install/myagv_cartographer/lib/pkgconfig/myagv_cartographer.pc'
[6.992s] Level 1:colcon.colcon_core.environment:checking '/home/ubuntu/myagv_ros2/install/myagv_cartographer/lib/python3.10/site-packages'
[6.995s] Level 1:colcon.colcon_core.environment:checking '/home/ubuntu/myagv_ros2/install/myagv_cartographer/bin'
[6.996s] INFO:colcon.colcon_core.shell:Creating package script '/home/ubuntu/myagv_ros2/install/myagv_cartographer/share/myagv_cartographer/package.ps1'
[7.003s] INFO:colcon.colcon_core.shell:Creating package descriptor '/home/ubuntu/myagv_ros2/install/myagv_cartographer/share/myagv_cartographer/package.dsv'
[7.014s] INFO:colcon.colcon_core.shell:Creating package script '/home/ubuntu/myagv_ros2/install/myagv_cartographer/share/myagv_cartographer/package.sh'
[7.019s] INFO:colcon.colcon_core.shell:Creating package script '/home/ubuntu/myagv_ros2/install/myagv_cartographer/share/myagv_cartographer/package.bash'
[7.023s] INFO:colcon.colcon_core.shell:Creating package script '/home/ubuntu/myagv_ros2/install/myagv_cartographer/share/myagv_cartographer/package.zsh'
[7.029s] Level 1:colcon.colcon_core.environment:create_file_with_runtime_dependencies(/home/ubuntu/myagv_ros2/install/myagv_cartographer/share/colcon-core/packages/myagv_cartographer)
[7.123s] Level 1:colcon.colcon_core.environment:create_environment_scripts_only(myagv_description)
[7.125s] Level 1:colcon.colcon_core.environment:checking '/home/ubuntu/myagv_ros2/install/myagv_description' for CMake module files
[7.130s] DEBUG:colcon.colcon_core.event_handler.log_command:Invoked command in '/home/ubuntu/myagv_ros2/build/myagv_description' returned '0': CMAKE_PREFIX_PATH=${CMAKE_PREFIX_PATH}:/home/ubuntu/myagv_ros2/install/myagv_teleop_ros2:/opt/ros/humble /usr/bin/cmake --install /home/ubuntu/myagv_ros2/build/myagv_description
[7.143s] Level 1:colcon.colcon_core.environment:checking '/home/ubuntu/myagv_ros2/install/myagv_description' for CMake config files
[7.150s] Level 1:colcon.colcon_core.shell:create_environment_hook('myagv_description', 'cmake_prefix_path')
[7.152s] INFO:colcon.colcon_core.shell:Creating environment hook '/home/ubuntu/myagv_ros2/install/myagv_description/share/myagv_description/hook/cmake_prefix_path.ps1'
[7.158s] INFO:colcon.colcon_core.shell:Creating environment descriptor '/home/ubuntu/myagv_ros2/install/myagv_description/share/myagv_description/hook/cmake_prefix_path.dsv'
[7.162s] INFO:colcon.colcon_core.shell:Creating environment hook '/home/ubuntu/myagv_ros2/install/myagv_description/share/myagv_description/hook/cmake_prefix_path.sh'
[7.167s] Level 1:colcon.colcon_core.environment:checking '/home/ubuntu/myagv_ros2/install/myagv_description/bin'
[7.168s] Level 1:colcon.colcon_core.environment:checking '/home/ubuntu/myagv_ros2/install/myagv_description/lib/pkgconfig/myagv_description.pc'
[7.177s] Level 1:colcon.colcon_core.environment:checking '/home/ubuntu/myagv_ros2/install/myagv_description/lib/python3.10/site-packages'
[7.179s] Level 1:colcon.colcon_core.environment:checking '/home/ubuntu/myagv_ros2/install/myagv_description/bin'
[7.181s] INFO:colcon.colcon_core.shell:Creating package script '/home/ubuntu/myagv_ros2/install/myagv_description/share/myagv_description/package.ps1'
[7.186s] INFO:colcon.colcon_core.shell:Creating package descriptor '/home/ubuntu/myagv_ros2/install/myagv_description/share/myagv_description/package.dsv'
[7.188s] INFO:colcon.colcon_core.shell:Creating package script '/home/ubuntu/myagv_ros2/install/myagv_description/share/myagv_description/package.sh'
[7.191s] INFO:colcon.colcon_core.shell:Creating package script '/home/ubuntu/myagv_ros2/install/myagv_description/share/myagv_description/package.bash'
[7.194s] INFO:colcon.colcon_core.shell:Creating package script '/home/ubuntu/myagv_ros2/install/myagv_description/share/myagv_description/package.zsh'
[7.197s] Level 1:colcon.colcon_core.environment:create_file_with_runtime_dependencies(/home/ubuntu/myagv_ros2/install/myagv_description/share/colcon-core/packages/myagv_description)
[7.215s] Level 1:colcon.colcon_core.environment:create_environment_scripts_only(myagv_node)
[7.216s] Level 1:colcon.colcon_core.environment:checking '/home/ubuntu/myagv_ros2/install/myagv_node' for CMake module files
[7.219s] DEBUG:colcon.colcon_core.event_handler.log_command:Invoked command in '/home/ubuntu/myagv_ros2/build/myagv_node' returned '0': CMAKE_PREFIX_PATH=${CMAKE_PREFIX_PATH}:/home/ubuntu/myagv_ros2/install/myagv_teleop_ros2:/opt/ros/humble /usr/bin/cmake --install /home/ubuntu/myagv_ros2/build/myagv_node
[7.231s] Level 1:colcon.colcon_core.environment:checking '/home/ubuntu/myagv_ros2/install/myagv_node' for CMake config files
[7.243s] Level 1:colcon.colcon_core.shell:create_environment_hook('myagv_node', 'cmake_prefix_path')
[7.245s] INFO:colcon.colcon_core.shell:Creating environment hook '/home/ubuntu/myagv_ros2/install/myagv_node/share/myagv_node/hook/cmake_prefix_path.ps1'
[7.256s] INFO:colcon.colcon_core.shell:Creating environment descriptor '/home/ubuntu/myagv_ros2/install/myagv_node/share/myagv_node/hook/cmake_prefix_path.dsv'
[7.258s] INFO:colcon.colcon_core.shell:Creating environment hook '/home/ubuntu/myagv_ros2/install/myagv_node/share/myagv_node/hook/cmake_prefix_path.sh'
[7.272s] Level 1:colcon.colcon_core.environment:checking '/home/ubuntu/myagv_ros2/install/myagv_node/lib'
[7.282s] Level 1:colcon.colcon_core.environment:checking '/home/ubuntu/myagv_ros2/install/myagv_node/bin'
[7.282s] Level 1:colcon.colcon_core.environment:checking '/home/ubuntu/myagv_ros2/install/myagv_node/lib/pkgconfig/myagv_node.pc'
[7.284s] Level 1:colcon.colcon_core.environment:checking '/home/ubuntu/myagv_ros2/install/myagv_node/lib/python3.10/site-packages'
[7.286s] Level 1:colcon.colcon_core.environment:checking '/home/ubuntu/myagv_ros2/install/myagv_node/bin'
[7.288s] INFO:colcon.colcon_core.shell:Creating package script '/home/ubuntu/myagv_ros2/install/myagv_node/share/myagv_node/package.ps1'
[7.291s] INFO:colcon.colcon_core.shell:Creating package descriptor '/home/ubuntu/myagv_ros2/install/myagv_node/share/myagv_node/package.dsv'
[7.297s] INFO:colcon.colcon_core.shell:Creating package script '/home/ubuntu/myagv_ros2/install/myagv_node/share/myagv_node/package.sh'
[7.301s] INFO:colcon.colcon_core.shell:Creating package script '/home/ubuntu/myagv_ros2/install/myagv_node/share/myagv_node/package.bash'
[7.307s] INFO:colcon.colcon_core.shell:Creating package script '/home/ubuntu/myagv_ros2/install/myagv_node/share/myagv_node/package.zsh'
[7.311s] Level 1:colcon.colcon_core.environment:create_file_with_runtime_dependencies(/home/ubuntu/myagv_ros2/install/myagv_node/share/colcon-core/packages/myagv_node)
[7.328s] Level 1:colcon.colcon_core.environment:create_environment_scripts_only(myagv_cartographer)
[7.329s] Level 1:colcon.colcon_core.environment:checking '/home/ubuntu/myagv_ros2/install/myagv_cartographer' for CMake module files
[7.332s] Level 1:colcon.colcon_core.environment:checking '/home/ubuntu/myagv_ros2/install/myagv_cartographer' for CMake config files
[7.334s] Level 1:colcon.colcon_core.shell:create_environment_hook('myagv_cartographer', 'cmake_prefix_path')
[7.335s] INFO:colcon.colcon_core.shell:Creating environment hook '/home/ubuntu/myagv_ros2/install/myagv_cartographer/share/myagv_cartographer/hook/cmake_prefix_path.ps1'
[7.337s] INFO:colcon.colcon_core.shell:Creating environment descriptor '/home/ubuntu/myagv_ros2/install/myagv_cartographer/share/myagv_cartographer/hook/cmake_prefix_path.dsv'
[7.340s] INFO:colcon.colcon_core.shell:Creating environment hook '/home/ubuntu/myagv_ros2/install/myagv_cartographer/share/myagv_cartographer/hook/cmake_prefix_path.sh'
[7.343s] Level 1:colcon.colcon_core.environment:checking '/home/ubuntu/myagv_ros2/install/myagv_cartographer/bin'
[7.344s] Level 1:colcon.colcon_core.environment:checking '/home/ubuntu/myagv_ros2/install/myagv_cartographer/lib/pkgconfig/myagv_cartographer.pc'
[7.345s] Level 1:colcon.colcon_core.environment:checking '/home/ubuntu/myagv_ros2/install/myagv_cartographer/lib/python3.10/site-packages'
[7.347s] Level 1:colcon.colcon_core.environment:checking '/home/ubuntu/myagv_ros2/install/myagv_cartographer/bin'
[7.349s] INFO:colcon.colcon_core.shell:Creating package script '/home/ubuntu/myagv_ros2/install/myagv_cartographer/share/myagv_cartographer/package.ps1'
[7.353s] INFO:colcon.colcon_core.shell:Creating package descriptor '/home/ubuntu/myagv_ros2/install/myagv_cartographer/share/myagv_cartographer/package.dsv'
[7.357s] INFO:colcon.colcon_core.shell:Creating package script '/home/ubuntu/myagv_ros2/install/myagv_cartographer/share/myagv_cartographer/package.sh'
[7.360s] INFO:colcon.colcon_core.shell:Creating package script '/home/ubuntu/myagv_ros2/install/myagv_cartographer/share/myagv_cartographer/package.bash'
[7.363s] INFO:colcon.colcon_core.shell:Creating package script '/home/ubuntu/myagv_ros2/install/myagv_cartographer/share/myagv_cartographer/package.zsh'
[7.369s] Level 1:colcon.colcon_core.environment:create_file_with_runtime_dependencies(/home/ubuntu/myagv_ros2/install/myagv_cartographer/share/colcon-core/packages/myagv_cartographer)
[7.372s] INFO:colcon.colcon_ros.task.ament_cmake.build:Building ROS package in '/home/ubuntu/myagv_ros2/src/myagv_navigation2' with build type 'ament_cmake'
[7.375s] INFO:colcon.colcon_cmake.task.cmake.build:Building CMake package in '/home/ubuntu/myagv_ros2/src/myagv_navigation2'
[7.382s] INFO:colcon.colcon_core.shell:Skip shell extension 'powershell' for command environment: Not usable outside of PowerShell
[7.388s] DEBUG:colcon.colcon_core.shell:Skip shell extension 'dsv' for command environment
[7.466s] Level 1:colcon.colcon_core.environment:create_environment_scripts_only(myagv_description)
[7.467s] Level 1:colcon.colcon_core.environment:checking '/home/ubuntu/myagv_ros2/install/myagv_description' for CMake module files
[7.474s] Level 1:colcon.colcon_core.environment:checking '/home/ubuntu/myagv_ros2/install/myagv_description' for CMake config files
[7.475s] Level 1:colcon.colcon_core.shell:create_environment_hook('myagv_description', 'cmake_prefix_path')
[7.477s] INFO:colcon.colcon_core.shell:Creating environment hook '/home/ubuntu/myagv_ros2/install/myagv_description/share/myagv_description/hook/cmake_prefix_path.ps1'
[7.480s] INFO:colcon.colcon_core.shell:Creating environment descriptor '/home/ubuntu/myagv_ros2/install/myagv_description/share/myagv_description/hook/cmake_prefix_path.dsv'
[7.483s] INFO:colcon.colcon_core.shell:Creating environment hook '/home/ubuntu/myagv_ros2/install/myagv_description/share/myagv_description/hook/cmake_prefix_path.sh'
[7.486s] Level 1:colcon.colcon_core.environment:checking '/home/ubuntu/myagv_ros2/install/myagv_description/bin'
[7.486s] Level 1:colcon.colcon_core.environment:checking '/home/ubuntu/myagv_ros2/install/myagv_description/lib/pkgconfig/myagv_description.pc'
[7.488s] Level 1:colcon.colcon_core.environment:checking '/home/ubuntu/myagv_ros2/install/myagv_description/lib/python3.10/site-packages'
[7.489s] Level 1:colcon.colcon_core.environment:checking '/home/ubuntu/myagv_ros2/install/myagv_description/bin'
[7.491s] INFO:colcon.colcon_core.shell:Creating package script '/home/ubuntu/myagv_ros2/install/myagv_description/share/myagv_description/package.ps1'
[7.493s] INFO:colcon.colcon_core.shell:Creating package descriptor '/home/ubuntu/myagv_ros2/install/myagv_description/share/myagv_description/package.dsv'
[7.499s] INFO:colcon.colcon_core.shell:Creating package script '/home/ubuntu/myagv_ros2/install/myagv_description/share/myagv_description/package.sh'
[7.502s] INFO:colcon.colcon_core.shell:Creating package script '/home/ubuntu/myagv_ros2/install/myagv_description/share/myagv_description/package.bash'
[7.504s] INFO:colcon.colcon_core.shell:Creating package script '/home/ubuntu/myagv_ros2/install/myagv_description/share/myagv_description/package.zsh'
[7.507s] Level 1:colcon.colcon_core.environment:create_file_with_runtime_dependencies(/home/ubuntu/myagv_ros2/install/myagv_description/share/colcon-core/packages/myagv_description)
[7.509s] INFO:colcon.colcon_ros.task.ament_cmake.build:Building ROS package in '/home/ubuntu/myagv_ros2/src/myagv_ps2' with build type 'ament_cmake'
[7.510s] INFO:colcon.colcon_cmake.task.cmake.build:Building CMake package in '/home/ubuntu/myagv_ros2/src/myagv_ps2'
[7.516s] INFO:colcon.colcon_core.shell:Skip shell extension 'powershell' for command environment: Not usable outside of PowerShell
[7.517s] DEBUG:colcon.colcon_core.shell:Skip shell extension 'dsv' for command environment
[7.599s] DEBUG:colcon.colcon_core.event_handler.log_command:Invoking command in '/home/ubuntu/myagv_ros2/build/myagv_navigation2': CMAKE_PREFIX_PATH=${CMAKE_PREFIX_PATH}:/home/ubuntu/myagv_ros2/install/myagv_teleop_ros2:/opt/ros/humble /usr/bin/cmake --build /home/ubuntu/myagv_ros2/build/myagv_navigation2 -- -j4 -l4
[7.647s] DEBUG:colcon.colcon_core.event_handler.log_command:Invoking command in '/home/ubuntu/myagv_ros2/build/myagv_ps2': CMAKE_PREFIX_PATH=${CMAKE_PREFIX_PATH}:/home/ubuntu/myagv_ros2/install/myagv_teleop_ros2:/opt/ros/humble /usr/bin/cmake --build /home/ubuntu/myagv_ros2/build/myagv_ps2 -- -j4 -l4
[7.690s] Level 1:colcon.colcon_core.environment:create_environment_scripts_only(myagv_node)
[7.692s] Level 1:colcon.colcon_core.environment:checking '/home/ubuntu/myagv_ros2/install/myagv_node' for CMake module files
[7.734s] Level 1:colcon.colcon_core.environment:checking '/home/ubuntu/myagv_ros2/install/myagv_node' for CMake config files
[7.741s] Level 1:colcon.colcon_core.shell:create_environment_hook('myagv_node', 'cmake_prefix_path')
[7.761s] INFO:colcon.colcon_core.shell:Creating environment hook '/home/ubuntu/myagv_ros2/install/myagv_node/share/myagv_node/hook/cmake_prefix_path.ps1'
[7.764s] INFO:colcon.colcon_core.shell:Creating environment descriptor '/home/ubuntu/myagv_ros2/install/myagv_node/share/myagv_node/hook/cmake_prefix_path.dsv'
[7.782s] INFO:colcon.colcon_core.shell:Creating environment hook '/home/ubuntu/myagv_ros2/install/myagv_node/share/myagv_node/hook/cmake_prefix_path.sh'
[7.805s] Level 1:colcon.colcon_core.environment:checking '/home/ubuntu/myagv_ros2/install/myagv_node/lib'
[7.806s] Level 1:colcon.colcon_core.environment:checking '/home/ubuntu/myagv_ros2/install/myagv_node/bin'
[7.806s] Level 1:colcon.colcon_core.environment:checking '/home/ubuntu/myagv_ros2/install/myagv_node/lib/pkgconfig/myagv_node.pc'
[7.807s] Level 1:colcon.colcon_core.environment:checking '/home/ubuntu/myagv_ros2/install/myagv_node/lib/python3.10/site-packages'
[7.808s] Level 1:colcon.colcon_core.environment:checking '/home/ubuntu/myagv_ros2/install/myagv_node/bin'
[7.810s] INFO:colcon.colcon_core.shell:Creating package script '/home/ubuntu/myagv_ros2/install/myagv_node/share/myagv_node/package.ps1'
[7.813s] INFO:colcon.colcon_core.shell:Creating package descriptor '/home/ubuntu/myagv_ros2/install/myagv_node/share/myagv_node/package.dsv'
[7.913s] INFO:colcon.colcon_core.shell:Creating package script '/home/ubuntu/myagv_ros2/install/myagv_node/share/myagv_node/package.sh'
[7.916s] INFO:colcon.colcon_core.shell:Creating package script '/home/ubuntu/myagv_ros2/install/myagv_node/share/myagv_node/package.bash'
[7.918s] INFO:colcon.colcon_core.shell:Creating package script '/home/ubuntu/myagv_ros2/install/myagv_node/share/myagv_node/package.zsh'
[7.920s] Level 1:colcon.colcon_core.environment:create_file_with_runtime_dependencies(/home/ubuntu/myagv_ros2/install/myagv_node/share/colcon-core/packages/myagv_node)
[7.924s] INFO:colcon.colcon_ros.task.ament_cmake.build:Building ROS package in '/home/ubuntu/myagv_ros2/src/myagv_bringup' with build type 'ament_cmake'
[7.924s] INFO:colcon.colcon_cmake.task.cmake.build:Building CMake package in '/home/ubuntu/myagv_ros2/src/myagv_bringup'
[7.925s] INFO:colcon.colcon_core.shell:Skip shell extension 'powershell' for command environment: Not usable outside of PowerShell
[7.925s] DEBUG:colcon.colcon_core.shell:Skip shell extension 'dsv' for command environment
[8.793s] DEBUG:colcon.colcon_core.event_handler.log_command:Invoking command in '/home/ubuntu/myagv_ros2/build/myagv_bringup': CMAKE_PREFIX_PATH=/home/ubuntu/myagv_ros2/install/myagv_node:/home/ubuntu/myagv_ros2/install/myagv_description:/home/ubuntu/myagv_ros2/install/ydlidar_ros2_driver:/home/ubuntu/myagv_ros2/install/myagv_ros2:/home/ubuntu/myagv_ros2/install/myagv_ps2:/home/ubuntu/myagv_ros2/install/myagv_bringup:/home/ubuntu/myagv_ros2/install/myagv_navigation2:/home/ubuntu/myagv_ros2/install/myagv_cartographer:/home/ubuntu/myagv_ros2/install/myagv_teleop_ros2:/opt/ros/humble /usr/bin/cmake --build /home/ubuntu/myagv_ros2/build/myagv_bringup -- -j4 -l4
[8.798s] DEBUG:colcon.colcon_core.event_handler.log_command:Invoked command in '/home/ubuntu/myagv_ros2/build/myagv_navigation2' returned '0': CMAKE_PREFIX_PATH=${CMAKE_PREFIX_PATH}:/home/ubuntu/myagv_ros2/install/myagv_teleop_ros2:/opt/ros/humble /usr/bin/cmake --build /home/ubuntu/myagv_ros2/build/myagv_navigation2 -- -j4 -l4
[8.911s] DEBUG:colcon.colcon_core.event_handler.log_command:Invoking command in '/home/ubuntu/myagv_ros2/build/myagv_navigation2': CMAKE_PREFIX_PATH=${CMAKE_PREFIX_PATH}:/home/ubuntu/myagv_ros2/install/myagv_teleop_ros2:/opt/ros/humble /usr/bin/cmake --install /home/ubuntu/myagv_ros2/build/myagv_navigation2
[9.724s] DEBUG:colcon.colcon_core.event_handler.log_command:Invoked command in '/home/ubuntu/myagv_ros2/build/myagv_bringup' returned '0': CMAKE_PREFIX_PATH=/home/ubuntu/myagv_ros2/install/myagv_node:/home/ubuntu/myagv_ros2/install/myagv_description:/home/ubuntu/myagv_ros2/install/ydlidar_ros2_driver:/home/ubuntu/myagv_ros2/install/myagv_ros2:/home/ubuntu/myagv_ros2/install/myagv_ps2:/home/ubuntu/myagv_ros2/install/myagv_bringup:/home/ubuntu/myagv_ros2/install/myagv_navigation2:/home/ubuntu/myagv_ros2/install/myagv_cartographer:/home/ubuntu/myagv_ros2/install/myagv_teleop_ros2:/opt/ros/humble /usr/bin/cmake --build /home/ubuntu/myagv_ros2/build/myagv_bringup -- -j4 -l4
[9.797s] DEBUG:colcon.colcon_core.event_handler.log_command:Invoked command in '/home/ubuntu/myagv_ros2/build/myagv_ps2' returned '0': CMAKE_PREFIX_PATH=${CMAKE_PREFIX_PATH}:/home/ubuntu/myagv_ros2/install/myagv_teleop_ros2:/opt/ros/humble /usr/bin/cmake --build /home/ubuntu/myagv_ros2/build/myagv_ps2 -- -j4 -l4
[9.845s] DEBUG:colcon.colcon_core.event_handler.log_command:Invoking command in '/home/ubuntu/myagv_ros2/build/myagv_bringup': CMAKE_PREFIX_PATH=/home/ubuntu/myagv_ros2/install/myagv_node:/home/ubuntu/myagv_ros2/install/myagv_description:/home/ubuntu/myagv_ros2/install/ydlidar_ros2_driver:/home/ubuntu/myagv_ros2/install/myagv_ros2:/home/ubuntu/myagv_ros2/install/myagv_ps2:/home/ubuntu/myagv_ros2/install/myagv_bringup:/home/ubuntu/myagv_ros2/install/myagv_navigation2:/home/ubuntu/myagv_ros2/install/myagv_cartographer:/home/ubuntu/myagv_ros2/install/myagv_teleop_ros2:/opt/ros/humble /usr/bin/cmake --install /home/ubuntu/myagv_ros2/build/myagv_bringup
[9.950s] DEBUG:colcon.colcon_core.event_handler.log_command:Invoking command in '/home/ubuntu/myagv_ros2/build/myagv_ps2': CMAKE_PREFIX_PATH=${CMAKE_PREFIX_PATH}:/home/ubuntu/myagv_ros2/install/myagv_teleop_ros2:/opt/ros/humble /usr/bin/cmake --install /home/ubuntu/myagv_ros2/build/myagv_ps2
[11.033s] Level 1:colcon.colcon_core.environment:create_environment_scripts_only(myagv_bringup)
[11.035s] Level 1:colcon.colcon_core.environment:checking '/home/ubuntu/myagv_ros2/install/myagv_bringup' for CMake module files
[11.037s] DEBUG:colcon.colcon_core.event_handler.log_command:Invoked command in '/home/ubuntu/myagv_ros2/build/myagv_bringup' returned '0': CMAKE_PREFIX_PATH=/home/ubuntu/myagv_ros2/install/myagv_node:/home/ubuntu/myagv_ros2/install/myagv_description:/home/ubuntu/myagv_ros2/install/ydlidar_ros2_driver:/home/ubuntu/myagv_ros2/install/myagv_ros2:/home/ubuntu/myagv_ros2/install/myagv_ps2:/home/ubuntu/myagv_ros2/install/myagv_bringup:/home/ubuntu/myagv_ros2/install/myagv_navigation2:/home/ubuntu/myagv_ros2/install/myagv_cartographer:/home/ubuntu/myagv_ros2/install/myagv_teleop_ros2:/opt/ros/humble /usr/bin/cmake --install /home/ubuntu/myagv_ros2/build/myagv_bringup
[11.039s] Level 1:colcon.colcon_core.environment:checking '/home/ubuntu/myagv_ros2/install/myagv_bringup' for CMake config files
[13.056s] Level 1:colcon.colcon_core.shell:create_environment_hook('myagv_bringup', 'cmake_prefix_path')
[13.058s] INFO:colcon.colcon_core.shell:Creating environment hook '/home/ubuntu/myagv_ros2/install/myagv_bringup/share/myagv_bringup/hook/cmake_prefix_path.ps1'
[13.068s] INFO:colcon.colcon_core.shell:Creating environment descriptor '/home/ubuntu/myagv_ros2/install/myagv_bringup/share/myagv_bringup/hook/cmake_prefix_path.dsv'
[13.074s] INFO:colcon.colcon_core.shell:Creating environment hook '/home/ubuntu/myagv_ros2/install/myagv_bringup/share/myagv_bringup/hook/cmake_prefix_path.sh'
[13.077s] Level 1:colcon.colcon_core.environment:checking '/home/ubuntu/myagv_ros2/install/myagv_bringup/bin'
[13.077s] Level 1:colcon.colcon_core.environment:checking '/home/ubuntu/myagv_ros2/install/myagv_bringup/lib/pkgconfig/myagv_bringup.pc'
[13.078s] Level 1:colcon.colcon_core.environment:checking '/home/ubuntu/myagv_ros2/install/myagv_bringup/lib/python3.10/site-packages'
[13.079s] Level 1:colcon.colcon_core.environment:checking '/home/ubuntu/myagv_ros2/install/myagv_bringup/bin'
[13.081s] INFO:colcon.colcon_core.shell:Creating package script '/home/ubuntu/myagv_ros2/install/myagv_bringup/share/myagv_bringup/package.ps1'
[13.083s] INFO:colcon.colcon_core.shell:Creating package descriptor '/home/ubuntu/myagv_ros2/install/myagv_bringup/share/myagv_bringup/package.dsv'
[13.085s] INFO:colcon.colcon_core.shell:Creating package script '/home/ubuntu/myagv_ros2/install/myagv_bringup/share/myagv_bringup/package.sh'
[13.087s] INFO:colcon.colcon_core.shell:Creating package script '/home/ubuntu/myagv_ros2/install/myagv_bringup/share/myagv_bringup/package.bash'
[13.089s] INFO:colcon.colcon_core.shell:Creating package script '/home/ubuntu/myagv_ros2/install/myagv_bringup/share/myagv_bringup/package.zsh'
[13.090s] Level 1:colcon.colcon_core.environment:create_file_with_runtime_dependencies(/home/ubuntu/myagv_ros2/install/myagv_bringup/share/colcon-core/packages/myagv_bringup)
[13.191s] Level 1:colcon.colcon_core.environment:create_environment_scripts_only(myagv_ps2)
[13.193s] Level 1:colcon.colcon_core.environment:checking '/home/ubuntu/myagv_ros2/install/myagv_ps2' for CMake module files
[13.195s] DEBUG:colcon.colcon_core.event_handler.log_command:Invoked command in '/home/ubuntu/myagv_ros2/build/myagv_ps2' returned '0': CMAKE_PREFIX_PATH=${CMAKE_PREFIX_PATH}:/home/ubuntu/myagv_ros2/install/myagv_teleop_ros2:/opt/ros/humble /usr/bin/cmake --install /home/ubuntu/myagv_ros2/build/myagv_ps2
[13.254s] Level 1:colcon.colcon_core.environment:checking '/home/ubuntu/myagv_ros2/install/myagv_ps2' for CMake config files
[13.282s] Level 1:colcon.colcon_core.shell:create_environment_hook('myagv_ps2', 'cmake_prefix_path')
[13.284s] INFO:colcon.colcon_core.shell:Creating environment hook '/home/ubuntu/myagv_ros2/install/myagv_ps2/share/myagv_ps2/hook/cmake_prefix_path.ps1'
[13.308s] INFO:colcon.colcon_core.shell:Creating environment descriptor '/home/ubuntu/myagv_ros2/install/myagv_ps2/share/myagv_ps2/hook/cmake_prefix_path.dsv'
[13.314s] INFO:colcon.colcon_core.shell:Creating environment hook '/home/ubuntu/myagv_ros2/install/myagv_ps2/share/myagv_ps2/hook/cmake_prefix_path.sh'
[13.322s] Level 1:colcon.colcon_core.environment:checking '/home/ubuntu/myagv_ros2/install/myagv_ps2/lib'
[13.322s] Level 1:colcon.colcon_core.environment:checking '/home/ubuntu/myagv_ros2/install/myagv_ps2/bin'
[13.323s] Level 1:colcon.colcon_core.environment:checking '/home/ubuntu/myagv_ros2/install/myagv_ps2/lib/pkgconfig/myagv_ps2.pc'
[13.324s] Level 1:colcon.colcon_core.environment:checking '/home/ubuntu/myagv_ros2/install/myagv_ps2/lib/python3.10/site-packages'
[13.325s] Level 1:colcon.colcon_core.environment:checking '/home/ubuntu/myagv_ros2/install/myagv_ps2/bin'
[13.328s] INFO:colcon.colcon_core.shell:Creating package script '/home/ubuntu/myagv_ros2/install/myagv_ps2/share/myagv_ps2/package.ps1'
[13.331s] INFO:colcon.colcon_core.shell:Creating package descriptor '/home/ubuntu/myagv_ros2/install/myagv_ps2/share/myagv_ps2/package.dsv'
[13.336s] INFO:colcon.colcon_core.shell:Creating package script '/home/ubuntu/myagv_ros2/install/myagv_ps2/share/myagv_ps2/package.sh'
[13.338s] INFO:colcon.colcon_core.shell:Creating package script '/home/ubuntu/myagv_ros2/install/myagv_ps2/share/myagv_ps2/package.bash'
[13.340s] INFO:colcon.colcon_core.shell:Creating package script '/home/ubuntu/myagv_ros2/install/myagv_ps2/share/myagv_ps2/package.zsh'
[13.342s] Level 1:colcon.colcon_core.environment:create_file_with_runtime_dependencies(/home/ubuntu/myagv_ros2/install/myagv_ps2/share/colcon-core/packages/myagv_ps2)
[13.367s] Level 1:colcon.colcon_core.environment:create_environment_scripts_only(myagv_navigation2)
[13.369s] Level 1:colcon.colcon_core.environment:checking '/home/ubuntu/myagv_ros2/install/myagv_navigation2' for CMake module files
[13.374s] DEBUG:colcon.colcon_core.event_handler.log_command:Invoked command in '/home/ubuntu/myagv_ros2/build/myagv_navigation2' returned '0': CMAKE_PREFIX_PATH=${CMAKE_PREFIX_PATH}:/home/ubuntu/myagv_ros2/install/myagv_teleop_ros2:/opt/ros/humble /usr/bin/cmake --install /home/ubuntu/myagv_ros2/build/myagv_navigation2
[13.385s] Level 1:colcon.colcon_core.environment:checking '/home/ubuntu/myagv_ros2/install/myagv_navigation2' for CMake config files
[13.410s] Level 1:colcon.colcon_core.shell:create_environment_hook('myagv_navigation2', 'cmake_prefix_path')
[13.411s] INFO:colcon.colcon_core.shell:Creating environment hook '/home/ubuntu/myagv_ros2/install/myagv_navigation2/share/myagv_navigation2/hook/cmake_prefix_path.ps1'
[13.414s] INFO:colcon.colcon_core.shell:Creating environment descriptor '/home/ubuntu/myagv_ros2/install/myagv_navigation2/share/myagv_navigation2/hook/cmake_prefix_path.dsv'
[13.422s] INFO:colcon.colcon_core.shell:Creating environment hook '/home/ubuntu/myagv_ros2/install/myagv_navigation2/share/myagv_navigation2/hook/cmake_prefix_path.sh'
[13.426s] Level 1:colcon.colcon_core.environment:checking '/home/ubuntu/myagv_ros2/install/myagv_navigation2/bin'
[13.426s] Level 1:colcon.colcon_core.environment:checking '/home/ubuntu/myagv_ros2/install/myagv_navigation2/lib/pkgconfig/myagv_navigation2.pc'
[13.428s] Level 1:colcon.colcon_core.environment:checking '/home/ubuntu/myagv_ros2/install/myagv_navigation2/lib/python3.10/site-packages'
[13.429s] Level 1:colcon.colcon_core.environment:checking '/home/ubuntu/myagv_ros2/install/myagv_navigation2/bin'
[13.431s] INFO:colcon.colcon_core.shell:Creating package script '/home/ubuntu/myagv_ros2/install/myagv_navigation2/share/myagv_navigation2/package.ps1'
[13.434s] INFO:colcon.colcon_core.shell:Creating package descriptor '/home/ubuntu/myagv_ros2/install/myagv_navigation2/share/myagv_navigation2/package.dsv'
[13.436s] INFO:colcon.colcon_core.shell:Creating package script '/home/ubuntu/myagv_ros2/install/myagv_navigation2/share/myagv_navigation2/package.sh'
[13.439s] INFO:colcon.colcon_core.shell:Creating package script '/home/ubuntu/myagv_ros2/install/myagv_navigation2/share/myagv_navigation2/package.bash'
[13.441s] INFO:colcon.colcon_core.shell:Creating package script '/home/ubuntu/myagv_ros2/install/myagv_navigation2/share/myagv_navigation2/package.zsh'
[13.444s] Level 1:colcon.colcon_core.environment:create_file_with_runtime_dependencies(/home/ubuntu/myagv_ros2/install/myagv_navigation2/share/colcon-core/packages/myagv_navigation2)
[13.455s] Level 1:colcon.colcon_core.environment:create_environment_scripts_only(myagv_bringup)
[13.456s] Level 1:colcon.colcon_core.environment:checking '/home/ubuntu/myagv_ros2/install/myagv_bringup' for CMake module files
[13.459s] Level 1:colcon.colcon_core.environment:checking '/home/ubuntu/myagv_ros2/install/myagv_bringup' for CMake config files
[13.462s] Level 1:colcon.colcon_core.shell:create_environment_hook('myagv_bringup', 'cmake_prefix_path')
[13.464s] INFO:colcon.colcon_core.shell:Creating environment hook '/home/ubuntu/myagv_ros2/install/myagv_bringup/share/myagv_bringup/hook/cmake_prefix_path.ps1'
[13.474s] INFO:colcon.colcon_core.shell:Creating environment descriptor '/home/ubuntu/myagv_ros2/install/myagv_bringup/share/myagv_bringup/hook/cmake_prefix_path.dsv'
[13.476s] INFO:colcon.colcon_core.shell:Creating environment hook '/home/ubuntu/myagv_ros2/install/myagv_bringup/share/myagv_bringup/hook/cmake_prefix_path.sh'
[13.486s] Level 1:colcon.colcon_core.environment:checking '/home/ubuntu/myagv_ros2/install/myagv_bringup/bin'
[13.487s] Level 1:colcon.colcon_core.environment:checking '/home/ubuntu/myagv_ros2/install/myagv_bringup/lib/pkgconfig/myagv_bringup.pc'
[13.488s] Level 1:colcon.colcon_core.environment:checking '/home/ubuntu/myagv_ros2/install/myagv_bringup/lib/python3.10/site-packages'
[13.489s] Level 1:colcon.colcon_core.environment:checking '/home/ubuntu/myagv_ros2/install/myagv_bringup/bin'
[13.491s] INFO:colcon.colcon_core.shell:Creating package script '/home/ubuntu/myagv_ros2/install/myagv_bringup/share/myagv_bringup/package.ps1'
[13.501s] INFO:colcon.colcon_core.shell:Creating package descriptor '/home/ubuntu/myagv_ros2/install/myagv_bringup/share/myagv_bringup/package.dsv'
[13.508s] INFO:colcon.colcon_core.shell:Creating package script '/home/ubuntu/myagv_ros2/install/myagv_bringup/share/myagv_bringup/package.sh'
[13.511s] INFO:colcon.colcon_core.shell:Creating package script '/home/ubuntu/myagv_ros2/install/myagv_bringup/share/myagv_bringup/package.bash'
[13.515s] INFO:colcon.colcon_core.shell:Creating package script '/home/ubuntu/myagv_ros2/install/myagv_bringup/share/myagv_bringup/package.zsh'
[13.521s] Level 1:colcon.colcon_core.environment:create_file_with_runtime_dependencies(/home/ubuntu/myagv_ros2/install/myagv_bringup/share/colcon-core/packages/myagv_bringup)
[13.529s] INFO:colcon.colcon_ros.task.ament_cmake.build:Building ROS package in '/home/ubuntu/myagv_ros2/src/ydlidar_ros2_driver' with build type 'ament_cmake'
[13.530s] INFO:colcon.colcon_cmake.task.cmake.build:Building CMake package in '/home/ubuntu/myagv_ros2/src/ydlidar_ros2_driver'
[13.531s] INFO:colcon.colcon_core.shell:Skip shell extension 'powershell' for command environment: Not usable outside of PowerShell
[13.532s] DEBUG:colcon.colcon_core.shell:Skip shell extension 'dsv' for command environment
[13.613s] DEBUG:colcon.colcon_core.event_handler.log_command:Invoking command in '/home/ubuntu/myagv_ros2/build/ydlidar_ros2_driver': CMAKE_PREFIX_PATH=${CMAKE_PREFIX_PATH}:/home/ubuntu/myagv_ros2/install/myagv_teleop_ros2:/opt/ros/humble /usr/bin/cmake --build /home/ubuntu/myagv_ros2/build/ydlidar_ros2_driver -- -j4 -l4
[13.619s] Level 1:colcon.colcon_core.environment:create_environment_scripts_only(myagv_ps2)
[13.620s] Level 1:colcon.colcon_core.environment:checking '/home/ubuntu/myagv_ros2/install/myagv_ps2' for CMake module files
[13.629s] Level 1:colcon.colcon_core.environment:checking '/home/ubuntu/myagv_ros2/install/myagv_ps2' for CMake config files
[13.643s] Level 1:colcon.colcon_core.shell:create_environment_hook('myagv_ps2', 'cmake_prefix_path')
[13.644s] INFO:colcon.colcon_core.shell:Creating environment hook '/home/ubuntu/myagv_ros2/install/myagv_ps2/share/myagv_ps2/hook/cmake_prefix_path.ps1'
[13.649s] INFO:colcon.colcon_core.shell:Creating environment descriptor '/home/ubuntu/myagv_ros2/install/myagv_ps2/share/myagv_ps2/hook/cmake_prefix_path.dsv'
[13.651s] INFO:colcon.colcon_core.shell:Creating environment hook '/home/ubuntu/myagv_ros2/install/myagv_ps2/share/myagv_ps2/hook/cmake_prefix_path.sh'
[13.656s] Level 1:colcon.colcon_core.environment:checking '/home/ubuntu/myagv_ros2/install/myagv_ps2/lib'
[13.657s] Level 1:colcon.colcon_core.environment:checking '/home/ubuntu/myagv_ros2/install/myagv_ps2/bin'
[13.658s] Level 1:colcon.colcon_core.environment:checking '/home/ubuntu/myagv_ros2/install/myagv_ps2/lib/pkgconfig/myagv_ps2.pc'
[13.659s] Level 1:colcon.colcon_core.environment:checking '/home/ubuntu/myagv_ros2/install/myagv_ps2/lib/python3.10/site-packages'
[13.661s] Level 1:colcon.colcon_core.environment:checking '/home/ubuntu/myagv_ros2/install/myagv_ps2/bin'
[13.662s] INFO:colcon.colcon_core.shell:Creating package script '/home/ubuntu/myagv_ros2/install/myagv_ps2/share/myagv_ps2/package.ps1'
[13.666s] INFO:colcon.colcon_core.shell:Creating package descriptor '/home/ubuntu/myagv_ros2/install/myagv_ps2/share/myagv_ps2/package.dsv'
[13.669s] INFO:colcon.colcon_core.shell:Creating package script '/home/ubuntu/myagv_ros2/install/myagv_ps2/share/myagv_ps2/package.sh'
[13.674s] INFO:colcon.colcon_core.shell:Creating package script '/home/ubuntu/myagv_ros2/install/myagv_ps2/share/myagv_ps2/package.bash'
[13.683s] INFO:colcon.colcon_core.shell:Creating package script '/home/ubuntu/myagv_ros2/install/myagv_ps2/share/myagv_ps2/package.zsh'
[13.686s] Level 1:colcon.colcon_core.environment:create_file_with_runtime_dependencies(/home/ubuntu/myagv_ros2/install/myagv_ps2/share/colcon-core/packages/myagv_ps2)
[13.694s] Level 1:colcon.colcon_core.environment:create_environment_scripts_only(myagv_navigation2)
[13.695s] Level 1:colcon.colcon_core.environment:checking '/home/ubuntu/myagv_ros2/install/myagv_navigation2' for CMake module files
[13.714s] Level 1:colcon.colcon_core.environment:checking '/home/ubuntu/myagv_ros2/install/myagv_navigation2' for CMake config files
[13.718s] Level 1:colcon.colcon_core.shell:create_environment_hook('myagv_navigation2', 'cmake_prefix_path')
[13.720s] INFO:colcon.colcon_core.shell:Creating environment hook '/home/ubuntu/myagv_ros2/install/myagv_navigation2/share/myagv_navigation2/hook/cmake_prefix_path.ps1'
[13.724s] INFO:colcon.colcon_core.shell:Creating environment descriptor '/home/ubuntu/myagv_ros2/install/myagv_navigation2/share/myagv_navigation2/hook/cmake_prefix_path.dsv'
[13.727s] INFO:colcon.colcon_core.shell:Creating environment hook '/home/ubuntu/myagv_ros2/install/myagv_navigation2/share/myagv_navigation2/hook/cmake_prefix_path.sh'
[13.731s] Level 1:colcon.colcon_core.environment:checking '/home/ubuntu/myagv_ros2/install/myagv_navigation2/bin'
[13.732s] Level 1:colcon.colcon_core.environment:checking '/home/ubuntu/myagv_ros2/install/myagv_navigation2/lib/pkgconfig/myagv_navigation2.pc'
[13.733s] Level 1:colcon.colcon_core.environment:checking '/home/ubuntu/myagv_ros2/install/myagv_navigation2/lib/python3.10/site-packages'
[13.734s] Level 1:colcon.colcon_core.environment:checking '/home/ubuntu/myagv_ros2/install/myagv_navigation2/bin'
[13.736s] INFO:colcon.colcon_core.shell:Creating package script '/home/ubuntu/myagv_ros2/install/myagv_navigation2/share/myagv_navigation2/package.ps1'
[13.739s] INFO:colcon.colcon_core.shell:Creating package descriptor '/home/ubuntu/myagv_ros2/install/myagv_navigation2/share/myagv_navigation2/package.dsv'
[13.742s] INFO:colcon.colcon_core.shell:Creating package script '/home/ubuntu/myagv_ros2/install/myagv_navigation2/share/myagv_navigation2/package.sh'
[13.745s] INFO:colcon.colcon_core.shell:Creating package script '/home/ubuntu/myagv_ros2/install/myagv_navigation2/share/myagv_navigation2/package.bash'
[13.747s] INFO:colcon.colcon_core.shell:Creating package script '/home/ubuntu/myagv_ros2/install/myagv_navigation2/share/myagv_navigation2/package.zsh'
[13.750s] Level 1:colcon.colcon_core.environment:create_file_with_runtime_dependencies(/home/ubuntu/myagv_ros2/install/myagv_navigation2/share/colcon-core/packages/myagv_navigation2)
[14.106s] DEBUG:colcon.colcon_core.event_handler.log_command:Invoking command in '/home/ubuntu/myagv_ros2/src/myagv_teleop_ros2': PYTHONPATH=/home/ubuntu/myagv_ros2/build/myagv_teleop_ros2/prefix_override:/home/ubuntu/myagv_ros2/install/myagv_teleop_ros2/lib/python3.10/site-packages:${PYTHONPATH} /usr/bin/python3 -W ignore:setup.py install is deprecated setup.py egg_info --egg-base ../../build/myagv_teleop_ros2 build --build-base /home/ubuntu/myagv_ros2/build/myagv_teleop_ros2/build install --record /home/ubuntu/myagv_ros2/build/myagv_teleop_ros2/install.log --single-version-externally-managed install_data
[14.290s] DEBUG:colcon.colcon_core.event_handler.log_command:Invoked command in '/home/ubuntu/myagv_ros2/build/ydlidar_ros2_driver' returned '0': CMAKE_PREFIX_PATH=${CMAKE_PREFIX_PATH}:/home/ubuntu/myagv_ros2/install/myagv_teleop_ros2:/opt/ros/humble /usr/bin/cmake --build /home/ubuntu/myagv_ros2/build/ydlidar_ros2_driver -- -j4 -l4
[14.510s] DEBUG:colcon.colcon_core.event_handler.log_command:Invoking command in '/home/ubuntu/myagv_ros2/build/ydlidar_ros2_driver': CMAKE_PREFIX_PATH=${CMAKE_PREFIX_PATH}:/home/ubuntu/myagv_ros2/install/myagv_teleop_ros2:/opt/ros/humble /usr/bin/cmake --install /home/ubuntu/myagv_ros2/build/ydlidar_ros2_driver
[14.673s] Level 1:colcon.colcon_core.environment:create_environment_scripts_only(ydlidar_ros2_driver)
[14.675s] Level 1:colcon.colcon_core.environment:checking '/home/ubuntu/myagv_ros2/install/ydlidar_ros2_driver' for CMake module files
[14.679s] DEBUG:colcon.colcon_core.event_handler.log_command:Invoked command in '/home/ubuntu/myagv_ros2/build/ydlidar_ros2_driver' returned '0': CMAKE_PREFIX_PATH=${CMAKE_PREFIX_PATH}:/home/ubuntu/myagv_ros2/install/myagv_teleop_ros2:/opt/ros/humble /usr/bin/cmake --install /home/ubuntu/myagv_ros2/build/ydlidar_ros2_driver
[14.690s] Level 1:colcon.colcon_core.environment:checking '/home/ubuntu/myagv_ros2/install/ydlidar_ros2_driver' for CMake config files
[14.707s] Level 1:colcon.colcon_core.shell:create_environment_hook('ydlidar_ros2_driver', 'cmake_prefix_path')
[14.714s] INFO:colcon.colcon_core.shell:Creating environment hook '/home/ubuntu/myagv_ros2/install/ydlidar_ros2_driver/share/ydlidar_ros2_driver/hook/cmake_prefix_path.ps1'
[14.718s] INFO:colcon.colcon_core.shell:Creating environment descriptor '/home/ubuntu/myagv_ros2/install/ydlidar_ros2_driver/share/ydlidar_ros2_driver/hook/cmake_prefix_path.dsv'
[14.721s] INFO:colcon.colcon_core.shell:Creating environment hook '/home/ubuntu/myagv_ros2/install/ydlidar_ros2_driver/share/ydlidar_ros2_driver/hook/cmake_prefix_path.sh'
[14.724s] Level 1:colcon.colcon_core.environment:checking '/home/ubuntu/myagv_ros2/install/ydlidar_ros2_driver/lib'
[14.727s] Level 1:colcon.colcon_core.environment:checking '/home/ubuntu/myagv_ros2/install/ydlidar_ros2_driver/bin'
[14.727s] Level 1:colcon.colcon_core.environment:checking '/home/ubuntu/myagv_ros2/install/ydlidar_ros2_driver/lib/pkgconfig/ydlidar_ros2_driver.pc'
[14.729s] Level 1:colcon.colcon_core.environment:checking '/home/ubuntu/myagv_ros2/install/ydlidar_ros2_driver/lib/python3.10/site-packages'
[14.733s] Level 1:colcon.colcon_core.environment:checking '/home/ubuntu/myagv_ros2/install/ydlidar_ros2_driver/bin'
[14.741s] INFO:colcon.colcon_core.shell:Creating package script '/home/ubuntu/myagv_ros2/install/ydlidar_ros2_driver/share/ydlidar_ros2_driver/package.ps1'
[14.749s] INFO:colcon.colcon_core.shell:Creating package descriptor '/home/ubuntu/myagv_ros2/install/ydlidar_ros2_driver/share/ydlidar_ros2_driver/package.dsv'
[14.755s] INFO:colcon.colcon_core.shell:Creating package script '/home/ubuntu/myagv_ros2/install/ydlidar_ros2_driver/share/ydlidar_ros2_driver/package.sh'
[14.757s] INFO:colcon.colcon_core.shell:Creating package script '/home/ubuntu/myagv_ros2/install/ydlidar_ros2_driver/share/ydlidar_ros2_driver/package.bash'
[14.761s] INFO:colcon.colcon_core.shell:Creating package script '/home/ubuntu/myagv_ros2/install/ydlidar_ros2_driver/share/ydlidar_ros2_driver/package.zsh'
[14.766s] Level 1:colcon.colcon_core.environment:create_file_with_runtime_dependencies(/home/ubuntu/myagv_ros2/install/ydlidar_ros2_driver/share/colcon-core/packages/ydlidar_ros2_driver)
[14.964s] Level 1:colcon.colcon_core.environment:create_environment_scripts_only(ydlidar_ros2_driver)
[14.965s] Level 1:colcon.colcon_core.environment:checking '/home/ubuntu/myagv_ros2/install/ydlidar_ros2_driver' for CMake module files
[14.968s] Level 1:colcon.colcon_core.environment:checking '/home/ubuntu/myagv_ros2/install/ydlidar_ros2_driver' for CMake config files
[14.971s] Level 1:colcon.colcon_core.shell:create_environment_hook('ydlidar_ros2_driver', 'cmake_prefix_path')
[14.972s] INFO:colcon.colcon_core.shell:Creating environment hook '/home/ubuntu/myagv_ros2/install/ydlidar_ros2_driver/share/ydlidar_ros2_driver/hook/cmake_prefix_path.ps1'
[14.974s] INFO:colcon.colcon_core.shell:Creating environment descriptor '/home/ubuntu/myagv_ros2/install/ydlidar_ros2_driver/share/ydlidar_ros2_driver/hook/cmake_prefix_path.dsv'
[14.976s] INFO:colcon.colcon_core.shell:Creating environment hook '/home/ubuntu/myagv_ros2/install/ydlidar_ros2_driver/share/ydlidar_ros2_driver/hook/cmake_prefix_path.sh'
[14.980s] Level 1:colcon.colcon_core.environment:checking '/home/ubuntu/myagv_ros2/install/ydlidar_ros2_driver/lib'
[14.980s] Level 1:colcon.colcon_core.environment:checking '/home/ubuntu/myagv_ros2/install/ydlidar_ros2_driver/bin'
[14.981s] Level 1:colcon.colcon_core.environment:checking '/home/ubuntu/myagv_ros2/install/ydlidar_ros2_driver/lib/pkgconfig/ydlidar_ros2_driver.pc'
[14.982s] Level 1:colcon.colcon_core.environment:checking '/home/ubuntu/myagv_ros2/install/ydlidar_ros2_driver/lib/python3.10/site-packages'
[14.983s] Level 1:colcon.colcon_core.environment:checking '/home/ubuntu/myagv_ros2/install/ydlidar_ros2_driver/bin'
[14.985s] INFO:colcon.colcon_core.shell:Creating package script '/home/ubuntu/myagv_ros2/install/ydlidar_ros2_driver/share/ydlidar_ros2_driver/package.ps1'
[14.988s] INFO:colcon.colcon_core.shell:Creating package descriptor '/home/ubuntu/myagv_ros2/install/ydlidar_ros2_driver/share/ydlidar_ros2_driver/package.dsv'
[14.991s] INFO:colcon.colcon_core.shell:Creating package script '/home/ubuntu/myagv_ros2/install/ydlidar_ros2_driver/share/ydlidar_ros2_driver/package.sh'
[14.993s] INFO:colcon.colcon_core.shell:Creating package script '/home/ubuntu/myagv_ros2/install/ydlidar_ros2_driver/share/ydlidar_ros2_driver/package.bash'
[14.996s] INFO:colcon.colcon_core.shell:Creating package script '/home/ubuntu/myagv_ros2/install/ydlidar_ros2_driver/share/ydlidar_ros2_driver/package.zsh'
[14.998s] Level 1:colcon.colcon_core.environment:create_file_with_runtime_dependencies(/home/ubuntu/myagv_ros2/install/ydlidar_ros2_driver/share/colcon-core/packages/ydlidar_ros2_driver)
[16.157s] Level 1:colcon.colcon_core.environment:checking '/home/ubuntu/myagv_ros2/install/myagv_teleop_ros2' for CMake module files
[16.158s] DEBUG:colcon.colcon_core.event_handler.log_command:Invoked command in '/home/ubuntu/myagv_ros2/src/myagv_teleop_ros2' returned '0': PYTHONPATH=/home/ubuntu/myagv_ros2/build/myagv_teleop_ros2/prefix_override:/home/ubuntu/myagv_ros2/install/myagv_teleop_ros2/lib/python3.10/site-packages:${PYTHONPATH} /usr/bin/python3 -W ignore:setup.py install is deprecated setup.py egg_info --egg-base ../../build/myagv_teleop_ros2 build --build-base /home/ubuntu/myagv_ros2/build/myagv_teleop_ros2/build install --record /home/ubuntu/myagv_ros2/build/myagv_teleop_ros2/install.log --single-version-externally-managed install_data
[16.162s] Level 1:colcon.colcon_core.environment:checking '/home/ubuntu/myagv_ros2/install/myagv_teleop_ros2' for CMake config files
[16.172s] Level 1:colcon.colcon_core.environment:checking '/home/ubuntu/myagv_ros2/install/myagv_teleop_ros2/lib'
[16.173s] Level 1:colcon.colcon_core.environment:checking '/home/ubuntu/myagv_ros2/install/myagv_teleop_ros2/bin'
[16.174s] Level 1:colcon.colcon_core.environment:checking '/home/ubuntu/myagv_ros2/install/myagv_teleop_ros2/lib/pkgconfig/myagv_teleop_ros2.pc'
[16.175s] Level 1:colcon.colcon_core.environment:checking '/home/ubuntu/myagv_ros2/install/myagv_teleop_ros2/lib/python3.10/site-packages'
[16.176s] Level 1:colcon.colcon_core.shell:create_environment_hook('myagv_teleop_ros2', 'pythonpath')
[16.177s] INFO:colcon.colcon_core.shell:Creating environment hook '/home/ubuntu/myagv_ros2/install/myagv_teleop_ros2/share/myagv_teleop_ros2/hook/pythonpath.ps1'
[16.179s] INFO:colcon.colcon_core.shell:Creating environment descriptor '/home/ubuntu/myagv_ros2/install/myagv_teleop_ros2/share/myagv_teleop_ros2/hook/pythonpath.dsv'
[16.181s] INFO:colcon.colcon_core.shell:Creating environment hook '/home/ubuntu/myagv_ros2/install/myagv_teleop_ros2/share/myagv_teleop_ros2/hook/pythonpath.sh'
[16.185s] Level 1:colcon.colcon_core.environment:checking '/home/ubuntu/myagv_ros2/install/myagv_teleop_ros2/bin'
[16.186s] Level 1:colcon.colcon_core.environment:create_environment_scripts_only(myagv_teleop_ros2)
[16.187s] INFO:colcon.colcon_core.shell:Creating package script '/home/ubuntu/myagv_ros2/install/myagv_teleop_ros2/share/myagv_teleop_ros2/package.ps1'
[16.191s] INFO:colcon.colcon_core.shell:Creating package descriptor '/home/ubuntu/myagv_ros2/install/myagv_teleop_ros2/share/myagv_teleop_ros2/package.dsv'
[16.194s] INFO:colcon.colcon_core.shell:Creating package script '/home/ubuntu/myagv_ros2/install/myagv_teleop_ros2/share/myagv_teleop_ros2/package.sh'
[16.196s] INFO:colcon.colcon_core.shell:Creating package script '/home/ubuntu/myagv_ros2/install/myagv_teleop_ros2/share/myagv_teleop_ros2/package.bash'
[16.198s] INFO:colcon.colcon_core.shell:Creating package script '/home/ubuntu/myagv_ros2/install/myagv_teleop_ros2/share/myagv_teleop_ros2/package.zsh'
[16.199s] Level 1:colcon.colcon_core.environment:create_file_with_runtime_dependencies(/home/ubuntu/myagv_ros2/install/myagv_teleop_ros2/share/colcon-core/packages/myagv_teleop_ros2)
[16.201s] INFO:colcon.colcon_ros.task.ament_cmake.build:Building ROS package in '/home/ubuntu/myagv_ros2/src/myagv_ros2' with build type 'ament_cmake'
[16.201s] INFO:colcon.colcon_cmake.task.cmake.build:Building CMake package in '/home/ubuntu/myagv_ros2/src/myagv_ros2'
[16.202s] INFO:colcon.colcon_core.shell:Skip shell extension 'powershell' for command environment: Not usable outside of PowerShell
[16.203s] DEBUG:colcon.colcon_core.shell:Skip shell extension 'dsv' for command environment
[16.330s] DEBUG:colcon.colcon_core.event_handler.log_command:Invoking command in '/home/ubuntu/myagv_ros2/build/myagv_ros2': AMENT_PREFIX_PATH=/home/ubuntu/myagv_ros2/install/myagv_teleop_ros2:/home/ubuntu/myagv_ros2/install/ydlidar_ros2_driver:/home/ubuntu/myagv_ros2/install/myagv_ros2:/home/ubuntu/myagv_ros2/install/myagv_ps2:/home/ubuntu/myagv_ros2/install/myagv_bringup:/home/ubuntu/myagv_ros2/install/myagv_node:/home/ubuntu/myagv_ros2/install/myagv_navigation2:/home/ubuntu/myagv_ros2/install/myagv_description:/home/ubuntu/myagv_ros2/install/myagv_cartographer:/opt/ros/humble CMAKE_PREFIX_PATH=/home/ubuntu/myagv_ros2/install/myagv_bringup:/home/ubuntu/myagv_ros2/install/myagv_node:/home/ubuntu/myagv_ros2/install/myagv_description:/home/ubuntu/myagv_ros2/install/myagv_cartographer:/home/ubuntu/myagv_ros2/install/ydlidar_ros2_driver:/home/ubuntu/myagv_ros2/install/myagv_ros2:/home/ubuntu/myagv_ros2/install/myagv_ps2:/home/ubuntu/myagv_ros2/install/myagv_navigation2:/home/ubuntu/myagv_ros2/install/myagv_teleop_ros2:/opt/ros/humble /usr/bin/cmake --build /home/ubuntu/myagv_ros2/build/myagv_ros2 -- -j4 -l4
[16.512s] DEBUG:colcon.colcon_core.event_handler.log_command:Invoked command in '/home/ubuntu/myagv_ros2/build/myagv_ros2' returned '0': AMENT_PREFIX_PATH=/home/ubuntu/myagv_ros2/install/myagv_teleop_ros2:/home/ubuntu/myagv_ros2/install/ydlidar_ros2_driver:/home/ubuntu/myagv_ros2/install/myagv_ros2:/home/ubuntu/myagv_ros2/install/myagv_ps2:/home/ubuntu/myagv_ros2/install/myagv_bringup:/home/ubuntu/myagv_ros2/install/myagv_node:/home/ubuntu/myagv_ros2/install/myagv_navigation2:/home/ubuntu/myagv_ros2/install/myagv_description:/home/ubuntu/myagv_ros2/install/myagv_cartographer:/opt/ros/humble CMAKE_PREFIX_PATH=/home/ubuntu/myagv_ros2/install/myagv_bringup:/home/ubuntu/myagv_ros2/install/myagv_node:/home/ubuntu/myagv_ros2/install/myagv_description:/home/ubuntu/myagv_ros2/install/myagv_cartographer:/home/ubuntu/myagv_ros2/install/ydlidar_ros2_driver:/home/ubuntu/myagv_ros2/install/myagv_ros2:/home/ubuntu/myagv_ros2/install/myagv_ps2:/home/ubuntu/myagv_ros2/install/myagv_navigation2:/home/ubuntu/myagv_ros2/install/myagv_teleop_ros2:/opt/ros/humble /usr/bin/cmake --build /home/ubuntu/myagv_ros2/build/myagv_ros2 -- -j4 -l4
[16.625s] DEBUG:colcon.colcon_core.event_handler.log_command:Invoking command in '/home/ubuntu/myagv_ros2/build/myagv_ros2': AMENT_PREFIX_PATH=/home/ubuntu/myagv_ros2/install/myagv_teleop_ros2:/home/ubuntu/myagv_ros2/install/ydlidar_ros2_driver:/home/ubuntu/myagv_ros2/install/myagv_ros2:/home/ubuntu/myagv_ros2/install/myagv_ps2:/home/ubuntu/myagv_ros2/install/myagv_bringup:/home/ubuntu/myagv_ros2/install/myagv_node:/home/ubuntu/myagv_ros2/install/myagv_navigation2:/home/ubuntu/myagv_ros2/install/myagv_description:/home/ubuntu/myagv_ros2/install/myagv_cartographer:/opt/ros/humble CMAKE_PREFIX_PATH=/home/ubuntu/myagv_ros2/install/myagv_bringup:/home/ubuntu/myagv_ros2/install/myagv_node:/home/ubuntu/myagv_ros2/install/myagv_description:/home/ubuntu/myagv_ros2/install/myagv_cartographer:/home/ubuntu/myagv_ros2/install/ydlidar_ros2_driver:/home/ubuntu/myagv_ros2/install/myagv_ros2:/home/ubuntu/myagv_ros2/install/myagv_ps2:/home/ubuntu/myagv_ros2/install/myagv_navigation2:/home/ubuntu/myagv_ros2/install/myagv_teleop_ros2:/opt/ros/humble /usr/bin/cmake --install /home/ubuntu/myagv_ros2/build/myagv_ros2
[16.751s] Level 1:colcon.colcon_core.environment:create_environment_scripts_only(myagv_ros2)
[16.753s] Level 1:colcon.colcon_core.environment:checking '/home/ubuntu/myagv_ros2/install/myagv_ros2' for CMake module files
[16.755s] DEBUG:colcon.colcon_core.event_handler.log_command:Invoked command in '/home/ubuntu/myagv_ros2/build/myagv_ros2' returned '0': AMENT_PREFIX_PATH=/home/ubuntu/myagv_ros2/install/myagv_teleop_ros2:/home/ubuntu/myagv_ros2/install/ydlidar_ros2_driver:/home/ubuntu/myagv_ros2/install/myagv_ros2:/home/ubuntu/myagv_ros2/install/myagv_ps2:/home/ubuntu/myagv_ros2/install/myagv_bringup:/home/ubuntu/myagv_ros2/install/myagv_node:/home/ubuntu/myagv_ros2/install/myagv_navigation2:/home/ubuntu/myagv_ros2/install/myagv_description:/home/ubuntu/myagv_ros2/install/myagv_cartographer:/opt/ros/humble CMAKE_PREFIX_PATH=/home/ubuntu/myagv_ros2/install/myagv_bringup:/home/ubuntu/myagv_ros2/install/myagv_node:/home/ubuntu/myagv_ros2/install/myagv_description:/home/ubuntu/myagv_ros2/install/myagv_cartographer:/home/ubuntu/myagv_ros2/install/ydlidar_ros2_driver:/home/ubuntu/myagv_ros2/install/myagv_ros2:/home/ubuntu/myagv_ros2/install/myagv_ps2:/home/ubuntu/myagv_ros2/install/myagv_navigation2:/home/ubuntu/myagv_ros2/install/myagv_teleop_ros2:/opt/ros/humble /usr/bin/cmake --install /home/ubuntu/myagv_ros2/build/myagv_ros2
[16.758s] Level 1:colcon.colcon_core.environment:checking '/home/ubuntu/myagv_ros2/install/myagv_ros2' for CMake config files
[16.774s] Level 1:colcon.colcon_core.shell:create_environment_hook('myagv_ros2', 'cmake_prefix_path')
[16.776s] INFO:colcon.colcon_core.shell:Creating environment hook '/home/ubuntu/myagv_ros2/install/myagv_ros2/share/myagv_ros2/hook/cmake_prefix_path.ps1'
[16.778s] INFO:colcon.colcon_core.shell:Creating environment descriptor '/home/ubuntu/myagv_ros2/install/myagv_ros2/share/myagv_ros2/hook/cmake_prefix_path.dsv'
[16.781s] INFO:colcon.colcon_core.shell:Creating environment hook '/home/ubuntu/myagv_ros2/install/myagv_ros2/share/myagv_ros2/hook/cmake_prefix_path.sh'
[16.785s] Level 1:colcon.colcon_core.environment:checking '/home/ubuntu/myagv_ros2/install/myagv_ros2/bin'
[16.785s] Level 1:colcon.colcon_core.environment:checking '/home/ubuntu/myagv_ros2/install/myagv_ros2/lib/pkgconfig/myagv_ros2.pc'
[16.787s] Level 1:colcon.colcon_core.environment:checking '/home/ubuntu/myagv_ros2/install/myagv_ros2/lib/python3.10/site-packages'
[16.788s] Level 1:colcon.colcon_core.environment:checking '/home/ubuntu/myagv_ros2/install/myagv_ros2/bin'
[16.789s] INFO:colcon.colcon_core.shell:Creating package script '/home/ubuntu/myagv_ros2/install/myagv_ros2/share/myagv_ros2/package.ps1'
[16.791s] INFO:colcon.colcon_core.shell:Creating package descriptor '/home/ubuntu/myagv_ros2/install/myagv_ros2/share/myagv_ros2/package.dsv'
[16.793s] INFO:colcon.colcon_core.shell:Creating package script '/home/ubuntu/myagv_ros2/install/myagv_ros2/share/myagv_ros2/package.sh'
[16.795s] INFO:colcon.colcon_core.shell:Creating package script '/home/ubuntu/myagv_ros2/install/myagv_ros2/share/myagv_ros2/package.bash'
[16.796s] INFO:colcon.colcon_core.shell:Creating package script '/home/ubuntu/myagv_ros2/install/myagv_ros2/share/myagv_ros2/package.zsh'
[16.798s] Level 1:colcon.colcon_core.environment:create_file_with_runtime_dependencies(/home/ubuntu/myagv_ros2/install/myagv_ros2/share/colcon-core/packages/myagv_ros2)
[16.912s] Level 1:colcon.colcon_core.environment:create_environment_scripts_only(myagv_ros2)
[16.914s] Level 1:colcon.colcon_core.environment:checking '/home/ubuntu/myagv_ros2/install/myagv_ros2' for CMake module files
[16.918s] Level 1:colcon.colcon_core.environment:checking '/home/ubuntu/myagv_ros2/install/myagv_ros2' for CMake config files
[16.921s] Level 1:colcon.colcon_core.shell:create_environment_hook('myagv_ros2', 'cmake_prefix_path')
[16.923s] INFO:colcon.colcon_core.shell:Creating environment hook '/home/ubuntu/myagv_ros2/install/myagv_ros2/share/myagv_ros2/hook/cmake_prefix_path.ps1'
[16.925s] INFO:colcon.colcon_core.shell:Creating environment descriptor '/home/ubuntu/myagv_ros2/install/myagv_ros2/share/myagv_ros2/hook/cmake_prefix_path.dsv'
[16.927s] INFO:colcon.colcon_core.shell:Creating environment hook '/home/ubuntu/myagv_ros2/install/myagv_ros2/share/myagv_ros2/hook/cmake_prefix_path.sh'
[16.930s] Level 1:colcon.colcon_core.environment:checking '/home/ubuntu/myagv_ros2/install/myagv_ros2/bin'
[16.930s] Level 1:colcon.colcon_core.environment:checking '/home/ubuntu/myagv_ros2/install/myagv_ros2/lib/pkgconfig/myagv_ros2.pc'
[16.931s] Level 1:colcon.colcon_core.environment:checking '/home/ubuntu/myagv_ros2/install/myagv_ros2/lib/python3.10/site-packages'
[16.932s] Level 1:colcon.colcon_core.environment:checking '/home/ubuntu/myagv_ros2/install/myagv_ros2/bin'
[16.933s] INFO:colcon.colcon_core.shell:Creating package script '/home/ubuntu/myagv_ros2/install/myagv_ros2/share/myagv_ros2/package.ps1'
[16.935s] INFO:colcon.colcon_core.shell:Creating package descriptor '/home/ubuntu/myagv_ros2/install/myagv_ros2/share/myagv_ros2/package.dsv'
[16.938s] INFO:colcon.colcon_core.shell:Creating package script '/home/ubuntu/myagv_ros2/install/myagv_ros2/share/myagv_ros2/package.sh'
[16.941s] INFO:colcon.colcon_core.shell:Creating package script '/home/ubuntu/myagv_ros2/install/myagv_ros2/share/myagv_ros2/package.bash'
[16.943s] INFO:colcon.colcon_core.shell:Creating package script '/home/ubuntu/myagv_ros2/install/myagv_ros2/share/myagv_ros2/package.zsh'
[16.945s] Level 1:colcon.colcon_core.environment:create_file_with_runtime_dependencies(/home/ubuntu/myagv_ros2/install/myagv_ros2/share/colcon-core/packages/myagv_ros2)
[16.947s] DEBUG:colcon.colcon_parallel_executor.executor.parallel:closing loop
[16.948s] DEBUG:colcon.colcon_parallel_executor.executor.parallel:loop closed
[16.949s] DEBUG:colcon.colcon_parallel_executor.executor.parallel:run_until_complete finished with '0'
[16.950s] DEBUG:colcon.colcon_core.event_reactor:joining thread
[16.998s] INFO:colcon.colcon_core.plugin_system:Skipping extension 'colcon_notification.desktop_notification.terminal_notifier': Not used on non-Darwin systems
[16.998s] INFO:colcon.colcon_core.plugin_system:Skipping extension 'colcon_notification.desktop_notification.win32': Not used on non-Windows systems
[16.999s] INFO:colcon.colcon_notification.desktop_notification:Sending desktop notification using 'notify2'
[17.006s] DEBUG:colcon.colcon_notification.desktop_notification.notify2:Failed to initialize notify2: org.freedesktop.DBus.Error.ServiceUnknown: The name org.freedesktop.Notifications was not provided by any .service files
[17.007s] DEBUG:colcon.colcon_core.event_reactor:joined thread
[17.008s] INFO:colcon.colcon_core.shell:Creating prefix script '/home/ubuntu/myagv_ros2/install/local_setup.ps1'
[17.013s] INFO:colcon.colcon_core.shell:Creating prefix util module '/home/ubuntu/myagv_ros2/install/_local_setup_util_ps1.py'
[17.039s] INFO:colcon.colcon_core.shell:Creating prefix chain script '/home/ubuntu/myagv_ros2/install/setup.ps1'
[17.046s] INFO:colcon.colcon_core.shell:Creating prefix script '/home/ubuntu/myagv_ros2/install/local_setup.sh'
[17.048s] INFO:colcon.colcon_core.shell:Creating prefix util module '/home/ubuntu/myagv_ros2/install/_local_setup_util_sh.py'
[17.051s] INFO:colcon.colcon_core.shell:Creating prefix chain script '/home/ubuntu/myagv_ros2/install/setup.sh'
[17.058s] INFO:colcon.colcon_core.shell:Creating prefix script '/home/ubuntu/myagv_ros2/install/local_setup.bash'
[17.061s] INFO:colcon.colcon_core.shell:Creating prefix chain script '/home/ubuntu/myagv_ros2/install/setup.bash'
[17.067s] INFO:colcon.colcon_core.shell:Creating prefix script '/home/ubuntu/myagv_ros2/install/local_setup.zsh'
[17.069s] INFO:colcon.colcon_core.shell:Creating prefix chain script '/home/ubuntu/myagv_ros2/install/setup.zsh'
