[0.064s] Invoking command in '/home/ubuntu/myagv_ros2/build/myagv_cartographer': CMAKE_PREFIX_PATH=/opt/ros/humble /usr/bin/cmake /home/ubuntu/myagv_ros2/src/myagv_cartographer -DAMENT_CMAKE_SYMLINK_INSTALL=1 -DCMAKE_INSTALL_PREFIX=/home/ubuntu/myagv_ros2/install/myagv_cartographer
[0.928s] -- The C compiler identification is GNU 11.4.0
[1.360s] -- The CXX compiler identification is GNU 11.4.0
[1.414s] -- Detecting C compiler ABI info
[1.813s] -- Detecting C compiler ABI info - done
[1.839s] -- Check for working C compiler: /usr/bin/cc - skipped
[1.847s] -- Detecting C compile features
[1.849s] -- Detecting C compile features - done
[1.865s] -- Detecting CXX compiler ABI info
[2.253s] -- Detecting CXX compiler ABI info - done
[2.282s] -- Check for working CXX compiler: /usr/bin/c++ - skipped
[2.283s] -- Detecting CXX compile features
[2.284s] -- Detecting CXX compile features - done
[2.349s] -- Found ament_cmake: 1.3.8 (/opt/ros/humble/share/ament_cmake/cmake)
[3.324s] -- Found Python3: /usr/bin/python3 (found version "3.10.12") found components: Interpreter 
[3.778s] -- Override CMake install command with custom implementation using symlinks instead of copying resources
[4.326s] -- Found cartographer_ros: 2.0.9002 (/opt/ros/humble/share/cartographer_ros/cmake)
[4.834s] -- Found rosidl_generator_c: 3.1.5 (/opt/ros/humble/share/rosidl_generator_c/cmake)
[4.925s] -- Found rosidl_adapter: 3.1.5 (/opt/ros/humble/share/rosidl_adapter/cmake)
[5.035s] -- Found rosidl_generator_cpp: 3.1.5 (/opt/ros/humble/share/rosidl_generator_cpp/cmake)
[5.170s] -- Using all available rosidl_typesupport_c: rosidl_typesupport_fastrtps_c;rosidl_typesupport_introspection_c
[5.353s] -- Using all available rosidl_typesupport_cpp: rosidl_typesupport_fastrtps_cpp;rosidl_typesupport_introspection_cpp
[8.825s] -- Found rmw_implementation_cmake: 6.1.1 (/opt/ros/humble/share/rmw_implementation_cmake/cmake)
[8.868s] -- Found rmw_fastrtps_cpp: 6.2.6 (/opt/ros/humble/share/rmw_fastrtps_cpp/cmake)
[9.742s] -- Found OpenSSL: /usr/lib/aarch64-linux-gnu/libcrypto.so (found version "3.0.2")  
[10.061s] -- Found FastRTPS: /opt/ros/humble/include  
[10.578s] -- Using RMW implementation 'rmw_fastrtps_cpp' as default
[10.715s] -- Found Threads: TRUE  
[16.522s] -- Found ament_lint_auto: 0.12.10 (/opt/ros/humble/share/ament_lint_auto/cmake)
[17.203s] -- Added test 'flake8' to check Python code syntax and style conventions
[17.210s] -- Added test 'lint_cmake' to check CMake code style
[17.214s] -- Added test 'pep257' to check Python code against some of the docstring style conventions in PEP 257
[17.229s] -- Added test 'xmllint' to check XML markup files
[17.242s] -- Configuring done
[17.299s] -- Generating done
[17.307s] -- Build files have been written to: /home/ubuntu/myagv_ros2/build/myagv_cartographer
[17.360s] Invoked command in '/home/ubuntu/myagv_ros2/build/myagv_cartographer' returned '0': CMAKE_PREFIX_PATH=/opt/ros/humble /usr/bin/cmake /home/ubuntu/myagv_ros2/src/myagv_cartographer -DAMENT_CMAKE_SYMLINK_INSTALL=1 -DCMAKE_INSTALL_PREFIX=/home/ubuntu/myagv_ros2/install/myagv_cartographer
[17.381s] Invoking command in '/home/ubuntu/myagv_ros2/build/myagv_cartographer': CMAKE_PREFIX_PATH=/opt/ros/humble /usr/bin/cmake --build /home/ubuntu/myagv_ros2/build/myagv_cartographer -- -j4 -l4
[17.563s] Invoked command in '/home/ubuntu/myagv_ros2/build/myagv_cartographer' returned '0': CMAKE_PREFIX_PATH=/opt/ros/humble /usr/bin/cmake --build /home/ubuntu/myagv_ros2/build/myagv_cartographer -- -j4 -l4
[17.700s] Invoking command in '/home/ubuntu/myagv_ros2/build/myagv_cartographer': CMAKE_PREFIX_PATH=/opt/ros/humble /usr/bin/cmake --install /home/ubuntu/myagv_ros2/build/myagv_cartographer
[17.728s] -- Install configuration: ""
[17.730s] -- Execute custom install script
[17.733s] -- Symlinking: /home/ubuntu/myagv_ros2/install/myagv_cartographer/share/myagv_cartographer/launch/cartographer.launch.py
[17.764s] -- Symlinking: /home/ubuntu/myagv_ros2/install/myagv_cartographer/share/myagv_cartographer/launch/occupancy_grid.launch.py
[17.801s] -- Symlinking: /home/ubuntu/myagv_ros2/install/myagv_cartographer/share/myagv_cartographer/config/myagv_lidar.lua
[17.835s] -- Symlinking: /home/ubuntu/myagv_ros2/install/myagv_cartographer/share/ament_index/resource_index/package_run_dependencies/myagv_cartographer
[17.870s] -- Symlinking: /home/ubuntu/myagv_ros2/install/myagv_cartographer/share/ament_index/resource_index/parent_prefix_path/myagv_cartographer
[17.906s] -- Symlinking: /home/ubuntu/myagv_ros2/install/myagv_cartographer/share/myagv_cartographer/environment/ament_prefix_path.sh
[17.941s] -- Symlinking: /home/ubuntu/myagv_ros2/install/myagv_cartographer/share/myagv_cartographer/environment/ament_prefix_path.dsv
[17.975s] -- Symlinking: /home/ubuntu/myagv_ros2/install/myagv_cartographer/share/myagv_cartographer/environment/path.sh
[18.010s] -- Symlinking: /home/ubuntu/myagv_ros2/install/myagv_cartographer/share/myagv_cartographer/environment/path.dsv
[18.044s] -- Symlinking: /home/ubuntu/myagv_ros2/install/myagv_cartographer/share/myagv_cartographer/local_setup.bash
[18.079s] -- Symlinking: /home/ubuntu/myagv_ros2/install/myagv_cartographer/share/myagv_cartographer/local_setup.sh
[18.113s] -- Symlinking: /home/ubuntu/myagv_ros2/install/myagv_cartographer/share/myagv_cartographer/local_setup.zsh
[18.147s] -- Symlinking: /home/ubuntu/myagv_ros2/install/myagv_cartographer/share/myagv_cartographer/local_setup.dsv
[18.181s] -- Symlinking: /home/ubuntu/myagv_ros2/install/myagv_cartographer/share/myagv_cartographer/package.dsv
[18.216s] -- Symlinking: /home/ubuntu/myagv_ros2/install/myagv_cartographer/share/ament_index/resource_index/packages/myagv_cartographer
[18.251s] -- Symlinking: /home/ubuntu/myagv_ros2/install/myagv_cartographer/share/myagv_cartographer/cmake/myagv_cartographerConfig.cmake
[18.284s] -- Symlinking: /home/ubuntu/myagv_ros2/install/myagv_cartographer/share/myagv_cartographer/cmake/myagv_cartographerConfig-version.cmake
[18.319s] -- Symlinking: /home/ubuntu/myagv_ros2/install/myagv_cartographer/share/myagv_cartographer/package.xml
[18.359s] Invoked command in '/home/ubuntu/myagv_ros2/build/myagv_cartographer' returned '0': CMAKE_PREFIX_PATH=/opt/ros/humble /usr/bin/cmake --install /home/ubuntu/myagv_ros2/build/myagv_cartographer
