-- Install configuration: ""
-- Execute custom install script
-- Up-to-date symlink: /home/ubuntu/myagv_ros2/install/myagv_description/share/myagv_description/urdf/myAGV.urdf
-- Up-to-date symlink: /home/ubuntu/myagv_ros2/install/myagv_description/share/myagv_description/meshes/myagv_all.dae
-- Up-to-date symlink: /home/ubuntu/myagv_ros2/install/myagv_description/share/myagv_description/meshes/myagv_base.dae
-- Up-to-date symlink: /home/ubuntu/myagv_ros2/install/myagv_description/share/myagv_description/meshes/myagv_up.dae
-- Up-to-date symlink: /home/ubuntu/myagv_ros2/install/myagv_description/share/ament_index/resource_index/package_run_dependencies/myagv_description
-- Up-to-date symlink: /home/ubuntu/myagv_ros2/install/myagv_description/share/ament_index/resource_index/parent_prefix_path/myagv_description
-- Up-to-date symlink: /home/ubuntu/myagv_ros2/install/myagv_description/share/myagv_description/environment/ament_prefix_path.sh
-- Up-to-date symlink: /home/ubuntu/myagv_ros2/install/myagv_description/share/myagv_description/environment/ament_prefix_path.dsv
-- Up-to-date symlink: /home/ubuntu/myagv_ros2/install/myagv_description/share/myagv_description/environment/path.sh
-- Up-to-date symlink: /home/ubuntu/myagv_ros2/install/myagv_description/share/myagv_description/environment/path.dsv
-- Up-to-date symlink: /home/ubuntu/myagv_ros2/install/myagv_description/share/myagv_description/local_setup.bash
-- Up-to-date symlink: /home/ubuntu/myagv_ros2/install/myagv_description/share/myagv_description/local_setup.sh
-- Up-to-date symlink: /home/ubuntu/myagv_ros2/install/myagv_description/share/myagv_description/local_setup.zsh
-- Up-to-date symlink: /home/ubuntu/myagv_ros2/install/myagv_description/share/myagv_description/local_setup.dsv
-- Symlinking: /home/ubuntu/myagv_ros2/install/myagv_description/share/myagv_description/package.dsv
-- Up-to-date symlink: /home/ubuntu/myagv_ros2/install/myagv_description/share/ament_index/resource_index/packages/myagv_description
-- Up-to-date symlink: /home/ubuntu/myagv_ros2/install/myagv_description/share/myagv_description/cmake/myagv_descriptionConfig.cmake
-- Up-to-date symlink: /home/ubuntu/myagv_ros2/install/myagv_description/share/myagv_description/cmake/myagv_descriptionConfig-version.cmake
-- Up-to-date symlink: /home/ubuntu/myagv_ros2/install/myagv_description/share/myagv_description/package.xml
