-- The C compiler identification is GNU 11.4.0
-- The CXX compiler identification is GNU 11.4.0
-- Detecting C compiler ABI info
-- Detecting C compiler ABI info - done
-- Check for working C compiler: /usr/bin/cc - skipped
-- Detecting C compile features
-- Detecting C compile features - done
-- Detecting CXX compiler ABI info
-- Detecting CXX compiler ABI info - done
-- Check for working CXX compiler: /usr/bin/c++ - skipped
-- Detecting CXX compile features
-- Detecting CXX compile features - done
-- Found ament_cmake: 1.3.8 (/opt/ros/humble/share/ament_cmake/cmake)
-- Found Python3: /usr/bin/python3 (found version "3.10.12") found components: Interpreter 
-- Override CMake install command with custom implementation using symlinks instead of copying resources
-- Configuring done
-- Generating done
-- Build files have been written to: /home/ubuntu/myagv_ros2/build/myagv_bringup
-- Install configuration: ""
-- Execute custom install script
-- Symlinking: /home/ubuntu/myagv_ros2/install/myagv_bringup/share/myagv_bringup/launch/myagv.launch.py
-- Symlinking: /home/ubuntu/myagv_ros2/install/myagv_bringup/share/myagv_bringup/launch/myagv_state_publisher.launch.py
-- Symlinking: /home/ubuntu/myagv_ros2/install/myagv_bringup/share/ament_index/resource_index/package_run_dependencies/myagv_bringup
-- Symlinking: /home/ubuntu/myagv_ros2/install/myagv_bringup/share/ament_index/resource_index/parent_prefix_path/myagv_bringup
-- Symlinking: /home/ubuntu/myagv_ros2/install/myagv_bringup/share/myagv_bringup/environment/ament_prefix_path.sh
-- Symlinking: /home/ubuntu/myagv_ros2/install/myagv_bringup/share/myagv_bringup/environment/ament_prefix_path.dsv
-- Symlinking: /home/ubuntu/myagv_ros2/install/myagv_bringup/share/myagv_bringup/environment/path.sh
-- Symlinking: /home/ubuntu/myagv_ros2/install/myagv_bringup/share/myagv_bringup/environment/path.dsv
-- Symlinking: /home/ubuntu/myagv_ros2/install/myagv_bringup/share/myagv_bringup/local_setup.bash
-- Symlinking: /home/ubuntu/myagv_ros2/install/myagv_bringup/share/myagv_bringup/local_setup.sh
-- Symlinking: /home/ubuntu/myagv_ros2/install/myagv_bringup/share/myagv_bringup/local_setup.zsh
-- Symlinking: /home/ubuntu/myagv_ros2/install/myagv_bringup/share/myagv_bringup/local_setup.dsv
-- Symlinking: /home/ubuntu/myagv_ros2/install/myagv_bringup/share/myagv_bringup/package.dsv
-- Symlinking: /home/ubuntu/myagv_ros2/install/myagv_bringup/share/ament_index/resource_index/packages/myagv_bringup
-- Symlinking: /home/ubuntu/myagv_ros2/install/myagv_bringup/share/myagv_bringup/cmake/myagv_bringupConfig.cmake
-- Symlinking: /home/ubuntu/myagv_ros2/install/myagv_bringup/share/myagv_bringup/cmake/myagv_bringupConfig-version.cmake
-- Symlinking: /home/ubuntu/myagv_ros2/install/myagv_bringup/share/myagv_bringup/package.xml
