[0.175s] Invoking command in '/home/ubuntu/myagv_ros2/build/myagv_cartographer': CMAKE_PREFIX_PATH=${CMAKE_PREFIX_PATH}:/home/ubuntu/myagv_ros2/install/myagv_teleop_ros2:/opt/ros/humble /usr/bin/cmake --build /home/ubuntu/myagv_ros2/build/myagv_cartographer -- -j4 -l4
[3.703s] Invoked command in '/home/ubuntu/myagv_ros2/build/myagv_cartographer' returned '0': CMAKE_PREFIX_PATH=${CMAKE_PREFIX_PATH}:/home/ubuntu/myagv_ros2/install/myagv_teleop_ros2:/opt/ros/humble /usr/bin/cmake --build /home/ubuntu/myagv_ros2/build/myagv_cartographer -- -j4 -l4
[3.945s] Invoking command in '/home/ubuntu/myagv_ros2/build/myagv_cartographer': CMAKE_PREFIX_PATH=${CMAKE_PREFIX_PATH}:/home/ubuntu/myagv_ros2/install/myagv_teleop_ros2:/opt/ros/humble /usr/bin/cmake --install /home/ubuntu/myagv_ros2/build/myagv_cartographer
[4.044s] -- Install configuration: ""
[4.250s] -- Execute custom install script
[4.544s] -- Up-to-date symlink: /home/ubuntu/myagv_ros2/install/myagv_cartographer/share/myagv_cartographer/launch/cartographer.launch.py
[4.869s] -- Up-to-date symlink: /home/ubuntu/myagv_ros2/install/myagv_cartographer/share/myagv_cartographer/launch/occupancy_grid.launch.py
[5.070s] -- Up-to-date symlink: /home/ubuntu/myagv_ros2/install/myagv_cartographer/share/myagv_cartographer/config/myagv_lidar.lua
[5.071s] -- Up-to-date symlink: /home/ubuntu/myagv_ros2/install/myagv_cartographer/share/ament_index/resource_index/package_run_dependencies/myagv_cartographer
[5.174s] -- Up-to-date symlink: /home/ubuntu/myagv_ros2/install/myagv_cartographer/share/ament_index/resource_index/parent_prefix_path/myagv_cartographer
[5.182s] -- Up-to-date symlink: /home/ubuntu/myagv_ros2/install/myagv_cartographer/share/myagv_cartographer/environment/ament_prefix_path.sh
[5.187s] -- Up-to-date symlink: /home/ubuntu/myagv_ros2/install/myagv_cartographer/share/myagv_cartographer/environment/ament_prefix_path.dsv
[5.190s] -- Up-to-date symlink: /home/ubuntu/myagv_ros2/install/myagv_cartographer/share/myagv_cartographer/environment/path.sh
[5.197s] -- Up-to-date symlink: /home/ubuntu/myagv_ros2/install/myagv_cartographer/share/myagv_cartographer/environment/path.dsv
[5.207s] -- Up-to-date symlink: /home/ubuntu/myagv_ros2/install/myagv_cartographer/share/myagv_cartographer/local_setup.bash
[5.212s] -- Up-to-date symlink: /home/ubuntu/myagv_ros2/install/myagv_cartographer/share/myagv_cartographer/local_setup.sh
[5.215s] -- Up-to-date symlink: /home/ubuntu/myagv_ros2/install/myagv_cartographer/share/myagv_cartographer/local_setup.zsh
[5.222s] -- Up-to-date symlink: /home/ubuntu/myagv_ros2/install/myagv_cartographer/share/myagv_cartographer/local_setup.dsv
[5.224s] -- Symlinking: /home/ubuntu/myagv_ros2/install/myagv_cartographer/share/myagv_cartographer/package.dsv
[5.275s] -- Up-to-date symlink: /home/ubuntu/myagv_ros2/install/myagv_cartographer/share/ament_index/resource_index/packages/myagv_cartographer
[5.276s] -- Up-to-date symlink: /home/ubuntu/myagv_ros2/install/myagv_cartographer/share/myagv_cartographer/cmake/myagv_cartographerConfig.cmake
[5.280s] -- Up-to-date symlink: /home/ubuntu/myagv_ros2/install/myagv_cartographer/share/myagv_cartographer/cmake/myagv_cartographerConfig-version.cmake
[5.281s] -- Up-to-date symlink: /home/ubuntu/myagv_ros2/install/myagv_cartographer/share/myagv_cartographer/package.xml
[5.464s] Invoked command in '/home/ubuntu/myagv_ros2/build/myagv_cartographer' returned '0': CMAKE_PREFIX_PATH=${CMAKE_PREFIX_PATH}:/home/ubuntu/myagv_ros2/install/myagv_teleop_ros2:/opt/ros/humble /usr/bin/cmake --install /home/ubuntu/myagv_ros2/build/myagv_cartographer
