[0.083s] Invoking command in '/home/ubuntu/myagv_ros2/build/ydlidar_ros2_driver': CMAKE_PREFIX_PATH=${CMAKE_PREFIX_PATH}:/home/ubuntu/myagv_ros2/install/myagv_teleop_ros2:/opt/ros/humble /usr/bin/cmake --build /home/ubuntu/myagv_ros2/build/ydlidar_ros2_driver -- -j4 -l4
[0.552s] [ 50%] Built target ydlidar_ros2_driver_node
[0.702s] [100%] Built target ydlidar_ros2_driver_client
[0.760s] Invoked command in '/home/ubuntu/myagv_ros2/build/ydlidar_ros2_driver' returned '0': CMAKE_PREFIX_PATH=${CMAKE_PREFIX_PATH}:/home/ubuntu/myagv_ros2/install/myagv_teleop_ros2:/opt/ros/humble /usr/bin/cmake --build /home/ubuntu/myagv_ros2/build/ydlidar_ros2_driver -- -j4 -l4
[0.980s] Invoking command in '/home/ubuntu/myagv_ros2/build/ydlidar_ros2_driver': CMAKE_PREFIX_PATH=${CMAKE_PREFIX_PATH}:/home/ubuntu/myagv_ros2/install/myagv_teleop_ros2:/opt/ros/humble /usr/bin/cmake --install /home/ubuntu/myagv_ros2/build/ydlidar_ros2_driver
[1.028s] -- Install configuration: ""
[1.030s] -- Execute custom install script
[1.033s] -- Up-to-date symlink: /home/ubuntu/myagv_ros2/install/ydlidar_ros2_driver/lib/ydlidar_ros2_driver/ydlidar_ros2_driver_node
[1.036s] -- Up-to-date symlink: /home/ubuntu/myagv_ros2/install/ydlidar_ros2_driver/lib/ydlidar_ros2_driver/ydlidar_ros2_driver_client
[1.040s] -- Up-to-date symlink: /home/ubuntu/myagv_ros2/install/ydlidar_ros2_driver/share/ydlidar_ros2_driver/launch/ydlidar.py
[1.042s] -- Up-to-date symlink: /home/ubuntu/myagv_ros2/install/ydlidar_ros2_driver/share/ydlidar_ros2_driver/launch/ydlidar_launch.py
[1.044s] -- Up-to-date symlink: /home/ubuntu/myagv_ros2/install/ydlidar_ros2_driver/share/ydlidar_ros2_driver/launch/ydlidar_launch_view.py
[1.047s] -- Up-to-date symlink: /home/ubuntu/myagv_ros2/install/ydlidar_ros2_driver/share/ydlidar_ros2_driver/params/ydlidar.yaml
[1.051s] -- Up-to-date symlink: /home/ubuntu/myagv_ros2/install/ydlidar_ros2_driver/share/ydlidar_ros2_driver/startup/initenv.sh
[1.055s] -- Up-to-date symlink: /home/ubuntu/myagv_ros2/install/ydlidar_ros2_driver/share/ydlidar_ros2_driver/config/ydlidar.rviz
[1.057s] -- Up-to-date symlink: /home/ubuntu/myagv_ros2/install/ydlidar_ros2_driver/share/ament_index/resource_index/package_run_dependencies/ydlidar_ros2_driver
[1.059s] -- Up-to-date symlink: /home/ubuntu/myagv_ros2/install/ydlidar_ros2_driver/share/ament_index/resource_index/parent_prefix_path/ydlidar_ros2_driver
[1.061s] -- Up-to-date symlink: /home/ubuntu/myagv_ros2/install/ydlidar_ros2_driver/share/ydlidar_ros2_driver/environment/ament_prefix_path.sh
[1.063s] -- Up-to-date symlink: /home/ubuntu/myagv_ros2/install/ydlidar_ros2_driver/share/ydlidar_ros2_driver/environment/ament_prefix_path.dsv
[1.065s] -- Up-to-date symlink: /home/ubuntu/myagv_ros2/install/ydlidar_ros2_driver/share/ydlidar_ros2_driver/environment/path.sh
[1.067s] -- Up-to-date symlink: /home/ubuntu/myagv_ros2/install/ydlidar_ros2_driver/share/ydlidar_ros2_driver/environment/path.dsv
[1.069s] -- Up-to-date symlink: /home/ubuntu/myagv_ros2/install/ydlidar_ros2_driver/share/ydlidar_ros2_driver/local_setup.bash
[1.070s] -- Up-to-date symlink: /home/ubuntu/myagv_ros2/install/ydlidar_ros2_driver/share/ydlidar_ros2_driver/local_setup.sh
[1.072s] -- Up-to-date symlink: /home/ubuntu/myagv_ros2/install/ydlidar_ros2_driver/share/ydlidar_ros2_driver/local_setup.zsh
[1.074s] -- Up-to-date symlink: /home/ubuntu/myagv_ros2/install/ydlidar_ros2_driver/share/ydlidar_ros2_driver/local_setup.dsv
[1.074s] -- Symlinking: /home/ubuntu/myagv_ros2/install/ydlidar_ros2_driver/share/ydlidar_ros2_driver/package.dsv
[1.114s] -- Up-to-date symlink: /home/ubuntu/myagv_ros2/install/ydlidar_ros2_driver/share/ament_index/resource_index/packages/ydlidar_ros2_driver
[1.127s] -- Up-to-date symlink: /home/ubuntu/myagv_ros2/install/ydlidar_ros2_driver/share/ydlidar_ros2_driver/cmake/ydlidar_ros2_driverConfig.cmake
[1.130s] -- Up-to-date symlink: /home/ubuntu/myagv_ros2/install/ydlidar_ros2_driver/share/ydlidar_ros2_driver/cmake/ydlidar_ros2_driverConfig-version.cmake
[1.133s] -- Up-to-date symlink: /home/ubuntu/myagv_ros2/install/ydlidar_ros2_driver/share/ydlidar_ros2_driver/package.xml
[1.149s] Invoked command in '/home/ubuntu/myagv_ros2/build/ydlidar_ros2_driver' returned '0': CMAKE_PREFIX_PATH=${CMAKE_PREFIX_PATH}:/home/ubuntu/myagv_ros2/install/myagv_teleop_ros2:/opt/ros/humble /usr/bin/cmake --install /home/ubuntu/myagv_ros2/build/ydlidar_ros2_driver
