[0.212s] Invoking command in '/home/ubuntu/myagv_ros2/build/myagv_description': CMAKE_PREFIX_PATH=${CMAKE_PREFIX_PATH}:/home/ubuntu/myagv_ros2/install/myagv_teleop_ros2:/opt/ros/humble /usr/bin/cmake /home/ubuntu/myagv_ros2/src/myagv_description -DCMAKE_INSTALL_PREFIX=/home/ubuntu/myagv_ros2/install/myagv_description
[0.514s] -- Found ament_cmake: 1.3.8 (/opt/ros/humble/share/ament_cmake/cmake)
[1.531s] -- Override CMake install command with custom implementation using symlinks instead of copying resources
[1.598s] -- Found urdf: 2.6.0 (/opt/ros/humble/share/urdf/cmake)
[2.107s] -- Found ament_lint_auto: 0.12.10 (/opt/ros/humble/share/ament_lint_auto/cmake)
[2.680s] -- Added test 'lint_cmake' to check CMake code style
[2.692s] -- Added test 'xmllint' to check XML markup files
[2.704s] -- Configuring done
[2.747s] -- Generating done
[2.769s] -- Build files have been written to: /home/ubuntu/myagv_ros2/build/myagv_description
[2.796s] Invoked command in '/home/ubuntu/myagv_ros2/build/myagv_description' returned '0': CMAKE_PREFIX_PATH=${CMAKE_PREFIX_PATH}:/home/ubuntu/myagv_ros2/install/myagv_teleop_ros2:/opt/ros/humble /usr/bin/cmake /home/ubuntu/myagv_ros2/src/myagv_description -DCMAKE_INSTALL_PREFIX=/home/ubuntu/myagv_ros2/install/myagv_description
[2.809s] Invoking command in '/home/ubuntu/myagv_ros2/build/myagv_description': CMAKE_PREFIX_PATH=${CMAKE_PREFIX_PATH}:/home/ubuntu/myagv_ros2/install/myagv_teleop_ros2:/opt/ros/humble /usr/bin/cmake --build /home/ubuntu/myagv_ros2/build/myagv_description -- -j4 -l4
[3.009s] Invoked command in '/home/ubuntu/myagv_ros2/build/myagv_description' returned '0': CMAKE_PREFIX_PATH=${CMAKE_PREFIX_PATH}:/home/ubuntu/myagv_ros2/install/myagv_teleop_ros2:/opt/ros/humble /usr/bin/cmake --build /home/ubuntu/myagv_ros2/build/myagv_description -- -j4 -l4
[3.176s] Invoking command in '/home/ubuntu/myagv_ros2/build/myagv_description': CMAKE_PREFIX_PATH=${CMAKE_PREFIX_PATH}:/home/ubuntu/myagv_ros2/install/myagv_teleop_ros2:/opt/ros/humble /usr/bin/cmake --install /home/ubuntu/myagv_ros2/build/myagv_description
[3.210s] -- Install configuration: ""
[3.212s] -- Execute custom install script
[3.220s] -- Up-to-date symlink: /home/ubuntu/myagv_ros2/install/myagv_description/share/myagv_description/urdf/myAGV.urdf
[3.225s] -- Up-to-date symlink: /home/ubuntu/myagv_ros2/install/myagv_description/share/myagv_description/meshes/myagv_all.dae
[3.227s] -- Up-to-date symlink: /home/ubuntu/myagv_ros2/install/myagv_description/share/myagv_description/meshes/myagv_base.dae
[3.230s] -- Up-to-date symlink: /home/ubuntu/myagv_ros2/install/myagv_description/share/myagv_description/meshes/myagv_up.dae
[3.233s] -- Up-to-date symlink: /home/ubuntu/myagv_ros2/install/myagv_description/share/ament_index/resource_index/package_run_dependencies/myagv_description
[3.236s] -- Up-to-date symlink: /home/ubuntu/myagv_ros2/install/myagv_description/share/ament_index/resource_index/parent_prefix_path/myagv_description
[3.239s] -- Up-to-date symlink: /home/ubuntu/myagv_ros2/install/myagv_description/share/myagv_description/environment/ament_prefix_path.sh
[3.242s] -- Up-to-date symlink: /home/ubuntu/myagv_ros2/install/myagv_description/share/myagv_description/environment/ament_prefix_path.dsv
[3.245s] -- Up-to-date symlink: /home/ubuntu/myagv_ros2/install/myagv_description/share/myagv_description/environment/path.sh
[3.248s] -- Up-to-date symlink: /home/ubuntu/myagv_ros2/install/myagv_description/share/myagv_description/environment/path.dsv
[3.250s] -- Up-to-date symlink: /home/ubuntu/myagv_ros2/install/myagv_description/share/myagv_description/local_setup.bash
[3.253s] -- Up-to-date symlink: /home/ubuntu/myagv_ros2/install/myagv_description/share/myagv_description/local_setup.sh
[3.256s] -- Up-to-date symlink: /home/ubuntu/myagv_ros2/install/myagv_description/share/myagv_description/local_setup.zsh
[3.259s] -- Up-to-date symlink: /home/ubuntu/myagv_ros2/install/myagv_description/share/myagv_description/local_setup.dsv
[3.262s] -- Symlinking: /home/ubuntu/myagv_ros2/install/myagv_description/share/myagv_description/package.dsv
[3.300s] -- Up-to-date symlink: /home/ubuntu/myagv_ros2/install/myagv_description/share/ament_index/resource_index/packages/myagv_description
[3.309s] -- Up-to-date symlink: /home/ubuntu/myagv_ros2/install/myagv_description/share/myagv_description/cmake/myagv_descriptionConfig.cmake
[3.312s] -- Up-to-date symlink: /home/ubuntu/myagv_ros2/install/myagv_description/share/myagv_description/cmake/myagv_descriptionConfig-version.cmake
[3.314s] -- Up-to-date symlink: /home/ubuntu/myagv_ros2/install/myagv_description/share/myagv_description/package.xml
[3.324s] Invoked command in '/home/ubuntu/myagv_ros2/build/myagv_description' returned '0': CMAKE_PREFIX_PATH=${CMAKE_PREFIX_PATH}:/home/ubuntu/myagv_ros2/install/myagv_teleop_ros2:/opt/ros/humble /usr/bin/cmake --install /home/ubuntu/myagv_ros2/build/myagv_description
