[0.128s] Invoking command in '/home/ubuntu/myagv_ros2/build/myagv_ros2': AMENT_PREFIX_PATH=/home/ubuntu/myagv_ros2/install/myagv_teleop_ros2:/home/ubuntu/myagv_ros2/install/ydlidar_ros2_driver:/home/ubuntu/myagv_ros2/install/myagv_ros2:/home/ubuntu/myagv_ros2/install/myagv_ps2:/home/ubuntu/myagv_ros2/install/myagv_bringup:/home/ubuntu/myagv_ros2/install/myagv_node:/home/ubuntu/myagv_ros2/install/myagv_navigation2:/home/ubuntu/myagv_ros2/install/myagv_description:/home/ubuntu/myagv_ros2/install/myagv_cartographer:/opt/ros/humble CMAKE_PREFIX_PATH=/home/ubuntu/myagv_ros2/install/myagv_bringup:/home/ubuntu/myagv_ros2/install/myagv_node:/home/ubuntu/myagv_ros2/install/myagv_description:/home/ubuntu/myagv_ros2/install/myagv_cartographer:/home/ubuntu/myagv_ros2/install/ydlidar_ros2_driver:/home/ubuntu/myagv_ros2/install/myagv_ros2:/home/ubuntu/myagv_ros2/install/myagv_ps2:/home/ubuntu/myagv_ros2/install/myagv_navigation2:/home/ubuntu/myagv_ros2/install/myagv_teleop_ros2:/opt/ros/humble /usr/bin/cmake --build /home/ubuntu/myagv_ros2/build/myagv_ros2 -- -j4 -l4
[0.406s] Invoked command in '/home/ubuntu/myagv_ros2/build/myagv_ros2' returned '0': AMENT_PREFIX_PATH=/home/ubuntu/myagv_ros2/install/myagv_teleop_ros2:/home/ubuntu/myagv_ros2/install/ydlidar_ros2_driver:/home/ubuntu/myagv_ros2/install/myagv_ros2:/home/ubuntu/myagv_ros2/install/myagv_ps2:/home/ubuntu/myagv_ros2/install/myagv_bringup:/home/ubuntu/myagv_ros2/install/myagv_node:/home/ubuntu/myagv_ros2/install/myagv_navigation2:/home/ubuntu/myagv_ros2/install/myagv_description:/home/ubuntu/myagv_ros2/install/myagv_cartographer:/opt/ros/humble CMAKE_PREFIX_PATH=/home/ubuntu/myagv_ros2/install/myagv_bringup:/home/ubuntu/myagv_ros2/install/myagv_node:/home/ubuntu/myagv_ros2/install/myagv_description:/home/ubuntu/myagv_ros2/install/myagv_cartographer:/home/ubuntu/myagv_ros2/install/ydlidar_ros2_driver:/home/ubuntu/myagv_ros2/install/myagv_ros2:/home/ubuntu/myagv_ros2/install/myagv_ps2:/home/ubuntu/myagv_ros2/install/myagv_navigation2:/home/ubuntu/myagv_ros2/install/myagv_teleop_ros2:/opt/ros/humble /usr/bin/cmake --build /home/ubuntu/myagv_ros2/build/myagv_ros2 -- -j4 -l4
[0.707s] Invoking command in '/home/ubuntu/myagv_ros2/build/myagv_ros2': AMENT_PREFIX_PATH=/home/ubuntu/myagv_ros2/install/myagv_teleop_ros2:/home/ubuntu/myagv_ros2/install/ydlidar_ros2_driver:/home/ubuntu/myagv_ros2/install/myagv_ros2:/home/ubuntu/myagv_ros2/install/myagv_ps2:/home/ubuntu/myagv_ros2/install/myagv_bringup:/home/ubuntu/myagv_ros2/install/myagv_node:/home/ubuntu/myagv_ros2/install/myagv_navigation2:/home/ubuntu/myagv_ros2/install/myagv_description:/home/ubuntu/myagv_ros2/install/myagv_cartographer:/opt/ros/humble CMAKE_PREFIX_PATH=/home/ubuntu/myagv_ros2/install/myagv_bringup:/home/ubuntu/myagv_ros2/install/myagv_node:/home/ubuntu/myagv_ros2/install/myagv_description:/home/ubuntu/myagv_ros2/install/myagv_cartographer:/home/ubuntu/myagv_ros2/install/ydlidar_ros2_driver:/home/ubuntu/myagv_ros2/install/myagv_ros2:/home/ubuntu/myagv_ros2/install/myagv_ps2:/home/ubuntu/myagv_ros2/install/myagv_navigation2:/home/ubuntu/myagv_ros2/install/myagv_teleop_ros2:/opt/ros/humble /usr/bin/cmake --install /home/ubuntu/myagv_ros2/build/myagv_ros2
[0.739s] -- Install configuration: ""
[0.744s] -- Execute custom install script
[0.745s] -- Up-to-date symlink: /home/ubuntu/myagv_ros2/install/myagv_ros2/share/ament_index/resource_index/package_run_dependencies/myagv_ros2
[0.752s] -- Up-to-date symlink: /home/ubuntu/myagv_ros2/install/myagv_ros2/share/ament_index/resource_index/parent_prefix_path/myagv_ros2
[0.755s] -- Up-to-date symlink: /home/ubuntu/myagv_ros2/install/myagv_ros2/share/myagv_ros2/environment/ament_prefix_path.sh
[0.756s] -- Up-to-date symlink: /home/ubuntu/myagv_ros2/install/myagv_ros2/share/myagv_ros2/environment/ament_prefix_path.dsv
[0.765s] -- Up-to-date symlink: /home/ubuntu/myagv_ros2/install/myagv_ros2/share/myagv_ros2/environment/path.sh
[0.767s] -- Up-to-date symlink: /home/ubuntu/myagv_ros2/install/myagv_ros2/share/myagv_ros2/environment/path.dsv
[0.774s] -- Up-to-date symlink: /home/ubuntu/myagv_ros2/install/myagv_ros2/share/myagv_ros2/local_setup.bash
[0.775s] -- Up-to-date symlink: /home/ubuntu/myagv_ros2/install/myagv_ros2/share/myagv_ros2/local_setup.sh
[0.777s] -- Up-to-date symlink: /home/ubuntu/myagv_ros2/install/myagv_ros2/share/myagv_ros2/local_setup.zsh
[0.780s] -- Up-to-date symlink: /home/ubuntu/myagv_ros2/install/myagv_ros2/share/myagv_ros2/local_setup.dsv
[0.781s] -- Symlinking: /home/ubuntu/myagv_ros2/install/myagv_ros2/share/myagv_ros2/package.dsv
[0.828s] -- Up-to-date symlink: /home/ubuntu/myagv_ros2/install/myagv_ros2/share/ament_index/resource_index/packages/myagv_ros2
[0.835s] -- Up-to-date symlink: /home/ubuntu/myagv_ros2/install/myagv_ros2/share/myagv_ros2/cmake/myagv_ros2Config.cmake
[0.842s] -- Up-to-date symlink: /home/ubuntu/myagv_ros2/install/myagv_ros2/share/myagv_ros2/cmake/myagv_ros2Config-version.cmake
[0.845s] -- Up-to-date symlink: /home/ubuntu/myagv_ros2/install/myagv_ros2/share/myagv_ros2/package.xml
[0.867s] Invoked command in '/home/ubuntu/myagv_ros2/build/myagv_ros2' returned '0': AMENT_PREFIX_PATH=/home/ubuntu/myagv_ros2/install/myagv_teleop_ros2:/home/ubuntu/myagv_ros2/install/ydlidar_ros2_driver:/home/ubuntu/myagv_ros2/install/myagv_ros2:/home/ubuntu/myagv_ros2/install/myagv_ps2:/home/ubuntu/myagv_ros2/install/myagv_bringup:/home/ubuntu/myagv_ros2/install/myagv_node:/home/ubuntu/myagv_ros2/install/myagv_navigation2:/home/ubuntu/myagv_ros2/install/myagv_description:/home/ubuntu/myagv_ros2/install/myagv_cartographer:/opt/ros/humble CMAKE_PREFIX_PATH=/home/ubuntu/myagv_ros2/install/myagv_bringup:/home/ubuntu/myagv_ros2/install/myagv_node:/home/ubuntu/myagv_ros2/install/myagv_description:/home/ubuntu/myagv_ros2/install/myagv_cartographer:/home/ubuntu/myagv_ros2/install/ydlidar_ros2_driver:/home/ubuntu/myagv_ros2/install/myagv_ros2:/home/ubuntu/myagv_ros2/install/myagv_ps2:/home/ubuntu/myagv_ros2/install/myagv_navigation2:/home/ubuntu/myagv_ros2/install/myagv_teleop_ros2:/opt/ros/humble /usr/bin/cmake --install /home/ubuntu/myagv_ros2/build/myagv_ros2
