running develop
Removing /home/ubuntu/myagv_ros2/install/myagv_teleop_ros2/lib/python3.10/site-packages/myagv-teleop-ros2.egg-link (link to .)
running egg_info
writing ../../build/myagv_teleop_ros2/myagv_teleop_ros2.egg-info/PKG-INFO
writing dependency_links to ../../build/myagv_teleop_ros2/myagv_teleop_ros2.egg-info/dependency_links.txt
writing entry points to ../../build/myagv_teleop_ros2/myagv_teleop_ros2.egg-info/entry_points.txt
writing requirements to ../../build/myagv_teleop_ros2/myagv_teleop_ros2.egg-info/requires.txt
writing top-level names to ../../build/myagv_teleop_ros2/myagv_teleop_ros2.egg-info/top_level.txt
reading manifest file '../../build/myagv_teleop_ros2/myagv_teleop_ros2.egg-info/SOURCES.txt'
writing manifest file '../../build/myagv_teleop_ros2/myagv_teleop_ros2.egg-info/SOURCES.txt'
running build
running build_py
creating /home/ubuntu/myagv_ros2/build/myagv_teleop_ros2/build
creating /home/ubuntu/myagv_ros2/build/myagv_teleop_ros2/build/lib
creating /home/ubuntu/myagv_ros2/build/myagv_teleop_ros2/build/lib/myagv_teleop_ros2
copying myagv_teleop_ros2/__init__.py -> /home/ubuntu/myagv_ros2/build/myagv_teleop_ros2/build/lib/myagv_teleop_ros2
creating /home/ubuntu/myagv_ros2/build/myagv_teleop_ros2/build/lib/myagv_teleop_ros2/script
copying myagv_teleop_ros2/script/teleop_keyboard.py -> /home/ubuntu/myagv_ros2/build/myagv_teleop_ros2/build/lib/myagv_teleop_ros2/script
copying myagv_teleop_ros2/script/myagv_teleop_ros2.py -> /home/ubuntu/myagv_ros2/build/myagv_teleop_ros2/build/lib/myagv_teleop_ros2/script
copying myagv_teleop_ros2/script/__init__.py -> /home/ubuntu/myagv_ros2/build/myagv_teleop_ros2/build/lib/myagv_teleop_ros2/script
running install
running install_lib
creating /home/ubuntu/myagv_ros2/install/myagv_teleop_ros2/lib/python3.10/site-packages/myagv_teleop_ros2
copying /home/ubuntu/myagv_ros2/build/myagv_teleop_ros2/build/lib/myagv_teleop_ros2/__init__.py -> /home/ubuntu/myagv_ros2/install/myagv_teleop_ros2/lib/python3.10/site-packages/myagv_teleop_ros2
creating /home/ubuntu/myagv_ros2/install/myagv_teleop_ros2/lib/python3.10/site-packages/myagv_teleop_ros2/script
copying /home/ubuntu/myagv_ros2/build/myagv_teleop_ros2/build/lib/myagv_teleop_ros2/script/teleop_keyboard.py -> /home/ubuntu/myagv_ros2/install/myagv_teleop_ros2/lib/python3.10/site-packages/myagv_teleop_ros2/script
copying /home/ubuntu/myagv_ros2/build/myagv_teleop_ros2/build/lib/myagv_teleop_ros2/script/myagv_teleop_ros2.py -> /home/ubuntu/myagv_ros2/install/myagv_teleop_ros2/lib/python3.10/site-packages/myagv_teleop_ros2/script
copying /home/ubuntu/myagv_ros2/build/myagv_teleop_ros2/build/lib/myagv_teleop_ros2/script/__init__.py -> /home/ubuntu/myagv_ros2/install/myagv_teleop_ros2/lib/python3.10/site-packages/myagv_teleop_ros2/script
byte-compiling /home/ubuntu/myagv_ros2/install/myagv_teleop_ros2/lib/python3.10/site-packages/myagv_teleop_ros2/__init__.py to __init__.cpython-310.pyc
byte-compiling /home/ubuntu/myagv_ros2/install/myagv_teleop_ros2/lib/python3.10/site-packages/myagv_teleop_ros2/script/teleop_keyboard.py to teleop_keyboard.cpython-310.pyc
byte-compiling /home/ubuntu/myagv_ros2/install/myagv_teleop_ros2/lib/python3.10/site-packages/myagv_teleop_ros2/script/myagv_teleop_ros2.py to myagv_teleop_ros2.cpython-310.pyc
byte-compiling /home/ubuntu/myagv_ros2/install/myagv_teleop_ros2/lib/python3.10/site-packages/myagv_teleop_ros2/script/__init__.py to __init__.cpython-310.pyc
running install_data
copying resource/myagv_teleop_ros2 -> /home/ubuntu/myagv_ros2/install/myagv_teleop_ros2/share/ament_index/resource_index/packages
copying package.xml -> /home/ubuntu/myagv_ros2/install/myagv_teleop_ros2/share/myagv_teleop_ros2
running install_egg_info
Copying ../../build/myagv_teleop_ros2/myagv_teleop_ros2.egg-info to /home/ubuntu/myagv_ros2/install/myagv_teleop_ros2/lib/python3.10/site-packages/myagv_teleop_ros2-0.0.0-py3.10.egg-info
running install_scripts
Installing teleop_keyboard script to /home/ubuntu/myagv_ros2/install/myagv_teleop_ros2/lib/myagv_teleop_ros2
writing list of installed files to '/home/ubuntu/myagv_ros2/build/myagv_teleop_ros2/install.log'
