[0.855s] Invoking command in '/home/ubuntu/myagv_ros2/build/myagv_bringup': CMAKE_PREFIX_PATH=/home/ubuntu/myagv_ros2/install/myagv_node:/home/ubuntu/myagv_ros2/install/myagv_description:/home/ubuntu/myagv_ros2/install/ydlidar_ros2_driver:/home/ubuntu/myagv_ros2/install/myagv_ros2:/home/ubuntu/myagv_ros2/install/myagv_ps2:/home/ubuntu/myagv_ros2/install/myagv_bringup:/home/ubuntu/myagv_ros2/install/myagv_navigation2:/home/ubuntu/myagv_ros2/install/myagv_cartographer:/home/ubuntu/myagv_ros2/install/myagv_teleop_ros2:/opt/ros/humble /usr/bin/cmake --build /home/ubuntu/myagv_ros2/build/myagv_bringup -- -j4 -l4
[1.787s] Invoked command in '/home/ubuntu/myagv_ros2/build/myagv_bringup' returned '0': CMAKE_PREFIX_PATH=/home/ubuntu/myagv_ros2/install/myagv_node:/home/ubuntu/myagv_ros2/install/myagv_description:/home/ubuntu/myagv_ros2/install/ydlidar_ros2_driver:/home/ubuntu/myagv_ros2/install/myagv_ros2:/home/ubuntu/myagv_ros2/install/myagv_ps2:/home/ubuntu/myagv_ros2/install/myagv_bringup:/home/ubuntu/myagv_ros2/install/myagv_navigation2:/home/ubuntu/myagv_ros2/install/myagv_cartographer:/home/ubuntu/myagv_ros2/install/myagv_teleop_ros2:/opt/ros/humble /usr/bin/cmake --build /home/ubuntu/myagv_ros2/build/myagv_bringup -- -j4 -l4
[1.906s] Invoking command in '/home/ubuntu/myagv_ros2/build/myagv_bringup': CMAKE_PREFIX_PATH=/home/ubuntu/myagv_ros2/install/myagv_node:/home/ubuntu/myagv_ros2/install/myagv_description:/home/ubuntu/myagv_ros2/install/ydlidar_ros2_driver:/home/ubuntu/myagv_ros2/install/myagv_ros2:/home/ubuntu/myagv_ros2/install/myagv_ps2:/home/ubuntu/myagv_ros2/install/myagv_bringup:/home/ubuntu/myagv_ros2/install/myagv_navigation2:/home/ubuntu/myagv_ros2/install/myagv_cartographer:/home/ubuntu/myagv_ros2/install/myagv_teleop_ros2:/opt/ros/humble /usr/bin/cmake --install /home/ubuntu/myagv_ros2/build/myagv_bringup
[1.936s] -- Install configuration: ""
[2.203s] -- Execute custom install script
[2.350s] -- Up-to-date symlink: /home/ubuntu/myagv_ros2/install/myagv_bringup/share/myagv_bringup/launch/myagv.launch.py
[2.352s] -- Up-to-date symlink: /home/ubuntu/myagv_ros2/install/myagv_bringup/share/myagv_bringup/launch/myagv_state_publisher.launch.py
[2.353s] -- Up-to-date symlink: /home/ubuntu/myagv_ros2/install/myagv_bringup/share/ament_index/resource_index/package_run_dependencies/myagv_bringup
[2.416s] -- Up-to-date symlink: /home/ubuntu/myagv_ros2/install/myagv_bringup/share/ament_index/resource_index/parent_prefix_path/myagv_bringup
[2.417s] -- Up-to-date symlink: /home/ubuntu/myagv_ros2/install/myagv_bringup/share/myagv_bringup/environment/ament_prefix_path.sh
[2.801s] -- Up-to-date symlink: /home/ubuntu/myagv_ros2/install/myagv_bringup/share/myagv_bringup/environment/ament_prefix_path.dsv
[2.802s] -- Up-to-date symlink: /home/ubuntu/myagv_ros2/install/myagv_bringup/share/myagv_bringup/environment/path.sh
[2.934s] -- Up-to-date symlink: /home/ubuntu/myagv_ros2/install/myagv_bringup/share/myagv_bringup/environment/path.dsv
[2.936s] -- Up-to-date symlink: /home/ubuntu/myagv_ros2/install/myagv_bringup/share/myagv_bringup/local_setup.bash
[2.937s] -- Up-to-date symlink: /home/ubuntu/myagv_ros2/install/myagv_bringup/share/myagv_bringup/local_setup.sh
[2.939s] -- Up-to-date symlink: /home/ubuntu/myagv_ros2/install/myagv_bringup/share/myagv_bringup/local_setup.zsh
[3.055s] -- Up-to-date symlink: /home/ubuntu/myagv_ros2/install/myagv_bringup/share/myagv_bringup/local_setup.dsv
[3.057s] -- Symlinking: /home/ubuntu/myagv_ros2/install/myagv_bringup/share/myagv_bringup/package.dsv
[3.089s] -- Up-to-date symlink: /home/ubuntu/myagv_ros2/install/myagv_bringup/share/ament_index/resource_index/packages/myagv_bringup
[3.089s] -- Up-to-date symlink: /home/ubuntu/myagv_ros2/install/myagv_bringup/share/myagv_bringup/cmake/myagv_bringupConfig.cmake
[3.090s] -- Up-to-date symlink: /home/ubuntu/myagv_ros2/install/myagv_bringup/share/myagv_bringup/cmake/myagv_bringupConfig-version.cmake
[3.091s] -- Up-to-date symlink: /home/ubuntu/myagv_ros2/install/myagv_bringup/share/myagv_bringup/package.xml
[3.099s] Invoked command in '/home/ubuntu/myagv_ros2/build/myagv_bringup' returned '0': CMAKE_PREFIX_PATH=/home/ubuntu/myagv_ros2/install/myagv_node:/home/ubuntu/myagv_ros2/install/myagv_description:/home/ubuntu/myagv_ros2/install/ydlidar_ros2_driver:/home/ubuntu/myagv_ros2/install/myagv_ros2:/home/ubuntu/myagv_ros2/install/myagv_ps2:/home/ubuntu/myagv_ros2/install/myagv_bringup:/home/ubuntu/myagv_ros2/install/myagv_navigation2:/home/ubuntu/myagv_ros2/install/myagv_cartographer:/home/ubuntu/myagv_ros2/install/myagv_teleop_ros2:/opt/ros/humble /usr/bin/cmake --install /home/ubuntu/myagv_ros2/build/myagv_bringup
