-- The C compiler identification is GNU 11.4.0
-- The CXX compiler identification is GNU 11.4.0
-- Detecting C compiler ABI info
-- Detecting C compiler ABI info - done
-- Check for working C compiler: /usr/bin/cc - skipped
-- Detecting C compile features
-- Detecting C compile features - done
-- Detecting CXX compiler ABI info
-- Detecting CXX compiler ABI info - done
-- Check for working CXX compiler: /usr/bin/c++ - skipped
-- Detecting CXX compile features
-- Detecting CXX compile features - done
-- Found ament_cmake: 1.3.8 (/opt/ros/humble/share/ament_cmake/cmake)
-- Found Python3: /usr/bin/python3 (found version "3.10.12") found components: Interpreter 
-- Override CMake install command with custom implementation using symlinks instead of copying resources
-- Found ament_lint_auto: 0.12.10 (/opt/ros/humble/share/ament_lint_auto/cmake)
-- Added test 'flake8' to check Python code syntax and style conventions
-- Added test 'lint_cmake' to check CMake code style
-- Added test 'pep257' to check Python code against some of the docstring style conventions in PEP 257
-- Added test 'xmllint' to check XML markup files
-- Configuring done
-- Generating done
-- Build files have been written to: /home/ubuntu/myagv_ros2/build/myagv_navigation2
-- Install configuration: ""
-- Execute custom install script
-- Symlinking: /home/ubuntu/myagv_ros2/install/myagv_navigation2/share/myagv_navigation2/launch/navigation2.launch.py
-- Symlinking: /home/ubuntu/myagv_ros2/install/myagv_navigation2/share/myagv_navigation2/map/mini_map.pgm
-- Symlinking: /home/ubuntu/myagv_ros2/install/myagv_navigation2/share/myagv_navigation2/map/mini_map.yaml
-- Symlinking: /home/ubuntu/myagv_ros2/install/myagv_navigation2/share/myagv_navigation2/param/follow_point_bt.xml
-- Symlinking: /home/ubuntu/myagv_ros2/install/myagv_navigation2/share/myagv_navigation2/param/myagv.yaml
-- Symlinking: /home/ubuntu/myagv_ros2/install/myagv_navigation2/share/myagv_navigation2/rviz/nav2_config_object_following.rviz
-- Symlinking: /home/ubuntu/myagv_ros2/install/myagv_navigation2/share/ament_index/resource_index/package_run_dependencies/myagv_navigation2
-- Symlinking: /home/ubuntu/myagv_ros2/install/myagv_navigation2/share/ament_index/resource_index/parent_prefix_path/myagv_navigation2
-- Symlinking: /home/ubuntu/myagv_ros2/install/myagv_navigation2/share/myagv_navigation2/environment/ament_prefix_path.sh
-- Symlinking: /home/ubuntu/myagv_ros2/install/myagv_navigation2/share/myagv_navigation2/environment/ament_prefix_path.dsv
-- Symlinking: /home/ubuntu/myagv_ros2/install/myagv_navigation2/share/myagv_navigation2/environment/path.sh
-- Symlinking: /home/ubuntu/myagv_ros2/install/myagv_navigation2/share/myagv_navigation2/environment/path.dsv
-- Symlinking: /home/ubuntu/myagv_ros2/install/myagv_navigation2/share/myagv_navigation2/local_setup.bash
-- Symlinking: /home/ubuntu/myagv_ros2/install/myagv_navigation2/share/myagv_navigation2/local_setup.sh
-- Symlinking: /home/ubuntu/myagv_ros2/install/myagv_navigation2/share/myagv_navigation2/local_setup.zsh
-- Symlinking: /home/ubuntu/myagv_ros2/install/myagv_navigation2/share/myagv_navigation2/local_setup.dsv
-- Symlinking: /home/ubuntu/myagv_ros2/install/myagv_navigation2/share/myagv_navigation2/package.dsv
-- Symlinking: /home/ubuntu/myagv_ros2/install/myagv_navigation2/share/ament_index/resource_index/packages/myagv_navigation2
-- Symlinking: /home/ubuntu/myagv_ros2/install/myagv_navigation2/share/myagv_navigation2/cmake/myagv_navigation2Config.cmake
-- Symlinking: /home/ubuntu/myagv_ros2/install/myagv_navigation2/share/myagv_navigation2/cmake/myagv_navigation2Config-version.cmake
-- Symlinking: /home/ubuntu/myagv_ros2/install/myagv_navigation2/share/myagv_navigation2/package.xml
