[0.039s] Invoking command in '/home/ubuntu/myagv_ros2/build/myagv_navigation2': CMAKE_PREFIX_PATH=/opt/ros/humble /usr/bin/cmake /home/ubuntu/myagv_ros2/src/myagv_navigation2 -DAMENT_CMAKE_SYMLINK_INSTALL=1 -DCMAKE_INSTALL_PREFIX=/home/ubuntu/myagv_ros2/install/myagv_navigation2
[0.315s] -- The C compiler identification is GNU 11.4.0
[0.582s] -- The CXX compiler identification is GNU 11.4.0
[0.615s] -- Detecting C compiler ABI info
[0.945s] -- Detecting C compiler ABI info - done
[0.974s] -- Check for working C compiler: /usr/bin/cc - skipped
[0.974s] -- Detecting C compile features
[0.976s] -- Detecting C compile features - done
[0.987s] -- Detecting CXX compiler ABI info
[1.361s] -- Detecting CXX compiler ABI info - done
[1.388s] -- Check for working CXX compiler: /usr/bin/c++ - skipped
[1.389s] -- Detecting CXX compile features
[1.391s] -- Detecting CXX compile features - done
[1.420s] -- Found ament_cmake: 1.3.8 (/opt/ros/humble/share/ament_cmake/cmake)
[2.192s] -- Found Python3: /usr/bin/python3 (found version "3.10.12") found components: Interpreter 
[2.484s] -- Override CMake install command with custom implementation using symlinks instead of copying resources
[2.828s] -- Found ament_lint_auto: 0.12.10 (/opt/ros/humble/share/ament_lint_auto/cmake)
[3.393s] -- Added test 'flake8' to check Python code syntax and style conventions
[3.397s] -- Added test 'lint_cmake' to check CMake code style
[3.400s] -- Added test 'pep257' to check Python code against some of the docstring style conventions in PEP 257
[3.411s] -- Added test 'xmllint' to check XML markup files
[3.420s] -- Configuring done
[3.441s] -- Generating done
[3.446s] -- Build files have been written to: /home/ubuntu/myagv_ros2/build/myagv_navigation2
[3.462s] Invoked command in '/home/ubuntu/myagv_ros2/build/myagv_navigation2' returned '0': CMAKE_PREFIX_PATH=/opt/ros/humble /usr/bin/cmake /home/ubuntu/myagv_ros2/src/myagv_navigation2 -DAMENT_CMAKE_SYMLINK_INSTALL=1 -DCMAKE_INSTALL_PREFIX=/home/ubuntu/myagv_ros2/install/myagv_navigation2
[3.471s] Invoking command in '/home/ubuntu/myagv_ros2/build/myagv_navigation2': CMAKE_PREFIX_PATH=/opt/ros/humble /usr/bin/cmake --build /home/ubuntu/myagv_ros2/build/myagv_navigation2 -- -j4 -l4
[3.631s] Invoked command in '/home/ubuntu/myagv_ros2/build/myagv_navigation2' returned '0': CMAKE_PREFIX_PATH=/opt/ros/humble /usr/bin/cmake --build /home/ubuntu/myagv_ros2/build/myagv_navigation2 -- -j4 -l4
[3.757s] Invoking command in '/home/ubuntu/myagv_ros2/build/myagv_navigation2': CMAKE_PREFIX_PATH=/opt/ros/humble /usr/bin/cmake --install /home/ubuntu/myagv_ros2/build/myagv_navigation2
[3.784s] -- Install configuration: ""
[3.786s] -- Execute custom install script
[3.789s] -- Symlinking: /home/ubuntu/myagv_ros2/install/myagv_navigation2/share/myagv_navigation2/launch/navigation2.launch.py
[3.826s] -- Symlinking: /home/ubuntu/myagv_ros2/install/myagv_navigation2/share/myagv_navigation2/map/mini_map.pgm
[3.859s] -- Symlinking: /home/ubuntu/myagv_ros2/install/myagv_navigation2/share/myagv_navigation2/map/mini_map.yaml
[3.893s] -- Symlinking: /home/ubuntu/myagv_ros2/install/myagv_navigation2/share/myagv_navigation2/param/follow_point_bt.xml
[3.929s] -- Symlinking: /home/ubuntu/myagv_ros2/install/myagv_navigation2/share/myagv_navigation2/param/myagv.yaml
[3.963s] -- Symlinking: /home/ubuntu/myagv_ros2/install/myagv_navigation2/share/myagv_navigation2/rviz/nav2_config_object_following.rviz
[3.997s] -- Symlinking: /home/ubuntu/myagv_ros2/install/myagv_navigation2/share/ament_index/resource_index/package_run_dependencies/myagv_navigation2
[4.036s] -- Symlinking: /home/ubuntu/myagv_ros2/install/myagv_navigation2/share/ament_index/resource_index/parent_prefix_path/myagv_navigation2
[4.071s] -- Symlinking: /home/ubuntu/myagv_ros2/install/myagv_navigation2/share/myagv_navigation2/environment/ament_prefix_path.sh
[4.104s] -- Symlinking: /home/ubuntu/myagv_ros2/install/myagv_navigation2/share/myagv_navigation2/environment/ament_prefix_path.dsv
[4.139s] -- Symlinking: /home/ubuntu/myagv_ros2/install/myagv_navigation2/share/myagv_navigation2/environment/path.sh
[4.173s] -- Symlinking: /home/ubuntu/myagv_ros2/install/myagv_navigation2/share/myagv_navigation2/environment/path.dsv
[4.210s] -- Symlinking: /home/ubuntu/myagv_ros2/install/myagv_navigation2/share/myagv_navigation2/local_setup.bash
[4.246s] -- Symlinking: /home/ubuntu/myagv_ros2/install/myagv_navigation2/share/myagv_navigation2/local_setup.sh
[4.279s] -- Symlinking: /home/ubuntu/myagv_ros2/install/myagv_navigation2/share/myagv_navigation2/local_setup.zsh
[4.312s] -- Symlinking: /home/ubuntu/myagv_ros2/install/myagv_navigation2/share/myagv_navigation2/local_setup.dsv
[4.347s] -- Symlinking: /home/ubuntu/myagv_ros2/install/myagv_navigation2/share/myagv_navigation2/package.dsv
[4.380s] -- Symlinking: /home/ubuntu/myagv_ros2/install/myagv_navigation2/share/ament_index/resource_index/packages/myagv_navigation2
[4.415s] -- Symlinking: /home/ubuntu/myagv_ros2/install/myagv_navigation2/share/myagv_navigation2/cmake/myagv_navigation2Config.cmake
[4.449s] -- Symlinking: /home/ubuntu/myagv_ros2/install/myagv_navigation2/share/myagv_navigation2/cmake/myagv_navigation2Config-version.cmake
[4.483s] -- Symlinking: /home/ubuntu/myagv_ros2/install/myagv_navigation2/share/myagv_navigation2/package.xml
[4.526s] Invoked command in '/home/ubuntu/myagv_ros2/build/myagv_navigation2' returned '0': CMAKE_PREFIX_PATH=/opt/ros/humble /usr/bin/cmake --install /home/ubuntu/myagv_ros2/build/myagv_navigation2
