[0.124s] Invoking command in '/home/ubuntu/myagv_ros2/build/myagv_ps2': CMAKE_PREFIX_PATH=${CMAKE_PREFIX_PATH}:/home/ubuntu/myagv_ros2/install/myagv_teleop_ros2:/opt/ros/humble /usr/bin/cmake --build /home/ubuntu/myagv_ros2/build/myagv_ps2 -- -j4 -l4
[0.671s] [ 50%] Built target ps2_publisher
[0.956s] [100%] Built target ps2_publisher_number
[1.130s] Invoked command in '/home/ubuntu/myagv_ros2/build/myagv_ps2' returned '0': CMAKE_PREFIX_PATH=${CMAKE_PREFIX_PATH}:/home/ubuntu/myagv_ros2/install/myagv_teleop_ros2:/opt/ros/humble /usr/bin/cmake --build /home/ubuntu/myagv_ros2/build/myagv_ps2 -- -j4 -l4
[1.568s] Invoking command in '/home/ubuntu/myagv_ros2/build/myagv_ps2': CMAKE_PREFIX_PATH=${CMAKE_PREFIX_PATH}:/home/ubuntu/myagv_ros2/install/myagv_teleop_ros2:/opt/ros/humble /usr/bin/cmake --install /home/ubuntu/myagv_ros2/build/myagv_ps2
[1.625s] -- Install configuration: ""
[1.633s] -- Execute custom install script
[1.639s] -- Up-to-date symlink: /home/ubuntu/myagv_ros2/install/myagv_ps2/share/myagv_ps2/launch/myagv_ps2.launch.py
[1.641s] -- Up-to-date symlink: /home/ubuntu/myagv_ros2/install/myagv_ps2/share/myagv_ps2/launch/myagv_ps2_number.launch.py
[1.647s] -- Up-to-date symlink: /home/ubuntu/myagv_ros2/install/myagv_ps2/lib/myagv_ps2/ps2_publisher
[1.649s] -- Up-to-date symlink: /home/ubuntu/myagv_ros2/install/myagv_ps2/lib/myagv_ps2/ps2_publisher_number
[1.652s] -- Up-to-date symlink: /home/ubuntu/myagv_ros2/install/myagv_ps2/share/ament_index/resource_index/package_run_dependencies/myagv_ps2
[1.657s] -- Up-to-date symlink: /home/ubuntu/myagv_ros2/install/myagv_ps2/share/ament_index/resource_index/parent_prefix_path/myagv_ps2
[1.663s] -- Up-to-date symlink: /home/ubuntu/myagv_ros2/install/myagv_ps2/share/myagv_ps2/environment/ament_prefix_path.sh
[1.666s] -- Up-to-date symlink: /home/ubuntu/myagv_ros2/install/myagv_ps2/share/myagv_ps2/environment/ament_prefix_path.dsv
[1.669s] -- Up-to-date symlink: /home/ubuntu/myagv_ros2/install/myagv_ps2/share/myagv_ps2/environment/path.sh
[1.673s] -- Up-to-date symlink: /home/ubuntu/myagv_ros2/install/myagv_ps2/share/myagv_ps2/environment/path.dsv
[1.679s] -- Up-to-date symlink: /home/ubuntu/myagv_ros2/install/myagv_ps2/share/myagv_ps2/local_setup.bash
[1.680s] -- Up-to-date symlink: /home/ubuntu/myagv_ros2/install/myagv_ps2/share/myagv_ps2/local_setup.sh
[1.682s] -- Up-to-date symlink: /home/ubuntu/myagv_ros2/install/myagv_ps2/share/myagv_ps2/local_setup.zsh
[1.684s] -- Up-to-date symlink: /home/ubuntu/myagv_ros2/install/myagv_ps2/share/myagv_ps2/local_setup.dsv
[1.688s] -- Symlinking: /home/ubuntu/myagv_ros2/install/myagv_ps2/share/myagv_ps2/package.dsv
[1.748s] -- Up-to-date symlink: /home/ubuntu/myagv_ros2/install/myagv_ps2/share/ament_index/resource_index/packages/myagv_ps2
[1.749s] -- Up-to-date symlink: /home/ubuntu/myagv_ros2/install/myagv_ps2/share/myagv_ps2/cmake/myagv_ps2Config.cmake
[1.772s] -- Up-to-date symlink: /home/ubuntu/myagv_ros2/install/myagv_ps2/share/myagv_ps2/cmake/myagv_ps2Config-version.cmake
[1.773s] -- Up-to-date symlink: /home/ubuntu/myagv_ros2/install/myagv_ps2/share/myagv_ps2/package.xml
[1.775s] Invoked command in '/home/ubuntu/myagv_ros2/build/myagv_ps2' returned '0': CMAKE_PREFIX_PATH=${CMAKE_PREFIX_PATH}:/home/ubuntu/myagv_ros2/install/myagv_teleop_ros2:/opt/ros/humble /usr/bin/cmake --install /home/ubuntu/myagv_ros2/build/myagv_ps2
