running develop
running egg_info
creating myagv_teleop_ros2.egg-info
writing myagv_teleop_ros2.egg-info/PKG-INFO
writing dependency_links to myagv_teleop_ros2.egg-info/dependency_links.txt
writing entry points to myagv_teleop_ros2.egg-info/entry_points.txt
writing requirements to myagv_teleop_ros2.egg-info/requires.txt
writing top-level names to myagv_teleop_ros2.egg-info/top_level.txt
writing manifest file 'myagv_teleop_ros2.egg-info/SOURCES.txt'
reading manifest file 'myagv_teleop_ros2.egg-info/SOURCES.txt'
writing manifest file 'myagv_teleop_ros2.egg-info/SOURCES.txt'
running build_ext
Creating /home/ubuntu/myagv_ros2/install/myagv_teleop_ros2/lib/python3.10/site-packages/myagv-teleop-ros2.egg-link (link to .)
Installing teleop_keyboard script to /home/ubuntu/myagv_ros2/install/myagv_teleop_ros2/lib/myagv_teleop_ros2

Installed /home/ubuntu/myagv_ros2/build/myagv_teleop_ros2
running symlink_data
creating /home/ubuntu/myagv_ros2/install/myagv_teleop_ros2/share/ament_index
creating /home/ubuntu/myagv_ros2/install/myagv_teleop_ros2/share/ament_index/resource_index
creating /home/ubuntu/myagv_ros2/install/myagv_teleop_ros2/share/ament_index/resource_index/packages
symbolically linking /home/ubuntu/myagv_ros2/build/myagv_teleop_ros2/resource/myagv_teleop_ros2 -> /home/ubuntu/myagv_ros2/install/myagv_teleop_ros2/share/ament_index/resource_index/packages
symbolically linking /home/ubuntu/myagv_ros2/build/myagv_teleop_ros2/package.xml -> /home/ubuntu/myagv_ros2/install/myagv_teleop_ros2/share/myagv_teleop_ros2
