[4.650s] Invoking command in '/home/ubuntu/myagv_ros2/build/myagv_teleop_ros2': PYTHONPATH=/home/ubuntu/myagv_ros2/build/myagv_teleop_ros2/prefix_override:/home/ubuntu/myagv_ros2/install/myagv_teleop_ros2/lib/python3.10/site-packages:${PYTHONPATH} /usr/bin/python3 -W ignore:setup.py install is deprecated setup.py develop --editable --build-directory /home/ubuntu/myagv_ros2/build/myagv_teleop_ros2/build --no-deps symlink_data
[6.070s] running develop
[7.002s] running egg_info
[7.003s] creating myagv_teleop_ros2.egg-info
[7.003s] writing myagv_teleop_ros2.egg-info/PKG-INFO
[7.004s] writing dependency_links to myagv_teleop_ros2.egg-info/dependency_links.txt
[7.006s] writing entry points to myagv_teleop_ros2.egg-info/entry_points.txt
[7.007s] writing requirements to myagv_teleop_ros2.egg-info/requires.txt
[7.008s] writing top-level names to myagv_teleop_ros2.egg-info/top_level.txt
[7.009s] writing manifest file 'myagv_teleop_ros2.egg-info/SOURCES.txt'
[7.017s] reading manifest file 'myagv_teleop_ros2.egg-info/SOURCES.txt'
[7.020s] writing manifest file 'myagv_teleop_ros2.egg-info/SOURCES.txt'
[7.026s] running build_ext
[7.027s] Creating /home/ubuntu/myagv_ros2/install/myagv_teleop_ros2/lib/python3.10/site-packages/myagv-teleop-ros2.egg-link (link to .)
[7.030s] Installing teleop_keyboard script to /home/ubuntu/myagv_ros2/install/myagv_teleop_ros2/lib/myagv_teleop_ros2
[7.031s] 
[7.032s] Installed /home/ubuntu/myagv_ros2/build/myagv_teleop_ros2
[7.032s] running symlink_data
[7.033s] creating /home/ubuntu/myagv_ros2/install/myagv_teleop_ros2/share/ament_index
[7.033s] creating /home/ubuntu/myagv_ros2/install/myagv_teleop_ros2/share/ament_index/resource_index
[7.034s] creating /home/ubuntu/myagv_ros2/install/myagv_teleop_ros2/share/ament_index/resource_index/packages
[7.034s] symbolically linking /home/ubuntu/myagv_ros2/build/myagv_teleop_ros2/resource/myagv_teleop_ros2 -> /home/ubuntu/myagv_ros2/install/myagv_teleop_ros2/share/ament_index/resource_index/packages
[7.036s] symbolically linking /home/ubuntu/myagv_ros2/build/myagv_teleop_ros2/package.xml -> /home/ubuntu/myagv_ros2/install/myagv_teleop_ros2/share/myagv_teleop_ros2
[7.205s] Invoked command in '/home/ubuntu/myagv_ros2/build/myagv_teleop_ros2' returned '0': PYTHONPATH=/home/ubuntu/myagv_ros2/build/myagv_teleop_ros2/prefix_override:/home/ubuntu/myagv_ros2/install/myagv_teleop_ros2/lib/python3.10/site-packages:${PYTHONPATH} /usr/bin/python3 -W ignore:setup.py install is deprecated setup.py develop --editable --build-directory /home/ubuntu/myagv_ros2/build/myagv_teleop_ros2/build --no-deps symlink_data
