-- Install configuration: ""
-- Installing: /home/minha/myagv_ros2/myagv_ros2/install/myagv_description/share/myagv_description/meshes
-- Installing: /home/minha/myagv_ros2/myagv_ros2/install/myagv_description/share/myagv_description/meshes/myagv_up.dae
-- Installing: /home/minha/myagv_ros2/myagv_ros2/install/myagv_description/share/myagv_description/meshes/myagv_base.dae
-- Installing: /home/minha/myagv_ros2/myagv_ros2/install/myagv_description/share/myagv_description/meshes/myagv_all.dae
-- Installing: /home/minha/myagv_ros2/myagv_ros2/install/myagv_description/share/myagv_description/rviz
-- Installing: /home/minha/myagv_ros2/myagv_ros2/install/myagv_description/share/myagv_description/rviz/model.rviz
-- Installing: /home/minha/myagv_ros2/myagv_ros2/install/myagv_description/share/myagv_description/urdf
-- Installing: /home/minha/myagv_ros2/myagv_ros2/install/myagv_description/share/myagv_description/urdf/myAGV.urdf
-- Installing: /home/minha/myagv_ros2/myagv_ros2/install/myagv_description/share/myagv_description/launch
-- Installing: /home/minha/myagv_ros2/myagv_ros2/install/myagv_description/share/myagv_description/launch/myagv_description.launch.py
-- Installing: /home/minha/myagv_ros2/myagv_ros2/install/myagv_description/share/myagv_description/launch/myagv_state_publisher.launch.py
-- Installing: /home/minha/myagv_ros2/myagv_ros2/install/myagv_description/share/myagv_description/launch/myagv_description_rviz.launch.py
-- Installing: /home/minha/myagv_ros2/myagv_ros2/install/myagv_description/share/ament_index/resource_index/package_run_dependencies/myagv_description
-- Installing: /home/minha/myagv_ros2/myagv_ros2/install/myagv_description/share/ament_index/resource_index/parent_prefix_path/myagv_description
-- Installing: /home/minha/myagv_ros2/myagv_ros2/install/myagv_description/share/myagv_description/environment/ament_prefix_path.sh
-- Installing: /home/minha/myagv_ros2/myagv_ros2/install/myagv_description/share/myagv_description/environment/ament_prefix_path.dsv
-- Installing: /home/minha/myagv_ros2/myagv_ros2/install/myagv_description/share/myagv_description/environment/path.sh
-- Installing: /home/minha/myagv_ros2/myagv_ros2/install/myagv_description/share/myagv_description/environment/path.dsv
-- Installing: /home/minha/myagv_ros2/myagv_ros2/install/myagv_description/share/myagv_description/local_setup.bash
-- Installing: /home/minha/myagv_ros2/myagv_ros2/install/myagv_description/share/myagv_description/local_setup.sh
-- Installing: /home/minha/myagv_ros2/myagv_ros2/install/myagv_description/share/myagv_description/local_setup.zsh
-- Installing: /home/minha/myagv_ros2/myagv_ros2/install/myagv_description/share/myagv_description/local_setup.dsv
-- Installing: /home/minha/myagv_ros2/myagv_ros2/install/myagv_description/share/myagv_description/package.dsv
-- Installing: /home/minha/myagv_ros2/myagv_ros2/install/myagv_description/share/ament_index/resource_index/packages/myagv_description
-- Installing: /home/minha/myagv_ros2/myagv_ros2/install/myagv_description/share/myagv_description/cmake/myagv_descriptionConfig.cmake
-- Installing: /home/minha/myagv_ros2/myagv_ros2/install/myagv_description/share/myagv_description/cmake/myagv_descriptionConfig-version.cmake
-- Installing: /home/minha/myagv_ros2/myagv_ros2/install/myagv_description/share/myagv_description/package.xml
