[0.010s] Invoking command in '/home/minha/myagv_ros2/myagv_ros2/build/myagv_description': CMAKE_PREFIX_PATH=${CMAKE_PREFIX_PATH}:/home/minha/colcon_ws/install/ultraarm:/home/minha/colcon_ws/install/mypalletizer_260_pi:/home/minha/colcon_ws/install/mypalletizer_260:/home/minha/colcon_ws/install/mypalletizer_communication:/home/minha/colcon_ws/install/mycobot_630:/home/minha/colcon_ws/install/mycobot_600:/home/minha/colcon_ws/install/mycobot_320pi:/home/minha/colcon_ws/install/mycobot_320:/home/minha/colcon_ws/install/mycobot_280pi:/home/minha/colcon_ws/install/mycobot_280jn:/home/minha/colcon_ws/install/mycobot_280_x3pi:/home/minha/colcon_ws/install/mycobot_280:/home/minha/colcon_ws/install/myarm_300:/home/minha/colcon_ws/install/mycobot_communication:/home/minha/colcon_ws/install/mecharm_pi:/home/minha/colcon_ws/install/mecharm:/home/minha/colcon_ws/install/mecharm_communication:/home/minha/colcon_ws/install/mybuddy:/home/minha/colcon_ws/install/mycobot_description:/home/minha/ros2_ws_tut/install/urdf_turtorial:/home/minha/ros2_ws_tut/install/ros_topic:/home/minha/ros2_ws_tut/install/ros_mini_proj:/home/minha/ros2_ws_tut/install/python_parameters:/home/minha/ros2_ws_tut/install/motor_control_serial:/home/minha/ros2_ws_tut/install/action_tutorial:/home/minha/ros2_ws_tut/install/action_service:/opt/ros/humble CONDA_PROMPT_MODIFIER=(adaface) /home/minha/anaconda3/envs/adaface/bin/cmake --build /home/minha/myagv_ros2/myagv_ros2/build/myagv_description -- -j12 -l12
[0.058s] Invoked command in '/home/minha/myagv_ros2/myagv_ros2/build/myagv_description' returned '0': CMAKE_PREFIX_PATH=${CMAKE_PREFIX_PATH}:/home/minha/colcon_ws/install/ultraarm:/home/minha/colcon_ws/install/mypalletizer_260_pi:/home/minha/colcon_ws/install/mypalletizer_260:/home/minha/colcon_ws/install/mypalletizer_communication:/home/minha/colcon_ws/install/mycobot_630:/home/minha/colcon_ws/install/mycobot_600:/home/minha/colcon_ws/install/mycobot_320pi:/home/minha/colcon_ws/install/mycobot_320:/home/minha/colcon_ws/install/mycobot_280pi:/home/minha/colcon_ws/install/mycobot_280jn:/home/minha/colcon_ws/install/mycobot_280_x3pi:/home/minha/colcon_ws/install/mycobot_280:/home/minha/colcon_ws/install/myarm_300:/home/minha/colcon_ws/install/mycobot_communication:/home/minha/colcon_ws/install/mecharm_pi:/home/minha/colcon_ws/install/mecharm:/home/minha/colcon_ws/install/mecharm_communication:/home/minha/colcon_ws/install/mybuddy:/home/minha/colcon_ws/install/mycobot_description:/home/minha/ros2_ws_tut/install/urdf_turtorial:/home/minha/ros2_ws_tut/install/ros_topic:/home/minha/ros2_ws_tut/install/ros_mini_proj:/home/minha/ros2_ws_tut/install/python_parameters:/home/minha/ros2_ws_tut/install/motor_control_serial:/home/minha/ros2_ws_tut/install/action_tutorial:/home/minha/ros2_ws_tut/install/action_service:/opt/ros/humble CONDA_PROMPT_MODIFIER=(adaface) /home/minha/anaconda3/envs/adaface/bin/cmake --build /home/minha/myagv_ros2/myagv_ros2/build/myagv_description -- -j12 -l12
[0.141s] Invoking command in '/home/minha/myagv_ros2/myagv_ros2/build/myagv_description': CMAKE_PREFIX_PATH=${CMAKE_PREFIX_PATH}:/home/minha/colcon_ws/install/ultraarm:/home/minha/colcon_ws/install/mypalletizer_260_pi:/home/minha/colcon_ws/install/mypalletizer_260:/home/minha/colcon_ws/install/mypalletizer_communication:/home/minha/colcon_ws/install/mycobot_630:/home/minha/colcon_ws/install/mycobot_600:/home/minha/colcon_ws/install/mycobot_320pi:/home/minha/colcon_ws/install/mycobot_320:/home/minha/colcon_ws/install/mycobot_280pi:/home/minha/colcon_ws/install/mycobot_280jn:/home/minha/colcon_ws/install/mycobot_280_x3pi:/home/minha/colcon_ws/install/mycobot_280:/home/minha/colcon_ws/install/myarm_300:/home/minha/colcon_ws/install/mycobot_communication:/home/minha/colcon_ws/install/mecharm_pi:/home/minha/colcon_ws/install/mecharm:/home/minha/colcon_ws/install/mecharm_communication:/home/minha/colcon_ws/install/mybuddy:/home/minha/colcon_ws/install/mycobot_description:/home/minha/ros2_ws_tut/install/urdf_turtorial:/home/minha/ros2_ws_tut/install/ros_topic:/home/minha/ros2_ws_tut/install/ros_mini_proj:/home/minha/ros2_ws_tut/install/python_parameters:/home/minha/ros2_ws_tut/install/motor_control_serial:/home/minha/ros2_ws_tut/install/action_tutorial:/home/minha/ros2_ws_tut/install/action_service:/opt/ros/humble CONDA_PROMPT_MODIFIER=(adaface) /home/minha/anaconda3/envs/adaface/bin/cmake --install /home/minha/myagv_ros2/myagv_ros2/build/myagv_description
[0.171s] -- Install configuration: ""
[0.171s] -- Installing: /home/minha/myagv_ros2/myagv_ros2/install/myagv_description/share/myagv_description/meshes
[0.171s] -- Installing: /home/minha/myagv_ros2/myagv_ros2/install/myagv_description/share/myagv_description/meshes/myagv_up.dae
[0.173s] -- Installing: /home/minha/myagv_ros2/myagv_ros2/install/myagv_description/share/myagv_description/meshes/myagv_base.dae
[0.182s] -- Installing: /home/minha/myagv_ros2/myagv_ros2/install/myagv_description/share/myagv_description/meshes/myagv_all.dae
[0.192s] -- Installing: /home/minha/myagv_ros2/myagv_ros2/install/myagv_description/share/myagv_description/rviz
[0.193s] -- Installing: /home/minha/myagv_ros2/myagv_ros2/install/myagv_description/share/myagv_description/rviz/model.rviz
[0.193s] -- Installing: /home/minha/myagv_ros2/myagv_ros2/install/myagv_description/share/myagv_description/urdf
[0.193s] -- Installing: /home/minha/myagv_ros2/myagv_ros2/install/myagv_description/share/myagv_description/urdf/myAGV.urdf
[0.193s] -- Installing: /home/minha/myagv_ros2/myagv_ros2/install/myagv_description/share/myagv_description/launch
[0.193s] -- Installing: /home/minha/myagv_ros2/myagv_ros2/install/myagv_description/share/myagv_description/launch/myagv_description.launch.py
[0.193s] -- Installing: /home/minha/myagv_ros2/myagv_ros2/install/myagv_description/share/myagv_description/launch/myagv_state_publisher.launch.py
[0.193s] -- Installing: /home/minha/myagv_ros2/myagv_ros2/install/myagv_description/share/myagv_description/launch/myagv_description_rviz.launch.py
[0.193s] -- Installing: /home/minha/myagv_ros2/myagv_ros2/install/myagv_description/share/ament_index/resource_index/package_run_dependencies/myagv_description
[0.193s] -- Installing: /home/minha/myagv_ros2/myagv_ros2/install/myagv_description/share/ament_index/resource_index/parent_prefix_path/myagv_description
[0.194s] -- Installing: /home/minha/myagv_ros2/myagv_ros2/install/myagv_description/share/myagv_description/environment/ament_prefix_path.sh
[0.194s] -- Installing: /home/minha/myagv_ros2/myagv_ros2/install/myagv_description/share/myagv_description/environment/ament_prefix_path.dsv
[0.194s] -- Installing: /home/minha/myagv_ros2/myagv_ros2/install/myagv_description/share/myagv_description/environment/path.sh
[0.194s] -- Installing: /home/minha/myagv_ros2/myagv_ros2/install/myagv_description/share/myagv_description/environment/path.dsv
[0.194s] -- Installing: /home/minha/myagv_ros2/myagv_ros2/install/myagv_description/share/myagv_description/local_setup.bash
[0.194s] -- Installing: /home/minha/myagv_ros2/myagv_ros2/install/myagv_description/share/myagv_description/local_setup.sh
[0.194s] -- Installing: /home/minha/myagv_ros2/myagv_ros2/install/myagv_description/share/myagv_description/local_setup.zsh
[0.194s] -- Installing: /home/minha/myagv_ros2/myagv_ros2/install/myagv_description/share/myagv_description/local_setup.dsv
[0.194s] -- Installing: /home/minha/myagv_ros2/myagv_ros2/install/myagv_description/share/myagv_description/package.dsv
[0.194s] -- Installing: /home/minha/myagv_ros2/myagv_ros2/install/myagv_description/share/ament_index/resource_index/packages/myagv_description
[0.194s] -- Installing: /home/minha/myagv_ros2/myagv_ros2/install/myagv_description/share/myagv_description/cmake/myagv_descriptionConfig.cmake
[0.194s] -- Installing: /home/minha/myagv_ros2/myagv_ros2/install/myagv_description/share/myagv_description/cmake/myagv_descriptionConfig-version.cmake
[0.195s] -- Installing: /home/minha/myagv_ros2/myagv_ros2/install/myagv_description/share/myagv_description/package.xml
[0.197s] Invoked command in '/home/minha/myagv_ros2/myagv_ros2/build/myagv_description' returned '0': CMAKE_PREFIX_PATH=${CMAKE_PREFIX_PATH}:/home/minha/colcon_ws/install/ultraarm:/home/minha/colcon_ws/install/mypalletizer_260_pi:/home/minha/colcon_ws/install/mypalletizer_260:/home/minha/colcon_ws/install/mypalletizer_communication:/home/minha/colcon_ws/install/mycobot_630:/home/minha/colcon_ws/install/mycobot_600:/home/minha/colcon_ws/install/mycobot_320pi:/home/minha/colcon_ws/install/mycobot_320:/home/minha/colcon_ws/install/mycobot_280pi:/home/minha/colcon_ws/install/mycobot_280jn:/home/minha/colcon_ws/install/mycobot_280_x3pi:/home/minha/colcon_ws/install/mycobot_280:/home/minha/colcon_ws/install/myarm_300:/home/minha/colcon_ws/install/mycobot_communication:/home/minha/colcon_ws/install/mecharm_pi:/home/minha/colcon_ws/install/mecharm:/home/minha/colcon_ws/install/mecharm_communication:/home/minha/colcon_ws/install/mybuddy:/home/minha/colcon_ws/install/mycobot_description:/home/minha/ros2_ws_tut/install/urdf_turtorial:/home/minha/ros2_ws_tut/install/ros_topic:/home/minha/ros2_ws_tut/install/ros_mini_proj:/home/minha/ros2_ws_tut/install/python_parameters:/home/minha/ros2_ws_tut/install/motor_control_serial:/home/minha/ros2_ws_tut/install/action_tutorial:/home/minha/ros2_ws_tut/install/action_service:/opt/ros/humble CONDA_PROMPT_MODIFIER=(adaface) /home/minha/anaconda3/envs/adaface/bin/cmake --install /home/minha/myagv_ros2/myagv_ros2/build/myagv_description
