[0.190s] Invoking command in '/home/ubuntu/myagv_ros2/build/myagv_cartographer': CMAKE_PREFIX_PATH=${CMAKE_PREFIX_PATH}:/home/ubuntu/myagv_ros2/install/myagv_teleop_ros2:/opt/ros/humble /usr/bin/cmake --build /home/ubuntu/myagv_ros2/build/myagv_cartographer -- -j4 -l4
[3.622s] Invoked command in '/home/ubuntu/myagv_ros2/build/myagv_cartographer' returned '0': CMAKE_PREFIX_PATH=${CMAKE_PREFIX_PATH}:/home/ubuntu/myagv_ros2/install/myagv_teleop_ros2:/opt/ros/humble /usr/bin/cmake --build /home/ubuntu/myagv_ros2/build/myagv_cartographer -- -j4 -l4
[3.817s] Invoking command in '/home/ubuntu/myagv_ros2/build/myagv_cartographer': CMAKE_PREFIX_PATH=${CMAKE_PREFIX_PATH}:/home/ubuntu/myagv_ros2/install/myagv_teleop_ros2:/opt/ros/humble /usr/bin/cmake --install /home/ubuntu/myagv_ros2/build/myagv_cartographer
[3.925s] -- Install configuration: ""
[3.942s] -- Execute custom install script
[3.982s] -- Up-to-date symlink: /home/ubuntu/myagv_ros2/install/myagv_cartographer/share/myagv_cartographer/launch/cartographer.launch.py
[3.999s] -- Up-to-date symlink: /home/ubuntu/myagv_ros2/install/myagv_cartographer/share/myagv_cartographer/launch/occupancy_grid.launch.py
[4.009s] -- Up-to-date symlink: /home/ubuntu/myagv_ros2/install/myagv_cartographer/share/myagv_cartographer/config/myagv_lidar.lua
[4.011s] -- Up-to-date symlink: /home/ubuntu/myagv_ros2/install/myagv_cartographer/share/ament_index/resource_index/package_run_dependencies/myagv_cartographer
[4.018s] -- Up-to-date symlink: /home/ubuntu/myagv_ros2/install/myagv_cartographer/share/ament_index/resource_index/parent_prefix_path/myagv_cartographer
[4.025s] -- Up-to-date symlink: /home/ubuntu/myagv_ros2/install/myagv_cartographer/share/myagv_cartographer/environment/ament_prefix_path.sh
[4.027s] -- Up-to-date symlink: /home/ubuntu/myagv_ros2/install/myagv_cartographer/share/myagv_cartographer/environment/ament_prefix_path.dsv
[4.035s] -- Up-to-date symlink: /home/ubuntu/myagv_ros2/install/myagv_cartographer/share/myagv_cartographer/environment/path.sh
[4.039s] -- Up-to-date symlink: /home/ubuntu/myagv_ros2/install/myagv_cartographer/share/myagv_cartographer/environment/path.dsv
[4.045s] -- Up-to-date symlink: /home/ubuntu/myagv_ros2/install/myagv_cartographer/share/myagv_cartographer/local_setup.bash
[4.050s] -- Up-to-date symlink: /home/ubuntu/myagv_ros2/install/myagv_cartographer/share/myagv_cartographer/local_setup.sh
[4.065s] -- Up-to-date symlink: /home/ubuntu/myagv_ros2/install/myagv_cartographer/share/myagv_cartographer/local_setup.zsh
[4.068s] -- Up-to-date symlink: /home/ubuntu/myagv_ros2/install/myagv_cartographer/share/myagv_cartographer/local_setup.dsv
[4.072s] -- Symlinking: /home/ubuntu/myagv_ros2/install/myagv_cartographer/share/myagv_cartographer/package.dsv
[4.139s] -- Up-to-date symlink: /home/ubuntu/myagv_ros2/install/myagv_cartographer/share/ament_index/resource_index/packages/myagv_cartographer
[4.153s] -- Up-to-date symlink: /home/ubuntu/myagv_ros2/install/myagv_cartographer/share/myagv_cartographer/cmake/myagv_cartographerConfig.cmake
[4.154s] -- Up-to-date symlink: /home/ubuntu/myagv_ros2/install/myagv_cartographer/share/myagv_cartographer/cmake/myagv_cartographerConfig-version.cmake
[4.154s] -- Up-to-date symlink: /home/ubuntu/myagv_ros2/install/myagv_cartographer/share/myagv_cartographer/package.xml
[4.165s] Invoked command in '/home/ubuntu/myagv_ros2/build/myagv_cartographer' returned '0': CMAKE_PREFIX_PATH=${CMAKE_PREFIX_PATH}:/home/ubuntu/myagv_ros2/install/myagv_teleop_ros2:/opt/ros/humble /usr/bin/cmake --install /home/ubuntu/myagv_ros2/build/myagv_cartographer
