[0.128s] Invoking command in '/home/ubuntu/myagv_ros2/build/myagv_bringup': CMAKE_PREFIX_PATH=/home/ubuntu/myagv_ros2/install/myagv_node:/home/ubuntu/myagv_ros2/install/myagv_description:/home/ubuntu/myagv_ros2/install/ydlidar_ros2_driver:/home/ubuntu/myagv_ros2/install/myagv_ros2:/home/ubuntu/myagv_ros2/install/myagv_ps2:/home/ubuntu/myagv_ros2/install/myagv_bringup:/home/ubuntu/myagv_ros2/install/myagv_navigation2:/home/ubuntu/myagv_ros2/install/myagv_cartographer:/home/ubuntu/myagv_ros2/install/myagv_teleop_ros2:/opt/ros/humble /usr/bin/cmake --build /home/ubuntu/myagv_ros2/build/myagv_bringup -- -j4 -l4
[0.490s] Invoked command in '/home/ubuntu/myagv_ros2/build/myagv_bringup' returned '0': CMAKE_PREFIX_PATH=/home/ubuntu/myagv_ros2/install/myagv_node:/home/ubuntu/myagv_ros2/install/myagv_description:/home/ubuntu/myagv_ros2/install/ydlidar_ros2_driver:/home/ubuntu/myagv_ros2/install/myagv_ros2:/home/ubuntu/myagv_ros2/install/myagv_ps2:/home/ubuntu/myagv_ros2/install/myagv_bringup:/home/ubuntu/myagv_ros2/install/myagv_navigation2:/home/ubuntu/myagv_ros2/install/myagv_cartographer:/home/ubuntu/myagv_ros2/install/myagv_teleop_ros2:/opt/ros/humble /usr/bin/cmake --build /home/ubuntu/myagv_ros2/build/myagv_bringup -- -j4 -l4
[0.959s] Invoking command in '/home/ubuntu/myagv_ros2/build/myagv_bringup': CMAKE_PREFIX_PATH=/home/ubuntu/myagv_ros2/install/myagv_node:/home/ubuntu/myagv_ros2/install/myagv_description:/home/ubuntu/myagv_ros2/install/ydlidar_ros2_driver:/home/ubuntu/myagv_ros2/install/myagv_ros2:/home/ubuntu/myagv_ros2/install/myagv_ps2:/home/ubuntu/myagv_ros2/install/myagv_bringup:/home/ubuntu/myagv_ros2/install/myagv_navigation2:/home/ubuntu/myagv_ros2/install/myagv_cartographer:/home/ubuntu/myagv_ros2/install/myagv_teleop_ros2:/opt/ros/humble /usr/bin/cmake --install /home/ubuntu/myagv_ros2/build/myagv_bringup
[1.035s] -- Install configuration: ""
[1.039s] -- Execute custom install script
[1.055s] -- Up-to-date symlink: /home/ubuntu/myagv_ros2/install/myagv_bringup/share/myagv_bringup/launch/myagv.launch.py
[1.068s] -- Up-to-date symlink: /home/ubuntu/myagv_ros2/install/myagv_bringup/share/myagv_bringup/launch/myagv_state_publisher.launch.py
[1.069s] -- Up-to-date symlink: /home/ubuntu/myagv_ros2/install/myagv_bringup/share/ament_index/resource_index/package_run_dependencies/myagv_bringup
[1.079s] -- Up-to-date symlink: /home/ubuntu/myagv_ros2/install/myagv_bringup/share/ament_index/resource_index/parent_prefix_path/myagv_bringup
[1.088s] -- Up-to-date symlink: /home/ubuntu/myagv_ros2/install/myagv_bringup/share/myagv_bringup/environment/ament_prefix_path.sh
[1.098s] -- Up-to-date symlink: /home/ubuntu/myagv_ros2/install/myagv_bringup/share/myagv_bringup/environment/ament_prefix_path.dsv
[1.098s] -- Up-to-date symlink: /home/ubuntu/myagv_ros2/install/myagv_bringup/share/myagv_bringup/environment/path.sh
[1.099s] -- Up-to-date symlink: /home/ubuntu/myagv_ros2/install/myagv_bringup/share/myagv_bringup/environment/path.dsv
[1.108s] -- Up-to-date symlink: /home/ubuntu/myagv_ros2/install/myagv_bringup/share/myagv_bringup/local_setup.bash
[1.119s] -- Up-to-date symlink: /home/ubuntu/myagv_ros2/install/myagv_bringup/share/myagv_bringup/local_setup.sh
[1.126s] -- Up-to-date symlink: /home/ubuntu/myagv_ros2/install/myagv_bringup/share/myagv_bringup/local_setup.zsh
[1.128s] -- Up-to-date symlink: /home/ubuntu/myagv_ros2/install/myagv_bringup/share/myagv_bringup/local_setup.dsv
[1.129s] -- Symlinking: /home/ubuntu/myagv_ros2/install/myagv_bringup/share/myagv_bringup/package.dsv
[1.302s] -- Up-to-date symlink: /home/ubuntu/myagv_ros2/install/myagv_bringup/share/ament_index/resource_index/packages/myagv_bringup
[1.306s] -- Up-to-date symlink: /home/ubuntu/myagv_ros2/install/myagv_bringup/share/myagv_bringup/cmake/myagv_bringupConfig.cmake
[1.307s] -- Up-to-date symlink: /home/ubuntu/myagv_ros2/install/myagv_bringup/share/myagv_bringup/cmake/myagv_bringupConfig-version.cmake
[1.308s] -- Up-to-date symlink: /home/ubuntu/myagv_ros2/install/myagv_bringup/share/myagv_bringup/package.xml
[1.402s] Invoked command in '/home/ubuntu/myagv_ros2/build/myagv_bringup' returned '0': CMAKE_PREFIX_PATH=/home/ubuntu/myagv_ros2/install/myagv_node:/home/ubuntu/myagv_ros2/install/myagv_description:/home/ubuntu/myagv_ros2/install/ydlidar_ros2_driver:/home/ubuntu/myagv_ros2/install/myagv_ros2:/home/ubuntu/myagv_ros2/install/myagv_ps2:/home/ubuntu/myagv_ros2/install/myagv_bringup:/home/ubuntu/myagv_ros2/install/myagv_navigation2:/home/ubuntu/myagv_ros2/install/myagv_cartographer:/home/ubuntu/myagv_ros2/install/myagv_teleop_ros2:/opt/ros/humble /usr/bin/cmake --install /home/ubuntu/myagv_ros2/build/myagv_bringup
