[0.482s] Invoking command in '/home/ubuntu/myagv_ros2/build/myagv_description': CMAKE_PREFIX_PATH=${CMAKE_PREFIX_PATH}:/home/ubuntu/myagv_ros2/install/myagv_teleop_ros2:/opt/ros/humble /usr/bin/cmake --build /home/ubuntu/myagv_ros2/build/myagv_description -- -j4 -l4
[3.158s] Invoked command in '/home/ubuntu/myagv_ros2/build/myagv_description' returned '0': CMAKE_PREFIX_PATH=${CMAKE_PREFIX_PATH}:/home/ubuntu/myagv_ros2/install/myagv_teleop_ros2:/opt/ros/humble /usr/bin/cmake --build /home/ubuntu/myagv_ros2/build/myagv_description -- -j4 -l4
[3.310s] Invoking command in '/home/ubuntu/myagv_ros2/build/myagv_description': CMAKE_PREFIX_PATH=${CMAKE_PREFIX_PATH}:/home/ubuntu/myagv_ros2/install/myagv_teleop_ros2:/opt/ros/humble /usr/bin/cmake --install /home/ubuntu/myagv_ros2/build/myagv_description
[3.550s] -- Install configuration: ""
[3.571s] -- Execute custom install script
[3.594s] -- Up-to-date symlink: /home/ubuntu/myagv_ros2/install/myagv_description/share/myagv_description/urdf/myAGV.urdf
[3.611s] -- Up-to-date symlink: /home/ubuntu/myagv_ros2/install/myagv_description/share/myagv_description/meshes/myagv_all.dae
[3.620s] -- Up-to-date symlink: /home/ubuntu/myagv_ros2/install/myagv_description/share/myagv_description/meshes/myagv_base.dae
[3.632s] -- Up-to-date symlink: /home/ubuntu/myagv_ros2/install/myagv_description/share/myagv_description/meshes/myagv_up.dae
[3.637s] -- Up-to-date symlink: /home/ubuntu/myagv_ros2/install/myagv_description/share/ament_index/resource_index/package_run_dependencies/myagv_description
[3.662s] -- Up-to-date symlink: /home/ubuntu/myagv_ros2/install/myagv_description/share/ament_index/resource_index/parent_prefix_path/myagv_description
[3.671s] -- Up-to-date symlink: /home/ubuntu/myagv_ros2/install/myagv_description/share/myagv_description/environment/ament_prefix_path.sh
[3.674s] -- Up-to-date symlink: /home/ubuntu/myagv_ros2/install/myagv_description/share/myagv_description/environment/ament_prefix_path.dsv
[3.684s] -- Up-to-date symlink: /home/ubuntu/myagv_ros2/install/myagv_description/share/myagv_description/environment/path.sh
[3.685s] -- Up-to-date symlink: /home/ubuntu/myagv_ros2/install/myagv_description/share/myagv_description/environment/path.dsv
[3.750s] -- Up-to-date symlink: /home/ubuntu/myagv_ros2/install/myagv_description/share/myagv_description/local_setup.bash
[3.751s] -- Up-to-date symlink: /home/ubuntu/myagv_ros2/install/myagv_description/share/myagv_description/local_setup.sh
[3.752s] -- Up-to-date symlink: /home/ubuntu/myagv_ros2/install/myagv_description/share/myagv_description/local_setup.zsh
[3.752s] -- Up-to-date symlink: /home/ubuntu/myagv_ros2/install/myagv_description/share/myagv_description/local_setup.dsv
[3.760s] -- Symlinking: /home/ubuntu/myagv_ros2/install/myagv_description/share/myagv_description/package.dsv
[3.809s] -- Up-to-date symlink: /home/ubuntu/myagv_ros2/install/myagv_description/share/ament_index/resource_index/packages/myagv_description
[3.814s] -- Up-to-date symlink: /home/ubuntu/myagv_ros2/install/myagv_description/share/myagv_description/cmake/myagv_descriptionConfig.cmake
[3.832s] -- Up-to-date symlink: /home/ubuntu/myagv_ros2/install/myagv_description/share/myagv_description/cmake/myagv_descriptionConfig-version.cmake
[3.837s] -- Up-to-date symlink: /home/ubuntu/myagv_ros2/install/myagv_description/share/myagv_description/package.xml
[3.842s] Invoked command in '/home/ubuntu/myagv_ros2/build/myagv_description' returned '0': CMAKE_PREFIX_PATH=${CMAKE_PREFIX_PATH}:/home/ubuntu/myagv_ros2/install/myagv_teleop_ros2:/opt/ros/humble /usr/bin/cmake --install /home/ubuntu/myagv_ros2/build/myagv_description
