[0.187s] Invoking command in '/home/ubuntu/myagv_ros2/build/myagv_node': CMAKE_PREFIX_PATH=${CMAKE_PREFIX_PATH}:/home/ubuntu/myagv_ros2/install/myagv_teleop_ros2:/opt/ros/humble /usr/bin/cmake --build /home/ubuntu/myagv_ros2/build/myagv_node -- -j4 -l4
[0.845s] [ 50%] Built target myagv_node_lib
[1.061s] [100%] Built target myagv_node
[2.284s] Invoked command in '/home/ubuntu/myagv_ros2/build/myagv_node' returned '0': CMAKE_PREFIX_PATH=${CMAKE_PREFIX_PATH}:/home/ubuntu/myagv_ros2/install/myagv_teleop_ros2:/opt/ros/humble /usr/bin/cmake --build /home/ubuntu/myagv_ros2/build/myagv_node -- -j4 -l4
[2.868s] Invoking command in '/home/ubuntu/myagv_ros2/build/myagv_node': CMAKE_PREFIX_PATH=${CMAKE_PREFIX_PATH}:/home/ubuntu/myagv_ros2/install/myagv_teleop_ros2:/opt/ros/humble /usr/bin/cmake --install /home/ubuntu/myagv_ros2/build/myagv_node
[2.914s] -- Install configuration: ""
[2.923s] -- Execute custom install script
[2.945s] -- Up-to-date symlink: /home/ubuntu/myagv_ros2/install/myagv_node/lib/myagv_node/myagv_node
[2.954s] -- Up-to-date symlink: /home/ubuntu/myagv_ros2/install/myagv_node/share/ament_index/resource_index/package_run_dependencies/myagv_node
[2.963s] -- Up-to-date symlink: /home/ubuntu/myagv_ros2/install/myagv_node/share/ament_index/resource_index/parent_prefix_path/myagv_node
[2.970s] -- Up-to-date symlink: /home/ubuntu/myagv_ros2/install/myagv_node/share/myagv_node/environment/ament_prefix_path.sh
[2.975s] -- Up-to-date symlink: /home/ubuntu/myagv_ros2/install/myagv_node/share/myagv_node/environment/ament_prefix_path.dsv
[2.991s] -- Up-to-date symlink: /home/ubuntu/myagv_ros2/install/myagv_node/share/myagv_node/environment/path.sh
[2.996s] -- Up-to-date symlink: /home/ubuntu/myagv_ros2/install/myagv_node/share/myagv_node/environment/path.dsv
[3.000s] -- Up-to-date symlink: /home/ubuntu/myagv_ros2/install/myagv_node/share/myagv_node/local_setup.bash
[3.010s] -- Up-to-date symlink: /home/ubuntu/myagv_ros2/install/myagv_node/share/myagv_node/local_setup.sh
[3.015s] -- Up-to-date symlink: /home/ubuntu/myagv_ros2/install/myagv_node/share/myagv_node/local_setup.zsh
[3.019s] -- Up-to-date symlink: /home/ubuntu/myagv_ros2/install/myagv_node/share/myagv_node/local_setup.dsv
[3.031s] -- Symlinking: /home/ubuntu/myagv_ros2/install/myagv_node/share/myagv_node/package.dsv
[3.195s] -- Up-to-date symlink: /home/ubuntu/myagv_ros2/install/myagv_node/share/ament_index/resource_index/packages/myagv_node
[3.201s] -- Up-to-date symlink: /home/ubuntu/myagv_ros2/install/myagv_node/share/myagv_node/cmake/ament_cmake_export_include_directories-extras.cmake
[3.206s] -- Up-to-date symlink: /home/ubuntu/myagv_ros2/install/myagv_node/share/myagv_node/cmake/myagv_nodeConfig.cmake
[3.222s] -- Up-to-date symlink: /home/ubuntu/myagv_ros2/install/myagv_node/share/myagv_node/cmake/myagv_nodeConfig-version.cmake
[3.222s] -- Up-to-date symlink: /home/ubuntu/myagv_ros2/install/myagv_node/share/myagv_node/package.xml
[3.280s] Invoked command in '/home/ubuntu/myagv_ros2/build/myagv_node' returned '0': CMAKE_PREFIX_PATH=${CMAKE_PREFIX_PATH}:/home/ubuntu/myagv_ros2/install/myagv_teleop_ros2:/opt/ros/humble /usr/bin/cmake --install /home/ubuntu/myagv_ros2/build/myagv_node
