[0.524s] DEBUG:colcon:Command line arguments: ['/usr/bin/colcon', 'build', '--symlink-install', '--packages-select', 'myagv_navigation2']
[0.525s] DEBUG:colcon:Parsed command line arguments: Namespace(log_base=None, log_level=None, verb_name='build', build_base='build', install_base='install', merge_install=False, symlink_install=True, test_result_base=None, continue_on_error=False, executor='parallel', parallel_workers=4, event_handlers=None, ignore_user_meta=False, metas=['./colcon.meta'], base_paths=['.'], packages_ignore=None, packages_ignore_regex=None, paths=None, packages_up_to=None, packages_up_to_regex=None, packages_above=None, packages_above_and_dependencies=None, packages_above_depth=None, packages_select_by_dep=None, packages_skip_by_dep=None, packages_skip_up_to=None, packages_select_build_failed=False, packages_skip_build_finished=False, packages_select_test_failures=False, packages_skip_test_passed=False, packages_select=['myagv_navigation2'], packages_skip=None, packages_select_regex=None, packages_skip_regex=None, packages_start=None, packages_end=None, allow_overriding=[], cmake_args=None, cmake_target=None, cmake_target_skip_unavailable=False, cmake_clean_cache=False, cmake_clean_first=False, cmake_force_configure=False, ament_cmake_args=None, catkin_cmake_args=None, catkin_skip_building_tests=False, verb_parser=<colcon_defaults.argument_parser.defaults.DefaultArgumentsDecorator object at 0xffffae474af0>, verb_extension=<colcon_core.verb.build.BuildVerb object at 0xffffae571900>, main=<bound method BuildVerb.main of <colcon_core.verb.build.BuildVerb object at 0xffffae571900>>)
[1.647s] Level 1:colcon.colcon_core.package_discovery:discover_packages(colcon_meta) check parameters
[1.648s] Level 1:colcon.colcon_core.package_discovery:discover_packages(recursive) check parameters
[1.648s] Level 1:colcon.colcon_core.package_discovery:discover_packages(ignore) check parameters
[1.648s] Level 1:colcon.colcon_core.package_discovery:discover_packages(path) check parameters
[1.648s] Level 1:colcon.colcon_core.package_discovery:discover_packages(colcon_meta) discover
[1.648s] Level 1:colcon.colcon_core.package_discovery:discover_packages(recursive) discover
[1.649s] INFO:colcon.colcon_core.package_discovery:Crawling recursively for packages in '/home/ubuntu/myagv_ros2'
[1.649s] Level 1:colcon.colcon_core.package_identification:_identify(.) by extensions ['ignore', 'ignore_ament_install']
[1.650s] Level 1:colcon.colcon_core.package_identification:_identify(.) by extension 'ignore'
[1.650s] Level 1:colcon.colcon_core.package_identification:_identify(.) by extension 'ignore_ament_install'
[1.650s] Level 1:colcon.colcon_core.package_identification:_identify(.) by extensions ['colcon_pkg']
[1.650s] Level 1:colcon.colcon_core.package_identification:_identify(.) by extension 'colcon_pkg'
[1.650s] Level 1:colcon.colcon_core.package_identification:_identify(.) by extensions ['colcon_meta']
[1.650s] Level 1:colcon.colcon_core.package_identification:_identify(.) by extension 'colcon_meta'
[1.651s] Level 1:colcon.colcon_core.package_identification:_identify(.) by extensions ['ros']
[1.651s] Level 1:colcon.colcon_core.package_identification:_identify(.) by extension 'ros'
[1.714s] Level 1:colcon.colcon_core.package_identification:_identify(.) by extensions ['cmake', 'python']
[1.714s] Level 1:colcon.colcon_core.package_identification:_identify(.) by extension 'cmake'
[1.714s] Level 1:colcon.colcon_core.package_identification:_identify(.) by extension 'python'
[1.714s] Level 1:colcon.colcon_core.package_identification:_identify(.) by extensions ['python_setup_py']
[1.715s] Level 1:colcon.colcon_core.package_identification:_identify(.) by extension 'python_setup_py'
[1.715s] Level 1:colcon.colcon_core.package_identification:_identify(build) by extensions ['ignore', 'ignore_ament_install']
[1.716s] Level 1:colcon.colcon_core.package_identification:_identify(build) by extension 'ignore'
[1.716s] Level 1:colcon.colcon_core.package_identification:_identify(build) ignored
[1.716s] Level 1:colcon.colcon_core.package_identification:_identify(install) by extensions ['ignore', 'ignore_ament_install']
[1.717s] Level 1:colcon.colcon_core.package_identification:_identify(install) by extension 'ignore'
[1.717s] Level 1:colcon.colcon_core.package_identification:_identify(install) ignored
[1.718s] Level 1:colcon.colcon_core.package_identification:_identify(log) by extensions ['ignore', 'ignore_ament_install']
[1.718s] Level 1:colcon.colcon_core.package_identification:_identify(log) by extension 'ignore'
[1.719s] Level 1:colcon.colcon_core.package_identification:_identify(log) ignored
[1.719s] Level 1:colcon.colcon_core.package_identification:_identify(src) by extensions ['ignore', 'ignore_ament_install']
[1.719s] Level 1:colcon.colcon_core.package_identification:_identify(src) by extension 'ignore'
[1.720s] Level 1:colcon.colcon_core.package_identification:_identify(src) by extension 'ignore_ament_install'
[1.720s] Level 1:colcon.colcon_core.package_identification:_identify(src) by extensions ['colcon_pkg']
[1.720s] Level 1:colcon.colcon_core.package_identification:_identify(src) by extension 'colcon_pkg'
[1.720s] Level 1:colcon.colcon_core.package_identification:_identify(src) by extensions ['colcon_meta']
[1.720s] Level 1:colcon.colcon_core.package_identification:_identify(src) by extension 'colcon_meta'
[1.721s] Level 1:colcon.colcon_core.package_identification:_identify(src) by extensions ['ros']
[1.721s] Level 1:colcon.colcon_core.package_identification:_identify(src) by extension 'ros'
[1.721s] Level 1:colcon.colcon_core.package_identification:_identify(src) by extensions ['cmake', 'python']
[1.721s] Level 1:colcon.colcon_core.package_identification:_identify(src) by extension 'cmake'
[1.721s] Level 1:colcon.colcon_core.package_identification:_identify(src) by extension 'python'
[1.722s] Level 1:colcon.colcon_core.package_identification:_identify(src) by extensions ['python_setup_py']
[1.722s] Level 1:colcon.colcon_core.package_identification:_identify(src) by extension 'python_setup_py'
[1.722s] Level 1:colcon.colcon_core.package_identification:_identify(src/myagv_bringup) by extensions ['ignore', 'ignore_ament_install']
[1.723s] Level 1:colcon.colcon_core.package_identification:_identify(src/myagv_bringup) by extension 'ignore'
[1.723s] Level 1:colcon.colcon_core.package_identification:_identify(src/myagv_bringup) by extension 'ignore_ament_install'
[1.723s] Level 1:colcon.colcon_core.package_identification:_identify(src/myagv_bringup) by extensions ['colcon_pkg']
[1.724s] Level 1:colcon.colcon_core.package_identification:_identify(src/myagv_bringup) by extension 'colcon_pkg'
[1.724s] Level 1:colcon.colcon_core.package_identification:_identify(src/myagv_bringup) by extensions ['colcon_meta']
[1.724s] Level 1:colcon.colcon_core.package_identification:_identify(src/myagv_bringup) by extension 'colcon_meta'
[1.724s] Level 1:colcon.colcon_core.package_identification:_identify(src/myagv_bringup) by extensions ['ros']
[1.724s] Level 1:colcon.colcon_core.package_identification:_identify(src/myagv_bringup) by extension 'ros'
[1.733s] DEBUG:colcon.colcon_core.package_identification:Package 'src/myagv_bringup' with type 'ros.ament_cmake' and name 'myagv_bringup'
[1.734s] Level 1:colcon.colcon_core.package_identification:_identify(src/myagv_cartographer) by extensions ['ignore', 'ignore_ament_install']
[1.734s] Level 1:colcon.colcon_core.package_identification:_identify(src/myagv_cartographer) by extension 'ignore'
[1.734s] Level 1:colcon.colcon_core.package_identification:_identify(src/myagv_cartographer) by extension 'ignore_ament_install'
[1.735s] Level 1:colcon.colcon_core.package_identification:_identify(src/myagv_cartographer) by extensions ['colcon_pkg']
[1.735s] Level 1:colcon.colcon_core.package_identification:_identify(src/myagv_cartographer) by extension 'colcon_pkg'
[1.735s] Level 1:colcon.colcon_core.package_identification:_identify(src/myagv_cartographer) by extensions ['colcon_meta']
[1.735s] Level 1:colcon.colcon_core.package_identification:_identify(src/myagv_cartographer) by extension 'colcon_meta'
[1.735s] Level 1:colcon.colcon_core.package_identification:_identify(src/myagv_cartographer) by extensions ['ros']
[1.735s] Level 1:colcon.colcon_core.package_identification:_identify(src/myagv_cartographer) by extension 'ros'
[1.737s] DEBUG:colcon.colcon_core.package_identification:Package 'src/myagv_cartographer' with type 'ros.ament_cmake' and name 'myagv_cartographer'
[1.738s] Level 1:colcon.colcon_core.package_identification:_identify(src/myagv_description) by extensions ['ignore', 'ignore_ament_install']
[1.738s] Level 1:colcon.colcon_core.package_identification:_identify(src/myagv_description) by extension 'ignore'
[1.739s] Level 1:colcon.colcon_core.package_identification:_identify(src/myagv_description) by extension 'ignore_ament_install'
[1.739s] Level 1:colcon.colcon_core.package_identification:_identify(src/myagv_description) by extensions ['colcon_pkg']
[1.739s] Level 1:colcon.colcon_core.package_identification:_identify(src/myagv_description) by extension 'colcon_pkg'
[1.739s] Level 1:colcon.colcon_core.package_identification:_identify(src/myagv_description) by extensions ['colcon_meta']
[1.739s] Level 1:colcon.colcon_core.package_identification:_identify(src/myagv_description) by extension 'colcon_meta'
[1.740s] Level 1:colcon.colcon_core.package_identification:_identify(src/myagv_description) by extensions ['ros']
[1.740s] Level 1:colcon.colcon_core.package_identification:_identify(src/myagv_description) by extension 'ros'
[1.748s] DEBUG:colcon.colcon_core.package_identification:Package 'src/myagv_description' with type 'ros.ament_cmake' and name 'myagv_description'
[1.749s] Level 1:colcon.colcon_core.package_identification:_identify(src/myagv_navigation2) by extensions ['ignore', 'ignore_ament_install']
[1.749s] Level 1:colcon.colcon_core.package_identification:_identify(src/myagv_navigation2) by extension 'ignore'
[1.750s] Level 1:colcon.colcon_core.package_identification:_identify(src/myagv_navigation2) by extension 'ignore_ament_install'
[1.750s] Level 1:colcon.colcon_core.package_identification:_identify(src/myagv_navigation2) by extensions ['colcon_pkg']
[1.750s] Level 1:colcon.colcon_core.package_identification:_identify(src/myagv_navigation2) by extension 'colcon_pkg'
[1.750s] Level 1:colcon.colcon_core.package_identification:_identify(src/myagv_navigation2) by extensions ['colcon_meta']
[1.750s] Level 1:colcon.colcon_core.package_identification:_identify(src/myagv_navigation2) by extension 'colcon_meta'
[1.750s] Level 1:colcon.colcon_core.package_identification:_identify(src/myagv_navigation2) by extensions ['ros']
[1.751s] Level 1:colcon.colcon_core.package_identification:_identify(src/myagv_navigation2) by extension 'ros'
[1.752s] DEBUG:colcon.colcon_core.package_identification:Package 'src/myagv_navigation2' with type 'ros.ament_cmake' and name 'myagv_navigation2'
[1.753s] Level 1:colcon.colcon_core.package_identification:_identify(src/myagv_node) by extensions ['ignore', 'ignore_ament_install']
[1.754s] Level 1:colcon.colcon_core.package_identification:_identify(src/myagv_node) by extension 'ignore'
[1.754s] Level 1:colcon.colcon_core.package_identification:_identify(src/myagv_node) by extension 'ignore_ament_install'
[1.754s] Level 1:colcon.colcon_core.package_identification:_identify(src/myagv_node) by extensions ['colcon_pkg']
[1.755s] Level 1:colcon.colcon_core.package_identification:_identify(src/myagv_node) by extension 'colcon_pkg'
[1.755s] Level 1:colcon.colcon_core.package_identification:_identify(src/myagv_node) by extensions ['colcon_meta']
[1.755s] Level 1:colcon.colcon_core.package_identification:_identify(src/myagv_node) by extension 'colcon_meta'
[1.755s] Level 1:colcon.colcon_core.package_identification:_identify(src/myagv_node) by extensions ['ros']
[1.755s] Level 1:colcon.colcon_core.package_identification:_identify(src/myagv_node) by extension 'ros'
[1.759s] DEBUG:colcon.colcon_core.package_identification:Package 'src/myagv_node' with type 'ros.ament_cmake' and name 'myagv_node'
[1.760s] Level 1:colcon.colcon_core.package_identification:_identify(src/myagv_ps2) by extensions ['ignore', 'ignore_ament_install']
[1.760s] Level 1:colcon.colcon_core.package_identification:_identify(src/myagv_ps2) by extension 'ignore'
[1.760s] Level 1:colcon.colcon_core.package_identification:_identify(src/myagv_ps2) by extension 'ignore_ament_install'
[1.760s] Level 1:colcon.colcon_core.package_identification:_identify(src/myagv_ps2) by extensions ['colcon_pkg']
[1.761s] Level 1:colcon.colcon_core.package_identification:_identify(src/myagv_ps2) by extension 'colcon_pkg'
[1.761s] Level 1:colcon.colcon_core.package_identification:_identify(src/myagv_ps2) by extensions ['colcon_meta']
[1.761s] Level 1:colcon.colcon_core.package_identification:_identify(src/myagv_ps2) by extension 'colcon_meta'
[1.761s] Level 1:colcon.colcon_core.package_identification:_identify(src/myagv_ps2) by extensions ['ros']
[1.761s] Level 1:colcon.colcon_core.package_identification:_identify(src/myagv_ps2) by extension 'ros'
[1.763s] DEBUG:colcon.colcon_core.package_identification:Package 'src/myagv_ps2' with type 'ros.ament_cmake' and name 'myagv_ps2'
[1.764s] Level 1:colcon.colcon_core.package_identification:_identify(src/myagv_ros2) by extensions ['ignore', 'ignore_ament_install']
[1.764s] Level 1:colcon.colcon_core.package_identification:_identify(src/myagv_ros2) by extension 'ignore'
[1.765s] Level 1:colcon.colcon_core.package_identification:_identify(src/myagv_ros2) by extension 'ignore_ament_install'
[1.765s] Level 1:colcon.colcon_core.package_identification:_identify(src/myagv_ros2) by extensions ['colcon_pkg']
[1.765s] Level 1:colcon.colcon_core.package_identification:_identify(src/myagv_ros2) by extension 'colcon_pkg'
[1.765s] Level 1:colcon.colcon_core.package_identification:_identify(src/myagv_ros2) by extensions ['colcon_meta']
[1.765s] Level 1:colcon.colcon_core.package_identification:_identify(src/myagv_ros2) by extension 'colcon_meta'
[1.766s] Level 1:colcon.colcon_core.package_identification:_identify(src/myagv_ros2) by extensions ['ros']
[1.766s] Level 1:colcon.colcon_core.package_identification:_identify(src/myagv_ros2) by extension 'ros'
[1.768s] DEBUG:colcon.colcon_core.package_identification:Package 'src/myagv_ros2' with type 'ros.ament_cmake' and name 'myagv_ros2'
[1.768s] Level 1:colcon.colcon_core.package_identification:_identify(src/myagv_teleop_ros2) by extensions ['ignore', 'ignore_ament_install']
[1.769s] Level 1:colcon.colcon_core.package_identification:_identify(src/myagv_teleop_ros2) by extension 'ignore'
[1.769s] Level 1:colcon.colcon_core.package_identification:_identify(src/myagv_teleop_ros2) by extension 'ignore_ament_install'
[1.769s] Level 1:colcon.colcon_core.package_identification:_identify(src/myagv_teleop_ros2) by extensions ['colcon_pkg']
[1.770s] Level 1:colcon.colcon_core.package_identification:_identify(src/myagv_teleop_ros2) by extension 'colcon_pkg'
[1.770s] Level 1:colcon.colcon_core.package_identification:_identify(src/myagv_teleop_ros2) by extensions ['colcon_meta']
[1.770s] Level 1:colcon.colcon_core.package_identification:_identify(src/myagv_teleop_ros2) by extension 'colcon_meta'
[1.770s] Level 1:colcon.colcon_core.package_identification:_identify(src/myagv_teleop_ros2) by extensions ['ros']
[1.770s] Level 1:colcon.colcon_core.package_identification:_identify(src/myagv_teleop_ros2) by extension 'ros'
[1.772s] DEBUG:colcon.colcon_core.package_identification:Package 'src/myagv_teleop_ros2' with type 'ros.ament_python' and name 'myagv_teleop_ros2'
[1.773s] Level 1:colcon.colcon_core.package_identification:_identify(src/ydlidar_ros2_driver) by extensions ['ignore', 'ignore_ament_install']
[1.773s] Level 1:colcon.colcon_core.package_identification:_identify(src/ydlidar_ros2_driver) by extension 'ignore'
[1.774s] Level 1:colcon.colcon_core.package_identification:_identify(src/ydlidar_ros2_driver) by extension 'ignore_ament_install'
[1.774s] Level 1:colcon.colcon_core.package_identification:_identify(src/ydlidar_ros2_driver) by extensions ['colcon_pkg']
[1.774s] Level 1:colcon.colcon_core.package_identification:_identify(src/ydlidar_ros2_driver) by extension 'colcon_pkg'
[1.774s] Level 1:colcon.colcon_core.package_identification:_identify(src/ydlidar_ros2_driver) by extensions ['colcon_meta']
[1.775s] Level 1:colcon.colcon_core.package_identification:_identify(src/ydlidar_ros2_driver) by extension 'colcon_meta'
[1.775s] Level 1:colcon.colcon_core.package_identification:_identify(src/ydlidar_ros2_driver) by extensions ['ros']
[1.775s] Level 1:colcon.colcon_core.package_identification:_identify(src/ydlidar_ros2_driver) by extension 'ros'
[1.816s] DEBUG:colcon.colcon_core.package_identification:Package 'src/ydlidar_ros2_driver' with type 'ros.ament_cmake' and name 'ydlidar_ros2_driver'
[1.817s] Level 1:colcon.colcon_core.package_discovery:discover_packages(recursive) using defaults
[1.817s] Level 1:colcon.colcon_core.package_discovery:discover_packages(ignore) discover
[1.817s] Level 1:colcon.colcon_core.package_discovery:discover_packages(ignore) using defaults
[1.817s] Level 1:colcon.colcon_core.package_discovery:discover_packages(path) discover
[1.817s] Level 1:colcon.colcon_core.package_discovery:discover_packages(path) using defaults
[1.911s] INFO:colcon.colcon_core.package_selection:Skipping not selected package 'myagv_cartographer' in 'src/myagv_cartographer'
[1.912s] INFO:colcon.colcon_core.package_selection:Skipping not selected package 'myagv_description' in 'src/myagv_description'
[1.912s] INFO:colcon.colcon_core.package_selection:Skipping not selected package 'myagv_node' in 'src/myagv_node'
[1.912s] INFO:colcon.colcon_core.package_selection:Skipping not selected package 'myagv_ps2' in 'src/myagv_ps2'
[1.912s] INFO:colcon.colcon_core.package_selection:Skipping not selected package 'myagv_teleop_ros2' in 'src/myagv_teleop_ros2'
[1.912s] INFO:colcon.colcon_core.package_selection:Skipping not selected package 'ydlidar_ros2_driver' in 'src/ydlidar_ros2_driver'
[1.912s] INFO:colcon.colcon_core.package_selection:Skipping not selected package 'myagv_bringup' in 'src/myagv_bringup'
[1.912s] INFO:colcon.colcon_core.package_selection:Skipping not selected package 'myagv_ros2' in 'src/myagv_ros2'
[1.914s] Level 1:colcon.colcon_core.package_discovery:discover_packages(prefix_path) check parameters
[1.914s] Level 1:colcon.colcon_core.package_discovery:discover_packages(prefix_path) discover
[1.927s] DEBUG:colcon.colcon_installed_package_information.package_discovery:Found 9 installed packages in /home/ubuntu/myagv_ros2/install
[1.939s] DEBUG:colcon.colcon_installed_package_information.package_discovery:Found 355 installed packages in /opt/ros/humble
[1.947s] Level 1:colcon.colcon_core.package_discovery:discover_packages(prefix_path) using defaults
[2.209s] Level 5:colcon.colcon_core.verb:set package 'myagv_navigation2' build argument 'cmake_args' from command line to 'None'
[2.209s] Level 5:colcon.colcon_core.verb:set package 'myagv_navigation2' build argument 'cmake_target' from command line to 'None'
[2.209s] Level 5:colcon.colcon_core.verb:set package 'myagv_navigation2' build argument 'cmake_target_skip_unavailable' from command line to 'False'
[2.209s] Level 5:colcon.colcon_core.verb:set package 'myagv_navigation2' build argument 'cmake_clean_cache' from command line to 'False'
[2.210s] Level 5:colcon.colcon_core.verb:set package 'myagv_navigation2' build argument 'cmake_clean_first' from command line to 'False'
[2.210s] Level 5:colcon.colcon_core.verb:set package 'myagv_navigation2' build argument 'cmake_force_configure' from command line to 'False'
[2.210s] Level 5:colcon.colcon_core.verb:set package 'myagv_navigation2' build argument 'ament_cmake_args' from command line to 'None'
[2.210s] Level 5:colcon.colcon_core.verb:set package 'myagv_navigation2' build argument 'catkin_cmake_args' from command line to 'None'
[2.210s] Level 5:colcon.colcon_core.verb:set package 'myagv_navigation2' build argument 'catkin_skip_building_tests' from command line to 'False'
[2.210s] DEBUG:colcon.colcon_core.verb:Building package 'myagv_navigation2' with the following arguments: {'ament_cmake_args': None, 'build_base': '/home/ubuntu/myagv_ros2/build/myagv_navigation2', 'catkin_cmake_args': None, 'catkin_skip_building_tests': False, 'cmake_args': None, 'cmake_clean_cache': False, 'cmake_clean_first': False, 'cmake_force_configure': False, 'cmake_target': None, 'cmake_target_skip_unavailable': False, 'install_base': '/home/ubuntu/myagv_ros2/install/myagv_navigation2', 'merge_install': False, 'path': '/home/ubuntu/myagv_ros2/src/myagv_navigation2', 'symlink_install': True, 'test_result_base': None}
[2.211s] INFO:colcon.colcon_core.executor:Executing jobs using 'parallel' executor
[2.216s] DEBUG:colcon.colcon_parallel_executor.executor.parallel:run_until_complete
[2.217s] INFO:colcon.colcon_ros.task.ament_cmake.build:Building ROS package in '/home/ubuntu/myagv_ros2/src/myagv_navigation2' with build type 'ament_cmake'
[2.218s] INFO:colcon.colcon_cmake.task.cmake.build:Building CMake package in '/home/ubuntu/myagv_ros2/src/myagv_navigation2'
[2.229s] INFO:colcon.colcon_core.plugin_system:Skipping extension 'colcon_core.shell.bat': Not used on non-Windows systems
[2.230s] INFO:colcon.colcon_core.shell:Skip shell extension 'powershell' for command environment: Not usable outside of PowerShell
[2.231s] DEBUG:colcon.colcon_core.shell:Skip shell extension 'dsv' for command environment
[2.279s] DEBUG:colcon.colcon_core.event_handler.log_command:Invoking command in '/home/ubuntu/myagv_ros2/build/myagv_navigation2': CMAKE_PREFIX_PATH=${CMAKE_PREFIX_PATH}:/home/ubuntu/myagv_ros2/install/myagv_teleop_ros2:/opt/ros/humble /usr/bin/cmake --build /home/ubuntu/myagv_ros2/build/myagv_navigation2 -- -j4 -l4
[2.507s] DEBUG:colcon.colcon_core.event_handler.log_command:Invoked command in '/home/ubuntu/myagv_ros2/build/myagv_navigation2' returned '0': CMAKE_PREFIX_PATH=${CMAKE_PREFIX_PATH}:/home/ubuntu/myagv_ros2/install/myagv_teleop_ros2:/opt/ros/humble /usr/bin/cmake --build /home/ubuntu/myagv_ros2/build/myagv_navigation2 -- -j4 -l4
[2.664s] DEBUG:colcon.colcon_core.event_handler.log_command:Invoking command in '/home/ubuntu/myagv_ros2/build/myagv_navigation2': CMAKE_PREFIX_PATH=${CMAKE_PREFIX_PATH}:/home/ubuntu/myagv_ros2/install/myagv_teleop_ros2:/opt/ros/humble /usr/bin/cmake --install /home/ubuntu/myagv_ros2/build/myagv_navigation2
[2.768s] Level 1:colcon.colcon_core.environment:create_environment_scripts_only(myagv_navigation2)
[2.770s] DEBUG:colcon.colcon_core.event_handler.log_command:Invoked command in '/home/ubuntu/myagv_ros2/build/myagv_navigation2' returned '0': CMAKE_PREFIX_PATH=${CMAKE_PREFIX_PATH}:/home/ubuntu/myagv_ros2/install/myagv_teleop_ros2:/opt/ros/humble /usr/bin/cmake --install /home/ubuntu/myagv_ros2/build/myagv_navigation2
[2.782s] Level 1:colcon.colcon_core.environment:checking '/home/ubuntu/myagv_ros2/install/myagv_navigation2' for CMake module files
[2.786s] Level 1:colcon.colcon_core.environment:checking '/home/ubuntu/myagv_ros2/install/myagv_navigation2' for CMake config files
[2.789s] Level 1:colcon.colcon_core.shell:create_environment_hook('myagv_navigation2', 'cmake_prefix_path')
[2.790s] INFO:colcon.colcon_core.shell:Creating environment hook '/home/ubuntu/myagv_ros2/install/myagv_navigation2/share/myagv_navigation2/hook/cmake_prefix_path.ps1'
[2.793s] INFO:colcon.colcon_core.shell:Creating environment descriptor '/home/ubuntu/myagv_ros2/install/myagv_navigation2/share/myagv_navigation2/hook/cmake_prefix_path.dsv'
[2.795s] INFO:colcon.colcon_core.shell:Creating environment hook '/home/ubuntu/myagv_ros2/install/myagv_navigation2/share/myagv_navigation2/hook/cmake_prefix_path.sh'
[2.799s] Level 1:colcon.colcon_core.environment:checking '/home/ubuntu/myagv_ros2/install/myagv_navigation2/bin'
[2.799s] Level 1:colcon.colcon_core.environment:checking '/home/ubuntu/myagv_ros2/install/myagv_navigation2/lib/pkgconfig/myagv_navigation2.pc'
[2.800s] Level 1:colcon.colcon_core.environment:checking '/home/ubuntu/myagv_ros2/install/myagv_navigation2/lib/python3.10/site-packages'
[2.801s] Level 1:colcon.colcon_core.environment:checking '/home/ubuntu/myagv_ros2/install/myagv_navigation2/bin'
[2.802s] INFO:colcon.colcon_core.shell:Creating package script '/home/ubuntu/myagv_ros2/install/myagv_navigation2/share/myagv_navigation2/package.ps1'
[2.806s] INFO:colcon.colcon_core.shell:Creating package descriptor '/home/ubuntu/myagv_ros2/install/myagv_navigation2/share/myagv_navigation2/package.dsv'
[2.808s] INFO:colcon.colcon_core.shell:Creating package script '/home/ubuntu/myagv_ros2/install/myagv_navigation2/share/myagv_navigation2/package.sh'
[2.812s] INFO:colcon.colcon_core.shell:Creating package script '/home/ubuntu/myagv_ros2/install/myagv_navigation2/share/myagv_navigation2/package.bash'
[2.815s] INFO:colcon.colcon_core.shell:Creating package script '/home/ubuntu/myagv_ros2/install/myagv_navigation2/share/myagv_navigation2/package.zsh'
[2.819s] Level 1:colcon.colcon_core.environment:create_file_with_runtime_dependencies(/home/ubuntu/myagv_ros2/install/myagv_navigation2/share/colcon-core/packages/myagv_navigation2)
[2.925s] Level 1:colcon.colcon_core.environment:create_environment_scripts_only(myagv_navigation2)
[2.926s] Level 1:colcon.colcon_core.environment:checking '/home/ubuntu/myagv_ros2/install/myagv_navigation2' for CMake module files
[2.930s] Level 1:colcon.colcon_core.environment:checking '/home/ubuntu/myagv_ros2/install/myagv_navigation2' for CMake config files
[2.934s] Level 1:colcon.colcon_core.shell:create_environment_hook('myagv_navigation2', 'cmake_prefix_path')
[2.935s] INFO:colcon.colcon_core.shell:Creating environment hook '/home/ubuntu/myagv_ros2/install/myagv_navigation2/share/myagv_navigation2/hook/cmake_prefix_path.ps1'
[2.938s] INFO:colcon.colcon_core.shell:Creating environment descriptor '/home/ubuntu/myagv_ros2/install/myagv_navigation2/share/myagv_navigation2/hook/cmake_prefix_path.dsv'
[2.940s] INFO:colcon.colcon_core.shell:Creating environment hook '/home/ubuntu/myagv_ros2/install/myagv_navigation2/share/myagv_navigation2/hook/cmake_prefix_path.sh'
[2.943s] Level 1:colcon.colcon_core.environment:checking '/home/ubuntu/myagv_ros2/install/myagv_navigation2/bin'
[2.943s] Level 1:colcon.colcon_core.environment:checking '/home/ubuntu/myagv_ros2/install/myagv_navigation2/lib/pkgconfig/myagv_navigation2.pc'
[2.944s] Level 1:colcon.colcon_core.environment:checking '/home/ubuntu/myagv_ros2/install/myagv_navigation2/lib/python3.10/site-packages'
[2.945s] Level 1:colcon.colcon_core.environment:checking '/home/ubuntu/myagv_ros2/install/myagv_navigation2/bin'
[2.946s] INFO:colcon.colcon_core.shell:Creating package script '/home/ubuntu/myagv_ros2/install/myagv_navigation2/share/myagv_navigation2/package.ps1'
[2.949s] INFO:colcon.colcon_core.shell:Creating package descriptor '/home/ubuntu/myagv_ros2/install/myagv_navigation2/share/myagv_navigation2/package.dsv'
[2.951s] INFO:colcon.colcon_core.shell:Creating package script '/home/ubuntu/myagv_ros2/install/myagv_navigation2/share/myagv_navigation2/package.sh'
[2.953s] INFO:colcon.colcon_core.shell:Creating package script '/home/ubuntu/myagv_ros2/install/myagv_navigation2/share/myagv_navigation2/package.bash'
[2.955s] INFO:colcon.colcon_core.shell:Creating package script '/home/ubuntu/myagv_ros2/install/myagv_navigation2/share/myagv_navigation2/package.zsh'
[2.957s] Level 1:colcon.colcon_core.environment:create_file_with_runtime_dependencies(/home/ubuntu/myagv_ros2/install/myagv_navigation2/share/colcon-core/packages/myagv_navigation2)
[2.959s] DEBUG:colcon.colcon_parallel_executor.executor.parallel:closing loop
[2.960s] DEBUG:colcon.colcon_parallel_executor.executor.parallel:loop closed
[2.961s] DEBUG:colcon.colcon_parallel_executor.executor.parallel:run_until_complete finished with '0'
[2.961s] DEBUG:colcon.colcon_core.event_reactor:joining thread
[2.985s] INFO:colcon.colcon_core.plugin_system:Skipping extension 'colcon_notification.desktop_notification.terminal_notifier': Not used on non-Darwin systems
[2.985s] INFO:colcon.colcon_core.plugin_system:Skipping extension 'colcon_notification.desktop_notification.win32': Not used on non-Windows systems
[2.985s] INFO:colcon.colcon_notification.desktop_notification:Sending desktop notification using 'notify2'
[3.050s] DEBUG:colcon.colcon_core.event_reactor:joined thread
[3.051s] INFO:colcon.colcon_core.shell:Creating prefix script '/home/ubuntu/myagv_ros2/install/local_setup.ps1'
[3.056s] INFO:colcon.colcon_core.shell:Creating prefix util module '/home/ubuntu/myagv_ros2/install/_local_setup_util_ps1.py'
[3.063s] INFO:colcon.colcon_core.shell:Creating prefix chain script '/home/ubuntu/myagv_ros2/install/setup.ps1'
[3.071s] INFO:colcon.colcon_core.shell:Creating prefix script '/home/ubuntu/myagv_ros2/install/local_setup.sh'
[3.074s] INFO:colcon.colcon_core.shell:Creating prefix util module '/home/ubuntu/myagv_ros2/install/_local_setup_util_sh.py'
[3.077s] INFO:colcon.colcon_core.shell:Creating prefix chain script '/home/ubuntu/myagv_ros2/install/setup.sh'
[3.085s] INFO:colcon.colcon_core.shell:Creating prefix script '/home/ubuntu/myagv_ros2/install/local_setup.bash'
[3.087s] INFO:colcon.colcon_core.shell:Creating prefix chain script '/home/ubuntu/myagv_ros2/install/setup.bash'
[3.095s] INFO:colcon.colcon_core.shell:Creating prefix script '/home/ubuntu/myagv_ros2/install/local_setup.zsh'
[3.097s] INFO:colcon.colcon_core.shell:Creating prefix chain script '/home/ubuntu/myagv_ros2/install/setup.zsh'
