[0.162s] Invoking command in '/home/ubuntu/myagv_ros2/build/myagv_cartographer': CMAKE_PREFIX_PATH=${CMAKE_PREFIX_PATH}:/home/ubuntu/myagv_ros2/install/myagv_teleop_ros2:/opt/ros/humble /usr/bin/cmake /home/ubuntu/myagv_ros2/src/myagv_cartographer -DCMAKE_INSTALL_PREFIX=/home/ubuntu/myagv_ros2/install/myagv_cartographer
[0.393s] -- Found ament_cmake: 1.3.8 (/opt/ros/humble/share/ament_cmake/cmake)
[1.376s] -- Override CMake install command with custom implementation using symlinks instead of copying resources
[1.478s] -- Found cartographer_ros: 2.0.9002 (/opt/ros/humble/share/cartographer_ros/cmake)
[1.759s] -- Found rosidl_generator_c: 3.1.5 (/opt/ros/humble/share/rosidl_generator_c/cmake)
[1.779s] -- Found rosidl_adapter: 3.1.5 (/opt/ros/humble/share/rosidl_adapter/cmake)
[1.823s] -- Found rosidl_generator_cpp: 3.1.5 (/opt/ros/humble/share/rosidl_generator_cpp/cmake)
[1.905s] -- Using all available rosidl_typesupport_c: rosidl_typesupport_fastrtps_c;rosidl_typesupport_introspection_c
[2.005s] -- Using all available rosidl_typesupport_cpp: rosidl_typesupport_fastrtps_cpp;rosidl_typesupport_introspection_cpp
[4.266s] -- Found rmw_implementation_cmake: 6.1.1 (/opt/ros/humble/share/rmw_implementation_cmake/cmake)
[4.278s] -- Found rmw_fastrtps_cpp: 6.2.6 (/opt/ros/humble/share/rmw_fastrtps_cpp/cmake)
[5.714s] -- Using RMW implementation 'rmw_fastrtps_cpp' as default
[11.224s] -- Found ament_lint_auto: 0.12.10 (/opt/ros/humble/share/ament_lint_auto/cmake)
[11.816s] -- Added test 'flake8' to check Python code syntax and style conventions
[11.822s] -- Added test 'lint_cmake' to check CMake code style
[11.826s] -- Added test 'pep257' to check Python code against some of the docstring style conventions in PEP 257
[11.838s] -- Added test 'xmllint' to check XML markup files
[11.862s] -- Configuring done
[11.947s] -- Generating done
[11.979s] -- Build files have been written to: /home/ubuntu/myagv_ros2/build/myagv_cartographer
[12.152s] Invoked command in '/home/ubuntu/myagv_ros2/build/myagv_cartographer' returned '0': CMAKE_PREFIX_PATH=${CMAKE_PREFIX_PATH}:/home/ubuntu/myagv_ros2/install/myagv_teleop_ros2:/opt/ros/humble /usr/bin/cmake /home/ubuntu/myagv_ros2/src/myagv_cartographer -DCMAKE_INSTALL_PREFIX=/home/ubuntu/myagv_ros2/install/myagv_cartographer
[12.158s] Invoking command in '/home/ubuntu/myagv_ros2/build/myagv_cartographer': CMAKE_PREFIX_PATH=${CMAKE_PREFIX_PATH}:/home/ubuntu/myagv_ros2/install/myagv_teleop_ros2:/opt/ros/humble /usr/bin/cmake --build /home/ubuntu/myagv_ros2/build/myagv_cartographer -- -j4 -l4
[12.389s] Invoked command in '/home/ubuntu/myagv_ros2/build/myagv_cartographer' returned '0': CMAKE_PREFIX_PATH=${CMAKE_PREFIX_PATH}:/home/ubuntu/myagv_ros2/install/myagv_teleop_ros2:/opt/ros/humble /usr/bin/cmake --build /home/ubuntu/myagv_ros2/build/myagv_cartographer -- -j4 -l4
[12.579s] Invoking command in '/home/ubuntu/myagv_ros2/build/myagv_cartographer': CMAKE_PREFIX_PATH=${CMAKE_PREFIX_PATH}:/home/ubuntu/myagv_ros2/install/myagv_teleop_ros2:/opt/ros/humble /usr/bin/cmake --install /home/ubuntu/myagv_ros2/build/myagv_cartographer
[12.617s] -- Install configuration: ""
[12.618s] -- Execute custom install script
[12.618s] -- Up-to-date symlink: /home/ubuntu/myagv_ros2/install/myagv_cartographer/share/myagv_cartographer/launch/cartographer.launch.py
[12.619s] -- Up-to-date symlink: /home/ubuntu/myagv_ros2/install/myagv_cartographer/share/myagv_cartographer/launch/occupancy_grid.launch.py
[12.623s] -- Up-to-date symlink: /home/ubuntu/myagv_ros2/install/myagv_cartographer/share/myagv_cartographer/config/myagv_lidar.lua
[12.624s] -- Up-to-date symlink: /home/ubuntu/myagv_ros2/install/myagv_cartographer/share/ament_index/resource_index/package_run_dependencies/myagv_cartographer
[12.636s] -- Up-to-date symlink: /home/ubuntu/myagv_ros2/install/myagv_cartographer/share/ament_index/resource_index/parent_prefix_path/myagv_cartographer
[12.637s] -- Up-to-date symlink: /home/ubuntu/myagv_ros2/install/myagv_cartographer/share/myagv_cartographer/environment/ament_prefix_path.sh
[12.638s] -- Up-to-date symlink: /home/ubuntu/myagv_ros2/install/myagv_cartographer/share/myagv_cartographer/environment/ament_prefix_path.dsv
[12.638s] -- Up-to-date symlink: /home/ubuntu/myagv_ros2/install/myagv_cartographer/share/myagv_cartographer/environment/path.sh
[12.639s] -- Up-to-date symlink: /home/ubuntu/myagv_ros2/install/myagv_cartographer/share/myagv_cartographer/environment/path.dsv
[12.640s] -- Up-to-date symlink: /home/ubuntu/myagv_ros2/install/myagv_cartographer/share/myagv_cartographer/local_setup.bash
[12.642s] -- Up-to-date symlink: /home/ubuntu/myagv_ros2/install/myagv_cartographer/share/myagv_cartographer/local_setup.sh
[12.646s] -- Up-to-date symlink: /home/ubuntu/myagv_ros2/install/myagv_cartographer/share/myagv_cartographer/local_setup.zsh
[12.648s] -- Up-to-date symlink: /home/ubuntu/myagv_ros2/install/myagv_cartographer/share/myagv_cartographer/local_setup.dsv
[12.679s] -- Symlinking: /home/ubuntu/myagv_ros2/install/myagv_cartographer/share/myagv_cartographer/package.dsv
[12.717s] -- Up-to-date symlink: /home/ubuntu/myagv_ros2/install/myagv_cartographer/share/ament_index/resource_index/packages/myagv_cartographer
[12.719s] -- Up-to-date symlink: /home/ubuntu/myagv_ros2/install/myagv_cartographer/share/myagv_cartographer/cmake/myagv_cartographerConfig.cmake
[12.722s] -- Up-to-date symlink: /home/ubuntu/myagv_ros2/install/myagv_cartographer/share/myagv_cartographer/cmake/myagv_cartographerConfig-version.cmake
[12.723s] -- Up-to-date symlink: /home/ubuntu/myagv_ros2/install/myagv_cartographer/share/myagv_cartographer/package.xml
[12.734s] Invoked command in '/home/ubuntu/myagv_ros2/build/myagv_cartographer' returned '0': CMAKE_PREFIX_PATH=${CMAKE_PREFIX_PATH}:/home/ubuntu/myagv_ros2/install/myagv_teleop_ros2:/opt/ros/humble /usr/bin/cmake --install /home/ubuntu/myagv_ros2/build/myagv_cartographer
