-- Install configuration: ""
-- Up-to-date: /home/minha/myagv_ros2/myagv_ros2/install/myagv_cartographer/share/myagv_cartographer/launch
-- Up-to-date: /home/minha/myagv_ros2/myagv_ros2/install/myagv_cartographer/share/myagv_cartographer/launch/cartographer_rviz.launch.py
-- Up-to-date: /home/minha/myagv_ros2/myagv_ros2/install/myagv_cartographer/share/myagv_cartographer/launch/occupancy_grid.launch.py
-- Up-to-date: /home/minha/myagv_ros2/myagv_ros2/install/myagv_cartographer/share/myagv_cartographer/launch/cartographer.launch.py
-- Up-to-date: /home/minha/myagv_ros2/myagv_ros2/install/myagv_cartographer/share/myagv_cartographer/config
-- Up-to-date: /home/minha/myagv_ros2/myagv_ros2/install/myagv_cartographer/share/myagv_cartographer/config/myagv_lidar.lua
-- Up-to-date: /home/minha/myagv_ros2/myagv_ros2/install/myagv_cartographer/share/myagv_cartographer/rviz
-- Up-to-date: /home/minha/myagv_ros2/myagv_ros2/install/myagv_cartographer/share/myagv_cartographer/rviz/myagv_cartographer.rviz
-- Up-to-date: /home/minha/myagv_ros2/myagv_ros2/install/myagv_cartographer/share/ament_index/resource_index/package_run_dependencies/myagv_cartographer
-- Up-to-date: /home/minha/myagv_ros2/myagv_ros2/install/myagv_cartographer/share/ament_index/resource_index/parent_prefix_path/myagv_cartographer
-- Up-to-date: /home/minha/myagv_ros2/myagv_ros2/install/myagv_cartographer/share/myagv_cartographer/environment/ament_prefix_path.sh
-- Up-to-date: /home/minha/myagv_ros2/myagv_ros2/install/myagv_cartographer/share/myagv_cartographer/environment/ament_prefix_path.dsv
-- Up-to-date: /home/minha/myagv_ros2/myagv_ros2/install/myagv_cartographer/share/myagv_cartographer/environment/path.sh
-- Up-to-date: /home/minha/myagv_ros2/myagv_ros2/install/myagv_cartographer/share/myagv_cartographer/environment/path.dsv
-- Up-to-date: /home/minha/myagv_ros2/myagv_ros2/install/myagv_cartographer/share/myagv_cartographer/local_setup.bash
-- Up-to-date: /home/minha/myagv_ros2/myagv_ros2/install/myagv_cartographer/share/myagv_cartographer/local_setup.sh
-- Up-to-date: /home/minha/myagv_ros2/myagv_ros2/install/myagv_cartographer/share/myagv_cartographer/local_setup.zsh
-- Up-to-date: /home/minha/myagv_ros2/myagv_ros2/install/myagv_cartographer/share/myagv_cartographer/local_setup.dsv
-- Up-to-date: /home/minha/myagv_ros2/myagv_ros2/install/myagv_cartographer/share/myagv_cartographer/package.dsv
-- Up-to-date: /home/minha/myagv_ros2/myagv_ros2/install/myagv_cartographer/share/ament_index/resource_index/packages/myagv_cartographer
-- Up-to-date: /home/minha/myagv_ros2/myagv_ros2/install/myagv_cartographer/share/myagv_cartographer/cmake/myagv_cartographerConfig.cmake
-- Up-to-date: /home/minha/myagv_ros2/myagv_ros2/install/myagv_cartographer/share/myagv_cartographer/cmake/myagv_cartographerConfig-version.cmake
-- Up-to-date: /home/minha/myagv_ros2/myagv_ros2/install/myagv_cartographer/share/myagv_cartographer/package.xml
