-- The C compiler identification is GNU 11.4.0
-- The CXX compiler identification is GNU 11.4.0
-- Detecting C compiler ABI info
-- Detecting C compiler ABI info - done
-- Check for working C compiler: /usr/bin/cc - skipped
-- Detecting C compile features
-- Detecting C compile features - done
-- Detecting CXX compiler ABI info
-- Detecting CXX compiler ABI info - done
-- Check for working CXX compiler: /usr/bin/c++ - skipped
-- Detecting CXX compile features
-- Detecting CXX compile features - done
-- Found ament_cmake: 1.3.8 (/opt/ros/humble/share/ament_cmake/cmake)
-- Found Python3: /usr/bin/python3 (found version "3.10.12") found components: Interpreter 
-- Override CMake install command with custom implementation using symlinks instead of copying resources
-- Found rclcpp: 16.0.8 (/opt/ros/humble/share/rclcpp/cmake)
-- Found rosidl_generator_c: 3.1.5 (/opt/ros/humble/share/rosidl_generator_c/cmake)
-- Found rosidl_adapter: 3.1.5 (/opt/ros/humble/share/rosidl_adapter/cmake)
-- Found rosidl_generator_cpp: 3.1.5 (/opt/ros/humble/share/rosidl_generator_cpp/cmake)
-- Using all available rosidl_typesupport_c: rosidl_typesupport_fastrtps_c;rosidl_typesupport_introspection_c
-- Using all available rosidl_typesupport_cpp: rosidl_typesupport_fastrtps_cpp;rosidl_typesupport_introspection_cpp
-- Found rmw_implementation_cmake: 6.1.1 (/opt/ros/humble/share/rmw_implementation_cmake/cmake)
-- Found rmw_fastrtps_cpp: 6.2.6 (/opt/ros/humble/share/rmw_fastrtps_cpp/cmake)
-- Found OpenSSL: /usr/lib/aarch64-linux-gnu/libcrypto.so (found version "3.0.2")  
-- Found FastRTPS: /opt/ros/humble/include  
-- Using RMW implementation 'rmw_fastrtps_cpp' as default
-- Looking for pthread.h
-- Looking for pthread.h - found
-- Performing Test CMAKE_HAVE_LIBC_PTHREAD
-- Performing Test CMAKE_HAVE_LIBC_PTHREAD - Success
-- Found Threads: TRUE  
-- Found rclpy: 3.3.12 (/opt/ros/humble/share/rclpy/cmake)
-- Found tf2: 0.25.6 (/opt/ros/humble/share/tf2/cmake)
-- Found sensor_msgs: 4.2.3 (/opt/ros/humble/share/sensor_msgs/cmake)
-- Found ament_lint_auto: 0.12.10 (/opt/ros/humble/share/ament_lint_auto/cmake)
-- Configuring done
-- Generating done
-- Build files have been written to: /home/ubuntu/myagv_ros2/build/myagv_ps2
[ 50%] [32mBuilding CXX object CMakeFiles/ps2_publisher.dir/src/carcontrol.cpp.o[0m
[ 50%] [32mBuilding CXX object CMakeFiles/ps2_publisher_number.dir/src/carcontrol_number.cpp.o[0m
[100%] [32m[1mLinking CXX executable ps2_publisher[0m
[100%] [32m[1mLinking CXX executable ps2_publisher_number[0m
[100%] Built target ps2_publisher_number
[100%] Built target ps2_publisher
-- Install configuration: ""
-- Execute custom install script
-- Symlinking: /home/ubuntu/myagv_ros2/install/myagv_ps2/share/myagv_ps2/launch/myagv_ps2.launch.py
-- Symlinking: /home/ubuntu/myagv_ros2/install/myagv_ps2/share/myagv_ps2/launch/myagv_ps2_number.launch.py
-- Symlinking: /home/ubuntu/myagv_ros2/install/myagv_ps2/lib/myagv_ps2/ps2_publisher
-- Symlinking: /home/ubuntu/myagv_ros2/install/myagv_ps2/lib/myagv_ps2/ps2_publisher_number
-- Symlinking: /home/ubuntu/myagv_ros2/install/myagv_ps2/share/ament_index/resource_index/package_run_dependencies/myagv_ps2
-- Symlinking: /home/ubuntu/myagv_ros2/install/myagv_ps2/share/ament_index/resource_index/parent_prefix_path/myagv_ps2
-- Symlinking: /home/ubuntu/myagv_ros2/install/myagv_ps2/share/myagv_ps2/environment/ament_prefix_path.sh
-- Symlinking: /home/ubuntu/myagv_ros2/install/myagv_ps2/share/myagv_ps2/environment/ament_prefix_path.dsv
-- Symlinking: /home/ubuntu/myagv_ros2/install/myagv_ps2/share/myagv_ps2/environment/path.sh
-- Symlinking: /home/ubuntu/myagv_ros2/install/myagv_ps2/share/myagv_ps2/environment/path.dsv
-- Symlinking: /home/ubuntu/myagv_ros2/install/myagv_ps2/share/myagv_ps2/local_setup.bash
-- Symlinking: /home/ubuntu/myagv_ros2/install/myagv_ps2/share/myagv_ps2/local_setup.sh
-- Symlinking: /home/ubuntu/myagv_ros2/install/myagv_ps2/share/myagv_ps2/local_setup.zsh
-- Symlinking: /home/ubuntu/myagv_ros2/install/myagv_ps2/share/myagv_ps2/local_setup.dsv
-- Symlinking: /home/ubuntu/myagv_ros2/install/myagv_ps2/share/myagv_ps2/package.dsv
-- Symlinking: /home/ubuntu/myagv_ros2/install/myagv_ps2/share/ament_index/resource_index/packages/myagv_ps2
-- Symlinking: /home/ubuntu/myagv_ros2/install/myagv_ps2/share/myagv_ps2/cmake/myagv_ps2Config.cmake
-- Symlinking: /home/ubuntu/myagv_ros2/install/myagv_ps2/share/myagv_ps2/cmake/myagv_ps2Config-version.cmake
-- Symlinking: /home/ubuntu/myagv_ros2/install/myagv_ps2/share/myagv_ps2/package.xml
