[0.150s] Invoking command in '/home/ubuntu/myagv_ros2/build/myagv_node': CMAKE_PREFIX_PATH=${CMAKE_PREFIX_PATH}:/home/ubuntu/myagv_ros2/install/myagv_teleop_ros2:/opt/ros/humble /usr/bin/cmake --build /home/ubuntu/myagv_ros2/build/myagv_node -- -j4 -l4
[0.702s] [ 50%] Built target myagv_node_lib
[0.934s] [100%] Built target myagv_node
[2.819s] Invoked command in '/home/ubuntu/myagv_ros2/build/myagv_node' returned '0': CMAKE_PREFIX_PATH=${CMAKE_PREFIX_PATH}:/home/ubuntu/myagv_ros2/install/myagv_teleop_ros2:/opt/ros/humble /usr/bin/cmake --build /home/ubuntu/myagv_ros2/build/myagv_node -- -j4 -l4
[3.175s] Invoking command in '/home/ubuntu/myagv_ros2/build/myagv_node': CMAKE_PREFIX_PATH=${CMAKE_PREFIX_PATH}:/home/ubuntu/myagv_ros2/install/myagv_teleop_ros2:/opt/ros/humble /usr/bin/cmake --install /home/ubuntu/myagv_ros2/build/myagv_node
[3.267s] -- Install configuration: ""
[3.307s] -- Execute custom install script
[3.317s] -- Up-to-date symlink: /home/ubuntu/myagv_ros2/install/myagv_node/lib/myagv_node/myagv_node
[3.319s] -- Up-to-date symlink: /home/ubuntu/myagv_ros2/install/myagv_node/share/ament_index/resource_index/package_run_dependencies/myagv_node
[3.324s] -- Up-to-date symlink: /home/ubuntu/myagv_ros2/install/myagv_node/share/ament_index/resource_index/parent_prefix_path/myagv_node
[3.326s] -- Up-to-date symlink: /home/ubuntu/myagv_ros2/install/myagv_node/share/myagv_node/environment/ament_prefix_path.sh
[3.328s] -- Up-to-date symlink: /home/ubuntu/myagv_ros2/install/myagv_node/share/myagv_node/environment/ament_prefix_path.dsv
[3.329s] -- Up-to-date symlink: /home/ubuntu/myagv_ros2/install/myagv_node/share/myagv_node/environment/path.sh
[3.339s] -- Up-to-date symlink: /home/ubuntu/myagv_ros2/install/myagv_node/share/myagv_node/environment/path.dsv
[3.343s] -- Up-to-date symlink: /home/ubuntu/myagv_ros2/install/myagv_node/share/myagv_node/local_setup.bash
[3.360s] -- Up-to-date symlink: /home/ubuntu/myagv_ros2/install/myagv_node/share/myagv_node/local_setup.sh
[3.360s] -- Up-to-date symlink: /home/ubuntu/myagv_ros2/install/myagv_node/share/myagv_node/local_setup.zsh
[3.361s] -- Up-to-date symlink: /home/ubuntu/myagv_ros2/install/myagv_node/share/myagv_node/local_setup.dsv
[3.390s] -- Symlinking: /home/ubuntu/myagv_ros2/install/myagv_node/share/myagv_node/package.dsv
[3.551s] -- Up-to-date symlink: /home/ubuntu/myagv_ros2/install/myagv_node/share/ament_index/resource_index/packages/myagv_node
[3.552s] -- Up-to-date symlink: /home/ubuntu/myagv_ros2/install/myagv_node/share/myagv_node/cmake/ament_cmake_export_include_directories-extras.cmake
[3.553s] -- Up-to-date symlink: /home/ubuntu/myagv_ros2/install/myagv_node/share/myagv_node/cmake/myagv_nodeConfig.cmake
[3.554s] -- Up-to-date symlink: /home/ubuntu/myagv_ros2/install/myagv_node/share/myagv_node/cmake/myagv_nodeConfig-version.cmake
[3.559s] -- Up-to-date symlink: /home/ubuntu/myagv_ros2/install/myagv_node/share/myagv_node/package.xml
[3.783s] Invoked command in '/home/ubuntu/myagv_ros2/build/myagv_node' returned '0': CMAKE_PREFIX_PATH=${CMAKE_PREFIX_PATH}:/home/ubuntu/myagv_ros2/install/myagv_teleop_ros2:/opt/ros/humble /usr/bin/cmake --install /home/ubuntu/myagv_ros2/build/myagv_node
