[0.138s] Invoking command in '/home/ubuntu/myagv_ros2/build/myagv_ps2': CMAKE_PREFIX_PATH=${CMAKE_PREFIX_PATH}:/home/ubuntu/myagv_ros2/install/myagv_teleop_ros2:/opt/ros/humble /usr/bin/cmake --build /home/ubuntu/myagv_ros2/build/myagv_ps2 -- -j4 -l4
[3.513s] [ 50%] Built target ps2_publisher
[3.762s] [100%] Built target ps2_publisher_number
[3.886s] Invoked command in '/home/ubuntu/myagv_ros2/build/myagv_ps2' returned '0': CMAKE_PREFIX_PATH=${CMAKE_PREFIX_PATH}:/home/ubuntu/myagv_ros2/install/myagv_teleop_ros2:/opt/ros/humble /usr/bin/cmake --build /home/ubuntu/myagv_ros2/build/myagv_ps2 -- -j4 -l4
[4.338s] Invoking command in '/home/ubuntu/myagv_ros2/build/myagv_ps2': CMAKE_PREFIX_PATH=${CMAKE_PREFIX_PATH}:/home/ubuntu/myagv_ros2/install/myagv_teleop_ros2:/opt/ros/humble /usr/bin/cmake --install /home/ubuntu/myagv_ros2/build/myagv_ps2
[4.416s] -- Install configuration: ""
[4.425s] -- Execute custom install script
[4.431s] -- Up-to-date symlink: /home/ubuntu/myagv_ros2/install/myagv_ps2/share/myagv_ps2/launch/myagv_ps2.launch.py
[4.436s] -- Up-to-date symlink: /home/ubuntu/myagv_ros2/install/myagv_ps2/share/myagv_ps2/launch/myagv_ps2_number.launch.py
[4.459s] -- Up-to-date symlink: /home/ubuntu/myagv_ros2/install/myagv_ps2/lib/myagv_ps2/ps2_publisher
[4.464s] -- Up-to-date symlink: /home/ubuntu/myagv_ros2/install/myagv_ps2/lib/myagv_ps2/ps2_publisher_number
[4.465s] -- Up-to-date symlink: /home/ubuntu/myagv_ros2/install/myagv_ps2/share/ament_index/resource_index/package_run_dependencies/myagv_ps2
[4.465s] -- Up-to-date symlink: /home/ubuntu/myagv_ros2/install/myagv_ps2/share/ament_index/resource_index/parent_prefix_path/myagv_ps2
[4.482s] -- Up-to-date symlink: /home/ubuntu/myagv_ros2/install/myagv_ps2/share/myagv_ps2/environment/ament_prefix_path.sh
[4.482s] -- Up-to-date symlink: /home/ubuntu/myagv_ros2/install/myagv_ps2/share/myagv_ps2/environment/ament_prefix_path.dsv
[4.484s] -- Up-to-date symlink: /home/ubuntu/myagv_ros2/install/myagv_ps2/share/myagv_ps2/environment/path.sh
[4.485s] -- Up-to-date symlink: /home/ubuntu/myagv_ros2/install/myagv_ps2/share/myagv_ps2/environment/path.dsv
[4.485s] -- Up-to-date symlink: /home/ubuntu/myagv_ros2/install/myagv_ps2/share/myagv_ps2/local_setup.bash
[4.493s] -- Up-to-date symlink: /home/ubuntu/myagv_ros2/install/myagv_ps2/share/myagv_ps2/local_setup.sh
[4.500s] -- Up-to-date symlink: /home/ubuntu/myagv_ros2/install/myagv_ps2/share/myagv_ps2/local_setup.zsh
[4.501s] -- Up-to-date symlink: /home/ubuntu/myagv_ros2/install/myagv_ps2/share/myagv_ps2/local_setup.dsv
[4.501s] -- Symlinking: /home/ubuntu/myagv_ros2/install/myagv_ps2/share/myagv_ps2/package.dsv
[4.549s] -- Up-to-date symlink: /home/ubuntu/myagv_ros2/install/myagv_ps2/share/ament_index/resource_index/packages/myagv_ps2
[4.555s] -- Up-to-date symlink: /home/ubuntu/myagv_ros2/install/myagv_ps2/share/myagv_ps2/cmake/myagv_ps2Config.cmake
[4.556s] -- Up-to-date symlink: /home/ubuntu/myagv_ros2/install/myagv_ps2/share/myagv_ps2/cmake/myagv_ps2Config-version.cmake
[4.563s] -- Up-to-date symlink: /home/ubuntu/myagv_ros2/install/myagv_ps2/share/myagv_ps2/package.xml
[4.623s] Invoked command in '/home/ubuntu/myagv_ros2/build/myagv_ps2' returned '0': CMAKE_PREFIX_PATH=${CMAKE_PREFIX_PATH}:/home/ubuntu/myagv_ros2/install/myagv_teleop_ros2:/opt/ros/humble /usr/bin/cmake --install /home/ubuntu/myagv_ros2/build/myagv_ps2
