[3.739s] DEBUG:colcon:Command line arguments: ['/usr/bin/colcon', 'build']
[3.739s] DEBUG:colcon:Parsed command line arguments: Namespace(log_base=None, log_level=None, verb_name='build', build_base='build', install_base='install', merge_install=False, symlink_install=False, test_result_base=None, continue_on_error=False, executor='parallel', parallel_workers=4, event_handlers=None, ignore_user_meta=False, metas=['./colcon.meta'], base_paths=['.'], packages_ignore=None, packages_ignore_regex=None, paths=None, packages_up_to=None, packages_up_to_regex=None, packages_above=None, packages_above_and_dependencies=None, packages_above_depth=None, packages_select_by_dep=None, packages_skip_by_dep=None, packages_skip_up_to=None, packages_select_build_failed=False, packages_skip_build_finished=False, packages_select_test_failures=False, packages_skip_test_passed=False, packages_select=None, packages_skip=None, packages_select_regex=None, packages_skip_regex=None, packages_start=None, packages_end=None, allow_overriding=[], cmake_args=None, cmake_target=None, cmake_target_skip_unavailable=False, cmake_clean_cache=False, cmake_clean_first=False, cmake_force_configure=False, ament_cmake_args=None, catkin_cmake_args=None, catkin_skip_building_tests=False, verb_parser=<colcon_defaults.argument_parser.defaults.DefaultArgumentsDecorator object at 0xffff86974ac0>, verb_extension=<colcon_core.verb.build.BuildVerb object at 0xffff86a718d0>, main=<bound method BuildVerb.main of <colcon_core.verb.build.BuildVerb object at 0xffff86a718d0>>)
[5.757s] Level 1:colcon.colcon_core.package_discovery:discover_packages(colcon_meta) check parameters
[5.758s] Level 1:colcon.colcon_core.package_discovery:discover_packages(recursive) check parameters
[5.758s] Level 1:colcon.colcon_core.package_discovery:discover_packages(ignore) check parameters
[5.758s] Level 1:colcon.colcon_core.package_discovery:discover_packages(path) check parameters
[5.758s] Level 1:colcon.colcon_core.package_discovery:discover_packages(colcon_meta) discover
[5.759s] Level 1:colcon.colcon_core.package_discovery:discover_packages(recursive) discover
[5.759s] INFO:colcon.colcon_core.package_discovery:Crawling recursively for packages in '/home/ubuntu/myagv_ros2'
[5.759s] Level 1:colcon.colcon_core.package_identification:_identify(.) by extensions ['ignore', 'ignore_ament_install']
[5.760s] Level 1:colcon.colcon_core.package_identification:_identify(.) by extension 'ignore'
[5.760s] Level 1:colcon.colcon_core.package_identification:_identify(.) by extension 'ignore_ament_install'
[5.761s] Level 1:colcon.colcon_core.package_identification:_identify(.) by extensions ['colcon_pkg']
[5.761s] Level 1:colcon.colcon_core.package_identification:_identify(.) by extension 'colcon_pkg'
[5.761s] Level 1:colcon.colcon_core.package_identification:_identify(.) by extensions ['colcon_meta']
[5.761s] Level 1:colcon.colcon_core.package_identification:_identify(.) by extension 'colcon_meta'
[5.762s] Level 1:colcon.colcon_core.package_identification:_identify(.) by extensions ['ros']
[5.762s] Level 1:colcon.colcon_core.package_identification:_identify(.) by extension 'ros'
[5.843s] Level 1:colcon.colcon_core.package_identification:_identify(.) by extensions ['cmake', 'python']
[5.843s] Level 1:colcon.colcon_core.package_identification:_identify(.) by extension 'cmake'
[5.844s] Level 1:colcon.colcon_core.package_identification:_identify(.) by extension 'python'
[5.844s] Level 1:colcon.colcon_core.package_identification:_identify(.) by extensions ['python_setup_py']
[5.845s] Level 1:colcon.colcon_core.package_identification:_identify(.) by extension 'python_setup_py'
[5.845s] Level 1:colcon.colcon_core.package_identification:_identify(build) by extensions ['ignore', 'ignore_ament_install']
[5.846s] Level 1:colcon.colcon_core.package_identification:_identify(build) by extension 'ignore'
[5.847s] Level 1:colcon.colcon_core.package_identification:_identify(build) ignored
[5.848s] Level 1:colcon.colcon_core.package_identification:_identify(install) by extensions ['ignore', 'ignore_ament_install']
[5.848s] Level 1:colcon.colcon_core.package_identification:_identify(install) by extension 'ignore'
[5.849s] Level 1:colcon.colcon_core.package_identification:_identify(install) ignored
[5.850s] Level 1:colcon.colcon_core.package_identification:_identify(log) by extensions ['ignore', 'ignore_ament_install']
[5.850s] Level 1:colcon.colcon_core.package_identification:_identify(log) by extension 'ignore'
[5.851s] Level 1:colcon.colcon_core.package_identification:_identify(log) ignored
[5.852s] Level 1:colcon.colcon_core.package_identification:_identify(src) by extensions ['ignore', 'ignore_ament_install']
[5.852s] Level 1:colcon.colcon_core.package_identification:_identify(src) by extension 'ignore'
[5.853s] Level 1:colcon.colcon_core.package_identification:_identify(src) by extension 'ignore_ament_install'
[5.853s] Level 1:colcon.colcon_core.package_identification:_identify(src) by extensions ['colcon_pkg']
[5.853s] Level 1:colcon.colcon_core.package_identification:_identify(src) by extension 'colcon_pkg'
[5.854s] Level 1:colcon.colcon_core.package_identification:_identify(src) by extensions ['colcon_meta']
[5.854s] Level 1:colcon.colcon_core.package_identification:_identify(src) by extension 'colcon_meta'
[5.854s] Level 1:colcon.colcon_core.package_identification:_identify(src) by extensions ['ros']
[5.855s] Level 1:colcon.colcon_core.package_identification:_identify(src) by extension 'ros'
[5.855s] Level 1:colcon.colcon_core.package_identification:_identify(src) by extensions ['cmake', 'python']
[5.856s] Level 1:colcon.colcon_core.package_identification:_identify(src) by extension 'cmake'
[5.856s] Level 1:colcon.colcon_core.package_identification:_identify(src) by extension 'python'
[5.856s] Level 1:colcon.colcon_core.package_identification:_identify(src) by extensions ['python_setup_py']
[5.857s] Level 1:colcon.colcon_core.package_identification:_identify(src) by extension 'python_setup_py'
[5.858s] Level 1:colcon.colcon_core.package_identification:_identify(src/myagv_bringup) by extensions ['ignore', 'ignore_ament_install']
[5.858s] Level 1:colcon.colcon_core.package_identification:_identify(src/myagv_bringup) by extension 'ignore'
[5.859s] Level 1:colcon.colcon_core.package_identification:_identify(src/myagv_bringup) by extension 'ignore_ament_install'
[5.859s] Level 1:colcon.colcon_core.package_identification:_identify(src/myagv_bringup) by extensions ['colcon_pkg']
[5.860s] Level 1:colcon.colcon_core.package_identification:_identify(src/myagv_bringup) by extension 'colcon_pkg'
[5.860s] Level 1:colcon.colcon_core.package_identification:_identify(src/myagv_bringup) by extensions ['colcon_meta']
[5.860s] Level 1:colcon.colcon_core.package_identification:_identify(src/myagv_bringup) by extension 'colcon_meta'
[5.861s] Level 1:colcon.colcon_core.package_identification:_identify(src/myagv_bringup) by extensions ['ros']
[5.861s] Level 1:colcon.colcon_core.package_identification:_identify(src/myagv_bringup) by extension 'ros'
[5.882s] DEBUG:colcon.colcon_core.package_identification:Package 'src/myagv_bringup' with type 'ros.ament_cmake' and name 'myagv_bringup'
[5.883s] Level 1:colcon.colcon_core.package_identification:_identify(src/myagv_cartographer) by extensions ['ignore', 'ignore_ament_install']
[5.884s] Level 1:colcon.colcon_core.package_identification:_identify(src/myagv_cartographer) by extension 'ignore'
[5.885s] Level 1:colcon.colcon_core.package_identification:_identify(src/myagv_cartographer) by extension 'ignore_ament_install'
[5.885s] Level 1:colcon.colcon_core.package_identification:_identify(src/myagv_cartographer) by extensions ['colcon_pkg']
[5.886s] Level 1:colcon.colcon_core.package_identification:_identify(src/myagv_cartographer) by extension 'colcon_pkg'
[5.886s] Level 1:colcon.colcon_core.package_identification:_identify(src/myagv_cartographer) by extensions ['colcon_meta']
[5.887s] Level 1:colcon.colcon_core.package_identification:_identify(src/myagv_cartographer) by extension 'colcon_meta'
[5.887s] Level 1:colcon.colcon_core.package_identification:_identify(src/myagv_cartographer) by extensions ['ros']
[5.887s] Level 1:colcon.colcon_core.package_identification:_identify(src/myagv_cartographer) by extension 'ros'
[5.891s] DEBUG:colcon.colcon_core.package_identification:Package 'src/myagv_cartographer' with type 'ros.ament_cmake' and name 'myagv_cartographer'
[5.892s] Level 1:colcon.colcon_core.package_identification:_identify(src/myagv_description) by extensions ['ignore', 'ignore_ament_install']
[5.893s] Level 1:colcon.colcon_core.package_identification:_identify(src/myagv_description) by extension 'ignore'
[5.893s] Level 1:colcon.colcon_core.package_identification:_identify(src/myagv_description) by extension 'ignore_ament_install'
[5.894s] Level 1:colcon.colcon_core.package_identification:_identify(src/myagv_description) by extensions ['colcon_pkg']
[5.894s] Level 1:colcon.colcon_core.package_identification:_identify(src/myagv_description) by extension 'colcon_pkg'
[5.894s] Level 1:colcon.colcon_core.package_identification:_identify(src/myagv_description) by extensions ['colcon_meta']
[5.894s] Level 1:colcon.colcon_core.package_identification:_identify(src/myagv_description) by extension 'colcon_meta'
[5.894s] Level 1:colcon.colcon_core.package_identification:_identify(src/myagv_description) by extensions ['ros']
[5.895s] Level 1:colcon.colcon_core.package_identification:_identify(src/myagv_description) by extension 'ros'
[5.904s] DEBUG:colcon.colcon_core.package_identification:Package 'src/myagv_description' with type 'ros.ament_cmake' and name 'myagv_description'
[5.905s] Level 1:colcon.colcon_core.package_identification:_identify(src/myagv_navigation2) by extensions ['ignore', 'ignore_ament_install']
[5.906s] Level 1:colcon.colcon_core.package_identification:_identify(src/myagv_navigation2) by extension 'ignore'
[5.906s] Level 1:colcon.colcon_core.package_identification:_identify(src/myagv_navigation2) by extension 'ignore_ament_install'
[5.907s] Level 1:colcon.colcon_core.package_identification:_identify(src/myagv_navigation2) by extensions ['colcon_pkg']
[5.907s] Level 1:colcon.colcon_core.package_identification:_identify(src/myagv_navigation2) by extension 'colcon_pkg'
[5.907s] Level 1:colcon.colcon_core.package_identification:_identify(src/myagv_navigation2) by extensions ['colcon_meta']
[5.907s] Level 1:colcon.colcon_core.package_identification:_identify(src/myagv_navigation2) by extension 'colcon_meta'
[5.908s] Level 1:colcon.colcon_core.package_identification:_identify(src/myagv_navigation2) by extensions ['ros']
[5.908s] Level 1:colcon.colcon_core.package_identification:_identify(src/myagv_navigation2) by extension 'ros'
[5.929s] DEBUG:colcon.colcon_core.package_identification:Package 'src/myagv_navigation2' with type 'ros.ament_cmake' and name 'myagv_navigation2'
[5.930s] Level 1:colcon.colcon_core.package_identification:_identify(src/myagv_node) by extensions ['ignore', 'ignore_ament_install']
[5.931s] Level 1:colcon.colcon_core.package_identification:_identify(src/myagv_node) by extension 'ignore'
[5.931s] Level 1:colcon.colcon_core.package_identification:_identify(src/myagv_node) by extension 'ignore_ament_install'
[5.932s] Level 1:colcon.colcon_core.package_identification:_identify(src/myagv_node) by extensions ['colcon_pkg']
[5.932s] Level 1:colcon.colcon_core.package_identification:_identify(src/myagv_node) by extension 'colcon_pkg'
[5.933s] Level 1:colcon.colcon_core.package_identification:_identify(src/myagv_node) by extensions ['colcon_meta']
[5.933s] Level 1:colcon.colcon_core.package_identification:_identify(src/myagv_node) by extension 'colcon_meta'
[5.933s] Level 1:colcon.colcon_core.package_identification:_identify(src/myagv_node) by extensions ['ros']
[5.934s] Level 1:colcon.colcon_core.package_identification:_identify(src/myagv_node) by extension 'ros'
[5.942s] DEBUG:colcon.colcon_core.package_identification:Package 'src/myagv_node' with type 'ros.ament_cmake' and name 'myagv_node'
[5.943s] Level 1:colcon.colcon_core.package_identification:_identify(src/myagv_ps2) by extensions ['ignore', 'ignore_ament_install']
[5.944s] Level 1:colcon.colcon_core.package_identification:_identify(src/myagv_ps2) by extension 'ignore'
[5.945s] Level 1:colcon.colcon_core.package_identification:_identify(src/myagv_ps2) by extension 'ignore_ament_install'
[5.945s] Level 1:colcon.colcon_core.package_identification:_identify(src/myagv_ps2) by extensions ['colcon_pkg']
[5.946s] Level 1:colcon.colcon_core.package_identification:_identify(src/myagv_ps2) by extension 'colcon_pkg'
[5.946s] Level 1:colcon.colcon_core.package_identification:_identify(src/myagv_ps2) by extensions ['colcon_meta']
[5.946s] Level 1:colcon.colcon_core.package_identification:_identify(src/myagv_ps2) by extension 'colcon_meta'
[5.947s] Level 1:colcon.colcon_core.package_identification:_identify(src/myagv_ps2) by extensions ['ros']
[5.947s] Level 1:colcon.colcon_core.package_identification:_identify(src/myagv_ps2) by extension 'ros'
[5.957s] DEBUG:colcon.colcon_core.package_identification:Package 'src/myagv_ps2' with type 'ros.ament_cmake' and name 'myagv_ps2'
[5.958s] Level 1:colcon.colcon_core.package_identification:_identify(src/myagv_ros2) by extensions ['ignore', 'ignore_ament_install']
[5.959s] Level 1:colcon.colcon_core.package_identification:_identify(src/myagv_ros2) by extension 'ignore'
[5.960s] Level 1:colcon.colcon_core.package_identification:_identify(src/myagv_ros2) by extension 'ignore_ament_install'
[5.961s] Level 1:colcon.colcon_core.package_identification:_identify(src/myagv_ros2) by extensions ['colcon_pkg']
[5.961s] Level 1:colcon.colcon_core.package_identification:_identify(src/myagv_ros2) by extension 'colcon_pkg'
[5.962s] Level 1:colcon.colcon_core.package_identification:_identify(src/myagv_ros2) by extensions ['colcon_meta']
[5.962s] Level 1:colcon.colcon_core.package_identification:_identify(src/myagv_ros2) by extension 'colcon_meta'
[5.963s] Level 1:colcon.colcon_core.package_identification:_identify(src/myagv_ros2) by extensions ['ros']
[5.963s] Level 1:colcon.colcon_core.package_identification:_identify(src/myagv_ros2) by extension 'ros'
[5.967s] DEBUG:colcon.colcon_core.package_identification:Package 'src/myagv_ros2' with type 'ros.ament_cmake' and name 'myagv_ros2'
[5.968s] Level 1:colcon.colcon_core.package_identification:_identify(src/myagv_teleop_ros2) by extensions ['ignore', 'ignore_ament_install']
[5.968s] Level 1:colcon.colcon_core.package_identification:_identify(src/myagv_teleop_ros2) by extension 'ignore'
[5.969s] Level 1:colcon.colcon_core.package_identification:_identify(src/myagv_teleop_ros2) by extension 'ignore_ament_install'
[5.969s] Level 1:colcon.colcon_core.package_identification:_identify(src/myagv_teleop_ros2) by extensions ['colcon_pkg']
[5.970s] Level 1:colcon.colcon_core.package_identification:_identify(src/myagv_teleop_ros2) by extension 'colcon_pkg'
[5.970s] Level 1:colcon.colcon_core.package_identification:_identify(src/myagv_teleop_ros2) by extensions ['colcon_meta']
[5.970s] Level 1:colcon.colcon_core.package_identification:_identify(src/myagv_teleop_ros2) by extension 'colcon_meta'
[5.971s] Level 1:colcon.colcon_core.package_identification:_identify(src/myagv_teleop_ros2) by extensions ['ros']
[5.971s] Level 1:colcon.colcon_core.package_identification:_identify(src/myagv_teleop_ros2) by extension 'ros'
[5.974s] DEBUG:colcon.colcon_core.package_identification:Package 'src/myagv_teleop_ros2' with type 'ros.ament_python' and name 'myagv_teleop_ros2'
[5.975s] Level 1:colcon.colcon_core.package_identification:_identify(src/ydlidar_ros2_driver) by extensions ['ignore', 'ignore_ament_install']
[5.975s] Level 1:colcon.colcon_core.package_identification:_identify(src/ydlidar_ros2_driver) by extension 'ignore'
[5.976s] Level 1:colcon.colcon_core.package_identification:_identify(src/ydlidar_ros2_driver) by extension 'ignore_ament_install'
[5.976s] Level 1:colcon.colcon_core.package_identification:_identify(src/ydlidar_ros2_driver) by extensions ['colcon_pkg']
[5.976s] Level 1:colcon.colcon_core.package_identification:_identify(src/ydlidar_ros2_driver) by extension 'colcon_pkg'
[5.977s] Level 1:colcon.colcon_core.package_identification:_identify(src/ydlidar_ros2_driver) by extensions ['colcon_meta']
[5.977s] Level 1:colcon.colcon_core.package_identification:_identify(src/ydlidar_ros2_driver) by extension 'colcon_meta'
[5.977s] Level 1:colcon.colcon_core.package_identification:_identify(src/ydlidar_ros2_driver) by extensions ['ros']
[5.977s] Level 1:colcon.colcon_core.package_identification:_identify(src/ydlidar_ros2_driver) by extension 'ros'
[6.023s] DEBUG:colcon.colcon_core.package_identification:Package 'src/ydlidar_ros2_driver' with type 'ros.ament_cmake' and name 'ydlidar_ros2_driver'
[6.024s] Level 1:colcon.colcon_core.package_discovery:discover_packages(recursive) using defaults
[6.024s] Level 1:colcon.colcon_core.package_discovery:discover_packages(ignore) discover
[6.024s] Level 1:colcon.colcon_core.package_discovery:discover_packages(ignore) using defaults
[6.024s] Level 1:colcon.colcon_core.package_discovery:discover_packages(path) discover
[6.025s] Level 1:colcon.colcon_core.package_discovery:discover_packages(path) using defaults
[6.212s] Level 1:colcon.colcon_core.package_discovery:discover_packages(prefix_path) check parameters
[6.212s] Level 1:colcon.colcon_core.package_discovery:discover_packages(prefix_path) discover
[6.231s] DEBUG:colcon.colcon_installed_package_information.package_discovery:Found 9 installed packages in /home/ubuntu/myagv_ros2/install
[6.244s] DEBUG:colcon.colcon_installed_package_information.package_discovery:Found 355 installed packages in /opt/ros/humble
[6.252s] Level 1:colcon.colcon_core.package_discovery:discover_packages(prefix_path) using defaults
[6.608s] Level 5:colcon.colcon_core.verb:set package 'myagv_cartographer' build argument 'cmake_args' from command line to 'None'
[6.608s] Level 5:colcon.colcon_core.verb:set package 'myagv_cartographer' build argument 'cmake_target' from command line to 'None'
[6.608s] Level 5:colcon.colcon_core.verb:set package 'myagv_cartographer' build argument 'cmake_target_skip_unavailable' from command line to 'False'
[6.608s] Level 5:colcon.colcon_core.verb:set package 'myagv_cartographer' build argument 'cmake_clean_cache' from command line to 'False'
[6.609s] Level 5:colcon.colcon_core.verb:set package 'myagv_cartographer' build argument 'cmake_clean_first' from command line to 'False'
[6.609s] Level 5:colcon.colcon_core.verb:set package 'myagv_cartographer' build argument 'cmake_force_configure' from command line to 'False'
[6.609s] Level 5:colcon.colcon_core.verb:set package 'myagv_cartographer' build argument 'ament_cmake_args' from command line to 'None'
[6.609s] Level 5:colcon.colcon_core.verb:set package 'myagv_cartographer' build argument 'catkin_cmake_args' from command line to 'None'
[6.609s] Level 5:colcon.colcon_core.verb:set package 'myagv_cartographer' build argument 'catkin_skip_building_tests' from command line to 'False'
[6.609s] DEBUG:colcon.colcon_core.verb:Building package 'myagv_cartographer' with the following arguments: {'ament_cmake_args': None, 'build_base': '/home/ubuntu/myagv_ros2/build/myagv_cartographer', 'catkin_cmake_args': None, 'catkin_skip_building_tests': False, 'cmake_args': None, 'cmake_clean_cache': False, 'cmake_clean_first': False, 'cmake_force_configure': False, 'cmake_target': None, 'cmake_target_skip_unavailable': False, 'install_base': '/home/ubuntu/myagv_ros2/install/myagv_cartographer', 'merge_install': False, 'path': '/home/ubuntu/myagv_ros2/src/myagv_cartographer', 'symlink_install': False, 'test_result_base': None}
[6.611s] Level 5:colcon.colcon_core.verb:set package 'myagv_description' build argument 'cmake_args' from command line to 'None'
[6.611s] Level 5:colcon.colcon_core.verb:set package 'myagv_description' build argument 'cmake_target' from command line to 'None'
[6.611s] Level 5:colcon.colcon_core.verb:set package 'myagv_description' build argument 'cmake_target_skip_unavailable' from command line to 'False'
[6.611s] Level 5:colcon.colcon_core.verb:set package 'myagv_description' build argument 'cmake_clean_cache' from command line to 'False'
[6.611s] Level 5:colcon.colcon_core.verb:set package 'myagv_description' build argument 'cmake_clean_first' from command line to 'False'
[6.611s] Level 5:colcon.colcon_core.verb:set package 'myagv_description' build argument 'cmake_force_configure' from command line to 'False'
[6.612s] Level 5:colcon.colcon_core.verb:set package 'myagv_description' build argument 'ament_cmake_args' from command line to 'None'
[6.612s] Level 5:colcon.colcon_core.verb:set package 'myagv_description' build argument 'catkin_cmake_args' from command line to 'None'
[6.612s] Level 5:colcon.colcon_core.verb:set package 'myagv_description' build argument 'catkin_skip_building_tests' from command line to 'False'
[6.612s] DEBUG:colcon.colcon_core.verb:Building package 'myagv_description' with the following arguments: {'ament_cmake_args': None, 'build_base': '/home/ubuntu/myagv_ros2/build/myagv_description', 'catkin_cmake_args': None, 'catkin_skip_building_tests': False, 'cmake_args': None, 'cmake_clean_cache': False, 'cmake_clean_first': False, 'cmake_force_configure': False, 'cmake_target': None, 'cmake_target_skip_unavailable': False, 'install_base': '/home/ubuntu/myagv_ros2/install/myagv_description', 'merge_install': False, 'path': '/home/ubuntu/myagv_ros2/src/myagv_description', 'symlink_install': False, 'test_result_base': None}
[6.614s] Level 5:colcon.colcon_core.verb:set package 'myagv_navigation2' build argument 'cmake_args' from command line to 'None'
[6.614s] Level 5:colcon.colcon_core.verb:set package 'myagv_navigation2' build argument 'cmake_target' from command line to 'None'
[6.614s] Level 5:colcon.colcon_core.verb:set package 'myagv_navigation2' build argument 'cmake_target_skip_unavailable' from command line to 'False'
[6.614s] Level 5:colcon.colcon_core.verb:set package 'myagv_navigation2' build argument 'cmake_clean_cache' from command line to 'False'
[6.614s] Level 5:colcon.colcon_core.verb:set package 'myagv_navigation2' build argument 'cmake_clean_first' from command line to 'False'
[6.614s] Level 5:colcon.colcon_core.verb:set package 'myagv_navigation2' build argument 'cmake_force_configure' from command line to 'False'
[6.614s] Level 5:colcon.colcon_core.verb:set package 'myagv_navigation2' build argument 'ament_cmake_args' from command line to 'None'
[6.614s] Level 5:colcon.colcon_core.verb:set package 'myagv_navigation2' build argument 'catkin_cmake_args' from command line to 'None'
[6.614s] Level 5:colcon.colcon_core.verb:set package 'myagv_navigation2' build argument 'catkin_skip_building_tests' from command line to 'False'
[6.615s] DEBUG:colcon.colcon_core.verb:Building package 'myagv_navigation2' with the following arguments: {'ament_cmake_args': None, 'build_base': '/home/ubuntu/myagv_ros2/build/myagv_navigation2', 'catkin_cmake_args': None, 'catkin_skip_building_tests': False, 'cmake_args': None, 'cmake_clean_cache': False, 'cmake_clean_first': False, 'cmake_force_configure': False, 'cmake_target': None, 'cmake_target_skip_unavailable': False, 'install_base': '/home/ubuntu/myagv_ros2/install/myagv_navigation2', 'merge_install': False, 'path': '/home/ubuntu/myagv_ros2/src/myagv_navigation2', 'symlink_install': False, 'test_result_base': None}
[6.616s] Level 5:colcon.colcon_core.verb:set package 'myagv_node' build argument 'cmake_args' from command line to 'None'
[6.616s] Level 5:colcon.colcon_core.verb:set package 'myagv_node' build argument 'cmake_target' from command line to 'None'
[6.616s] Level 5:colcon.colcon_core.verb:set package 'myagv_node' build argument 'cmake_target_skip_unavailable' from command line to 'False'
[6.617s] Level 5:colcon.colcon_core.verb:set package 'myagv_node' build argument 'cmake_clean_cache' from command line to 'False'
[6.617s] Level 5:colcon.colcon_core.verb:set package 'myagv_node' build argument 'cmake_clean_first' from command line to 'False'
[6.617s] Level 5:colcon.colcon_core.verb:set package 'myagv_node' build argument 'cmake_force_configure' from command line to 'False'
[6.617s] Level 5:colcon.colcon_core.verb:set package 'myagv_node' build argument 'ament_cmake_args' from command line to 'None'
[6.617s] Level 5:colcon.colcon_core.verb:set package 'myagv_node' build argument 'catkin_cmake_args' from command line to 'None'
[6.617s] Level 5:colcon.colcon_core.verb:set package 'myagv_node' build argument 'catkin_skip_building_tests' from command line to 'False'
[6.617s] DEBUG:colcon.colcon_core.verb:Building package 'myagv_node' with the following arguments: {'ament_cmake_args': None, 'build_base': '/home/ubuntu/myagv_ros2/build/myagv_node', 'catkin_cmake_args': None, 'catkin_skip_building_tests': False, 'cmake_args': None, 'cmake_clean_cache': False, 'cmake_clean_first': False, 'cmake_force_configure': False, 'cmake_target': None, 'cmake_target_skip_unavailable': False, 'install_base': '/home/ubuntu/myagv_ros2/install/myagv_node', 'merge_install': False, 'path': '/home/ubuntu/myagv_ros2/src/myagv_node', 'symlink_install': False, 'test_result_base': None}
[6.619s] Level 5:colcon.colcon_core.verb:set package 'myagv_ps2' build argument 'cmake_args' from command line to 'None'
[6.619s] Level 5:colcon.colcon_core.verb:set package 'myagv_ps2' build argument 'cmake_target' from command line to 'None'
[6.619s] Level 5:colcon.colcon_core.verb:set package 'myagv_ps2' build argument 'cmake_target_skip_unavailable' from command line to 'False'
[6.619s] Level 5:colcon.colcon_core.verb:set package 'myagv_ps2' build argument 'cmake_clean_cache' from command line to 'False'
[6.619s] Level 5:colcon.colcon_core.verb:set package 'myagv_ps2' build argument 'cmake_clean_first' from command line to 'False'
[6.619s] Level 5:colcon.colcon_core.verb:set package 'myagv_ps2' build argument 'cmake_force_configure' from command line to 'False'
[6.619s] Level 5:colcon.colcon_core.verb:set package 'myagv_ps2' build argument 'ament_cmake_args' from command line to 'None'
[6.620s] Level 5:colcon.colcon_core.verb:set package 'myagv_ps2' build argument 'catkin_cmake_args' from command line to 'None'
[6.620s] Level 5:colcon.colcon_core.verb:set package 'myagv_ps2' build argument 'catkin_skip_building_tests' from command line to 'False'
[6.620s] DEBUG:colcon.colcon_core.verb:Building package 'myagv_ps2' with the following arguments: {'ament_cmake_args': None, 'build_base': '/home/ubuntu/myagv_ros2/build/myagv_ps2', 'catkin_cmake_args': None, 'catkin_skip_building_tests': False, 'cmake_args': None, 'cmake_clean_cache': False, 'cmake_clean_first': False, 'cmake_force_configure': False, 'cmake_target': None, 'cmake_target_skip_unavailable': False, 'install_base': '/home/ubuntu/myagv_ros2/install/myagv_ps2', 'merge_install': False, 'path': '/home/ubuntu/myagv_ros2/src/myagv_ps2', 'symlink_install': False, 'test_result_base': None}
[6.621s] Level 5:colcon.colcon_core.verb:set package 'myagv_teleop_ros2' build argument 'cmake_args' from command line to 'None'
[6.622s] Level 5:colcon.colcon_core.verb:set package 'myagv_teleop_ros2' build argument 'cmake_target' from command line to 'None'
[6.622s] Level 5:colcon.colcon_core.verb:set package 'myagv_teleop_ros2' build argument 'cmake_target_skip_unavailable' from command line to 'False'
[6.622s] Level 5:colcon.colcon_core.verb:set package 'myagv_teleop_ros2' build argument 'cmake_clean_cache' from command line to 'False'
[6.622s] Level 5:colcon.colcon_core.verb:set package 'myagv_teleop_ros2' build argument 'cmake_clean_first' from command line to 'False'
[6.622s] Level 5:colcon.colcon_core.verb:set package 'myagv_teleop_ros2' build argument 'cmake_force_configure' from command line to 'False'
[6.622s] Level 5:colcon.colcon_core.verb:set package 'myagv_teleop_ros2' build argument 'ament_cmake_args' from command line to 'None'
[6.622s] Level 5:colcon.colcon_core.verb:set package 'myagv_teleop_ros2' build argument 'catkin_cmake_args' from command line to 'None'
[6.622s] Level 5:colcon.colcon_core.verb:set package 'myagv_teleop_ros2' build argument 'catkin_skip_building_tests' from command line to 'False'
[6.622s] DEBUG:colcon.colcon_core.verb:Building package 'myagv_teleop_ros2' with the following arguments: {'ament_cmake_args': None, 'build_base': '/home/ubuntu/myagv_ros2/build/myagv_teleop_ros2', 'catkin_cmake_args': None, 'catkin_skip_building_tests': False, 'cmake_args': None, 'cmake_clean_cache': False, 'cmake_clean_first': False, 'cmake_force_configure': False, 'cmake_target': None, 'cmake_target_skip_unavailable': False, 'install_base': '/home/ubuntu/myagv_ros2/install/myagv_teleop_ros2', 'merge_install': False, 'path': '/home/ubuntu/myagv_ros2/src/myagv_teleop_ros2', 'symlink_install': False, 'test_result_base': None}
[6.624s] Level 5:colcon.colcon_core.verb:set package 'ydlidar_ros2_driver' build argument 'cmake_args' from command line to 'None'
[6.624s] Level 5:colcon.colcon_core.verb:set package 'ydlidar_ros2_driver' build argument 'cmake_target' from command line to 'None'
[6.624s] Level 5:colcon.colcon_core.verb:set package 'ydlidar_ros2_driver' build argument 'cmake_target_skip_unavailable' from command line to 'False'
[6.624s] Level 5:colcon.colcon_core.verb:set package 'ydlidar_ros2_driver' build argument 'cmake_clean_cache' from command line to 'False'
[6.624s] Level 5:colcon.colcon_core.verb:set package 'ydlidar_ros2_driver' build argument 'cmake_clean_first' from command line to 'False'
[6.625s] Level 5:colcon.colcon_core.verb:set package 'ydlidar_ros2_driver' build argument 'cmake_force_configure' from command line to 'False'
[6.625s] Level 5:colcon.colcon_core.verb:set package 'ydlidar_ros2_driver' build argument 'ament_cmake_args' from command line to 'None'
[6.625s] Level 5:colcon.colcon_core.verb:set package 'ydlidar_ros2_driver' build argument 'catkin_cmake_args' from command line to 'None'
[6.625s] Level 5:colcon.colcon_core.verb:set package 'ydlidar_ros2_driver' build argument 'catkin_skip_building_tests' from command line to 'False'
[6.625s] DEBUG:colcon.colcon_core.verb:Building package 'ydlidar_ros2_driver' with the following arguments: {'ament_cmake_args': None, 'build_base': '/home/ubuntu/myagv_ros2/build/ydlidar_ros2_driver', 'catkin_cmake_args': None, 'catkin_skip_building_tests': False, 'cmake_args': None, 'cmake_clean_cache': False, 'cmake_clean_first': False, 'cmake_force_configure': False, 'cmake_target': None, 'cmake_target_skip_unavailable': False, 'install_base': '/home/ubuntu/myagv_ros2/install/ydlidar_ros2_driver', 'merge_install': False, 'path': '/home/ubuntu/myagv_ros2/src/ydlidar_ros2_driver', 'symlink_install': False, 'test_result_base': None}
[6.626s] Level 5:colcon.colcon_core.verb:set package 'myagv_bringup' build argument 'cmake_args' from command line to 'None'
[6.627s] Level 5:colcon.colcon_core.verb:set package 'myagv_bringup' build argument 'cmake_target' from command line to 'None'
[6.627s] Level 5:colcon.colcon_core.verb:set package 'myagv_bringup' build argument 'cmake_target_skip_unavailable' from command line to 'False'
[6.627s] Level 5:colcon.colcon_core.verb:set package 'myagv_bringup' build argument 'cmake_clean_cache' from command line to 'False'
[6.627s] Level 5:colcon.colcon_core.verb:set package 'myagv_bringup' build argument 'cmake_clean_first' from command line to 'False'
[6.627s] Level 5:colcon.colcon_core.verb:set package 'myagv_bringup' build argument 'cmake_force_configure' from command line to 'False'
[6.627s] Level 5:colcon.colcon_core.verb:set package 'myagv_bringup' build argument 'ament_cmake_args' from command line to 'None'
[6.627s] Level 5:colcon.colcon_core.verb:set package 'myagv_bringup' build argument 'catkin_cmake_args' from command line to 'None'
[6.627s] Level 5:colcon.colcon_core.verb:set package 'myagv_bringup' build argument 'catkin_skip_building_tests' from command line to 'False'
[6.627s] DEBUG:colcon.colcon_core.verb:Building package 'myagv_bringup' with the following arguments: {'ament_cmake_args': None, 'build_base': '/home/ubuntu/myagv_ros2/build/myagv_bringup', 'catkin_cmake_args': None, 'catkin_skip_building_tests': False, 'cmake_args': None, 'cmake_clean_cache': False, 'cmake_clean_first': False, 'cmake_force_configure': False, 'cmake_target': None, 'cmake_target_skip_unavailable': False, 'install_base': '/home/ubuntu/myagv_ros2/install/myagv_bringup', 'merge_install': False, 'path': '/home/ubuntu/myagv_ros2/src/myagv_bringup', 'symlink_install': False, 'test_result_base': None}
[6.629s] Level 5:colcon.colcon_core.verb:set package 'myagv_ros2' build argument 'cmake_args' from command line to 'None'
[6.629s] Level 5:colcon.colcon_core.verb:set package 'myagv_ros2' build argument 'cmake_target' from command line to 'None'
[6.629s] Level 5:colcon.colcon_core.verb:set package 'myagv_ros2' build argument 'cmake_target_skip_unavailable' from command line to 'False'
[6.629s] Level 5:colcon.colcon_core.verb:set package 'myagv_ros2' build argument 'cmake_clean_cache' from command line to 'False'
[6.630s] Level 5:colcon.colcon_core.verb:set package 'myagv_ros2' build argument 'cmake_clean_first' from command line to 'False'
[6.630s] Level 5:colcon.colcon_core.verb:set package 'myagv_ros2' build argument 'cmake_force_configure' from command line to 'False'
[6.630s] Level 5:colcon.colcon_core.verb:set package 'myagv_ros2' build argument 'ament_cmake_args' from command line to 'None'
[6.630s] Level 5:colcon.colcon_core.verb:set package 'myagv_ros2' build argument 'catkin_cmake_args' from command line to 'None'
[6.630s] Level 5:colcon.colcon_core.verb:set package 'myagv_ros2' build argument 'catkin_skip_building_tests' from command line to 'False'
[6.630s] DEBUG:colcon.colcon_core.verb:Building package 'myagv_ros2' with the following arguments: {'ament_cmake_args': None, 'build_base': '/home/ubuntu/myagv_ros2/build/myagv_ros2', 'catkin_cmake_args': None, 'catkin_skip_building_tests': False, 'cmake_args': None, 'cmake_clean_cache': False, 'cmake_clean_first': False, 'cmake_force_configure': False, 'cmake_target': None, 'cmake_target_skip_unavailable': False, 'install_base': '/home/ubuntu/myagv_ros2/install/myagv_ros2', 'merge_install': False, 'path': '/home/ubuntu/myagv_ros2/src/myagv_ros2', 'symlink_install': False, 'test_result_base': None}
[6.631s] INFO:colcon.colcon_core.executor:Executing jobs using 'parallel' executor
[6.634s] DEBUG:colcon.colcon_parallel_executor.executor.parallel:run_until_complete
[6.635s] INFO:colcon.colcon_ros.task.ament_cmake.build:Building ROS package in '/home/ubuntu/myagv_ros2/src/myagv_description' with build type 'ament_cmake'
[6.637s] INFO:colcon.colcon_cmake.task.cmake.build:Building CMake package in '/home/ubuntu/myagv_ros2/src/myagv_description'
[6.925s] INFO:colcon.colcon_core.plugin_system:Skipping extension 'colcon_core.shell.bat': Not used on non-Windows systems
[6.927s] INFO:colcon.colcon_core.shell:Skip shell extension 'powershell' for command environment: Not usable outside of PowerShell
[6.928s] DEBUG:colcon.colcon_core.shell:Skip shell extension 'dsv' for command environment
[6.969s] INFO:colcon.colcon_ros.task.ament_cmake.build:Building ROS package in '/home/ubuntu/myagv_ros2/src/myagv_node' with build type 'ament_cmake'
[6.971s] INFO:colcon.colcon_cmake.task.cmake.build:Building CMake package in '/home/ubuntu/myagv_ros2/src/myagv_node'
[6.972s] INFO:colcon.colcon_core.shell:Skip shell extension 'powershell' for command environment: Not usable outside of PowerShell
[6.973s] DEBUG:colcon.colcon_core.shell:Skip shell extension 'dsv' for command environment
[7.009s] INFO:colcon.colcon_ros.task.ament_cmake.build:Building ROS package in '/home/ubuntu/myagv_ros2/src/myagv_cartographer' with build type 'ament_cmake'
[7.011s] INFO:colcon.colcon_cmake.task.cmake.build:Building CMake package in '/home/ubuntu/myagv_ros2/src/myagv_cartographer'
[7.013s] INFO:colcon.colcon_core.shell:Skip shell extension 'powershell' for command environment: Not usable outside of PowerShell
[7.013s] DEBUG:colcon.colcon_core.shell:Skip shell extension 'dsv' for command environment
[7.040s] INFO:colcon.colcon_ros.task.ament_python.build:Building ROS package in '/home/ubuntu/myagv_ros2/src/myagv_teleop_ros2' with build type 'ament_python'
[7.041s] Level 1:colcon.colcon_core.shell:create_environment_hook('myagv_teleop_ros2', 'ament_prefix_path')
[7.043s] INFO:colcon.colcon_core.shell:Creating environment hook '/home/ubuntu/myagv_ros2/install/myagv_teleop_ros2/share/myagv_teleop_ros2/hook/ament_prefix_path.ps1'
[7.049s] INFO:colcon.colcon_core.shell:Creating environment descriptor '/home/ubuntu/myagv_ros2/install/myagv_teleop_ros2/share/myagv_teleop_ros2/hook/ament_prefix_path.dsv'
[7.054s] INFO:colcon.colcon_core.shell:Creating environment hook '/home/ubuntu/myagv_ros2/install/myagv_teleop_ros2/share/myagv_teleop_ros2/hook/ament_prefix_path.sh'
[7.061s] INFO:colcon.colcon_core.shell:Skip shell extension 'powershell' for command environment: Not usable outside of PowerShell
[7.061s] DEBUG:colcon.colcon_core.shell:Skip shell extension 'dsv' for command environment
[7.122s] DEBUG:colcon.colcon_core.event_handler.log_command:Invoking command in '/home/ubuntu/myagv_ros2/build/myagv_description': CMAKE_PREFIX_PATH=${CMAKE_PREFIX_PATH}:/home/ubuntu/myagv_ros2/install/myagv_teleop_ros2:/opt/ros/humble /usr/bin/cmake --build /home/ubuntu/myagv_ros2/build/myagv_description -- -j4 -l4
[7.166s] DEBUG:colcon.colcon_core.event_handler.log_command:Invoking command in '/home/ubuntu/myagv_ros2/build/myagv_node': CMAKE_PREFIX_PATH=${CMAKE_PREFIX_PATH}:/home/ubuntu/myagv_ros2/install/myagv_teleop_ros2:/opt/ros/humble /usr/bin/cmake --build /home/ubuntu/myagv_ros2/build/myagv_node -- -j4 -l4
[7.197s] DEBUG:colcon.colcon_core.event_handler.log_command:Invoking command in '/home/ubuntu/myagv_ros2/build/myagv_cartographer': CMAKE_PREFIX_PATH=${CMAKE_PREFIX_PATH}:/home/ubuntu/myagv_ros2/install/myagv_teleop_ros2:/opt/ros/humble /usr/bin/cmake --build /home/ubuntu/myagv_ros2/build/myagv_cartographer -- -j4 -l4
[9.636s] INFO:colcon.colcon_core.task.python.build:Building Python package in '/home/ubuntu/myagv_ros2/src/myagv_teleop_ros2'
[9.638s] INFO:colcon.colcon_core.shell:Skip shell extension 'powershell' for command environment: Not usable outside of PowerShell
[9.638s] DEBUG:colcon.colcon_core.shell:Skip shell extension 'dsv' for command environment
[9.797s] DEBUG:colcon.colcon_core.event_handler.log_command:Invoked command in '/home/ubuntu/myagv_ros2/build/myagv_description' returned '0': CMAKE_PREFIX_PATH=${CMAKE_PREFIX_PATH}:/home/ubuntu/myagv_ros2/install/myagv_teleop_ros2:/opt/ros/humble /usr/bin/cmake --build /home/ubuntu/myagv_ros2/build/myagv_description -- -j4 -l4
[9.949s] DEBUG:colcon.colcon_core.event_handler.log_command:Invoking command in '/home/ubuntu/myagv_ros2/build/myagv_description': CMAKE_PREFIX_PATH=${CMAKE_PREFIX_PATH}:/home/ubuntu/myagv_ros2/install/myagv_teleop_ros2:/opt/ros/humble /usr/bin/cmake --install /home/ubuntu/myagv_ros2/build/myagv_description
[10.463s] Level 1:colcon.colcon_core.environment:create_environment_scripts_only(myagv_description)
[10.482s] DEBUG:colcon.colcon_core.event_handler.log_command:Invoked command in '/home/ubuntu/myagv_ros2/build/myagv_description' returned '0': CMAKE_PREFIX_PATH=${CMAKE_PREFIX_PATH}:/home/ubuntu/myagv_ros2/install/myagv_teleop_ros2:/opt/ros/humble /usr/bin/cmake --install /home/ubuntu/myagv_ros2/build/myagv_description
[10.578s] Level 1:colcon.colcon_core.environment:checking '/home/ubuntu/myagv_ros2/install/myagv_description' for CMake module files
[10.585s] Level 1:colcon.colcon_core.environment:checking '/home/ubuntu/myagv_ros2/install/myagv_description' for CMake config files
[10.588s] Level 1:colcon.colcon_core.shell:create_environment_hook('myagv_description', 'cmake_prefix_path')
[10.590s] INFO:colcon.colcon_core.shell:Creating environment hook '/home/ubuntu/myagv_ros2/install/myagv_description/share/myagv_description/hook/cmake_prefix_path.ps1'
[10.593s] INFO:colcon.colcon_core.shell:Creating environment descriptor '/home/ubuntu/myagv_ros2/install/myagv_description/share/myagv_description/hook/cmake_prefix_path.dsv'
[10.597s] INFO:colcon.colcon_core.shell:Creating environment hook '/home/ubuntu/myagv_ros2/install/myagv_description/share/myagv_description/hook/cmake_prefix_path.sh'
[10.601s] Level 1:colcon.colcon_core.environment:checking '/home/ubuntu/myagv_ros2/install/myagv_description/bin'
[10.602s] Level 1:colcon.colcon_core.environment:checking '/home/ubuntu/myagv_ros2/install/myagv_description/lib/pkgconfig/myagv_description.pc'
[10.605s] Level 1:colcon.colcon_core.environment:checking '/home/ubuntu/myagv_ros2/install/myagv_description/lib/python3.10/site-packages'
[10.608s] Level 1:colcon.colcon_core.environment:checking '/home/ubuntu/myagv_ros2/install/myagv_description/bin'
[10.613s] INFO:colcon.colcon_core.shell:Creating package script '/home/ubuntu/myagv_ros2/install/myagv_description/share/myagv_description/package.ps1'
[10.623s] INFO:colcon.colcon_core.shell:Creating package descriptor '/home/ubuntu/myagv_ros2/install/myagv_description/share/myagv_description/package.dsv'
[10.628s] INFO:colcon.colcon_core.shell:Creating package script '/home/ubuntu/myagv_ros2/install/myagv_description/share/myagv_description/package.sh'
[10.635s] INFO:colcon.colcon_core.shell:Creating package script '/home/ubuntu/myagv_ros2/install/myagv_description/share/myagv_description/package.bash'
[10.642s] INFO:colcon.colcon_core.shell:Creating package script '/home/ubuntu/myagv_ros2/install/myagv_description/share/myagv_description/package.zsh'
[10.659s] Level 1:colcon.colcon_core.environment:create_file_with_runtime_dependencies(/home/ubuntu/myagv_ros2/install/myagv_description/share/colcon-core/packages/myagv_description)
[10.675s] DEBUG:colcon.colcon_core.event_handler.log_command:Invoked command in '/home/ubuntu/myagv_ros2/build/myagv_cartographer' returned '0': CMAKE_PREFIX_PATH=${CMAKE_PREFIX_PATH}:/home/ubuntu/myagv_ros2/install/myagv_teleop_ros2:/opt/ros/humble /usr/bin/cmake --build /home/ubuntu/myagv_ros2/build/myagv_cartographer -- -j4 -l4
[10.831s] DEBUG:colcon.colcon_core.event_handler.log_command:Invoking command in '/home/ubuntu/myagv_ros2/build/myagv_cartographer': CMAKE_PREFIX_PATH=${CMAKE_PREFIX_PATH}:/home/ubuntu/myagv_ros2/install/myagv_teleop_ros2:/opt/ros/humble /usr/bin/cmake --install /home/ubuntu/myagv_ros2/build/myagv_cartographer
[10.869s] Level 1:colcon.colcon_core.environment:create_environment_scripts_only(myagv_description)
[10.871s] Level 1:colcon.colcon_core.environment:checking '/home/ubuntu/myagv_ros2/install/myagv_description' for CMake module files
[10.874s] Level 1:colcon.colcon_core.environment:checking '/home/ubuntu/myagv_ros2/install/myagv_description' for CMake config files
[10.877s] Level 1:colcon.colcon_core.shell:create_environment_hook('myagv_description', 'cmake_prefix_path')
[10.879s] INFO:colcon.colcon_core.shell:Creating environment hook '/home/ubuntu/myagv_ros2/install/myagv_description/share/myagv_description/hook/cmake_prefix_path.ps1'
[10.884s] INFO:colcon.colcon_core.shell:Creating environment descriptor '/home/ubuntu/myagv_ros2/install/myagv_description/share/myagv_description/hook/cmake_prefix_path.dsv'
[10.895s] INFO:colcon.colcon_core.shell:Creating environment hook '/home/ubuntu/myagv_ros2/install/myagv_description/share/myagv_description/hook/cmake_prefix_path.sh'
[10.920s] Level 1:colcon.colcon_core.environment:checking '/home/ubuntu/myagv_ros2/install/myagv_description/bin'
[10.921s] Level 1:colcon.colcon_core.environment:checking '/home/ubuntu/myagv_ros2/install/myagv_description/lib/pkgconfig/myagv_description.pc'
[10.922s] Level 1:colcon.colcon_core.environment:checking '/home/ubuntu/myagv_ros2/install/myagv_description/lib/python3.10/site-packages'
[10.924s] Level 1:colcon.colcon_core.environment:checking '/home/ubuntu/myagv_ros2/install/myagv_description/bin'
[10.926s] INFO:colcon.colcon_core.shell:Creating package script '/home/ubuntu/myagv_ros2/install/myagv_description/share/myagv_description/package.ps1'
[10.930s] INFO:colcon.colcon_core.shell:Creating package descriptor '/home/ubuntu/myagv_ros2/install/myagv_description/share/myagv_description/package.dsv'
[10.935s] INFO:colcon.colcon_core.shell:Creating package script '/home/ubuntu/myagv_ros2/install/myagv_description/share/myagv_description/package.sh'
[10.943s] INFO:colcon.colcon_core.shell:Creating package script '/home/ubuntu/myagv_ros2/install/myagv_description/share/myagv_description/package.bash'
[10.947s] INFO:colcon.colcon_core.shell:Creating package script '/home/ubuntu/myagv_ros2/install/myagv_description/share/myagv_description/package.zsh'
[10.950s] Level 1:colcon.colcon_core.environment:create_file_with_runtime_dependencies(/home/ubuntu/myagv_ros2/install/myagv_description/share/colcon-core/packages/myagv_description)
[10.954s] INFO:colcon.colcon_ros.task.ament_cmake.build:Building ROS package in '/home/ubuntu/myagv_ros2/src/myagv_navigation2' with build type 'ament_cmake'
[10.956s] INFO:colcon.colcon_cmake.task.cmake.build:Building CMake package in '/home/ubuntu/myagv_ros2/src/myagv_navigation2'
[10.962s] INFO:colcon.colcon_core.shell:Skip shell extension 'powershell' for command environment: Not usable outside of PowerShell
[10.965s] DEBUG:colcon.colcon_core.shell:Skip shell extension 'dsv' for command environment
[11.304s] DEBUG:colcon.colcon_core.event_handler.log_command:Invoking command in '/home/ubuntu/myagv_ros2/build/myagv_navigation2': CMAKE_PREFIX_PATH=${CMAKE_PREFIX_PATH}:/home/ubuntu/myagv_ros2/install/myagv_teleop_ros2:/opt/ros/humble /usr/bin/cmake --build /home/ubuntu/myagv_ros2/build/myagv_navigation2 -- -j4 -l4
[11.336s] Level 1:colcon.colcon_core.environment:create_environment_scripts_only(myagv_cartographer)
[11.338s] Level 1:colcon.colcon_core.environment:checking '/home/ubuntu/myagv_ros2/install/myagv_cartographer' for CMake module files
[11.342s] Level 1:colcon.colcon_core.environment:checking '/home/ubuntu/myagv_ros2/install/myagv_cartographer' for CMake config files
[11.350s] Level 1:colcon.colcon_core.shell:create_environment_hook('myagv_cartographer', 'cmake_prefix_path')
[11.349s] DEBUG:colcon.colcon_core.event_handler.log_command:Invoked command in '/home/ubuntu/myagv_ros2/build/myagv_cartographer' returned '0': CMAKE_PREFIX_PATH=${CMAKE_PREFIX_PATH}:/home/ubuntu/myagv_ros2/install/myagv_teleop_ros2:/opt/ros/humble /usr/bin/cmake --install /home/ubuntu/myagv_ros2/build/myagv_cartographer
[11.352s] INFO:colcon.colcon_core.shell:Creating environment hook '/home/ubuntu/myagv_ros2/install/myagv_cartographer/share/myagv_cartographer/hook/cmake_prefix_path.ps1'
[11.357s] INFO:colcon.colcon_core.shell:Creating environment descriptor '/home/ubuntu/myagv_ros2/install/myagv_cartographer/share/myagv_cartographer/hook/cmake_prefix_path.dsv'
[11.360s] INFO:colcon.colcon_core.shell:Creating environment hook '/home/ubuntu/myagv_ros2/install/myagv_cartographer/share/myagv_cartographer/hook/cmake_prefix_path.sh'
[11.366s] Level 1:colcon.colcon_core.environment:checking '/home/ubuntu/myagv_ros2/install/myagv_cartographer/bin'
[11.367s] Level 1:colcon.colcon_core.environment:checking '/home/ubuntu/myagv_ros2/install/myagv_cartographer/lib/pkgconfig/myagv_cartographer.pc'
[11.373s] Level 1:colcon.colcon_core.environment:checking '/home/ubuntu/myagv_ros2/install/myagv_cartographer/lib/python3.10/site-packages'
[11.377s] Level 1:colcon.colcon_core.environment:checking '/home/ubuntu/myagv_ros2/install/myagv_cartographer/bin'
[11.379s] INFO:colcon.colcon_core.shell:Creating package script '/home/ubuntu/myagv_ros2/install/myagv_cartographer/share/myagv_cartographer/package.ps1'
[11.383s] INFO:colcon.colcon_core.shell:Creating package descriptor '/home/ubuntu/myagv_ros2/install/myagv_cartographer/share/myagv_cartographer/package.dsv'
[11.388s] INFO:colcon.colcon_core.shell:Creating package script '/home/ubuntu/myagv_ros2/install/myagv_cartographer/share/myagv_cartographer/package.sh'
[11.394s] INFO:colcon.colcon_core.shell:Creating package script '/home/ubuntu/myagv_ros2/install/myagv_cartographer/share/myagv_cartographer/package.bash'
[11.398s] INFO:colcon.colcon_core.shell:Creating package script '/home/ubuntu/myagv_ros2/install/myagv_cartographer/share/myagv_cartographer/package.zsh'
[11.402s] Level 1:colcon.colcon_core.environment:create_file_with_runtime_dependencies(/home/ubuntu/myagv_ros2/install/myagv_cartographer/share/colcon-core/packages/myagv_cartographer)
[11.602s] Level 1:colcon.colcon_core.environment:create_environment_scripts_only(myagv_cartographer)
[11.604s] Level 1:colcon.colcon_core.environment:checking '/home/ubuntu/myagv_ros2/install/myagv_cartographer' for CMake module files
[11.608s] Level 1:colcon.colcon_core.environment:checking '/home/ubuntu/myagv_ros2/install/myagv_cartographer' for CMake config files
[11.610s] Level 1:colcon.colcon_core.shell:create_environment_hook('myagv_cartographer', 'cmake_prefix_path')
[11.612s] INFO:colcon.colcon_core.shell:Creating environment hook '/home/ubuntu/myagv_ros2/install/myagv_cartographer/share/myagv_cartographer/hook/cmake_prefix_path.ps1'
[11.615s] INFO:colcon.colcon_core.shell:Creating environment descriptor '/home/ubuntu/myagv_ros2/install/myagv_cartographer/share/myagv_cartographer/hook/cmake_prefix_path.dsv'
[11.619s] INFO:colcon.colcon_core.shell:Creating environment hook '/home/ubuntu/myagv_ros2/install/myagv_cartographer/share/myagv_cartographer/hook/cmake_prefix_path.sh'
[11.624s] Level 1:colcon.colcon_core.environment:checking '/home/ubuntu/myagv_ros2/install/myagv_cartographer/bin'
[11.625s] Level 1:colcon.colcon_core.environment:checking '/home/ubuntu/myagv_ros2/install/myagv_cartographer/lib/pkgconfig/myagv_cartographer.pc'
[11.627s] Level 1:colcon.colcon_core.environment:checking '/home/ubuntu/myagv_ros2/install/myagv_cartographer/lib/python3.10/site-packages'
[11.629s] Level 1:colcon.colcon_core.environment:checking '/home/ubuntu/myagv_ros2/install/myagv_cartographer/bin'
[11.630s] INFO:colcon.colcon_core.shell:Creating package script '/home/ubuntu/myagv_ros2/install/myagv_cartographer/share/myagv_cartographer/package.ps1'
[11.634s] INFO:colcon.colcon_core.shell:Creating package descriptor '/home/ubuntu/myagv_ros2/install/myagv_cartographer/share/myagv_cartographer/package.dsv'
[11.639s] INFO:colcon.colcon_core.shell:Creating package script '/home/ubuntu/myagv_ros2/install/myagv_cartographer/share/myagv_cartographer/package.sh'
[11.642s] INFO:colcon.colcon_core.shell:Creating package script '/home/ubuntu/myagv_ros2/install/myagv_cartographer/share/myagv_cartographer/package.bash'
[11.646s] INFO:colcon.colcon_core.shell:Creating package script '/home/ubuntu/myagv_ros2/install/myagv_cartographer/share/myagv_cartographer/package.zsh'
[11.650s] Level 1:colcon.colcon_core.environment:create_file_with_runtime_dependencies(/home/ubuntu/myagv_ros2/install/myagv_cartographer/share/colcon-core/packages/myagv_cartographer)
[11.654s] INFO:colcon.colcon_ros.task.ament_cmake.build:Building ROS package in '/home/ubuntu/myagv_ros2/src/myagv_ps2' with build type 'ament_cmake'
[11.655s] INFO:colcon.colcon_cmake.task.cmake.build:Building CMake package in '/home/ubuntu/myagv_ros2/src/myagv_ps2'
[11.657s] INFO:colcon.colcon_core.shell:Skip shell extension 'powershell' for command environment: Not usable outside of PowerShell
[11.659s] DEBUG:colcon.colcon_core.shell:Skip shell extension 'dsv' for command environment
[12.024s] DEBUG:colcon.colcon_core.event_handler.log_command:Invoking command in '/home/ubuntu/myagv_ros2/build/myagv_ps2': CMAKE_PREFIX_PATH=${CMAKE_PREFIX_PATH}:/home/ubuntu/myagv_ros2/install/myagv_teleop_ros2:/opt/ros/humble /usr/bin/cmake --build /home/ubuntu/myagv_ros2/build/myagv_ps2 -- -j4 -l4
[12.372s] DEBUG:colcon.colcon_core.event_handler.log_command:Invoked command in '/home/ubuntu/myagv_ros2/build/myagv_navigation2' returned '0': CMAKE_PREFIX_PATH=${CMAKE_PREFIX_PATH}:/home/ubuntu/myagv_ros2/install/myagv_teleop_ros2:/opt/ros/humble /usr/bin/cmake --build /home/ubuntu/myagv_ros2/build/myagv_navigation2 -- -j4 -l4
[12.487s] DEBUG:colcon.colcon_core.event_handler.log_command:Invoking command in '/home/ubuntu/myagv_ros2/build/myagv_navigation2': CMAKE_PREFIX_PATH=${CMAKE_PREFIX_PATH}:/home/ubuntu/myagv_ros2/install/myagv_teleop_ros2:/opt/ros/humble /usr/bin/cmake --install /home/ubuntu/myagv_ros2/build/myagv_navigation2
[12.624s] DEBUG:colcon.colcon_core.event_handler.log_command:Invoked command in '/home/ubuntu/myagv_ros2/build/myagv_node' returned '0': CMAKE_PREFIX_PATH=${CMAKE_PREFIX_PATH}:/home/ubuntu/myagv_ros2/install/myagv_teleop_ros2:/opt/ros/humble /usr/bin/cmake --build /home/ubuntu/myagv_ros2/build/myagv_node -- -j4 -l4
[12.786s] DEBUG:colcon.colcon_core.event_handler.log_command:Invoking command in '/home/ubuntu/myagv_ros2/build/myagv_node': CMAKE_PREFIX_PATH=${CMAKE_PREFIX_PATH}:/home/ubuntu/myagv_ros2/install/myagv_teleop_ros2:/opt/ros/humble /usr/bin/cmake --install /home/ubuntu/myagv_ros2/build/myagv_node
[14.114s] Level 1:colcon.colcon_core.environment:create_environment_scripts_only(myagv_node)
[14.116s] Level 1:colcon.colcon_core.environment:checking '/home/ubuntu/myagv_ros2/install/myagv_node' for CMake module files
[14.120s] Level 1:colcon.colcon_core.environment:checking '/home/ubuntu/myagv_ros2/install/myagv_node' for CMake config files
[14.124s] Level 1:colcon.colcon_core.shell:create_environment_hook('myagv_node', 'cmake_prefix_path')
[14.126s] DEBUG:colcon.colcon_core.event_handler.log_command:Invoked command in '/home/ubuntu/myagv_ros2/build/myagv_node' returned '0': CMAKE_PREFIX_PATH=${CMAKE_PREFIX_PATH}:/home/ubuntu/myagv_ros2/install/myagv_teleop_ros2:/opt/ros/humble /usr/bin/cmake --install /home/ubuntu/myagv_ros2/build/myagv_node
[14.130s] INFO:colcon.colcon_core.shell:Creating environment hook '/home/ubuntu/myagv_ros2/install/myagv_node/share/myagv_node/hook/cmake_prefix_path.ps1'
[14.135s] INFO:colcon.colcon_core.shell:Creating environment descriptor '/home/ubuntu/myagv_ros2/install/myagv_node/share/myagv_node/hook/cmake_prefix_path.dsv'
[14.168s] INFO:colcon.colcon_core.shell:Creating environment hook '/home/ubuntu/myagv_ros2/install/myagv_node/share/myagv_node/hook/cmake_prefix_path.sh'
[14.172s] Level 1:colcon.colcon_core.environment:checking '/home/ubuntu/myagv_ros2/install/myagv_node/lib'
[14.173s] Level 1:colcon.colcon_core.environment:checking '/home/ubuntu/myagv_ros2/install/myagv_node/bin'
[14.174s] Level 1:colcon.colcon_core.environment:checking '/home/ubuntu/myagv_ros2/install/myagv_node/lib/pkgconfig/myagv_node.pc'
[14.176s] Level 1:colcon.colcon_core.environment:checking '/home/ubuntu/myagv_ros2/install/myagv_node/lib/python3.10/site-packages'
[14.177s] Level 1:colcon.colcon_core.environment:checking '/home/ubuntu/myagv_ros2/install/myagv_node/bin'
[14.179s] INFO:colcon.colcon_core.shell:Creating package script '/home/ubuntu/myagv_ros2/install/myagv_node/share/myagv_node/package.ps1'
[14.181s] INFO:colcon.colcon_core.shell:Creating package descriptor '/home/ubuntu/myagv_ros2/install/myagv_node/share/myagv_node/package.dsv'
[14.183s] INFO:colcon.colcon_core.shell:Creating package script '/home/ubuntu/myagv_ros2/install/myagv_node/share/myagv_node/package.sh'
[14.186s] INFO:colcon.colcon_core.shell:Creating package script '/home/ubuntu/myagv_ros2/install/myagv_node/share/myagv_node/package.bash'
[14.187s] INFO:colcon.colcon_core.shell:Creating package script '/home/ubuntu/myagv_ros2/install/myagv_node/share/myagv_node/package.zsh'
[14.189s] Level 1:colcon.colcon_core.environment:create_file_with_runtime_dependencies(/home/ubuntu/myagv_ros2/install/myagv_node/share/colcon-core/packages/myagv_node)
[14.197s] Level 1:colcon.colcon_core.environment:create_environment_scripts_only(myagv_navigation2)
[14.198s] Level 1:colcon.colcon_core.environment:checking '/home/ubuntu/myagv_ros2/install/myagv_navigation2' for CMake module files
[14.201s] DEBUG:colcon.colcon_core.event_handler.log_command:Invoked command in '/home/ubuntu/myagv_ros2/build/myagv_navigation2' returned '0': CMAKE_PREFIX_PATH=${CMAKE_PREFIX_PATH}:/home/ubuntu/myagv_ros2/install/myagv_teleop_ros2:/opt/ros/humble /usr/bin/cmake --install /home/ubuntu/myagv_ros2/build/myagv_navigation2
[14.207s] Level 1:colcon.colcon_core.environment:checking '/home/ubuntu/myagv_ros2/install/myagv_navigation2' for CMake config files
[14.212s] Level 1:colcon.colcon_core.shell:create_environment_hook('myagv_navigation2', 'cmake_prefix_path')
[14.213s] INFO:colcon.colcon_core.shell:Creating environment hook '/home/ubuntu/myagv_ros2/install/myagv_navigation2/share/myagv_navigation2/hook/cmake_prefix_path.ps1'
[14.216s] INFO:colcon.colcon_core.shell:Creating environment descriptor '/home/ubuntu/myagv_ros2/install/myagv_navigation2/share/myagv_navigation2/hook/cmake_prefix_path.dsv'
[14.220s] INFO:colcon.colcon_core.shell:Creating environment hook '/home/ubuntu/myagv_ros2/install/myagv_navigation2/share/myagv_navigation2/hook/cmake_prefix_path.sh'
[14.228s] Level 1:colcon.colcon_core.environment:checking '/home/ubuntu/myagv_ros2/install/myagv_navigation2/bin'
[14.229s] Level 1:colcon.colcon_core.environment:checking '/home/ubuntu/myagv_ros2/install/myagv_navigation2/lib/pkgconfig/myagv_navigation2.pc'
[14.231s] Level 1:colcon.colcon_core.environment:checking '/home/ubuntu/myagv_ros2/install/myagv_navigation2/lib/python3.10/site-packages'
[14.233s] Level 1:colcon.colcon_core.environment:checking '/home/ubuntu/myagv_ros2/install/myagv_navigation2/bin'
[14.236s] INFO:colcon.colcon_core.shell:Creating package script '/home/ubuntu/myagv_ros2/install/myagv_navigation2/share/myagv_navigation2/package.ps1'
[14.241s] INFO:colcon.colcon_core.shell:Creating package descriptor '/home/ubuntu/myagv_ros2/install/myagv_navigation2/share/myagv_navigation2/package.dsv'
[14.246s] INFO:colcon.colcon_core.shell:Creating package script '/home/ubuntu/myagv_ros2/install/myagv_navigation2/share/myagv_navigation2/package.sh'
[14.254s] INFO:colcon.colcon_core.shell:Creating package script '/home/ubuntu/myagv_ros2/install/myagv_navigation2/share/myagv_navigation2/package.bash'
[14.259s] INFO:colcon.colcon_core.shell:Creating package script '/home/ubuntu/myagv_ros2/install/myagv_navigation2/share/myagv_navigation2/package.zsh'
[14.267s] Level 1:colcon.colcon_core.environment:create_file_with_runtime_dependencies(/home/ubuntu/myagv_ros2/install/myagv_navigation2/share/colcon-core/packages/myagv_navigation2)
[14.427s] Level 1:colcon.colcon_core.environment:create_environment_scripts_only(myagv_node)
[14.428s] Level 1:colcon.colcon_core.environment:checking '/home/ubuntu/myagv_ros2/install/myagv_node' for CMake module files
[14.431s] Level 1:colcon.colcon_core.environment:checking '/home/ubuntu/myagv_ros2/install/myagv_node' for CMake config files
[14.435s] Level 1:colcon.colcon_core.shell:create_environment_hook('myagv_node', 'cmake_prefix_path')
[14.436s] INFO:colcon.colcon_core.shell:Creating environment hook '/home/ubuntu/myagv_ros2/install/myagv_node/share/myagv_node/hook/cmake_prefix_path.ps1'
[14.438s] INFO:colcon.colcon_core.shell:Creating environment descriptor '/home/ubuntu/myagv_ros2/install/myagv_node/share/myagv_node/hook/cmake_prefix_path.dsv'
[14.440s] INFO:colcon.colcon_core.shell:Creating environment hook '/home/ubuntu/myagv_ros2/install/myagv_node/share/myagv_node/hook/cmake_prefix_path.sh'
[14.443s] Level 1:colcon.colcon_core.environment:checking '/home/ubuntu/myagv_ros2/install/myagv_node/lib'
[14.443s] Level 1:colcon.colcon_core.environment:checking '/home/ubuntu/myagv_ros2/install/myagv_node/bin'
[14.443s] Level 1:colcon.colcon_core.environment:checking '/home/ubuntu/myagv_ros2/install/myagv_node/lib/pkgconfig/myagv_node.pc'
[14.445s] Level 1:colcon.colcon_core.environment:checking '/home/ubuntu/myagv_ros2/install/myagv_node/lib/python3.10/site-packages'
[14.445s] Level 1:colcon.colcon_core.environment:checking '/home/ubuntu/myagv_ros2/install/myagv_node/bin'
[14.447s] INFO:colcon.colcon_core.shell:Creating package script '/home/ubuntu/myagv_ros2/install/myagv_node/share/myagv_node/package.ps1'
[14.449s] INFO:colcon.colcon_core.shell:Creating package descriptor '/home/ubuntu/myagv_ros2/install/myagv_node/share/myagv_node/package.dsv'
[14.452s] INFO:colcon.colcon_core.shell:Creating package script '/home/ubuntu/myagv_ros2/install/myagv_node/share/myagv_node/package.sh'
[14.454s] INFO:colcon.colcon_core.shell:Creating package script '/home/ubuntu/myagv_ros2/install/myagv_node/share/myagv_node/package.bash'
[14.456s] INFO:colcon.colcon_core.shell:Creating package script '/home/ubuntu/myagv_ros2/install/myagv_node/share/myagv_node/package.zsh'
[14.458s] Level 1:colcon.colcon_core.environment:create_file_with_runtime_dependencies(/home/ubuntu/myagv_ros2/install/myagv_node/share/colcon-core/packages/myagv_node)
[14.460s] INFO:colcon.colcon_ros.task.ament_cmake.build:Building ROS package in '/home/ubuntu/myagv_ros2/src/myagv_bringup' with build type 'ament_cmake'
[14.461s] INFO:colcon.colcon_cmake.task.cmake.build:Building CMake package in '/home/ubuntu/myagv_ros2/src/myagv_bringup'
[14.462s] INFO:colcon.colcon_core.shell:Skip shell extension 'powershell' for command environment: Not usable outside of PowerShell
[14.462s] DEBUG:colcon.colcon_core.shell:Skip shell extension 'dsv' for command environment
[14.489s] Level 1:colcon.colcon_core.environment:create_environment_scripts_only(myagv_navigation2)
[14.490s] Level 1:colcon.colcon_core.environment:checking '/home/ubuntu/myagv_ros2/install/myagv_navigation2' for CMake module files
[14.493s] Level 1:colcon.colcon_core.environment:checking '/home/ubuntu/myagv_ros2/install/myagv_navigation2' for CMake config files
[14.496s] Level 1:colcon.colcon_core.shell:create_environment_hook('myagv_navigation2', 'cmake_prefix_path')
[14.497s] INFO:colcon.colcon_core.shell:Creating environment hook '/home/ubuntu/myagv_ros2/install/myagv_navigation2/share/myagv_navigation2/hook/cmake_prefix_path.ps1'
[14.499s] INFO:colcon.colcon_core.shell:Creating environment descriptor '/home/ubuntu/myagv_ros2/install/myagv_navigation2/share/myagv_navigation2/hook/cmake_prefix_path.dsv'
[14.501s] INFO:colcon.colcon_core.shell:Creating environment hook '/home/ubuntu/myagv_ros2/install/myagv_navigation2/share/myagv_navigation2/hook/cmake_prefix_path.sh'
[14.503s] Level 1:colcon.colcon_core.environment:checking '/home/ubuntu/myagv_ros2/install/myagv_navigation2/bin'
[14.503s] Level 1:colcon.colcon_core.environment:checking '/home/ubuntu/myagv_ros2/install/myagv_navigation2/lib/pkgconfig/myagv_navigation2.pc'
[14.504s] Level 1:colcon.colcon_core.environment:checking '/home/ubuntu/myagv_ros2/install/myagv_navigation2/lib/python3.10/site-packages'
[14.505s] Level 1:colcon.colcon_core.environment:checking '/home/ubuntu/myagv_ros2/install/myagv_navigation2/bin'
[14.506s] INFO:colcon.colcon_core.shell:Creating package script '/home/ubuntu/myagv_ros2/install/myagv_navigation2/share/myagv_navigation2/package.ps1'
[14.509s] INFO:colcon.colcon_core.shell:Creating package descriptor '/home/ubuntu/myagv_ros2/install/myagv_navigation2/share/myagv_navigation2/package.dsv'
[14.511s] INFO:colcon.colcon_core.shell:Creating package script '/home/ubuntu/myagv_ros2/install/myagv_navigation2/share/myagv_navigation2/package.sh'
[14.513s] INFO:colcon.colcon_core.shell:Creating package script '/home/ubuntu/myagv_ros2/install/myagv_navigation2/share/myagv_navigation2/package.bash'
[14.515s] INFO:colcon.colcon_core.shell:Creating package script '/home/ubuntu/myagv_ros2/install/myagv_navigation2/share/myagv_navigation2/package.zsh'
[14.516s] Level 1:colcon.colcon_core.environment:create_file_with_runtime_dependencies(/home/ubuntu/myagv_ros2/install/myagv_navigation2/share/colcon-core/packages/myagv_navigation2)
[14.518s] INFO:colcon.colcon_ros.task.ament_cmake.build:Building ROS package in '/home/ubuntu/myagv_ros2/src/ydlidar_ros2_driver' with build type 'ament_cmake'
[14.519s] INFO:colcon.colcon_cmake.task.cmake.build:Building CMake package in '/home/ubuntu/myagv_ros2/src/ydlidar_ros2_driver'
[14.520s] INFO:colcon.colcon_core.shell:Skip shell extension 'powershell' for command environment: Not usable outside of PowerShell
[14.520s] DEBUG:colcon.colcon_core.shell:Skip shell extension 'dsv' for command environment
[14.817s] DEBUG:colcon.colcon_core.event_handler.log_command:Invoking command in '/home/ubuntu/myagv_ros2/build/ydlidar_ros2_driver': CMAKE_PREFIX_PATH=${CMAKE_PREFIX_PATH}:/home/ubuntu/myagv_ros2/install/myagv_teleop_ros2:/opt/ros/humble /usr/bin/cmake --build /home/ubuntu/myagv_ros2/build/ydlidar_ros2_driver -- -j4 -l4
[14.904s] DEBUG:colcon.colcon_core.event_handler.log_command:Invoking command in '/home/ubuntu/myagv_ros2/build/myagv_bringup': CMAKE_PREFIX_PATH=/home/ubuntu/myagv_ros2/install/myagv_node:/home/ubuntu/myagv_ros2/install/myagv_description:/home/ubuntu/myagv_ros2/install/ydlidar_ros2_driver:/home/ubuntu/myagv_ros2/install/myagv_ros2:/home/ubuntu/myagv_ros2/install/myagv_ps2:/home/ubuntu/myagv_ros2/install/myagv_bringup:/home/ubuntu/myagv_ros2/install/myagv_navigation2:/home/ubuntu/myagv_ros2/install/myagv_cartographer:/home/ubuntu/myagv_ros2/install/myagv_teleop_ros2:/opt/ros/humble /usr/bin/cmake --build /home/ubuntu/myagv_ros2/build/myagv_bringup -- -j4 -l4
[16.561s] DEBUG:colcon.colcon_core.event_handler.log_command:Invoked command in '/home/ubuntu/myagv_ros2/build/myagv_bringup' returned '0': CMAKE_PREFIX_PATH=/home/ubuntu/myagv_ros2/install/myagv_node:/home/ubuntu/myagv_ros2/install/myagv_description:/home/ubuntu/myagv_ros2/install/ydlidar_ros2_driver:/home/ubuntu/myagv_ros2/install/myagv_ros2:/home/ubuntu/myagv_ros2/install/myagv_ps2:/home/ubuntu/myagv_ros2/install/myagv_bringup:/home/ubuntu/myagv_ros2/install/myagv_navigation2:/home/ubuntu/myagv_ros2/install/myagv_cartographer:/home/ubuntu/myagv_ros2/install/myagv_teleop_ros2:/opt/ros/humble /usr/bin/cmake --build /home/ubuntu/myagv_ros2/build/myagv_bringup -- -j4 -l4
[16.565s] DEBUG:colcon.colcon_core.event_handler.log_command:Invoking command in '/home/ubuntu/myagv_ros2/build/myagv_bringup': CMAKE_PREFIX_PATH=/home/ubuntu/myagv_ros2/install/myagv_node:/home/ubuntu/myagv_ros2/install/myagv_description:/home/ubuntu/myagv_ros2/install/ydlidar_ros2_driver:/home/ubuntu/myagv_ros2/install/myagv_ros2:/home/ubuntu/myagv_ros2/install/myagv_ps2:/home/ubuntu/myagv_ros2/install/myagv_bringup:/home/ubuntu/myagv_ros2/install/myagv_navigation2:/home/ubuntu/myagv_ros2/install/myagv_cartographer:/home/ubuntu/myagv_ros2/install/myagv_teleop_ros2:/opt/ros/humble /usr/bin/cmake --install /home/ubuntu/myagv_ros2/build/myagv_bringup
[16.611s] DEBUG:colcon.colcon_core.event_handler.log_command:Invoked command in '/home/ubuntu/myagv_ros2/build/myagv_ps2' returned '0': CMAKE_PREFIX_PATH=${CMAKE_PREFIX_PATH}:/home/ubuntu/myagv_ros2/install/myagv_teleop_ros2:/opt/ros/humble /usr/bin/cmake --build /home/ubuntu/myagv_ros2/build/myagv_ps2 -- -j4 -l4
[16.769s] DEBUG:colcon.colcon_core.event_handler.log_command:Invoking command in '/home/ubuntu/myagv_ros2/build/myagv_ps2': CMAKE_PREFIX_PATH=${CMAKE_PREFIX_PATH}:/home/ubuntu/myagv_ros2/install/myagv_teleop_ros2:/opt/ros/humble /usr/bin/cmake --install /home/ubuntu/myagv_ros2/build/myagv_ps2
[17.637s] Level 1:colcon.colcon_core.environment:create_environment_scripts_only(myagv_ps2)
[17.643s] DEBUG:colcon.colcon_core.event_handler.log_command:Invoked command in '/home/ubuntu/myagv_ros2/build/myagv_ps2' returned '0': CMAKE_PREFIX_PATH=${CMAKE_PREFIX_PATH}:/home/ubuntu/myagv_ros2/install/myagv_teleop_ros2:/opt/ros/humble /usr/bin/cmake --install /home/ubuntu/myagv_ros2/build/myagv_ps2
[17.646s] Level 1:colcon.colcon_core.environment:checking '/home/ubuntu/myagv_ros2/install/myagv_ps2' for CMake module files
[17.693s] Level 1:colcon.colcon_core.environment:checking '/home/ubuntu/myagv_ros2/install/myagv_ps2' for CMake config files
[17.709s] Level 1:colcon.colcon_core.shell:create_environment_hook('myagv_ps2', 'cmake_prefix_path')
[17.712s] INFO:colcon.colcon_core.shell:Creating environment hook '/home/ubuntu/myagv_ros2/install/myagv_ps2/share/myagv_ps2/hook/cmake_prefix_path.ps1'
[17.718s] INFO:colcon.colcon_core.shell:Creating environment descriptor '/home/ubuntu/myagv_ros2/install/myagv_ps2/share/myagv_ps2/hook/cmake_prefix_path.dsv'
[17.722s] INFO:colcon.colcon_core.shell:Creating environment hook '/home/ubuntu/myagv_ros2/install/myagv_ps2/share/myagv_ps2/hook/cmake_prefix_path.sh'
[17.730s] Level 1:colcon.colcon_core.environment:checking '/home/ubuntu/myagv_ros2/install/myagv_ps2/lib'
[17.730s] Level 1:colcon.colcon_core.environment:checking '/home/ubuntu/myagv_ros2/install/myagv_ps2/bin'
[17.731s] Level 1:colcon.colcon_core.environment:checking '/home/ubuntu/myagv_ros2/install/myagv_ps2/lib/pkgconfig/myagv_ps2.pc'
[17.733s] Level 1:colcon.colcon_core.environment:checking '/home/ubuntu/myagv_ros2/install/myagv_ps2/lib/python3.10/site-packages'
[17.734s] Level 1:colcon.colcon_core.environment:checking '/home/ubuntu/myagv_ros2/install/myagv_ps2/bin'
[17.736s] INFO:colcon.colcon_core.shell:Creating package script '/home/ubuntu/myagv_ros2/install/myagv_ps2/share/myagv_ps2/package.ps1'
[17.740s] INFO:colcon.colcon_core.shell:Creating package descriptor '/home/ubuntu/myagv_ros2/install/myagv_ps2/share/myagv_ps2/package.dsv'
[17.744s] INFO:colcon.colcon_core.shell:Creating package script '/home/ubuntu/myagv_ros2/install/myagv_ps2/share/myagv_ps2/package.sh'
[17.747s] INFO:colcon.colcon_core.shell:Creating package script '/home/ubuntu/myagv_ros2/install/myagv_ps2/share/myagv_ps2/package.bash'
[17.750s] INFO:colcon.colcon_core.shell:Creating package script '/home/ubuntu/myagv_ros2/install/myagv_ps2/share/myagv_ps2/package.zsh'
[17.755s] Level 1:colcon.colcon_core.environment:create_file_with_runtime_dependencies(/home/ubuntu/myagv_ros2/install/myagv_ps2/share/colcon-core/packages/myagv_ps2)
[17.773s] Level 1:colcon.colcon_core.environment:create_environment_scripts_only(myagv_bringup)
[17.777s] Level 1:colcon.colcon_core.environment:checking '/home/ubuntu/myagv_ros2/install/myagv_bringup' for CMake module files
[17.779s] DEBUG:colcon.colcon_core.event_handler.log_command:Invoked command in '/home/ubuntu/myagv_ros2/build/myagv_bringup' returned '0': CMAKE_PREFIX_PATH=/home/ubuntu/myagv_ros2/install/myagv_node:/home/ubuntu/myagv_ros2/install/myagv_description:/home/ubuntu/myagv_ros2/install/ydlidar_ros2_driver:/home/ubuntu/myagv_ros2/install/myagv_ros2:/home/ubuntu/myagv_ros2/install/myagv_ps2:/home/ubuntu/myagv_ros2/install/myagv_bringup:/home/ubuntu/myagv_ros2/install/myagv_navigation2:/home/ubuntu/myagv_ros2/install/myagv_cartographer:/home/ubuntu/myagv_ros2/install/myagv_teleop_ros2:/opt/ros/humble /usr/bin/cmake --install /home/ubuntu/myagv_ros2/build/myagv_bringup
[17.787s] Level 1:colcon.colcon_core.environment:checking '/home/ubuntu/myagv_ros2/install/myagv_bringup' for CMake config files
[17.792s] Level 1:colcon.colcon_core.shell:create_environment_hook('myagv_bringup', 'cmake_prefix_path')
[17.795s] INFO:colcon.colcon_core.shell:Creating environment hook '/home/ubuntu/myagv_ros2/install/myagv_bringup/share/myagv_bringup/hook/cmake_prefix_path.ps1'
[17.800s] INFO:colcon.colcon_core.shell:Creating environment descriptor '/home/ubuntu/myagv_ros2/install/myagv_bringup/share/myagv_bringup/hook/cmake_prefix_path.dsv'
[17.806s] INFO:colcon.colcon_core.shell:Creating environment hook '/home/ubuntu/myagv_ros2/install/myagv_bringup/share/myagv_bringup/hook/cmake_prefix_path.sh'
[17.813s] Level 1:colcon.colcon_core.environment:checking '/home/ubuntu/myagv_ros2/install/myagv_bringup/bin'
[17.814s] Level 1:colcon.colcon_core.environment:checking '/home/ubuntu/myagv_ros2/install/myagv_bringup/lib/pkgconfig/myagv_bringup.pc'
[17.817s] Level 1:colcon.colcon_core.environment:checking '/home/ubuntu/myagv_ros2/install/myagv_bringup/lib/python3.10/site-packages'
[17.818s] Level 1:colcon.colcon_core.environment:checking '/home/ubuntu/myagv_ros2/install/myagv_bringup/bin'
[17.821s] INFO:colcon.colcon_core.shell:Creating package script '/home/ubuntu/myagv_ros2/install/myagv_bringup/share/myagv_bringup/package.ps1'
[17.836s] INFO:colcon.colcon_core.shell:Creating package descriptor '/home/ubuntu/myagv_ros2/install/myagv_bringup/share/myagv_bringup/package.dsv'
[17.846s] INFO:colcon.colcon_core.shell:Creating package script '/home/ubuntu/myagv_ros2/install/myagv_bringup/share/myagv_bringup/package.sh'
[17.857s] INFO:colcon.colcon_core.shell:Creating package script '/home/ubuntu/myagv_ros2/install/myagv_bringup/share/myagv_bringup/package.bash'
[17.871s] INFO:colcon.colcon_core.shell:Creating package script '/home/ubuntu/myagv_ros2/install/myagv_bringup/share/myagv_bringup/package.zsh'
[17.875s] Level 1:colcon.colcon_core.environment:create_file_with_runtime_dependencies(/home/ubuntu/myagv_ros2/install/myagv_bringup/share/colcon-core/packages/myagv_bringup)
[17.973s] Level 1:colcon.colcon_core.environment:create_environment_scripts_only(myagv_ps2)
[17.974s] Level 1:colcon.colcon_core.environment:checking '/home/ubuntu/myagv_ros2/install/myagv_ps2' for CMake module files
[17.978s] Level 1:colcon.colcon_core.environment:checking '/home/ubuntu/myagv_ros2/install/myagv_ps2' for CMake config files
[17.981s] Level 1:colcon.colcon_core.shell:create_environment_hook('myagv_ps2', 'cmake_prefix_path')
[17.982s] INFO:colcon.colcon_core.shell:Creating environment hook '/home/ubuntu/myagv_ros2/install/myagv_ps2/share/myagv_ps2/hook/cmake_prefix_path.ps1'
[17.985s] INFO:colcon.colcon_core.shell:Creating environment descriptor '/home/ubuntu/myagv_ros2/install/myagv_ps2/share/myagv_ps2/hook/cmake_prefix_path.dsv'
[17.989s] INFO:colcon.colcon_core.shell:Creating environment hook '/home/ubuntu/myagv_ros2/install/myagv_ps2/share/myagv_ps2/hook/cmake_prefix_path.sh'
[17.993s] Level 1:colcon.colcon_core.environment:checking '/home/ubuntu/myagv_ros2/install/myagv_ps2/lib'
[17.994s] Level 1:colcon.colcon_core.environment:checking '/home/ubuntu/myagv_ros2/install/myagv_ps2/bin'
[17.994s] Level 1:colcon.colcon_core.environment:checking '/home/ubuntu/myagv_ros2/install/myagv_ps2/lib/pkgconfig/myagv_ps2.pc'
[17.995s] Level 1:colcon.colcon_core.environment:checking '/home/ubuntu/myagv_ros2/install/myagv_ps2/lib/python3.10/site-packages'
[17.996s] Level 1:colcon.colcon_core.environment:checking '/home/ubuntu/myagv_ros2/install/myagv_ps2/bin'
[17.999s] INFO:colcon.colcon_core.shell:Creating package script '/home/ubuntu/myagv_ros2/install/myagv_ps2/share/myagv_ps2/package.ps1'
[18.001s] INFO:colcon.colcon_core.shell:Creating package descriptor '/home/ubuntu/myagv_ros2/install/myagv_ps2/share/myagv_ps2/package.dsv'
[18.397s] INFO:colcon.colcon_core.shell:Creating package script '/home/ubuntu/myagv_ros2/install/myagv_ps2/share/myagv_ps2/package.sh'
[18.401s] INFO:colcon.colcon_core.shell:Creating package script '/home/ubuntu/myagv_ros2/install/myagv_ps2/share/myagv_ps2/package.bash'
[18.406s] INFO:colcon.colcon_core.shell:Creating package script '/home/ubuntu/myagv_ros2/install/myagv_ps2/share/myagv_ps2/package.zsh'
[18.409s] Level 1:colcon.colcon_core.environment:create_file_with_runtime_dependencies(/home/ubuntu/myagv_ros2/install/myagv_ps2/share/colcon-core/packages/myagv_ps2)
[18.414s] Level 1:colcon.colcon_core.environment:create_environment_scripts_only(myagv_bringup)
[18.416s] Level 1:colcon.colcon_core.environment:checking '/home/ubuntu/myagv_ros2/install/myagv_bringup' for CMake module files
[18.419s] Level 1:colcon.colcon_core.environment:checking '/home/ubuntu/myagv_ros2/install/myagv_bringup' for CMake config files
[18.421s] Level 1:colcon.colcon_core.shell:create_environment_hook('myagv_bringup', 'cmake_prefix_path')
[18.423s] INFO:colcon.colcon_core.shell:Creating environment hook '/home/ubuntu/myagv_ros2/install/myagv_bringup/share/myagv_bringup/hook/cmake_prefix_path.ps1'
[18.425s] INFO:colcon.colcon_core.shell:Creating environment descriptor '/home/ubuntu/myagv_ros2/install/myagv_bringup/share/myagv_bringup/hook/cmake_prefix_path.dsv'
[18.427s] INFO:colcon.colcon_core.shell:Creating environment hook '/home/ubuntu/myagv_ros2/install/myagv_bringup/share/myagv_bringup/hook/cmake_prefix_path.sh'
[18.429s] Level 1:colcon.colcon_core.environment:checking '/home/ubuntu/myagv_ros2/install/myagv_bringup/bin'
[18.430s] Level 1:colcon.colcon_core.environment:checking '/home/ubuntu/myagv_ros2/install/myagv_bringup/lib/pkgconfig/myagv_bringup.pc'
[18.431s] Level 1:colcon.colcon_core.environment:checking '/home/ubuntu/myagv_ros2/install/myagv_bringup/lib/python3.10/site-packages'
[18.432s] Level 1:colcon.colcon_core.environment:checking '/home/ubuntu/myagv_ros2/install/myagv_bringup/bin'
[18.433s] INFO:colcon.colcon_core.shell:Creating package script '/home/ubuntu/myagv_ros2/install/myagv_bringup/share/myagv_bringup/package.ps1'
[18.436s] INFO:colcon.colcon_core.shell:Creating package descriptor '/home/ubuntu/myagv_ros2/install/myagv_bringup/share/myagv_bringup/package.dsv'
[18.438s] INFO:colcon.colcon_core.shell:Creating package script '/home/ubuntu/myagv_ros2/install/myagv_bringup/share/myagv_bringup/package.sh'
[18.440s] INFO:colcon.colcon_core.shell:Creating package script '/home/ubuntu/myagv_ros2/install/myagv_bringup/share/myagv_bringup/package.bash'
[18.442s] INFO:colcon.colcon_core.shell:Creating package script '/home/ubuntu/myagv_ros2/install/myagv_bringup/share/myagv_bringup/package.zsh'
[18.444s] Level 1:colcon.colcon_core.environment:create_file_with_runtime_dependencies(/home/ubuntu/myagv_ros2/install/myagv_bringup/share/colcon-core/packages/myagv_bringup)
[22.713s] DEBUG:colcon.colcon_core.event_handler.log_command:Invoked command in '/home/ubuntu/myagv_ros2/build/ydlidar_ros2_driver' returned '0': CMAKE_PREFIX_PATH=${CMAKE_PREFIX_PATH}:/home/ubuntu/myagv_ros2/install/myagv_teleop_ros2:/opt/ros/humble /usr/bin/cmake --build /home/ubuntu/myagv_ros2/build/ydlidar_ros2_driver -- -j4 -l4
[22.874s] DEBUG:colcon.colcon_core.event_handler.log_command:Invoking command in '/home/ubuntu/myagv_ros2/build/ydlidar_ros2_driver': CMAKE_PREFIX_PATH=${CMAKE_PREFIX_PATH}:/home/ubuntu/myagv_ros2/install/myagv_teleop_ros2:/opt/ros/humble /usr/bin/cmake --install /home/ubuntu/myagv_ros2/build/ydlidar_ros2_driver
[24.087s] Level 1:colcon.colcon_core.environment:create_environment_scripts_only(ydlidar_ros2_driver)
[24.093s] Level 1:colcon.colcon_core.environment:checking '/home/ubuntu/myagv_ros2/install/ydlidar_ros2_driver' for CMake module files
[24.097s] DEBUG:colcon.colcon_core.event_handler.log_command:Invoked command in '/home/ubuntu/myagv_ros2/build/ydlidar_ros2_driver' returned '0': CMAKE_PREFIX_PATH=${CMAKE_PREFIX_PATH}:/home/ubuntu/myagv_ros2/install/myagv_teleop_ros2:/opt/ros/humble /usr/bin/cmake --install /home/ubuntu/myagv_ros2/build/ydlidar_ros2_driver
[24.105s] Level 1:colcon.colcon_core.environment:checking '/home/ubuntu/myagv_ros2/install/ydlidar_ros2_driver' for CMake config files
[24.111s] Level 1:colcon.colcon_core.shell:create_environment_hook('ydlidar_ros2_driver', 'cmake_prefix_path')
[24.113s] INFO:colcon.colcon_core.shell:Creating environment hook '/home/ubuntu/myagv_ros2/install/ydlidar_ros2_driver/share/ydlidar_ros2_driver/hook/cmake_prefix_path.ps1'
[24.118s] INFO:colcon.colcon_core.shell:Creating environment descriptor '/home/ubuntu/myagv_ros2/install/ydlidar_ros2_driver/share/ydlidar_ros2_driver/hook/cmake_prefix_path.dsv'
[24.123s] INFO:colcon.colcon_core.shell:Creating environment hook '/home/ubuntu/myagv_ros2/install/ydlidar_ros2_driver/share/ydlidar_ros2_driver/hook/cmake_prefix_path.sh'
[24.128s] Level 1:colcon.colcon_core.environment:checking '/home/ubuntu/myagv_ros2/install/ydlidar_ros2_driver/lib'
[24.129s] Level 1:colcon.colcon_core.environment:checking '/home/ubuntu/myagv_ros2/install/ydlidar_ros2_driver/bin'
[24.130s] Level 1:colcon.colcon_core.environment:checking '/home/ubuntu/myagv_ros2/install/ydlidar_ros2_driver/lib/pkgconfig/ydlidar_ros2_driver.pc'
[24.133s] Level 1:colcon.colcon_core.environment:checking '/home/ubuntu/myagv_ros2/install/ydlidar_ros2_driver/lib/python3.10/site-packages'
[24.135s] Level 1:colcon.colcon_core.environment:checking '/home/ubuntu/myagv_ros2/install/ydlidar_ros2_driver/bin'
[24.137s] INFO:colcon.colcon_core.shell:Creating package script '/home/ubuntu/myagv_ros2/install/ydlidar_ros2_driver/share/ydlidar_ros2_driver/package.ps1'
[24.142s] INFO:colcon.colcon_core.shell:Creating package descriptor '/home/ubuntu/myagv_ros2/install/ydlidar_ros2_driver/share/ydlidar_ros2_driver/package.dsv'
[24.147s] INFO:colcon.colcon_core.shell:Creating package script '/home/ubuntu/myagv_ros2/install/ydlidar_ros2_driver/share/ydlidar_ros2_driver/package.sh'
[24.151s] INFO:colcon.colcon_core.shell:Creating package script '/home/ubuntu/myagv_ros2/install/ydlidar_ros2_driver/share/ydlidar_ros2_driver/package.bash'
[24.156s] INFO:colcon.colcon_core.shell:Creating package script '/home/ubuntu/myagv_ros2/install/ydlidar_ros2_driver/share/ydlidar_ros2_driver/package.zsh'
[24.161s] Level 1:colcon.colcon_core.environment:create_file_with_runtime_dependencies(/home/ubuntu/myagv_ros2/install/ydlidar_ros2_driver/share/colcon-core/packages/ydlidar_ros2_driver)
[24.192s] DEBUG:colcon.colcon_core.event_handler.log_command:Invoking command in '/home/ubuntu/myagv_ros2/src/myagv_teleop_ros2': PYTHONPATH=/home/ubuntu/myagv_ros2/build/myagv_teleop_ros2/prefix_override:/home/ubuntu/myagv_ros2/install/myagv_teleop_ros2/lib/python3.10/site-packages:${PYTHONPATH} /usr/bin/python3 -W ignore:setup.py install is deprecated setup.py egg_info --egg-base ../../build/myagv_teleop_ros2 build --build-base /home/ubuntu/myagv_ros2/build/myagv_teleop_ros2/build install --record /home/ubuntu/myagv_ros2/build/myagv_teleop_ros2/install.log --single-version-externally-managed install_data
[24.338s] Level 1:colcon.colcon_core.environment:create_environment_scripts_only(ydlidar_ros2_driver)
[24.340s] Level 1:colcon.colcon_core.environment:checking '/home/ubuntu/myagv_ros2/install/ydlidar_ros2_driver' for CMake module files
[24.344s] Level 1:colcon.colcon_core.environment:checking '/home/ubuntu/myagv_ros2/install/ydlidar_ros2_driver' for CMake config files
[24.349s] Level 1:colcon.colcon_core.shell:create_environment_hook('ydlidar_ros2_driver', 'cmake_prefix_path')
[24.350s] INFO:colcon.colcon_core.shell:Creating environment hook '/home/ubuntu/myagv_ros2/install/ydlidar_ros2_driver/share/ydlidar_ros2_driver/hook/cmake_prefix_path.ps1'
[24.352s] INFO:colcon.colcon_core.shell:Creating environment descriptor '/home/ubuntu/myagv_ros2/install/ydlidar_ros2_driver/share/ydlidar_ros2_driver/hook/cmake_prefix_path.dsv'
[24.355s] INFO:colcon.colcon_core.shell:Creating environment hook '/home/ubuntu/myagv_ros2/install/ydlidar_ros2_driver/share/ydlidar_ros2_driver/hook/cmake_prefix_path.sh'
[24.358s] Level 1:colcon.colcon_core.environment:checking '/home/ubuntu/myagv_ros2/install/ydlidar_ros2_driver/lib'
[24.359s] Level 1:colcon.colcon_core.environment:checking '/home/ubuntu/myagv_ros2/install/ydlidar_ros2_driver/bin'
[24.360s] Level 1:colcon.colcon_core.environment:checking '/home/ubuntu/myagv_ros2/install/ydlidar_ros2_driver/lib/pkgconfig/ydlidar_ros2_driver.pc'
[24.361s] Level 1:colcon.colcon_core.environment:checking '/home/ubuntu/myagv_ros2/install/ydlidar_ros2_driver/lib/python3.10/site-packages'
[24.362s] Level 1:colcon.colcon_core.environment:checking '/home/ubuntu/myagv_ros2/install/ydlidar_ros2_driver/bin'
[24.364s] INFO:colcon.colcon_core.shell:Creating package script '/home/ubuntu/myagv_ros2/install/ydlidar_ros2_driver/share/ydlidar_ros2_driver/package.ps1'
[24.366s] INFO:colcon.colcon_core.shell:Creating package descriptor '/home/ubuntu/myagv_ros2/install/ydlidar_ros2_driver/share/ydlidar_ros2_driver/package.dsv'
[24.369s] INFO:colcon.colcon_core.shell:Creating package script '/home/ubuntu/myagv_ros2/install/ydlidar_ros2_driver/share/ydlidar_ros2_driver/package.sh'
[24.371s] INFO:colcon.colcon_core.shell:Creating package script '/home/ubuntu/myagv_ros2/install/ydlidar_ros2_driver/share/ydlidar_ros2_driver/package.bash'
[24.374s] INFO:colcon.colcon_core.shell:Creating package script '/home/ubuntu/myagv_ros2/install/ydlidar_ros2_driver/share/ydlidar_ros2_driver/package.zsh'
[24.377s] Level 1:colcon.colcon_core.environment:create_file_with_runtime_dependencies(/home/ubuntu/myagv_ros2/install/ydlidar_ros2_driver/share/colcon-core/packages/ydlidar_ros2_driver)
[26.834s] Level 1:colcon.colcon_core.environment:checking '/home/ubuntu/myagv_ros2/install/myagv_teleop_ros2' for CMake module files
[26.838s] Level 1:colcon.colcon_core.environment:checking '/home/ubuntu/myagv_ros2/install/myagv_teleop_ros2' for CMake config files
[26.891s] DEBUG:colcon.colcon_core.event_handler.log_command:Invoked command in '/home/ubuntu/myagv_ros2/src/myagv_teleop_ros2' returned '0': PYTHONPATH=/home/ubuntu/myagv_ros2/build/myagv_teleop_ros2/prefix_override:/home/ubuntu/myagv_ros2/install/myagv_teleop_ros2/lib/python3.10/site-packages:${PYTHONPATH} /usr/bin/python3 -W ignore:setup.py install is deprecated setup.py egg_info --egg-base ../../build/myagv_teleop_ros2 build --build-base /home/ubuntu/myagv_ros2/build/myagv_teleop_ros2/build install --record /home/ubuntu/myagv_ros2/build/myagv_teleop_ros2/install.log --single-version-externally-managed install_data
[26.895s] Level 1:colcon.colcon_core.environment:checking '/home/ubuntu/myagv_ros2/install/myagv_teleop_ros2/lib'
[26.896s] Level 1:colcon.colcon_core.environment:checking '/home/ubuntu/myagv_ros2/install/myagv_teleop_ros2/bin'
[26.897s] Level 1:colcon.colcon_core.environment:checking '/home/ubuntu/myagv_ros2/install/myagv_teleop_ros2/lib/pkgconfig/myagv_teleop_ros2.pc'
[26.898s] Level 1:colcon.colcon_core.environment:checking '/home/ubuntu/myagv_ros2/install/myagv_teleop_ros2/lib/python3.10/site-packages'
[26.899s] Level 1:colcon.colcon_core.shell:create_environment_hook('myagv_teleop_ros2', 'pythonpath')
[26.901s] INFO:colcon.colcon_core.shell:Creating environment hook '/home/ubuntu/myagv_ros2/install/myagv_teleop_ros2/share/myagv_teleop_ros2/hook/pythonpath.ps1'
[26.903s] INFO:colcon.colcon_core.shell:Creating environment descriptor '/home/ubuntu/myagv_ros2/install/myagv_teleop_ros2/share/myagv_teleop_ros2/hook/pythonpath.dsv'
[26.906s] INFO:colcon.colcon_core.shell:Creating environment hook '/home/ubuntu/myagv_ros2/install/myagv_teleop_ros2/share/myagv_teleop_ros2/hook/pythonpath.sh'
[26.909s] Level 1:colcon.colcon_core.environment:checking '/home/ubuntu/myagv_ros2/install/myagv_teleop_ros2/bin'
[26.910s] Level 1:colcon.colcon_core.environment:create_environment_scripts_only(myagv_teleop_ros2)
[26.911s] INFO:colcon.colcon_core.shell:Creating package script '/home/ubuntu/myagv_ros2/install/myagv_teleop_ros2/share/myagv_teleop_ros2/package.ps1'
[26.915s] INFO:colcon.colcon_core.shell:Creating package descriptor '/home/ubuntu/myagv_ros2/install/myagv_teleop_ros2/share/myagv_teleop_ros2/package.dsv'
[26.918s] INFO:colcon.colcon_core.shell:Creating package script '/home/ubuntu/myagv_ros2/install/myagv_teleop_ros2/share/myagv_teleop_ros2/package.sh'
[26.920s] INFO:colcon.colcon_core.shell:Creating package script '/home/ubuntu/myagv_ros2/install/myagv_teleop_ros2/share/myagv_teleop_ros2/package.bash'
[26.923s] INFO:colcon.colcon_core.shell:Creating package script '/home/ubuntu/myagv_ros2/install/myagv_teleop_ros2/share/myagv_teleop_ros2/package.zsh'
[26.925s] Level 1:colcon.colcon_core.environment:create_file_with_runtime_dependencies(/home/ubuntu/myagv_ros2/install/myagv_teleop_ros2/share/colcon-core/packages/myagv_teleop_ros2)
[26.928s] INFO:colcon.colcon_ros.task.ament_cmake.build:Building ROS package in '/home/ubuntu/myagv_ros2/src/myagv_ros2' with build type 'ament_cmake'
[26.929s] INFO:colcon.colcon_cmake.task.cmake.build:Building CMake package in '/home/ubuntu/myagv_ros2/src/myagv_ros2'
[26.930s] INFO:colcon.colcon_core.shell:Skip shell extension 'powershell' for command environment: Not usable outside of PowerShell
[26.930s] DEBUG:colcon.colcon_core.shell:Skip shell extension 'dsv' for command environment
[27.035s] DEBUG:colcon.colcon_core.event_handler.log_command:Invoking command in '/home/ubuntu/myagv_ros2/build/myagv_ros2': AMENT_PREFIX_PATH=/home/ubuntu/myagv_ros2/install/myagv_teleop_ros2:/home/ubuntu/myagv_ros2/install/ydlidar_ros2_driver:/home/ubuntu/myagv_ros2/install/myagv_ros2:/home/ubuntu/myagv_ros2/install/myagv_ps2:/home/ubuntu/myagv_ros2/install/myagv_bringup:/home/ubuntu/myagv_ros2/install/myagv_node:/home/ubuntu/myagv_ros2/install/myagv_navigation2:/home/ubuntu/myagv_ros2/install/myagv_description:/home/ubuntu/myagv_ros2/install/myagv_cartographer:/opt/ros/humble CMAKE_PREFIX_PATH=/home/ubuntu/myagv_ros2/install/myagv_bringup:/home/ubuntu/myagv_ros2/install/myagv_node:/home/ubuntu/myagv_ros2/install/myagv_description:/home/ubuntu/myagv_ros2/install/myagv_cartographer:/home/ubuntu/myagv_ros2/install/ydlidar_ros2_driver:/home/ubuntu/myagv_ros2/install/myagv_ros2:/home/ubuntu/myagv_ros2/install/myagv_ps2:/home/ubuntu/myagv_ros2/install/myagv_navigation2:/home/ubuntu/myagv_ros2/install/myagv_teleop_ros2:/opt/ros/humble /usr/bin/cmake --build /home/ubuntu/myagv_ros2/build/myagv_ros2 -- -j4 -l4
[27.247s] DEBUG:colcon.colcon_core.event_handler.log_command:Invoked command in '/home/ubuntu/myagv_ros2/build/myagv_ros2' returned '0': AMENT_PREFIX_PATH=/home/ubuntu/myagv_ros2/install/myagv_teleop_ros2:/home/ubuntu/myagv_ros2/install/ydlidar_ros2_driver:/home/ubuntu/myagv_ros2/install/myagv_ros2:/home/ubuntu/myagv_ros2/install/myagv_ps2:/home/ubuntu/myagv_ros2/install/myagv_bringup:/home/ubuntu/myagv_ros2/install/myagv_node:/home/ubuntu/myagv_ros2/install/myagv_navigation2:/home/ubuntu/myagv_ros2/install/myagv_description:/home/ubuntu/myagv_ros2/install/myagv_cartographer:/opt/ros/humble CMAKE_PREFIX_PATH=/home/ubuntu/myagv_ros2/install/myagv_bringup:/home/ubuntu/myagv_ros2/install/myagv_node:/home/ubuntu/myagv_ros2/install/myagv_description:/home/ubuntu/myagv_ros2/install/myagv_cartographer:/home/ubuntu/myagv_ros2/install/ydlidar_ros2_driver:/home/ubuntu/myagv_ros2/install/myagv_ros2:/home/ubuntu/myagv_ros2/install/myagv_ps2:/home/ubuntu/myagv_ros2/install/myagv_navigation2:/home/ubuntu/myagv_ros2/install/myagv_teleop_ros2:/opt/ros/humble /usr/bin/cmake --build /home/ubuntu/myagv_ros2/build/myagv_ros2 -- -j4 -l4
[27.390s] DEBUG:colcon.colcon_core.event_handler.log_command:Invoking command in '/home/ubuntu/myagv_ros2/build/myagv_ros2': AMENT_PREFIX_PATH=/home/ubuntu/myagv_ros2/install/myagv_teleop_ros2:/home/ubuntu/myagv_ros2/install/ydlidar_ros2_driver:/home/ubuntu/myagv_ros2/install/myagv_ros2:/home/ubuntu/myagv_ros2/install/myagv_ps2:/home/ubuntu/myagv_ros2/install/myagv_bringup:/home/ubuntu/myagv_ros2/install/myagv_node:/home/ubuntu/myagv_ros2/install/myagv_navigation2:/home/ubuntu/myagv_ros2/install/myagv_description:/home/ubuntu/myagv_ros2/install/myagv_cartographer:/opt/ros/humble CMAKE_PREFIX_PATH=/home/ubuntu/myagv_ros2/install/myagv_bringup:/home/ubuntu/myagv_ros2/install/myagv_node:/home/ubuntu/myagv_ros2/install/myagv_description:/home/ubuntu/myagv_ros2/install/myagv_cartographer:/home/ubuntu/myagv_ros2/install/ydlidar_ros2_driver:/home/ubuntu/myagv_ros2/install/myagv_ros2:/home/ubuntu/myagv_ros2/install/myagv_ps2:/home/ubuntu/myagv_ros2/install/myagv_navigation2:/home/ubuntu/myagv_ros2/install/myagv_teleop_ros2:/opt/ros/humble /usr/bin/cmake --install /home/ubuntu/myagv_ros2/build/myagv_ros2
[27.541s] Level 1:colcon.colcon_core.environment:create_environment_scripts_only(myagv_ros2)
[27.543s] Level 1:colcon.colcon_core.environment:checking '/home/ubuntu/myagv_ros2/install/myagv_ros2' for CMake module files
[27.545s] DEBUG:colcon.colcon_core.event_handler.log_command:Invoked command in '/home/ubuntu/myagv_ros2/build/myagv_ros2' returned '0': AMENT_PREFIX_PATH=/home/ubuntu/myagv_ros2/install/myagv_teleop_ros2:/home/ubuntu/myagv_ros2/install/ydlidar_ros2_driver:/home/ubuntu/myagv_ros2/install/myagv_ros2:/home/ubuntu/myagv_ros2/install/myagv_ps2:/home/ubuntu/myagv_ros2/install/myagv_bringup:/home/ubuntu/myagv_ros2/install/myagv_node:/home/ubuntu/myagv_ros2/install/myagv_navigation2:/home/ubuntu/myagv_ros2/install/myagv_description:/home/ubuntu/myagv_ros2/install/myagv_cartographer:/opt/ros/humble CMAKE_PREFIX_PATH=/home/ubuntu/myagv_ros2/install/myagv_bringup:/home/ubuntu/myagv_ros2/install/myagv_node:/home/ubuntu/myagv_ros2/install/myagv_description:/home/ubuntu/myagv_ros2/install/myagv_cartographer:/home/ubuntu/myagv_ros2/install/ydlidar_ros2_driver:/home/ubuntu/myagv_ros2/install/myagv_ros2:/home/ubuntu/myagv_ros2/install/myagv_ps2:/home/ubuntu/myagv_ros2/install/myagv_navigation2:/home/ubuntu/myagv_ros2/install/myagv_teleop_ros2:/opt/ros/humble /usr/bin/cmake --install /home/ubuntu/myagv_ros2/build/myagv_ros2
[27.547s] Level 1:colcon.colcon_core.environment:checking '/home/ubuntu/myagv_ros2/install/myagv_ros2' for CMake config files
[27.551s] Level 1:colcon.colcon_core.shell:create_environment_hook('myagv_ros2', 'cmake_prefix_path')
[27.552s] INFO:colcon.colcon_core.shell:Creating environment hook '/home/ubuntu/myagv_ros2/install/myagv_ros2/share/myagv_ros2/hook/cmake_prefix_path.ps1'
[27.556s] INFO:colcon.colcon_core.shell:Creating environment descriptor '/home/ubuntu/myagv_ros2/install/myagv_ros2/share/myagv_ros2/hook/cmake_prefix_path.dsv'
[27.562s] INFO:colcon.colcon_core.shell:Creating environment hook '/home/ubuntu/myagv_ros2/install/myagv_ros2/share/myagv_ros2/hook/cmake_prefix_path.sh'
[27.569s] Level 1:colcon.colcon_core.environment:checking '/home/ubuntu/myagv_ros2/install/myagv_ros2/bin'
[27.571s] Level 1:colcon.colcon_core.environment:checking '/home/ubuntu/myagv_ros2/install/myagv_ros2/lib/pkgconfig/myagv_ros2.pc'
[27.575s] Level 1:colcon.colcon_core.environment:checking '/home/ubuntu/myagv_ros2/install/myagv_ros2/lib/python3.10/site-packages'
[27.579s] Level 1:colcon.colcon_core.environment:checking '/home/ubuntu/myagv_ros2/install/myagv_ros2/bin'
[27.582s] INFO:colcon.colcon_core.shell:Creating package script '/home/ubuntu/myagv_ros2/install/myagv_ros2/share/myagv_ros2/package.ps1'
[27.586s] INFO:colcon.colcon_core.shell:Creating package descriptor '/home/ubuntu/myagv_ros2/install/myagv_ros2/share/myagv_ros2/package.dsv'
[27.590s] INFO:colcon.colcon_core.shell:Creating package script '/home/ubuntu/myagv_ros2/install/myagv_ros2/share/myagv_ros2/package.sh'
[27.593s] INFO:colcon.colcon_core.shell:Creating package script '/home/ubuntu/myagv_ros2/install/myagv_ros2/share/myagv_ros2/package.bash'
[27.597s] INFO:colcon.colcon_core.shell:Creating package script '/home/ubuntu/myagv_ros2/install/myagv_ros2/share/myagv_ros2/package.zsh'
[27.600s] Level 1:colcon.colcon_core.environment:create_file_with_runtime_dependencies(/home/ubuntu/myagv_ros2/install/myagv_ros2/share/colcon-core/packages/myagv_ros2)
[27.750s] Level 1:colcon.colcon_core.environment:create_environment_scripts_only(myagv_ros2)
[27.752s] Level 1:colcon.colcon_core.environment:checking '/home/ubuntu/myagv_ros2/install/myagv_ros2' for CMake module files
[27.754s] Level 1:colcon.colcon_core.environment:checking '/home/ubuntu/myagv_ros2/install/myagv_ros2' for CMake config files
[27.757s] Level 1:colcon.colcon_core.shell:create_environment_hook('myagv_ros2', 'cmake_prefix_path')
[27.758s] INFO:colcon.colcon_core.shell:Creating environment hook '/home/ubuntu/myagv_ros2/install/myagv_ros2/share/myagv_ros2/hook/cmake_prefix_path.ps1'
[27.761s] INFO:colcon.colcon_core.shell:Creating environment descriptor '/home/ubuntu/myagv_ros2/install/myagv_ros2/share/myagv_ros2/hook/cmake_prefix_path.dsv'
[27.763s] INFO:colcon.colcon_core.shell:Creating environment hook '/home/ubuntu/myagv_ros2/install/myagv_ros2/share/myagv_ros2/hook/cmake_prefix_path.sh'
[27.765s] Level 1:colcon.colcon_core.environment:checking '/home/ubuntu/myagv_ros2/install/myagv_ros2/bin'
[27.766s] Level 1:colcon.colcon_core.environment:checking '/home/ubuntu/myagv_ros2/install/myagv_ros2/lib/pkgconfig/myagv_ros2.pc'
[27.767s] Level 1:colcon.colcon_core.environment:checking '/home/ubuntu/myagv_ros2/install/myagv_ros2/lib/python3.10/site-packages'
[27.769s] Level 1:colcon.colcon_core.environment:checking '/home/ubuntu/myagv_ros2/install/myagv_ros2/bin'
[27.770s] INFO:colcon.colcon_core.shell:Creating package script '/home/ubuntu/myagv_ros2/install/myagv_ros2/share/myagv_ros2/package.ps1'
[27.773s] INFO:colcon.colcon_core.shell:Creating package descriptor '/home/ubuntu/myagv_ros2/install/myagv_ros2/share/myagv_ros2/package.dsv'
[27.775s] INFO:colcon.colcon_core.shell:Creating package script '/home/ubuntu/myagv_ros2/install/myagv_ros2/share/myagv_ros2/package.sh'
[27.777s] INFO:colcon.colcon_core.shell:Creating package script '/home/ubuntu/myagv_ros2/install/myagv_ros2/share/myagv_ros2/package.bash'
[27.780s] INFO:colcon.colcon_core.shell:Creating package script '/home/ubuntu/myagv_ros2/install/myagv_ros2/share/myagv_ros2/package.zsh'
[27.782s] Level 1:colcon.colcon_core.environment:create_file_with_runtime_dependencies(/home/ubuntu/myagv_ros2/install/myagv_ros2/share/colcon-core/packages/myagv_ros2)
[27.783s] DEBUG:colcon.colcon_parallel_executor.executor.parallel:closing loop
[27.784s] DEBUG:colcon.colcon_parallel_executor.executor.parallel:loop closed
[27.784s] DEBUG:colcon.colcon_parallel_executor.executor.parallel:run_until_complete finished with '0'
[27.785s] DEBUG:colcon.colcon_core.event_reactor:joining thread
[27.859s] INFO:colcon.colcon_core.plugin_system:Skipping extension 'colcon_notification.desktop_notification.terminal_notifier': Not used on non-Darwin systems
[27.860s] INFO:colcon.colcon_core.plugin_system:Skipping extension 'colcon_notification.desktop_notification.win32': Not used on non-Windows systems
[27.860s] INFO:colcon.colcon_notification.desktop_notification:Sending desktop notification using 'notify2'
[27.884s] DEBUG:colcon.colcon_notification.desktop_notification.notify2:Failed to initialize notify2: org.freedesktop.DBus.Error.ServiceUnknown: The name org.freedesktop.Notifications was not provided by any .service files
[27.884s] DEBUG:colcon.colcon_core.event_reactor:joined thread
[27.886s] INFO:colcon.colcon_core.shell:Creating prefix script '/home/ubuntu/myagv_ros2/install/local_setup.ps1'
[27.892s] INFO:colcon.colcon_core.shell:Creating prefix util module '/home/ubuntu/myagv_ros2/install/_local_setup_util_ps1.py'
[27.903s] INFO:colcon.colcon_core.shell:Creating prefix chain script '/home/ubuntu/myagv_ros2/install/setup.ps1'
[27.914s] INFO:colcon.colcon_core.shell:Creating prefix script '/home/ubuntu/myagv_ros2/install/local_setup.sh'
[27.921s] INFO:colcon.colcon_core.shell:Creating prefix util module '/home/ubuntu/myagv_ros2/install/_local_setup_util_sh.py'
[27.925s] INFO:colcon.colcon_core.shell:Creating prefix chain script '/home/ubuntu/myagv_ros2/install/setup.sh'
[27.934s] INFO:colcon.colcon_core.shell:Creating prefix script '/home/ubuntu/myagv_ros2/install/local_setup.bash'
[27.942s] INFO:colcon.colcon_core.shell:Creating prefix chain script '/home/ubuntu/myagv_ros2/install/setup.bash'
[27.956s] INFO:colcon.colcon_core.shell:Creating prefix script '/home/ubuntu/myagv_ros2/install/local_setup.zsh'
[27.961s] INFO:colcon.colcon_core.shell:Creating prefix chain script '/home/ubuntu/myagv_ros2/install/setup.zsh'
