running egg_info
creating ../../build/myagv_teleop_ros2/myagv_teleop_ros2.egg-info
writing ../../build/myagv_teleop_ros2/myagv_teleop_ros2.egg-info/PKG-INFO
writing dependency_links to ../../build/myagv_teleop_ros2/myagv_teleop_ros2.egg-info/dependency_links.txt
writing entry points to ../../build/myagv_teleop_ros2/myagv_teleop_ros2.egg-info/entry_points.txt
writing requirements to ../../build/myagv_teleop_ros2/myagv_teleop_ros2.egg-info/requires.txt
writing top-level names to ../../build/myagv_teleop_ros2/myagv_teleop_ros2.egg-info/top_level.txt
writing manifest file '../../build/myagv_teleop_ros2/myagv_teleop_ros2.egg-info/SOURCES.txt'
reading manifest file '../../build/myagv_teleop_ros2/myagv_teleop_ros2.egg-info/SOURCES.txt'
writing manifest file '../../build/myagv_teleop_ros2/myagv_teleop_ros2.egg-info/SOURCES.txt'
running build
running build_py
creating /home/minha/myagv_ros2/myagv_ros2/build/myagv_teleop_ros2/build
creating /home/minha/myagv_ros2/myagv_ros2/build/myagv_teleop_ros2/build/lib
creating /home/minha/myagv_ros2/myagv_ros2/build/myagv_teleop_ros2/build/lib/myagv_teleop_ros2
copying myagv_teleop_ros2/__init__.py -> /home/minha/myagv_ros2/myagv_ros2/build/myagv_teleop_ros2/build/lib/myagv_teleop_ros2
running install
running install_lib
creating /home/minha/myagv_ros2/myagv_ros2/install/myagv_teleop_ros2/lib/python3.10/site-packages/myagv_teleop_ros2
copying /home/minha/myagv_ros2/myagv_ros2/build/myagv_teleop_ros2/build/lib/myagv_teleop_ros2/__init__.py -> /home/minha/myagv_ros2/myagv_ros2/install/myagv_teleop_ros2/lib/python3.10/site-packages/myagv_teleop_ros2
byte-compiling /home/minha/myagv_ros2/myagv_ros2/install/myagv_teleop_ros2/lib/python3.10/site-packages/myagv_teleop_ros2/__init__.py to __init__.cpython-310.pyc
running install_data
creating /home/minha/myagv_ros2/myagv_ros2/install/myagv_teleop_ros2/share
creating /home/minha/myagv_ros2/myagv_ros2/install/myagv_teleop_ros2/share/ament_index
creating /home/minha/myagv_ros2/myagv_ros2/install/myagv_teleop_ros2/share/ament_index/resource_index
creating /home/minha/myagv_ros2/myagv_ros2/install/myagv_teleop_ros2/share/ament_index/resource_index/packages
copying resource/myagv_teleop_ros2 -> /home/minha/myagv_ros2/myagv_ros2/install/myagv_teleop_ros2/share/ament_index/resource_index/packages
creating /home/minha/myagv_ros2/myagv_ros2/install/myagv_teleop_ros2/share/myagv_teleop_ros2
copying package.xml -> /home/minha/myagv_ros2/myagv_ros2/install/myagv_teleop_ros2/share/myagv_teleop_ros2
running install_egg_info
Copying ../../build/myagv_teleop_ros2/myagv_teleop_ros2.egg-info to /home/minha/myagv_ros2/myagv_ros2/install/myagv_teleop_ros2/lib/python3.10/site-packages/myagv_teleop_ros2-0.0.0-py3.10.egg-info
running install_scripts
Installing myagv_teleop_ros2 script to /home/minha/myagv_ros2/myagv_ros2/install/myagv_teleop_ros2/lib/myagv_teleop_ros2
writing list of installed files to '/home/minha/myagv_ros2/myagv_ros2/build/myagv_teleop_ros2/install.log'
